ARM GAS  C:\Users\mahe\AppData\Local\Temp\ccoIDMGx.s 			page 1


   1              		.syntax unified
   2              		.cpu cortex-m0
   3              		.fpu softvfp
   4              		.eabi_attribute 20, 1
   5              		.eabi_attribute 21, 1
   6              		.eabi_attribute 23, 3
   7              		.eabi_attribute 24, 1
   8              		.eabi_attribute 25, 1
   9              		.eabi_attribute 26, 1
  10              		.eabi_attribute 30, 1
  11              		.eabi_attribute 34, 0
  12              		.eabi_attribute 18, 4
  13              		.thumb
  14              		.syntax unified
  15              		.file	"main.c"
  16              		.text
  17              	.Ltext0:
  18              		.cfi_sections	.debug_frame
  19              		.section	.text.main,"ax",%progbits
  20              		.align	2
  21              		.global	main
  22              		.code	16
  23              		.thumb_func
  24              		.type	main, %function
  25              	main:
  26              	.LFB0:
  27              		.file 1 "main.c"
   1:main.c        **** /* ========================================
   2:main.c        ****  * Name : Clock Basic
   3:main.c        ****  * Date : 11.09.18
   4:main.c        ****  * Author : Kartikey Agrawal
   5:main.c        ****  * Details : Basic implemention of setting clock in Clock
   6:main.c        ****  * 			 Refer to Architecture Technical Reference Manual for futher details
   7:main.c        ****  * https://drive.google.com/file/d/0B3i9TBs6C1vTdnVqTFlRdkxKeTRFY0tnaFZoVHBrVnJtY1E0/view?usp=drive
   8:main.c        **** */
   9:main.c        **** 
  10:main.c        **** 
  11:main.c        **** /* R0 = 100
  12:main.c        ****  * LSR R0, #2
  13:main.c        ****  * BEQ t_CyclesDone
  14:main.c        ****  * t_loop : SUB R0,#1
  15:main.c        ****  * BNE t_loop; Branch if not equal
  16:main.c        ****  * t_CyclesDone : BX LR
  17:main.c        **** */
  18:main.c        **** #include "t_udtypes.h"
  19:main.c        **** #include "t_CLOCK.h"
  20:main.c        **** #include "t_GPIO.h"
  21:main.c        **** 
  22:main.c        **** int main(void)
  23:main.c        **** {
  28              		.loc 1 23 0
  29              		.cfi_startproc
  30              		@ Volatile: function does not return.
  31              		@ args = 0, pretend = 0, frame = 0
  32              		@ frame_needed = 0, uses_anonymous_args = 0
  33 0000 70B5     		push	{r4, r5, r6, lr}
  34              		.cfi_def_cfa_offset 16
ARM GAS  C:\Users\mahe\AppData\Local\Temp\ccoIDMGx.s 			page 2


  35              		.cfi_offset 4, -16
  36              		.cfi_offset 5, -12
  37              		.cfi_offset 6, -8
  38              		.cfi_offset 14, -4
  24:main.c        **** 	GPIO_SET_MODE(GPIO_PRT2_PC, 6, GPIO_DM_STRONG);
  39              		.loc 1 24 0
  40 0002 104A     		ldr	r2, .L3
  41 0004 1168     		ldr	r1, [r2]
  42 0006 104B     		ldr	r3, .L3+4
  43 0008 0B40     		ands	r3, r1
  44 000a C021     		movs	r1, #192
  45 000c 4903     		lsls	r1, r1, #13
  46 000e 0B43     		orrs	r3, r1
  47 0010 1360     		str	r3, [r2]
  25:main.c        **** 	t_ClkWriteImoFreq(48u);
  48              		.loc 1 25 0
  49 0012 3020     		movs	r0, #48
  50 0014 FFF7FEFF 		bl	t_ClkWriteImoFreq
  51              	.LVL0:
  26:main.c        **** 	t_ClkWriteHfclkDirect(0x00);
  52              		.loc 1 26 0
  53 0018 0020     		movs	r0, #0
  54 001a FFF7FEFF 		bl	t_ClkWriteHfclkDirect
  55              	.LVL1:
  27:main.c        **** 	t_ClkWriteSysClkDiv(0);
  56              		.loc 1 27 0
  57 001e 0020     		movs	r0, #0
  58 0020 FFF7FEFF 		bl	t_ClkWriteSysClkDiv
  59              	.LVL2:
  60              	.L2:
  28:main.c        **** 	//500 Cycles delay
  29:main.c        **** 	//t_DelayCycles(500);
  30:main.c        ****     for(;;)
  31:main.c        ****     {
  32:main.c        **** 		GPIO_WRITE_PIN(GPIO_PRT2_DR, 6, 0);
  61              		.loc 1 32 0 discriminator 1
  62 0024 094C     		ldr	r4, .L3+8
  63 0026 2368     		ldr	r3, [r4]
  64 0028 4025     		movs	r5, #64
  65 002a AB43     		bics	r3, r5
  66 002c 2360     		str	r3, [r4]
  33:main.c        **** 		//t_Delay_ms(500);
  34:main.c        **** 		t_DelayCycles(48000000);
  67              		.loc 1 34 0 discriminator 1
  68 002e 084E     		ldr	r6, .L3+12
  69 0030 3000     		movs	r0, r6
  70 0032 FFF7FEFF 		bl	t_DelayCycles
  71              	.LVL3:
  35:main.c        **** 		GPIO_WRITE_PIN(GPIO_PRT2_DR, 6, 1);
  72              		.loc 1 35 0 discriminator 1
  73 0036 2368     		ldr	r3, [r4]
  74 0038 1D43     		orrs	r5, r3
  75 003a 2560     		str	r5, [r4]
  36:main.c        **** 		//t_Delay_ms(500);
  37:main.c        **** 		t_DelayCycles(48000000);
  76              		.loc 1 37 0 discriminator 1
  77 003c 3000     		movs	r0, r6
ARM GAS  C:\Users\mahe\AppData\Local\Temp\ccoIDMGx.s 			page 3


  78 003e FFF7FEFF 		bl	t_DelayCycles
  79              	.LVL4:
  80 0042 EFE7     		b	.L2
  81              	.L4:
  82              		.align	2
  83              	.L3:
  84 0044 08020440 		.word	1074004488
  85 0048 FFFFE3FF 		.word	-1835009
  86 004c 00020440 		.word	1074004480
  87 0050 006CDC02 		.word	48000000
  88              		.cfi_endproc
  89              	.LFE0:
  90              		.size	main, .-main
  91              		.text
  92              	.Letext0:
  93              		.file 2 "t_udtypes.h"
  94              		.file 3 "t_CLOCK.h"
  95              		.section	.debug_info,"",%progbits
  96              	.Ldebug_info0:
  97 0000 F6000000 		.4byte	0xf6
  98 0004 0400     		.2byte	0x4
  99 0006 00000000 		.4byte	.Ldebug_abbrev0
 100 000a 04       		.byte	0x4
 101 000b 01       		.uleb128 0x1
 102 000c A8000000 		.4byte	.LASF8
 103 0010 0C       		.byte	0xc
 104 0011 76000000 		.4byte	.LASF9
 105 0015 3F000000 		.4byte	.LASF10
 106 0019 00000000 		.4byte	.Ldebug_ranges0+0
 107 001d 00000000 		.4byte	0
 108 0021 00000000 		.4byte	.Ldebug_line0
 109 0025 02       		.uleb128 0x2
 110 0026 36010000 		.4byte	.LASF2
 111 002a 02       		.byte	0x2
 112 002b 0F       		.byte	0xf
 113 002c 37000000 		.4byte	0x37
 114 0030 03       		.uleb128 0x3
 115 0031 04       		.byte	0x4
 116 0032 07       		.byte	0x7
 117 0033 12000000 		.4byte	.LASF0
 118 0037 04       		.uleb128 0x4
 119 0038 30000000 		.4byte	0x30
 120 003c 03       		.uleb128 0x3
 121 003d 01       		.byte	0x1
 122 003e 08       		.byte	0x8
 123 003f 7D000000 		.4byte	.LASF1
 124 0043 02       		.uleb128 0x2
 125 0044 8B000000 		.4byte	.LASF3
 126 0048 02       		.byte	0x2
 127 0049 11       		.byte	0x11
 128 004a 30000000 		.4byte	0x30
 129 004e 05       		.uleb128 0x5
 130 004f 3A000000 		.4byte	.LASF11
 131 0053 01       		.byte	0x1
 132 0054 16       		.byte	0x16
 133 0055 C6000000 		.4byte	0xc6
 134 0059 00000000 		.4byte	.LFB0
ARM GAS  C:\Users\mahe\AppData\Local\Temp\ccoIDMGx.s 			page 4


 135 005d 54000000 		.4byte	.LFE0-.LFB0
 136 0061 01       		.uleb128 0x1
 137 0062 9C       		.byte	0x9c
 138 0063 C6000000 		.4byte	0xc6
 139 0067 06       		.uleb128 0x6
 140 0068 18000000 		.4byte	.LVL0
 141 006c CD000000 		.4byte	0xcd
 142 0070 7B000000 		.4byte	0x7b
 143 0074 07       		.uleb128 0x7
 144 0075 01       		.uleb128 0x1
 145 0076 50       		.byte	0x50
 146 0077 02       		.uleb128 0x2
 147 0078 08       		.byte	0x8
 148 0079 30       		.byte	0x30
 149 007a 00       		.byte	0
 150 007b 06       		.uleb128 0x6
 151 007c 1E000000 		.4byte	.LVL1
 152 0080 D8000000 		.4byte	0xd8
 153 0084 8E000000 		.4byte	0x8e
 154 0088 07       		.uleb128 0x7
 155 0089 01       		.uleb128 0x1
 156 008a 50       		.byte	0x50
 157 008b 01       		.uleb128 0x1
 158 008c 30       		.byte	0x30
 159 008d 00       		.byte	0
 160 008e 06       		.uleb128 0x6
 161 008f 24000000 		.4byte	.LVL2
 162 0093 E3000000 		.4byte	0xe3
 163 0097 A1000000 		.4byte	0xa1
 164 009b 07       		.uleb128 0x7
 165 009c 01       		.uleb128 0x1
 166 009d 50       		.byte	0x50
 167 009e 01       		.uleb128 0x1
 168 009f 30       		.byte	0x30
 169 00a0 00       		.byte	0
 170 00a1 06       		.uleb128 0x6
 171 00a2 36000000 		.4byte	.LVL3
 172 00a6 EE000000 		.4byte	0xee
 173 00aa B5000000 		.4byte	0xb5
 174 00ae 07       		.uleb128 0x7
 175 00af 01       		.uleb128 0x1
 176 00b0 50       		.byte	0x50
 177 00b1 02       		.uleb128 0x2
 178 00b2 76       		.byte	0x76
 179 00b3 00       		.sleb128 0
 180 00b4 00       		.byte	0
 181 00b5 08       		.uleb128 0x8
 182 00b6 42000000 		.4byte	.LVL4
 183 00ba EE000000 		.4byte	0xee
 184 00be 07       		.uleb128 0x7
 185 00bf 01       		.uleb128 0x1
 186 00c0 50       		.byte	0x50
 187 00c1 02       		.uleb128 0x2
 188 00c2 76       		.byte	0x76
 189 00c3 00       		.sleb128 0
 190 00c4 00       		.byte	0
 191 00c5 00       		.byte	0
ARM GAS  C:\Users\mahe\AppData\Local\Temp\ccoIDMGx.s 			page 5


 192 00c6 09       		.uleb128 0x9
 193 00c7 04       		.byte	0x4
 194 00c8 05       		.byte	0x5
 195 00c9 696E7400 		.ascii	"int\000"
 196 00cd 0A       		.uleb128 0xa
 197 00ce 00000000 		.4byte	.LASF4
 198 00d2 00000000 		.4byte	.LASF4
 199 00d6 03       		.byte	0x3
 200 00d7 14       		.byte	0x14
 201 00d8 0A       		.uleb128 0xa
 202 00d9 24000000 		.4byte	.LASF5
 203 00dd 24000000 		.4byte	.LASF5
 204 00e1 03       		.byte	0x3
 205 00e2 18       		.byte	0x18
 206 00e3 0A       		.uleb128 0xa
 207 00e4 94000000 		.4byte	.LASF6
 208 00e8 94000000 		.4byte	.LASF6
 209 00ec 03       		.byte	0x3
 210 00ed 1A       		.byte	0x1a
 211 00ee 0A       		.uleb128 0xa
 212 00ef 68000000 		.4byte	.LASF7
 213 00f3 68000000 		.4byte	.LASF7
 214 00f7 03       		.byte	0x3
 215 00f8 0E       		.byte	0xe
 216 00f9 00       		.byte	0
 217              		.section	.debug_abbrev,"",%progbits
 218              	.Ldebug_abbrev0:
 219 0000 01       		.uleb128 0x1
 220 0001 11       		.uleb128 0x11
 221 0002 01       		.byte	0x1
 222 0003 25       		.uleb128 0x25
 223 0004 0E       		.uleb128 0xe
 224 0005 13       		.uleb128 0x13
 225 0006 0B       		.uleb128 0xb
 226 0007 03       		.uleb128 0x3
 227 0008 0E       		.uleb128 0xe
 228 0009 1B       		.uleb128 0x1b
 229 000a 0E       		.uleb128 0xe
 230 000b 55       		.uleb128 0x55
 231 000c 17       		.uleb128 0x17
 232 000d 11       		.uleb128 0x11
 233 000e 01       		.uleb128 0x1
 234 000f 10       		.uleb128 0x10
 235 0010 17       		.uleb128 0x17
 236 0011 00       		.byte	0
 237 0012 00       		.byte	0
 238 0013 02       		.uleb128 0x2
 239 0014 16       		.uleb128 0x16
 240 0015 00       		.byte	0
 241 0016 03       		.uleb128 0x3
 242 0017 0E       		.uleb128 0xe
 243 0018 3A       		.uleb128 0x3a
 244 0019 0B       		.uleb128 0xb
 245 001a 3B       		.uleb128 0x3b
 246 001b 0B       		.uleb128 0xb
 247 001c 49       		.uleb128 0x49
 248 001d 13       		.uleb128 0x13
ARM GAS  C:\Users\mahe\AppData\Local\Temp\ccoIDMGx.s 			page 6


 249 001e 00       		.byte	0
 250 001f 00       		.byte	0
 251 0020 03       		.uleb128 0x3
 252 0021 24       		.uleb128 0x24
 253 0022 00       		.byte	0
 254 0023 0B       		.uleb128 0xb
 255 0024 0B       		.uleb128 0xb
 256 0025 3E       		.uleb128 0x3e
 257 0026 0B       		.uleb128 0xb
 258 0027 03       		.uleb128 0x3
 259 0028 0E       		.uleb128 0xe
 260 0029 00       		.byte	0
 261 002a 00       		.byte	0
 262 002b 04       		.uleb128 0x4
 263 002c 35       		.uleb128 0x35
 264 002d 00       		.byte	0
 265 002e 49       		.uleb128 0x49
 266 002f 13       		.uleb128 0x13
 267 0030 00       		.byte	0
 268 0031 00       		.byte	0
 269 0032 05       		.uleb128 0x5
 270 0033 2E       		.uleb128 0x2e
 271 0034 01       		.byte	0x1
 272 0035 3F       		.uleb128 0x3f
 273 0036 19       		.uleb128 0x19
 274 0037 03       		.uleb128 0x3
 275 0038 0E       		.uleb128 0xe
 276 0039 3A       		.uleb128 0x3a
 277 003a 0B       		.uleb128 0xb
 278 003b 3B       		.uleb128 0x3b
 279 003c 0B       		.uleb128 0xb
 280 003d 27       		.uleb128 0x27
 281 003e 19       		.uleb128 0x19
 282 003f 49       		.uleb128 0x49
 283 0040 13       		.uleb128 0x13
 284 0041 8701     		.uleb128 0x87
 285 0043 19       		.uleb128 0x19
 286 0044 11       		.uleb128 0x11
 287 0045 01       		.uleb128 0x1
 288 0046 12       		.uleb128 0x12
 289 0047 06       		.uleb128 0x6
 290 0048 40       		.uleb128 0x40
 291 0049 18       		.uleb128 0x18
 292 004a 9742     		.uleb128 0x2117
 293 004c 19       		.uleb128 0x19
 294 004d 01       		.uleb128 0x1
 295 004e 13       		.uleb128 0x13
 296 004f 00       		.byte	0
 297 0050 00       		.byte	0
 298 0051 06       		.uleb128 0x6
 299 0052 898201   		.uleb128 0x4109
 300 0055 01       		.byte	0x1
 301 0056 11       		.uleb128 0x11
 302 0057 01       		.uleb128 0x1
 303 0058 31       		.uleb128 0x31
 304 0059 13       		.uleb128 0x13
 305 005a 01       		.uleb128 0x1
ARM GAS  C:\Users\mahe\AppData\Local\Temp\ccoIDMGx.s 			page 7


 306 005b 13       		.uleb128 0x13
 307 005c 00       		.byte	0
 308 005d 00       		.byte	0
 309 005e 07       		.uleb128 0x7
 310 005f 8A8201   		.uleb128 0x410a
 311 0062 00       		.byte	0
 312 0063 02       		.uleb128 0x2
 313 0064 18       		.uleb128 0x18
 314 0065 9142     		.uleb128 0x2111
 315 0067 18       		.uleb128 0x18
 316 0068 00       		.byte	0
 317 0069 00       		.byte	0
 318 006a 08       		.uleb128 0x8
 319 006b 898201   		.uleb128 0x4109
 320 006e 01       		.byte	0x1
 321 006f 11       		.uleb128 0x11
 322 0070 01       		.uleb128 0x1
 323 0071 31       		.uleb128 0x31
 324 0072 13       		.uleb128 0x13
 325 0073 00       		.byte	0
 326 0074 00       		.byte	0
 327 0075 09       		.uleb128 0x9
 328 0076 24       		.uleb128 0x24
 329 0077 00       		.byte	0
 330 0078 0B       		.uleb128 0xb
 331 0079 0B       		.uleb128 0xb
 332 007a 3E       		.uleb128 0x3e
 333 007b 0B       		.uleb128 0xb
 334 007c 03       		.uleb128 0x3
 335 007d 08       		.uleb128 0x8
 336 007e 00       		.byte	0
 337 007f 00       		.byte	0
 338 0080 0A       		.uleb128 0xa
 339 0081 2E       		.uleb128 0x2e
 340 0082 00       		.byte	0
 341 0083 3F       		.uleb128 0x3f
 342 0084 19       		.uleb128 0x19
 343 0085 3C       		.uleb128 0x3c
 344 0086 19       		.uleb128 0x19
 345 0087 6E       		.uleb128 0x6e
 346 0088 0E       		.uleb128 0xe
 347 0089 03       		.uleb128 0x3
 348 008a 0E       		.uleb128 0xe
 349 008b 3A       		.uleb128 0x3a
 350 008c 0B       		.uleb128 0xb
 351 008d 3B       		.uleb128 0x3b
 352 008e 0B       		.uleb128 0xb
 353 008f 00       		.byte	0
 354 0090 00       		.byte	0
 355 0091 00       		.byte	0
 356              		.section	.debug_aranges,"",%progbits
 357 0000 1C000000 		.4byte	0x1c
 358 0004 0200     		.2byte	0x2
 359 0006 00000000 		.4byte	.Ldebug_info0
 360 000a 04       		.byte	0x4
 361 000b 00       		.byte	0
 362 000c 0000     		.2byte	0
ARM GAS  C:\Users\mahe\AppData\Local\Temp\ccoIDMGx.s 			page 8


 363 000e 0000     		.2byte	0
 364 0010 00000000 		.4byte	.LFB0
 365 0014 54000000 		.4byte	.LFE0-.LFB0
 366 0018 00000000 		.4byte	0
 367 001c 00000000 		.4byte	0
 368              		.section	.debug_ranges,"",%progbits
 369              	.Ldebug_ranges0:
 370 0000 00000000 		.4byte	.LFB0
 371 0004 54000000 		.4byte	.LFE0
 372 0008 00000000 		.4byte	0
 373 000c 00000000 		.4byte	0
 374              		.section	.debug_line,"",%progbits
 375              	.Ldebug_line0:
 376 0000 66000000 		.section	.debug_str,"MS",%progbits,1
 376      02003900 
 376      00000201 
 376      FB0E0D00 
 376      01010101 
 377              	.LASF4:
 378 0000 745F436C 		.ascii	"t_ClkWriteImoFreq\000"
 378      6B577269 
 378      7465496D 
 378      6F467265 
 378      7100
 379              	.LASF0:
 380 0012 6C6F6E67 		.ascii	"long unsigned int\000"
 380      20756E73 
 380      69676E65 
 380      6420696E 
 380      7400
 381              	.LASF5:
 382 0024 745F436C 		.ascii	"t_ClkWriteHfclkDirect\000"
 382      6B577269 
 382      74654866 
 382      636C6B44 
 382      69726563 
 383              	.LASF11:
 384 003a 6D61696E 		.ascii	"main\000"
 384      00
 385              	.LASF10:
 386 003f 443A5C44 		.ascii	"D:\\Development\\AESD\\Clock\\Design01.cydsn\000"
 386      6576656C 
 386      6F706D65 
 386      6E745C41 
 386      4553445C 
 387              	.LASF7:
 388 0068 745F4465 		.ascii	"t_DelayCycles\000"
 388      6C617943 
 388      79636C65 
 388      7300
 389              	.LASF9:
 390 0076 6D61696E 		.ascii	"main.c\000"
 390      2E6300
 391              	.LASF1:
 392 007d 756E7369 		.ascii	"unsigned char\000"
 392      676E6564 
 392      20636861 
ARM GAS  C:\Users\mahe\AppData\Local\Temp\ccoIDMGx.s 			page 9


 392      7200
 393              	.LASF3:
 394 008b 745F7569 		.ascii	"t_uint32\000"
 394      6E743332 
 394      00
 395              	.LASF6:
 396 0094 745F436C 		.ascii	"t_ClkWriteSysClkDiv\000"
 396      6B577269 
 396      74655379 
 396      73436C6B 
 396      44697600 
 397              	.LASF8:
 398 00a8 474E5520 		.ascii	"GNU C11 5.4.1 20160609 (release) [ARM/embedded-5-br"
 398      43313120 
 398      352E342E 
 398      31203230 
 398      31363036 
 399 00db 616E6368 		.ascii	"anch revision 237715] -mcpu=cortex-m0 -mthumb -g -O"
 399      20726576 
 399      6973696F 
 399      6E203233 
 399      37373135 
 400 010e 67202D66 		.ascii	"g -ffunction-sections -ffat-lto-objects\000"
 400      66756E63 
 400      74696F6E 
 400      2D736563 
 400      74696F6E 
 401              	.LASF2:
 402 0136 745F7265 		.ascii	"t_reg32\000"
 402      67333200 
 403              		.ident	"GCC: (GNU Tools for ARM Embedded Processors) 5.4.1 20160609 (release) [ARM/embedded-5-bran
