ARM GAS  C:\Users\Mahe\AppData\Local\Temp\ccjjcbnd.s 			page 1


   1              		.syntax unified
   2              		.cpu cortex-m0
   3              		.fpu softvfp
   4              		.eabi_attribute 20, 1
   5              		.eabi_attribute 21, 1
   6              		.eabi_attribute 23, 3
   7              		.eabi_attribute 24, 1
   8              		.eabi_attribute 25, 1
   9              		.eabi_attribute 26, 1
  10              		.eabi_attribute 30, 1
  11              		.eabi_attribute 34, 0
  12              		.eabi_attribute 18, 4
  13              		.thumb
  14              		.syntax unified
  15              		.file	"cyfitter_cfg.c"
  16              		.text
  17              	.Ltext0:
  18              		.cfi_sections	.debug_frame
  19              		.section	.text.AnalogSetDefault,"ax",%progbits
  20              		.align	2
  21              		.code	16
  22              		.thumb_func
  23              		.type	AnalogSetDefault, %function
  24              	AnalogSetDefault:
  25              	.LFB5:
  26              		.file 1 "Generated_Source\\PSoC4\\cyfitter_cfg.c"
   1:Generated_Source\PSoC4/cyfitter_cfg.c **** 
   2:Generated_Source\PSoC4/cyfitter_cfg.c **** /*******************************************************************************
   3:Generated_Source\PSoC4/cyfitter_cfg.c **** * File Name: cyfitter_cfg.c
   4:Generated_Source\PSoC4/cyfitter_cfg.c **** * 
   5:Generated_Source\PSoC4/cyfitter_cfg.c **** * PSoC Creator  4.1 Update 1
   6:Generated_Source\PSoC4/cyfitter_cfg.c **** *
   7:Generated_Source\PSoC4/cyfitter_cfg.c **** * Description:
   8:Generated_Source\PSoC4/cyfitter_cfg.c **** * This file contains device initialization code.
   9:Generated_Source\PSoC4/cyfitter_cfg.c **** * Except for the user defined sections in CyClockStartupError(), this file should not be modified.
  10:Generated_Source\PSoC4/cyfitter_cfg.c **** * This file is automatically generated by PSoC Creator.
  11:Generated_Source\PSoC4/cyfitter_cfg.c **** *
  12:Generated_Source\PSoC4/cyfitter_cfg.c **** ********************************************************************************
  13:Generated_Source\PSoC4/cyfitter_cfg.c **** * Copyright (c) 2007-2017 Cypress Semiconductor.  All rights reserved.
  14:Generated_Source\PSoC4/cyfitter_cfg.c **** * You may use this file only in accordance with the license, terms, conditions, 
  15:Generated_Source\PSoC4/cyfitter_cfg.c **** * disclaimers, and limitations in the end user license agreement accompanying 
  16:Generated_Source\PSoC4/cyfitter_cfg.c **** * the software package with which this file was provided.
  17:Generated_Source\PSoC4/cyfitter_cfg.c **** ********************************************************************************/
  18:Generated_Source\PSoC4/cyfitter_cfg.c **** 
  19:Generated_Source\PSoC4/cyfitter_cfg.c **** #include <string.h>
  20:Generated_Source\PSoC4/cyfitter_cfg.c **** #include "cytypes.h"
  21:Generated_Source\PSoC4/cyfitter_cfg.c **** #include "cydevice_trm.h"
  22:Generated_Source\PSoC4/cyfitter_cfg.c **** #include "cyfitter.h"
  23:Generated_Source\PSoC4/cyfitter_cfg.c **** #include "CyLib.h"
  24:Generated_Source\PSoC4/cyfitter_cfg.c **** #include "CyLFClk.h"
  25:Generated_Source\PSoC4/cyfitter_cfg.c **** #include "cyfitter_cfg.h"
  26:Generated_Source\PSoC4/cyfitter_cfg.c **** #include "cyapicallbacks.h"
  27:Generated_Source\PSoC4/cyfitter_cfg.c **** 
  28:Generated_Source\PSoC4/cyfitter_cfg.c **** 
  29:Generated_Source\PSoC4/cyfitter_cfg.c **** #if defined(__GNUC__) || defined(__ARMCC_VERSION)
  30:Generated_Source\PSoC4/cyfitter_cfg.c ****     #define CYPACKED 
  31:Generated_Source\PSoC4/cyfitter_cfg.c ****     #define CYPACKED_ATTR __attribute__ ((packed))
ARM GAS  C:\Users\Mahe\AppData\Local\Temp\ccjjcbnd.s 			page 2


  32:Generated_Source\PSoC4/cyfitter_cfg.c ****     #define CYALIGNED __attribute__ ((aligned))
  33:Generated_Source\PSoC4/cyfitter_cfg.c ****     #define CY_CFG_UNUSED __attribute__ ((unused))
  34:Generated_Source\PSoC4/cyfitter_cfg.c ****     #ifndef CY_CFG_SECTION
  35:Generated_Source\PSoC4/cyfitter_cfg.c ****         #define CY_CFG_SECTION __attribute__ ((section(".psocinit")))
  36:Generated_Source\PSoC4/cyfitter_cfg.c ****     #endif
  37:Generated_Source\PSoC4/cyfitter_cfg.c ****     
  38:Generated_Source\PSoC4/cyfitter_cfg.c ****     #if defined(__ARMCC_VERSION)
  39:Generated_Source\PSoC4/cyfitter_cfg.c ****         #define CY_CFG_MEMORY_BARRIER() __memory_changed()
  40:Generated_Source\PSoC4/cyfitter_cfg.c ****     #else
  41:Generated_Source\PSoC4/cyfitter_cfg.c ****         #define CY_CFG_MEMORY_BARRIER() __sync_synchronize()
  42:Generated_Source\PSoC4/cyfitter_cfg.c ****     #endif
  43:Generated_Source\PSoC4/cyfitter_cfg.c ****     
  44:Generated_Source\PSoC4/cyfitter_cfg.c **** #elif defined(__ICCARM__)
  45:Generated_Source\PSoC4/cyfitter_cfg.c ****     #include <intrinsics.h>
  46:Generated_Source\PSoC4/cyfitter_cfg.c **** 
  47:Generated_Source\PSoC4/cyfitter_cfg.c ****     #define CYPACKED __packed
  48:Generated_Source\PSoC4/cyfitter_cfg.c ****     #define CYPACKED_ATTR 
  49:Generated_Source\PSoC4/cyfitter_cfg.c ****     #define CYALIGNED _Pragma("data_alignment=4")
  50:Generated_Source\PSoC4/cyfitter_cfg.c ****     #define CY_CFG_UNUSED _Pragma("diag_suppress=Pe177")
  51:Generated_Source\PSoC4/cyfitter_cfg.c ****     #define CY_CFG_SECTION _Pragma("location=\".psocinit\"")
  52:Generated_Source\PSoC4/cyfitter_cfg.c ****     
  53:Generated_Source\PSoC4/cyfitter_cfg.c ****     #define CY_CFG_MEMORY_BARRIER() __DMB()
  54:Generated_Source\PSoC4/cyfitter_cfg.c ****     
  55:Generated_Source\PSoC4/cyfitter_cfg.c **** #else
  56:Generated_Source\PSoC4/cyfitter_cfg.c ****     #error Unsupported toolchain
  57:Generated_Source\PSoC4/cyfitter_cfg.c **** #endif
  58:Generated_Source\PSoC4/cyfitter_cfg.c **** 
  59:Generated_Source\PSoC4/cyfitter_cfg.c **** #ifndef CYCODE
  60:Generated_Source\PSoC4/cyfitter_cfg.c ****     #define CYCODE
  61:Generated_Source\PSoC4/cyfitter_cfg.c **** #endif
  62:Generated_Source\PSoC4/cyfitter_cfg.c **** #ifndef CYDATA
  63:Generated_Source\PSoC4/cyfitter_cfg.c ****     #define CYDATA
  64:Generated_Source\PSoC4/cyfitter_cfg.c **** #endif
  65:Generated_Source\PSoC4/cyfitter_cfg.c **** #ifndef CYFAR
  66:Generated_Source\PSoC4/cyfitter_cfg.c ****     #define CYFAR
  67:Generated_Source\PSoC4/cyfitter_cfg.c **** #endif
  68:Generated_Source\PSoC4/cyfitter_cfg.c **** #ifndef CYXDATA
  69:Generated_Source\PSoC4/cyfitter_cfg.c ****     #define CYXDATA
  70:Generated_Source\PSoC4/cyfitter_cfg.c **** #endif
  71:Generated_Source\PSoC4/cyfitter_cfg.c **** 
  72:Generated_Source\PSoC4/cyfitter_cfg.c **** 
  73:Generated_Source\PSoC4/cyfitter_cfg.c **** CY_CFG_UNUSED
  74:Generated_Source\PSoC4/cyfitter_cfg.c **** static void CYMEMZERO(void *s, size_t n);
  75:Generated_Source\PSoC4/cyfitter_cfg.c **** CY_CFG_UNUSED
  76:Generated_Source\PSoC4/cyfitter_cfg.c **** static void CYMEMZERO(void *s, size_t n)
  77:Generated_Source\PSoC4/cyfitter_cfg.c **** {
  78:Generated_Source\PSoC4/cyfitter_cfg.c **** 	(void)memset(s, 0, n);
  79:Generated_Source\PSoC4/cyfitter_cfg.c **** }
  80:Generated_Source\PSoC4/cyfitter_cfg.c **** CY_CFG_UNUSED
  81:Generated_Source\PSoC4/cyfitter_cfg.c **** static void CYCONFIGCPY(void *dest, const void *src, size_t n);
  82:Generated_Source\PSoC4/cyfitter_cfg.c **** CY_CFG_UNUSED
  83:Generated_Source\PSoC4/cyfitter_cfg.c **** static void CYCONFIGCPY(void *dest, const void *src, size_t n)
  84:Generated_Source\PSoC4/cyfitter_cfg.c **** {
  85:Generated_Source\PSoC4/cyfitter_cfg.c **** 	(void)memcpy(dest, src, n);
  86:Generated_Source\PSoC4/cyfitter_cfg.c **** }
  87:Generated_Source\PSoC4/cyfitter_cfg.c **** CY_CFG_UNUSED
  88:Generated_Source\PSoC4/cyfitter_cfg.c **** static void CYCONFIGCPYCODE(void *dest, const void *src, size_t n);
ARM GAS  C:\Users\Mahe\AppData\Local\Temp\ccjjcbnd.s 			page 3


  89:Generated_Source\PSoC4/cyfitter_cfg.c **** CY_CFG_UNUSED
  90:Generated_Source\PSoC4/cyfitter_cfg.c **** static void CYCONFIGCPYCODE(void *dest, const void *src, size_t n)
  91:Generated_Source\PSoC4/cyfitter_cfg.c **** {
  92:Generated_Source\PSoC4/cyfitter_cfg.c **** 	(void)memcpy(dest, src, n);
  93:Generated_Source\PSoC4/cyfitter_cfg.c **** }
  94:Generated_Source\PSoC4/cyfitter_cfg.c **** 
  95:Generated_Source\PSoC4/cyfitter_cfg.c **** 
  96:Generated_Source\PSoC4/cyfitter_cfg.c **** 
  97:Generated_Source\PSoC4/cyfitter_cfg.c **** 
  98:Generated_Source\PSoC4/cyfitter_cfg.c **** /* Clock startup error codes                                                   */
  99:Generated_Source\PSoC4/cyfitter_cfg.c **** #define CYCLOCKSTART_NO_ERROR    0u
 100:Generated_Source\PSoC4/cyfitter_cfg.c **** #define CYCLOCKSTART_XTAL_ERROR  1u
 101:Generated_Source\PSoC4/cyfitter_cfg.c **** #define CYCLOCKSTART_32KHZ_ERROR 2u
 102:Generated_Source\PSoC4/cyfitter_cfg.c **** #define CYCLOCKSTART_PLL_ERROR   3u
 103:Generated_Source\PSoC4/cyfitter_cfg.c **** #define CYCLOCKSTART_FLL_ERROR   4u
 104:Generated_Source\PSoC4/cyfitter_cfg.c **** 
 105:Generated_Source\PSoC4/cyfitter_cfg.c **** 
 106:Generated_Source\PSoC4/cyfitter_cfg.c **** #ifdef CY_NEED_CYCLOCKSTARTUPERROR
 107:Generated_Source\PSoC4/cyfitter_cfg.c **** /*******************************************************************************
 108:Generated_Source\PSoC4/cyfitter_cfg.c **** * Function Name: CyClockStartupError
 109:Generated_Source\PSoC4/cyfitter_cfg.c **** ********************************************************************************
 110:Generated_Source\PSoC4/cyfitter_cfg.c **** * Summary:
 111:Generated_Source\PSoC4/cyfitter_cfg.c **** *  If an error is encountered during clock configuration (crystal startup error,
 112:Generated_Source\PSoC4/cyfitter_cfg.c **** *  PLL lock error, etc.), the system will end up here.  Unless reimplemented by
 113:Generated_Source\PSoC4/cyfitter_cfg.c **** *  the customer, this function will stop in an infinite loop.
 114:Generated_Source\PSoC4/cyfitter_cfg.c **** *
 115:Generated_Source\PSoC4/cyfitter_cfg.c **** * Parameters:
 116:Generated_Source\PSoC4/cyfitter_cfg.c **** *   void
 117:Generated_Source\PSoC4/cyfitter_cfg.c **** *
 118:Generated_Source\PSoC4/cyfitter_cfg.c **** * Return:
 119:Generated_Source\PSoC4/cyfitter_cfg.c **** *   void
 120:Generated_Source\PSoC4/cyfitter_cfg.c **** *
 121:Generated_Source\PSoC4/cyfitter_cfg.c **** *******************************************************************************/
 122:Generated_Source\PSoC4/cyfitter_cfg.c **** CY_CFG_UNUSED
 123:Generated_Source\PSoC4/cyfitter_cfg.c **** static void CyClockStartupError(uint8 errorCode);
 124:Generated_Source\PSoC4/cyfitter_cfg.c **** CY_CFG_UNUSED
 125:Generated_Source\PSoC4/cyfitter_cfg.c **** static void CyClockStartupError(uint8 errorCode)
 126:Generated_Source\PSoC4/cyfitter_cfg.c **** {
 127:Generated_Source\PSoC4/cyfitter_cfg.c ****     /* To remove the compiler warning if errorCode not used. */
 128:Generated_Source\PSoC4/cyfitter_cfg.c **** #if defined(CY_PSOC3) && (CY_PSOC3)
 129:Generated_Source\PSoC4/cyfitter_cfg.c ****     errorCode = errorCode;
 130:Generated_Source\PSoC4/cyfitter_cfg.c **** #else
 131:Generated_Source\PSoC4/cyfitter_cfg.c ****     (void)errorCode;
 132:Generated_Source\PSoC4/cyfitter_cfg.c **** #endif /* CY_PSOC3 */
 133:Generated_Source\PSoC4/cyfitter_cfg.c **** 
 134:Generated_Source\PSoC4/cyfitter_cfg.c ****     /* If we have a clock startup error (bad MHz crystal, PLL lock, etc.),  */
 135:Generated_Source\PSoC4/cyfitter_cfg.c ****     /* we will end up here to allow the customer to implement something to  */
 136:Generated_Source\PSoC4/cyfitter_cfg.c ****     /* deal with the clock condition.                                       */
 137:Generated_Source\PSoC4/cyfitter_cfg.c **** 
 138:Generated_Source\PSoC4/cyfitter_cfg.c **** #ifdef CY_CFG_CLOCK_STARTUP_ERROR_CALLBACK
 139:Generated_Source\PSoC4/cyfitter_cfg.c ****     CY_CFG_Clock_Startup_ErrorCallback();
 140:Generated_Source\PSoC4/cyfitter_cfg.c **** #else
 141:Generated_Source\PSoC4/cyfitter_cfg.c ****     /*  If not using CY_CFG_CLOCK_STARTUP_ERROR_CALLBACK, place your clock startup code here. */
 142:Generated_Source\PSoC4/cyfitter_cfg.c ****     /* `#START CyClockStartupError` */
 143:Generated_Source\PSoC4/cyfitter_cfg.c **** 
 144:Generated_Source\PSoC4/cyfitter_cfg.c **** 
 145:Generated_Source\PSoC4/cyfitter_cfg.c **** 
ARM GAS  C:\Users\Mahe\AppData\Local\Temp\ccjjcbnd.s 			page 4


 146:Generated_Source\PSoC4/cyfitter_cfg.c ****     /* `#END` */
 147:Generated_Source\PSoC4/cyfitter_cfg.c **** 
 148:Generated_Source\PSoC4/cyfitter_cfg.c ****     while(1) {}
 149:Generated_Source\PSoC4/cyfitter_cfg.c **** #endif /* CY_CFG_CLOCK_STARTUP_ERROR_CALLBACK */
 150:Generated_Source\PSoC4/cyfitter_cfg.c **** }
 151:Generated_Source\PSoC4/cyfitter_cfg.c **** #endif
 152:Generated_Source\PSoC4/cyfitter_cfg.c **** 
 153:Generated_Source\PSoC4/cyfitter_cfg.c **** 
 154:Generated_Source\PSoC4/cyfitter_cfg.c **** 
 155:Generated_Source\PSoC4/cyfitter_cfg.c **** /*******************************************************************************
 156:Generated_Source\PSoC4/cyfitter_cfg.c **** * Function Name: ClockSetup
 157:Generated_Source\PSoC4/cyfitter_cfg.c **** ********************************************************************************
 158:Generated_Source\PSoC4/cyfitter_cfg.c **** *
 159:Generated_Source\PSoC4/cyfitter_cfg.c **** * Summary:
 160:Generated_Source\PSoC4/cyfitter_cfg.c **** *   Performs the initialization of all of the clocks in the device based on the
 161:Generated_Source\PSoC4/cyfitter_cfg.c **** *   settings in the Clock tab of the DWR.  This includes enabling the requested
 162:Generated_Source\PSoC4/cyfitter_cfg.c **** *   clocks and setting the necessary dividers to produce the desired frequency. 
 163:Generated_Source\PSoC4/cyfitter_cfg.c **** *
 164:Generated_Source\PSoC4/cyfitter_cfg.c **** * Parameters:
 165:Generated_Source\PSoC4/cyfitter_cfg.c **** *   void
 166:Generated_Source\PSoC4/cyfitter_cfg.c **** *
 167:Generated_Source\PSoC4/cyfitter_cfg.c **** * Return:
 168:Generated_Source\PSoC4/cyfitter_cfg.c **** *   void
 169:Generated_Source\PSoC4/cyfitter_cfg.c **** *
 170:Generated_Source\PSoC4/cyfitter_cfg.c **** *******************************************************************************/
 171:Generated_Source\PSoC4/cyfitter_cfg.c **** static void ClockSetup(void);
 172:Generated_Source\PSoC4/cyfitter_cfg.c **** CY_CFG_SECTION
 173:Generated_Source\PSoC4/cyfitter_cfg.c **** static void ClockSetup(void)
 174:Generated_Source\PSoC4/cyfitter_cfg.c **** {
 175:Generated_Source\PSoC4/cyfitter_cfg.c **** 
 176:Generated_Source\PSoC4/cyfitter_cfg.c **** 	/* Set Flash Cycles based on max possible frequency in case a glitch occurs during ClockSetup(). *
 177:Generated_Source\PSoC4/cyfitter_cfg.c **** 	CY_SET_REG32((void CYXDATA *)(CYREG_CPUSS_FLASH_CTL), (0x0012u));
 178:Generated_Source\PSoC4/cyfitter_cfg.c **** 	/* Setup and trim IMO based on desired frequency. */
 179:Generated_Source\PSoC4/cyfitter_cfg.c **** 	CySysClkWriteImoFreq(48u);
 180:Generated_Source\PSoC4/cyfitter_cfg.c **** 	/* CYDEV_CLK_ILO_CONFIG Starting address: CYDEV_CLK_ILO_CONFIG */
 181:Generated_Source\PSoC4/cyfitter_cfg.c **** 	CY_SET_REG32((void *)(CYREG_CLK_ILO_CONFIG), 0x80000006u);
 182:Generated_Source\PSoC4/cyfitter_cfg.c **** 
 183:Generated_Source\PSoC4/cyfitter_cfg.c **** 
 184:Generated_Source\PSoC4/cyfitter_cfg.c **** 	/* Setup phase aligned clocks */
 185:Generated_Source\PSoC4/cyfitter_cfg.c **** 	CY_SET_REG32((void *)CYREG_PERI_DIV_16_CTL1, 0x00BB7F00u);
 186:Generated_Source\PSoC4/cyfitter_cfg.c **** 	CY_SET_REG32((void *)CYREG_PERI_DIV_CMD, 0x8000FF41u);
 187:Generated_Source\PSoC4/cyfitter_cfg.c **** 	CY_SET_REG32((void *)CYREG_PERI_DIV_16_CTL0, 0x00BB7F00u);
 188:Generated_Source\PSoC4/cyfitter_cfg.c **** 	CY_SET_REG32((void *)CYREG_PERI_DIV_CMD, 0x8000FF40u);
 189:Generated_Source\PSoC4/cyfitter_cfg.c **** 
 190:Generated_Source\PSoC4/cyfitter_cfg.c **** 	/* CYDEV_CLK_IMO_CONFIG Starting address: CYDEV_CLK_IMO_CONFIG */
 191:Generated_Source\PSoC4/cyfitter_cfg.c **** 	CY_SET_REG32((void *)(CYREG_CLK_IMO_CONFIG), 0x80000000u);
 192:Generated_Source\PSoC4/cyfitter_cfg.c **** 
 193:Generated_Source\PSoC4/cyfitter_cfg.c **** 	/* CYDEV_CLK_SELECT Starting address: CYDEV_CLK_SELECT */
 194:Generated_Source\PSoC4/cyfitter_cfg.c **** 	CY_SET_REG32((void *)(CYREG_CLK_SELECT), 0x00040000u);
 195:Generated_Source\PSoC4/cyfitter_cfg.c **** 
 196:Generated_Source\PSoC4/cyfitter_cfg.c **** 	/* CYDEV_PERI_PCLK_CTL12 Starting address: CYDEV_PERI_PCLK_CTL12 */
 197:Generated_Source\PSoC4/cyfitter_cfg.c **** 	CY_SET_REG32((void *)(CYREG_PERI_PCLK_CTL12), 0x00000041u);
 198:Generated_Source\PSoC4/cyfitter_cfg.c **** 
 199:Generated_Source\PSoC4/cyfitter_cfg.c **** 	/* CYDEV_PERI_PCLK_CTL11 Starting address: CYDEV_PERI_PCLK_CTL11 */
 200:Generated_Source\PSoC4/cyfitter_cfg.c **** 	CY_SET_REG32((void *)(CYREG_PERI_PCLK_CTL11), 0x00000040u);
 201:Generated_Source\PSoC4/cyfitter_cfg.c **** 
 202:Generated_Source\PSoC4/cyfitter_cfg.c **** 	(void)CyIntSetVector(7u, &CySysWdtIsr);
ARM GAS  C:\Users\Mahe\AppData\Local\Temp\ccjjcbnd.s 			page 5


 203:Generated_Source\PSoC4/cyfitter_cfg.c **** 	CyIntEnable(7u);
 204:Generated_Source\PSoC4/cyfitter_cfg.c **** 	CY_SET_REG32((void *)(CYREG_WDT_CONFIG), 0x00000000u);
 205:Generated_Source\PSoC4/cyfitter_cfg.c **** }
 206:Generated_Source\PSoC4/cyfitter_cfg.c **** 
 207:Generated_Source\PSoC4/cyfitter_cfg.c **** 
 208:Generated_Source\PSoC4/cyfitter_cfg.c **** /* Analog API Functions */
 209:Generated_Source\PSoC4/cyfitter_cfg.c **** 
 210:Generated_Source\PSoC4/cyfitter_cfg.c **** 
 211:Generated_Source\PSoC4/cyfitter_cfg.c **** /*******************************************************************************
 212:Generated_Source\PSoC4/cyfitter_cfg.c **** * Function Name: AnalogSetDefault
 213:Generated_Source\PSoC4/cyfitter_cfg.c **** ********************************************************************************
 214:Generated_Source\PSoC4/cyfitter_cfg.c **** *
 215:Generated_Source\PSoC4/cyfitter_cfg.c **** * Summary:
 216:Generated_Source\PSoC4/cyfitter_cfg.c **** *  Sets up the analog portions of the chip to default values based on chip
 217:Generated_Source\PSoC4/cyfitter_cfg.c **** *  configuration options from the project.
 218:Generated_Source\PSoC4/cyfitter_cfg.c **** *
 219:Generated_Source\PSoC4/cyfitter_cfg.c **** * Parameters:
 220:Generated_Source\PSoC4/cyfitter_cfg.c **** *  void
 221:Generated_Source\PSoC4/cyfitter_cfg.c **** *
 222:Generated_Source\PSoC4/cyfitter_cfg.c **** * Return:
 223:Generated_Source\PSoC4/cyfitter_cfg.c **** *  void
 224:Generated_Source\PSoC4/cyfitter_cfg.c **** *
 225:Generated_Source\PSoC4/cyfitter_cfg.c **** *******************************************************************************/
 226:Generated_Source\PSoC4/cyfitter_cfg.c **** static void AnalogSetDefault(void);
 227:Generated_Source\PSoC4/cyfitter_cfg.c **** static void AnalogSetDefault(void)
 228:Generated_Source\PSoC4/cyfitter_cfg.c **** {
  27              		.loc 1 228 0
  28              		.cfi_startproc
  29              		@ args = 0, pretend = 0, frame = 0
  30              		@ frame_needed = 0, uses_anonymous_args = 0
  31              		@ link register save eliminated.
 229:Generated_Source\PSoC4/cyfitter_cfg.c **** 	CY_SET_XTND_REG32((void CYFAR *)CYREG_CTBM0_DFT_CTRL, 0x00000003u);
  32              		.loc 1 229 0
  33 0000 0323     		movs	r3, #3
  34 0002 044A     		ldr	r2, .L2
  35 0004 1360     		str	r3, [r2]
 230:Generated_Source\PSoC4/cyfitter_cfg.c **** 	CY_SET_XTND_REG32((void CYFAR *)CYREG_CTBM1_DFT_CTRL, 0x00000003u);
  36              		.loc 1 230 0
  37 0006 044A     		ldr	r2, .L2+4
  38 0008 1360     		str	r3, [r2]
 231:Generated_Source\PSoC4/cyfitter_cfg.c **** 	CY_SET_XTND_REG32((void CYFAR *)CYREG_PASS_DSAB_DSAB_CTRL, 0x00000000u);
  39              		.loc 1 231 0
  40 000a 0022     		movs	r2, #0
  41 000c 034B     		ldr	r3, .L2+8
  42 000e 1A60     		str	r2, [r3]
 232:Generated_Source\PSoC4/cyfitter_cfg.c **** }
  43              		.loc 1 232 0
  44              		@ sp needed
  45 0010 7047     		bx	lr
  46              	.L3:
  47 0012 C046     		.align	2
  48              	.L2:
  49 0014 30003040 		.word	1076887600
  50 0018 30003140 		.word	1076953136
  51 001c 000E3F40 		.word	1077874176
  52              		.cfi_endproc
  53              	.LFE5:
ARM GAS  C:\Users\Mahe\AppData\Local\Temp\ccjjcbnd.s 			page 6


  54              		.size	AnalogSetDefault, .-AnalogSetDefault
  55              		.section	.text.CYMEMZERO,"ax",%progbits
  56              		.align	2
  57              		.code	16
  58              		.thumb_func
  59              		.type	CYMEMZERO, %function
  60              	CYMEMZERO:
  61              	.LFB1:
  77:Generated_Source\PSoC4/cyfitter_cfg.c **** 	(void)memset(s, 0, n);
  62              		.loc 1 77 0
  63              		.cfi_startproc
  64              		@ args = 0, pretend = 0, frame = 0
  65              		@ frame_needed = 0, uses_anonymous_args = 0
  66              	.LVL0:
  67 0000 10B5     		push	{r4, lr}
  68              		.cfi_def_cfa_offset 8
  69              		.cfi_offset 4, -8
  70              		.cfi_offset 14, -4
  71 0002 0A00     		movs	r2, r1
  78:Generated_Source\PSoC4/cyfitter_cfg.c **** }
  72              		.loc 1 78 0
  73 0004 0021     		movs	r1, #0
  74              	.LVL1:
  75 0006 FFF7FEFF 		bl	memset
  76              	.LVL2:
  79:Generated_Source\PSoC4/cyfitter_cfg.c **** CY_CFG_UNUSED
  77              		.loc 1 79 0
  78              		@ sp needed
  79 000a 10BD     		pop	{r4, pc}
  80              		.cfi_endproc
  81              	.LFE1:
  82              		.size	CYMEMZERO, .-CYMEMZERO
  83              		.section	.psocinit,"ax",%progbits
  84              		.align	2
  85              		.code	16
  86              		.thumb_func
  87              		.type	ClockSetup, %function
  88              	ClockSetup:
  89              	.LFB4:
 174:Generated_Source\PSoC4/cyfitter_cfg.c **** 
  90              		.loc 1 174 0
  91              		.cfi_startproc
  92              		@ args = 0, pretend = 0, frame = 0
  93              		@ frame_needed = 0, uses_anonymous_args = 0
  94 0000 10B5     		push	{r4, lr}
  95              		.cfi_def_cfa_offset 8
  96              		.cfi_offset 4, -8
  97              		.cfi_offset 14, -4
 177:Generated_Source\PSoC4/cyfitter_cfg.c **** 	/* Setup and trim IMO based on desired frequency. */
  98              		.loc 1 177 0
  99 0002 1222     		movs	r2, #18
 100 0004 154B     		ldr	r3, .L6
 101 0006 1A60     		str	r2, [r3]
 179:Generated_Source\PSoC4/cyfitter_cfg.c **** 	/* CYDEV_CLK_ILO_CONFIG Starting address: CYDEV_CLK_ILO_CONFIG */
 102              		.loc 1 179 0
 103 0008 3020     		movs	r0, #48
 104 000a FFF7FEFF 		bl	CySysClkWriteImoFreq
ARM GAS  C:\Users\Mahe\AppData\Local\Temp\ccjjcbnd.s 			page 7


 105              	.LVL3:
 181:Generated_Source\PSoC4/cyfitter_cfg.c **** 
 106              		.loc 1 181 0
 107 000e 144A     		ldr	r2, .L6+4
 108 0010 144B     		ldr	r3, .L6+8
 109 0012 1A60     		str	r2, [r3]
 185:Generated_Source\PSoC4/cyfitter_cfg.c **** 	CY_SET_REG32((void *)CYREG_PERI_DIV_CMD, 0x8000FF41u);
 110              		.loc 1 185 0
 111 0014 144A     		ldr	r2, .L6+12
 112 0016 154B     		ldr	r3, .L6+16
 113 0018 1A60     		str	r2, [r3]
 186:Generated_Source\PSoC4/cyfitter_cfg.c **** 	CY_SET_REG32((void *)CYREG_PERI_DIV_16_CTL0, 0x00BB7F00u);
 114              		.loc 1 186 0
 115 001a 154B     		ldr	r3, .L6+20
 116 001c 1549     		ldr	r1, .L6+24
 117 001e 1960     		str	r1, [r3]
 187:Generated_Source\PSoC4/cyfitter_cfg.c **** 	CY_SET_REG32((void *)CYREG_PERI_DIV_CMD, 0x8000FF40u);
 118              		.loc 1 187 0
 119 0020 1549     		ldr	r1, .L6+28
 120 0022 0A60     		str	r2, [r1]
 188:Generated_Source\PSoC4/cyfitter_cfg.c **** 
 121              		.loc 1 188 0
 122 0024 154A     		ldr	r2, .L6+32
 123 0026 1A60     		str	r2, [r3]
 191:Generated_Source\PSoC4/cyfitter_cfg.c **** 
 124              		.loc 1 191 0
 125 0028 8022     		movs	r2, #128
 126 002a 1206     		lsls	r2, r2, #24
 127 002c 144B     		ldr	r3, .L6+36
 128 002e 1A60     		str	r2, [r3]
 194:Generated_Source\PSoC4/cyfitter_cfg.c **** 
 129              		.loc 1 194 0
 130 0030 8022     		movs	r2, #128
 131 0032 D202     		lsls	r2, r2, #11
 132 0034 134B     		ldr	r3, .L6+40
 133 0036 1A60     		str	r2, [r3]
 197:Generated_Source\PSoC4/cyfitter_cfg.c **** 
 134              		.loc 1 197 0
 135 0038 4122     		movs	r2, #65
 136 003a 134B     		ldr	r3, .L6+44
 137 003c 1A60     		str	r2, [r3]
 200:Generated_Source\PSoC4/cyfitter_cfg.c **** 
 138              		.loc 1 200 0
 139 003e 013A     		subs	r2, r2, #1
 140 0040 124B     		ldr	r3, .L6+48
 141 0042 1A60     		str	r2, [r3]
 202:Generated_Source\PSoC4/cyfitter_cfg.c **** 	CyIntEnable(7u);
 142              		.loc 1 202 0
 143 0044 1249     		ldr	r1, .L6+52
 144 0046 0720     		movs	r0, #7
 145 0048 FFF7FEFF 		bl	CyIntSetVector
 146              	.LVL4:
 203:Generated_Source\PSoC4/cyfitter_cfg.c **** 	CY_SET_REG32((void *)(CYREG_WDT_CONFIG), 0x00000000u);
 147              		.loc 1 203 0
 148 004c 0720     		movs	r0, #7
 149 004e FFF7FEFF 		bl	CyIntEnable
 150              	.LVL5:
ARM GAS  C:\Users\Mahe\AppData\Local\Temp\ccjjcbnd.s 			page 8


 204:Generated_Source\PSoC4/cyfitter_cfg.c **** }
 151              		.loc 1 204 0
 152 0052 0022     		movs	r2, #0
 153 0054 0F4B     		ldr	r3, .L6+56
 154 0056 1A60     		str	r2, [r3]
 205:Generated_Source\PSoC4/cyfitter_cfg.c **** 
 155              		.loc 1 205 0
 156              		@ sp needed
 157 0058 10BD     		pop	{r4, pc}
 158              	.L7:
 159 005a C046     		.align	2
 160              	.L6:
 161 005c 30001040 		.word	1074790448
 162 0060 06000080 		.word	-2147483642
 163 0064 04010B40 		.word	1074462980
 164 0068 007FBB00 		.word	12287744
 165 006c 04030140 		.word	1073808132
 166 0070 00000140 		.word	1073807360
 167 0074 41FF0080 		.word	-2147418303
 168 0078 00030140 		.word	1073808128
 169 007c 40FF0080 		.word	-2147418304
 170 0080 08010B40 		.word	1074462984
 171 0084 00010B40 		.word	1074462976
 172 0088 30010140 		.word	1073807664
 173 008c 2C010140 		.word	1073807660
 174 0090 00000000 		.word	CySysWdtIsr
 175 0094 0C020B40 		.word	1074463244
 176              		.cfi_endproc
 177              	.LFE4:
 178              		.size	ClockSetup, .-ClockSetup
 179              		.align	2
 180              		.global	cyfitter_cfg
 181              		.code	16
 182              		.thumb_func
 183              		.type	cyfitter_cfg, %function
 184              	cyfitter_cfg:
 185              	.LFB6:
 233:Generated_Source\PSoC4/cyfitter_cfg.c **** 
 234:Generated_Source\PSoC4/cyfitter_cfg.c **** 
 235:Generated_Source\PSoC4/cyfitter_cfg.c **** 
 236:Generated_Source\PSoC4/cyfitter_cfg.c **** 
 237:Generated_Source\PSoC4/cyfitter_cfg.c **** /*******************************************************************************
 238:Generated_Source\PSoC4/cyfitter_cfg.c **** * Function Name: cyfitter_cfg
 239:Generated_Source\PSoC4/cyfitter_cfg.c **** ********************************************************************************
 240:Generated_Source\PSoC4/cyfitter_cfg.c **** * Summary:
 241:Generated_Source\PSoC4/cyfitter_cfg.c **** *  This function is called by the start-up code for the selected device. It
 242:Generated_Source\PSoC4/cyfitter_cfg.c **** *  performs all of the necessary device configuration based on the design
 243:Generated_Source\PSoC4/cyfitter_cfg.c **** *  settings.  This includes settings from the Design Wide Resources (DWR) such
 244:Generated_Source\PSoC4/cyfitter_cfg.c **** *  as Clocks and Pins as well as any component configuration that is necessary.
 245:Generated_Source\PSoC4/cyfitter_cfg.c **** *
 246:Generated_Source\PSoC4/cyfitter_cfg.c **** * Parameters:
 247:Generated_Source\PSoC4/cyfitter_cfg.c **** *   void
 248:Generated_Source\PSoC4/cyfitter_cfg.c **** *
 249:Generated_Source\PSoC4/cyfitter_cfg.c **** * Return:
 250:Generated_Source\PSoC4/cyfitter_cfg.c **** *   void
 251:Generated_Source\PSoC4/cyfitter_cfg.c **** *
 252:Generated_Source\PSoC4/cyfitter_cfg.c **** *******************************************************************************/
ARM GAS  C:\Users\Mahe\AppData\Local\Temp\ccjjcbnd.s 			page 9


 253:Generated_Source\PSoC4/cyfitter_cfg.c **** CY_CFG_SECTION
 254:Generated_Source\PSoC4/cyfitter_cfg.c **** void cyfitter_cfg(void)
 255:Generated_Source\PSoC4/cyfitter_cfg.c **** {
 186              		.loc 1 255 0
 187              		.cfi_startproc
 188              		@ args = 0, pretend = 0, frame = 0
 189              		@ frame_needed = 0, uses_anonymous_args = 0
 190 0098 10B5     		push	{r4, lr}
 191              		.cfi_def_cfa_offset 8
 192              		.cfi_offset 4, -8
 193              		.cfi_offset 14, -4
 256:Generated_Source\PSoC4/cyfitter_cfg.c **** 	/* Disable interrupts by default. Let user enable if/when they want. */
 257:Generated_Source\PSoC4/cyfitter_cfg.c **** 	CyGlobalIntDisable;
 194              		.loc 1 257 0
 195              		.syntax divided
 196              	@ 257 "Generated_Source\PSoC4\cyfitter_cfg.c" 1
 197 009a 72B6     		CPSID   i
 198              	@ 0 "" 2
 199              	.LVL6:
 200              		.thumb
 201              		.syntax unified
 202              	.LBB2:
 258:Generated_Source\PSoC4/cyfitter_cfg.c **** 
 259:Generated_Source\PSoC4/cyfitter_cfg.c **** 	{
 260:Generated_Source\PSoC4/cyfitter_cfg.c **** 
 261:Generated_Source\PSoC4/cyfitter_cfg.c **** 		CYPACKED typedef struct {
 262:Generated_Source\PSoC4/cyfitter_cfg.c **** 			void CYFAR *address;
 263:Generated_Source\PSoC4/cyfitter_cfg.c **** 			uint16 size;
 264:Generated_Source\PSoC4/cyfitter_cfg.c **** 		} CYPACKED_ATTR cfg_memset_t;
 265:Generated_Source\PSoC4/cyfitter_cfg.c **** 
 266:Generated_Source\PSoC4/cyfitter_cfg.c **** 		static const cfg_memset_t CYCODE cfg_memset_list[] = {
 267:Generated_Source\PSoC4/cyfitter_cfg.c **** 			/* address, size */
 268:Generated_Source\PSoC4/cyfitter_cfg.c **** 			{(void CYFAR *)(CYDEV_UDB_P0_U0_BASE), 1024u},
 269:Generated_Source\PSoC4/cyfitter_cfg.c **** 			{(void CYFAR *)(CYDEV_UDB_DSI0_BASE), 1024u},
 270:Generated_Source\PSoC4/cyfitter_cfg.c **** 		};
 271:Generated_Source\PSoC4/cyfitter_cfg.c **** 
 272:Generated_Source\PSoC4/cyfitter_cfg.c **** 		uint8 CYDATA i;
 273:Generated_Source\PSoC4/cyfitter_cfg.c **** 
 274:Generated_Source\PSoC4/cyfitter_cfg.c **** 		/* Zero out critical memory blocks before beginning configuration */
 275:Generated_Source\PSoC4/cyfitter_cfg.c **** 		for (i = 0u; i < (sizeof(cfg_memset_list)/sizeof(cfg_memset_list[0])); i++)
 203              		.loc 1 275 0
 204 009c 0024     		movs	r4, #0
 205 009e 0FE0     		b	.L9
 206              	.LVL7:
 207              	.L10:
 208              	.LBB3:
 276:Generated_Source\PSoC4/cyfitter_cfg.c **** 		{
 277:Generated_Source\PSoC4/cyfitter_cfg.c **** 			const cfg_memset_t CYCODE * CYDATA ms = &cfg_memset_list[i];
 278:Generated_Source\PSoC4/cyfitter_cfg.c **** 			CYMEMZERO(ms->address, (size_t)(uint32)(ms->size));
 209              		.loc 1 278 0 discriminator 3
 210 00a0 1B48     		ldr	r0, .L11
 211 00a2 6200     		lsls	r2, r4, #1
 212 00a4 1319     		adds	r3, r2, r4
 213 00a6 5900     		lsls	r1, r3, #1
 214 00a8 0B00     		movs	r3, r1
 215 00aa 4118     		adds	r1, r0, r1
 216 00ac 8988     		ldrh	r1, [r1, #4]
ARM GAS  C:\Users\Mahe\AppData\Local\Temp\ccjjcbnd.s 			page 10


 217 00ae 1A5A     		ldrh	r2, [r3, r0]
 218 00b0 C318     		adds	r3, r0, r3
 219 00b2 5888     		ldrh	r0, [r3, #2]
 220 00b4 0004     		lsls	r0, r0, #16
 221 00b6 1043     		orrs	r0, r2
 222 00b8 FFF7FEFF 		bl	CYMEMZERO
 223              	.LVL8:
 224              	.LBE3:
 275:Generated_Source\PSoC4/cyfitter_cfg.c **** 		{
 225              		.loc 1 275 0 discriminator 3
 226 00bc 0134     		adds	r4, r4, #1
 227              	.LVL9:
 228 00be E4B2     		uxtb	r4, r4
 229              	.LVL10:
 230              	.L9:
 275:Generated_Source\PSoC4/cyfitter_cfg.c **** 		{
 231              		.loc 1 275 0 is_stmt 0 discriminator 1
 232 00c0 012C     		cmp	r4, #1
 233 00c2 EDD9     		bls	.L10
 279:Generated_Source\PSoC4/cyfitter_cfg.c **** 		}
 280:Generated_Source\PSoC4/cyfitter_cfg.c **** 
 281:Generated_Source\PSoC4/cyfitter_cfg.c **** 		/* HSIOM Starting address: CYDEV_HSIOM_BASE */
 282:Generated_Source\PSoC4/cyfitter_cfg.c **** 		CY_SET_REG32((void *)(CYREG_HSIOM_PORT_SEL3), 0x0000EE00u);
 234              		.loc 1 282 0 is_stmt 1
 235 00c4 EE22     		movs	r2, #238
 236 00c6 1202     		lsls	r2, r2, #8
 237 00c8 124B     		ldr	r3, .L11+4
 238 00ca 1A60     		str	r2, [r3]
 283:Generated_Source\PSoC4/cyfitter_cfg.c **** 
 284:Generated_Source\PSoC4/cyfitter_cfg.c **** 		/* UDB_PA_0 Starting address: CYDEV_UDB_PA0_BASE */
 285:Generated_Source\PSoC4/cyfitter_cfg.c **** 		CY_SET_REG32((void *)(CYDEV_UDB_PA0_BASE), 0x00990000u);
 239              		.loc 1 285 0
 240 00cc 9923     		movs	r3, #153
 241 00ce 1B04     		lsls	r3, r3, #16
 242 00d0 114A     		ldr	r2, .L11+8
 243 00d2 1360     		str	r3, [r2]
 286:Generated_Source\PSoC4/cyfitter_cfg.c **** 
 287:Generated_Source\PSoC4/cyfitter_cfg.c **** 		/* UDB_PA_2 Starting address: CYDEV_UDB_PA2_BASE */
 288:Generated_Source\PSoC4/cyfitter_cfg.c **** 		CY_SET_REG32((void *)(CYDEV_UDB_PA2_BASE), 0x00990000u);
 244              		.loc 1 288 0
 245 00d4 114A     		ldr	r2, .L11+12
 246 00d6 1360     		str	r3, [r2]
 289:Generated_Source\PSoC4/cyfitter_cfg.c **** 
 290:Generated_Source\PSoC4/cyfitter_cfg.c **** 		/* UDB_PA_3 Starting address: CYDEV_UDB_PA3_BASE */
 291:Generated_Source\PSoC4/cyfitter_cfg.c **** 		CY_SET_REG32((void *)(CYDEV_UDB_PA3_BASE), 0x00990000u);
 247              		.loc 1 291 0
 248 00d8 114A     		ldr	r2, .L11+16
 249 00da 1360     		str	r3, [r2]
 292:Generated_Source\PSoC4/cyfitter_cfg.c **** 
 293:Generated_Source\PSoC4/cyfitter_cfg.c **** 		/* Enable digital routing */
 294:Generated_Source\PSoC4/cyfitter_cfg.c **** 		CY_SET_XTND_REG8((void *)CYREG_UDB_UDBIF_BANK_CTL, (uint8)(CY_GET_XTND_REG8((void *)CYREG_UDB_UDB
 250              		.loc 1 294 0
 251 00dc 114A     		ldr	r2, .L11+20
 252 00de 1178     		ldrb	r1, [r2]
 253 00e0 0623     		movs	r3, #6
 254 00e2 0B43     		orrs	r3, r1
 255 00e4 DBB2     		uxtb	r3, r3
ARM GAS  C:\Users\Mahe\AppData\Local\Temp\ccjjcbnd.s 			page 11


 256 00e6 1370     		strb	r3, [r2]
 257              	.LBE2:
 295:Generated_Source\PSoC4/cyfitter_cfg.c **** 	}
 296:Generated_Source\PSoC4/cyfitter_cfg.c **** 
 297:Generated_Source\PSoC4/cyfitter_cfg.c **** 	/* Perform second pass device configuration. These items must be configured in specific order afte
 298:Generated_Source\PSoC4/cyfitter_cfg.c **** 	/* IOPINS0_0 Starting address: CYDEV_GPIO_PRT0_BASE */
 299:Generated_Source\PSoC4/cyfitter_cfg.c **** 	CY_SET_REG32((void *)(CYDEV_GPIO_PRT0_BASE), 0x00000040u);
 258              		.loc 1 299 0
 259 00e8 4022     		movs	r2, #64
 260 00ea 0F4B     		ldr	r3, .L11+24
 261 00ec 1A60     		str	r2, [r3]
 300:Generated_Source\PSoC4/cyfitter_cfg.c **** 	CY_SET_REG32((void *)(CYREG_GPIO_PRT0_PC), 0x00180000u);
 262              		.loc 1 300 0
 263 00ee C023     		movs	r3, #192
 264 00f0 5B03     		lsls	r3, r3, #13
 265 00f2 0E49     		ldr	r1, .L11+28
 266 00f4 0B60     		str	r3, [r1]
 301:Generated_Source\PSoC4/cyfitter_cfg.c **** 
 302:Generated_Source\PSoC4/cyfitter_cfg.c **** 	/* IOPINS0_2 Starting address: CYDEV_GPIO_PRT2_BASE */
 303:Generated_Source\PSoC4/cyfitter_cfg.c **** 	CY_SET_REG32((void *)(CYDEV_GPIO_PRT2_BASE), 0x00000040u);
 267              		.loc 1 303 0
 268 00f6 0E49     		ldr	r1, .L11+32
 269 00f8 0A60     		str	r2, [r1]
 304:Generated_Source\PSoC4/cyfitter_cfg.c **** 	CY_SET_REG32((void *)(CYREG_GPIO_PRT2_PC), 0x00180000u);
 270              		.loc 1 304 0
 271 00fa 0E4A     		ldr	r2, .L11+36
 272 00fc 1360     		str	r3, [r2]
 305:Generated_Source\PSoC4/cyfitter_cfg.c **** 
 306:Generated_Source\PSoC4/cyfitter_cfg.c **** 	/* IOPINS0_3 Starting address: CYDEV_GPIO_PRT3_BASE */
 307:Generated_Source\PSoC4/cyfitter_cfg.c **** 	CY_SET_REG32((void *)(CYREG_GPIO_PRT3_PC), 0x00000D80u);
 273              		.loc 1 307 0
 274 00fe D822     		movs	r2, #216
 275 0100 1201     		lsls	r2, r2, #4
 276 0102 0D4B     		ldr	r3, .L11+40
 277 0104 1A60     		str	r2, [r3]
 308:Generated_Source\PSoC4/cyfitter_cfg.c **** 
 309:Generated_Source\PSoC4/cyfitter_cfg.c **** 
 310:Generated_Source\PSoC4/cyfitter_cfg.c **** 	/* Setup clocks based on selections from Clock DWR */
 311:Generated_Source\PSoC4/cyfitter_cfg.c **** 	ClockSetup();
 278              		.loc 1 311 0
 279 0106 FFF77BFF 		bl	ClockSetup
 280              	.LVL11:
 312:Generated_Source\PSoC4/cyfitter_cfg.c **** 
 313:Generated_Source\PSoC4/cyfitter_cfg.c **** 	/* Perform basic analog initialization to defaults */
 314:Generated_Source\PSoC4/cyfitter_cfg.c **** 	AnalogSetDefault();
 281              		.loc 1 314 0
 282 010a FFF7FEFF 		bl	AnalogSetDefault
 283              	.LVL12:
 315:Generated_Source\PSoC4/cyfitter_cfg.c **** 
 316:Generated_Source\PSoC4/cyfitter_cfg.c **** }
 284              		.loc 1 316 0
 285              		@ sp needed
 286              	.LVL13:
 287 010e 10BD     		pop	{r4, pc}
 288              	.L12:
 289              		.align	2
 290              	.L11:
ARM GAS  C:\Users\Mahe\AppData\Local\Temp\ccjjcbnd.s 			page 12


 291 0110 00000000 		.word	.LANCHOR0
 292 0114 00030240 		.word	1073873664
 293 0118 00500F40 		.word	1074745344
 294 011c 20500F40 		.word	1074745376
 295 0120 30500F40 		.word	1074745392
 296 0124 00700F40 		.word	1074753536
 297 0128 00000440 		.word	1074003968
 298 012c 08000440 		.word	1074003976
 299 0130 00020440 		.word	1074004480
 300 0134 08020440 		.word	1074004488
 301 0138 08030440 		.word	1074004744
 302              		.cfi_endproc
 303              	.LFE6:
 304              		.size	cyfitter_cfg, .-cyfitter_cfg
 305              		.section	.rodata
 306              		.align	2
 307              		.set	.LANCHOR0,. + 0
 308              		.type	cfg_memset_list.4888, %object
 309              		.size	cfg_memset_list.4888, 12
 310              	cfg_memset_list.4888:
 311 0000 00300F40 		.word	1074737152
 312 0004 0004     		.short	1024
 313 0006 00400F40 		.4byte	1074741248
 314 000a 0004     		.short	1024
 315              		.text
 316              	.Letext0:
 317              		.file 2 "c:\\program files (x86)\\cypress\\psoc creator\\4.1\\psoc creator\\import\\gnu\\arm\\5.4.
 318              		.file 3 "Generated_Source\\PSoC4\\cytypes.h"
 319              		.file 4 "Generated_Source\\PSoC4\\CyLib.h"
 320              		.section	.debug_info,"",%progbits
 321              	.Ldebug_info0:
 322 0000 94020000 		.4byte	0x294
 323 0004 0400     		.2byte	0x4
 324 0006 00000000 		.4byte	.Ldebug_abbrev0
 325 000a 04       		.byte	0x4
 326 000b 01       		.uleb128 0x1
 327 000c 54010000 		.4byte	.LASF29
 328 0010 0C       		.byte	0xc
 329 0011 4B020000 		.4byte	.LASF30
 330 0015 66000000 		.4byte	.LASF31
 331 0019 00000000 		.4byte	.Ldebug_ranges0+0
 332 001d 00000000 		.4byte	0
 333 0021 00000000 		.4byte	.Ldebug_line0
 334 0025 02       		.uleb128 0x2
 335 0026 04       		.byte	0x4
 336 0027 05       		.byte	0x5
 337 0028 696E7400 		.ascii	"int\000"
 338 002c 03       		.uleb128 0x3
 339 002d 06000000 		.4byte	.LASF12
 340 0031 02       		.byte	0x2
 341 0032 D8       		.byte	0xd8
 342 0033 37000000 		.4byte	0x37
 343 0037 04       		.uleb128 0x4
 344 0038 04       		.byte	0x4
 345 0039 07       		.byte	0x7
 346 003a 1B010000 		.4byte	.LASF0
 347 003e 04       		.uleb128 0x4
ARM GAS  C:\Users\Mahe\AppData\Local\Temp\ccjjcbnd.s 			page 13


 348 003f 08       		.byte	0x8
 349 0040 05       		.byte	0x5
 350 0041 F8010000 		.4byte	.LASF1
 351 0045 04       		.uleb128 0x4
 352 0046 08       		.byte	0x8
 353 0047 04       		.byte	0x4
 354 0048 33020000 		.4byte	.LASF2
 355 004c 04       		.uleb128 0x4
 356 004d 01       		.byte	0x1
 357 004e 06       		.byte	0x6
 358 004f 3F020000 		.4byte	.LASF3
 359 0053 04       		.uleb128 0x4
 360 0054 01       		.byte	0x1
 361 0055 08       		.byte	0x8
 362 0056 E5000000 		.4byte	.LASF4
 363 005a 04       		.uleb128 0x4
 364 005b 02       		.byte	0x2
 365 005c 05       		.byte	0x5
 366 005d 0B020000 		.4byte	.LASF5
 367 0061 04       		.uleb128 0x4
 368 0062 02       		.byte	0x2
 369 0063 07       		.byte	0x7
 370 0064 48000000 		.4byte	.LASF6
 371 0068 04       		.uleb128 0x4
 372 0069 04       		.byte	0x4
 373 006a 05       		.byte	0x5
 374 006b 2A020000 		.4byte	.LASF7
 375 006f 04       		.uleb128 0x4
 376 0070 04       		.byte	0x4
 377 0071 07       		.byte	0x7
 378 0072 C3000000 		.4byte	.LASF8
 379 0076 04       		.uleb128 0x4
 380 0077 08       		.byte	0x8
 381 0078 07       		.byte	0x7
 382 0079 3D010000 		.4byte	.LASF9
 383 007d 04       		.uleb128 0x4
 384 007e 04       		.byte	0x4
 385 007f 07       		.byte	0x7
 386 0080 EF010000 		.4byte	.LASF10
 387 0084 05       		.uleb128 0x5
 388 0085 04       		.byte	0x4
 389 0086 04       		.uleb128 0x4
 390 0087 01       		.byte	0x1
 391 0088 08       		.byte	0x8
 392 0089 06020000 		.4byte	.LASF11
 393 008d 06       		.uleb128 0x6
 394 008e D5000000 		.4byte	.LASF13
 395 0092 03       		.byte	0x3
 396 0093 D201     		.2byte	0x1d2
 397 0095 53000000 		.4byte	0x53
 398 0099 06       		.uleb128 0x6
 399 009a 0D010000 		.4byte	.LASF14
 400 009e 03       		.byte	0x3
 401 009f D301     		.2byte	0x1d3
 402 00a1 61000000 		.4byte	0x61
 403 00a5 06       		.uleb128 0x6
 404 00a6 14010000 		.4byte	.LASF15
ARM GAS  C:\Users\Mahe\AppData\Local\Temp\ccjjcbnd.s 			page 14


 405 00aa 03       		.byte	0x3
 406 00ab D401     		.2byte	0x1d4
 407 00ad 6F000000 		.4byte	0x6f
 408 00b1 04       		.uleb128 0x4
 409 00b2 04       		.byte	0x4
 410 00b3 04       		.byte	0x4
 411 00b4 5B000000 		.4byte	.LASF16
 412 00b8 04       		.uleb128 0x4
 413 00b9 08       		.byte	0x8
 414 00ba 04       		.byte	0x4
 415 00bb FA000000 		.4byte	.LASF17
 416 00bf 06       		.uleb128 0x6
 417 00c0 BE000000 		.4byte	.LASF18
 418 00c4 03       		.byte	0x3
 419 00c5 7C02     		.2byte	0x27c
 420 00c7 CB000000 		.4byte	0xcb
 421 00cb 07       		.uleb128 0x7
 422 00cc 8D000000 		.4byte	0x8d
 423 00d0 06       		.uleb128 0x6
 424 00d1 00000000 		.4byte	.LASF19
 425 00d5 03       		.byte	0x3
 426 00d6 7E02     		.2byte	0x27e
 427 00d8 DC000000 		.4byte	0xdc
 428 00dc 07       		.uleb128 0x7
 429 00dd A5000000 		.4byte	0xa5
 430 00e1 08       		.uleb128 0x8
 431 00e2 0D000000 		.4byte	.LASF32
 432 00e6 01       		.byte	0x1
 433 00e7 E3       		.byte	0xe3
 434 00e8 00000000 		.4byte	.LFB5
 435 00ec 20000000 		.4byte	.LFE5-.LFB5
 436 00f0 01       		.uleb128 0x1
 437 00f1 9C       		.byte	0x9c
 438 00f2 09       		.uleb128 0x9
 439 00f3 DB000000 		.4byte	.LASF20
 440 00f7 01       		.byte	0x1
 441 00f8 4C       		.byte	0x4c
 442 00f9 00000000 		.4byte	.LFB1
 443 00fd 0C000000 		.4byte	.LFE1-.LFB1
 444 0101 01       		.uleb128 0x1
 445 0102 9C       		.byte	0x9c
 446 0103 3F010000 		.4byte	0x13f
 447 0107 0A       		.uleb128 0xa
 448 0108 7300     		.ascii	"s\000"
 449 010a 01       		.byte	0x1
 450 010b 4C       		.byte	0x4c
 451 010c 84000000 		.4byte	0x84
 452 0110 00000000 		.4byte	.LLST0
 453 0114 0A       		.uleb128 0xa
 454 0115 6E00     		.ascii	"n\000"
 455 0117 01       		.byte	0x1
 456 0118 4C       		.byte	0x4c
 457 0119 2C000000 		.4byte	0x2c
 458 011d 21000000 		.4byte	.LLST1
 459 0121 0B       		.uleb128 0xb
 460 0122 0A000000 		.4byte	.LVL2
 461 0126 6D020000 		.4byte	0x26d
ARM GAS  C:\Users\Mahe\AppData\Local\Temp\ccjjcbnd.s 			page 15


 462 012a 0C       		.uleb128 0xc
 463 012b 01       		.uleb128 0x1
 464 012c 50       		.byte	0x50
 465 012d 03       		.uleb128 0x3
 466 012e F3       		.byte	0xf3
 467 012f 01       		.uleb128 0x1
 468 0130 50       		.byte	0x50
 469 0131 0C       		.uleb128 0xc
 470 0132 01       		.uleb128 0x1
 471 0133 51       		.byte	0x51
 472 0134 01       		.uleb128 0x1
 473 0135 30       		.byte	0x30
 474 0136 0C       		.uleb128 0xc
 475 0137 01       		.uleb128 0x1
 476 0138 52       		.byte	0x52
 477 0139 03       		.uleb128 0x3
 478 013a F3       		.byte	0xf3
 479 013b 01       		.uleb128 0x1
 480 013c 51       		.byte	0x51
 481 013d 00       		.byte	0
 482 013e 00       		.byte	0
 483 013f 09       		.uleb128 0x9
 484 0140 3D000000 		.4byte	.LASF21
 485 0144 01       		.byte	0x1
 486 0145 AD       		.byte	0xad
 487 0146 00000000 		.4byte	.LFB4
 488 014a 98000000 		.4byte	.LFE4-.LFB4
 489 014e 01       		.uleb128 0x1
 490 014f 9C       		.byte	0x9c
 491 0150 8B010000 		.4byte	0x18b
 492 0154 0D       		.uleb128 0xd
 493 0155 0E000000 		.4byte	.LVL3
 494 0159 76020000 		.4byte	0x276
 495 015d 68010000 		.4byte	0x168
 496 0161 0C       		.uleb128 0xc
 497 0162 01       		.uleb128 0x1
 498 0163 50       		.byte	0x50
 499 0164 02       		.uleb128 0x2
 500 0165 08       		.byte	0x8
 501 0166 30       		.byte	0x30
 502 0167 00       		.byte	0
 503 0168 0D       		.uleb128 0xd
 504 0169 4C000000 		.4byte	.LVL4
 505 016d 81020000 		.4byte	0x281
 506 0171 7B010000 		.4byte	0x17b
 507 0175 0C       		.uleb128 0xc
 508 0176 01       		.uleb128 0x1
 509 0177 50       		.byte	0x50
 510 0178 01       		.uleb128 0x1
 511 0179 37       		.byte	0x37
 512 017a 00       		.byte	0
 513 017b 0B       		.uleb128 0xb
 514 017c 52000000 		.4byte	.LVL5
 515 0180 8C020000 		.4byte	0x28c
 516 0184 0C       		.uleb128 0xc
 517 0185 01       		.uleb128 0x1
 518 0186 50       		.byte	0x50
ARM GAS  C:\Users\Mahe\AppData\Local\Temp\ccjjcbnd.s 			page 16


 519 0187 01       		.uleb128 0x1
 520 0188 37       		.byte	0x37
 521 0189 00       		.byte	0
 522 018a 00       		.byte	0
 523 018b 0E       		.uleb128 0xe
 524 018c 28010000 		.4byte	.LASF33
 525 0190 01       		.byte	0x1
 526 0191 FE       		.byte	0xfe
 527 0192 98000000 		.4byte	.LFB6
 528 0196 A4000000 		.4byte	.LFE6-.LFB6
 529 019a 01       		.uleb128 0x1
 530 019b 9C       		.byte	0x9c
 531 019c 6D020000 		.4byte	0x26d
 532 01a0 0F       		.uleb128 0xf
 533 01a1 9C000000 		.4byte	.LBB2
 534 01a5 4C000000 		.4byte	.LBE2-.LBB2
 535 01a9 5A020000 		.4byte	0x25a
 536 01ad 10       		.uleb128 0x10
 537 01ae 06       		.byte	0x6
 538 01af 01       		.byte	0x1
 539 01b0 0501     		.2byte	0x105
 540 01b2 D1010000 		.4byte	0x1d1
 541 01b6 11       		.uleb128 0x11
 542 01b7 35010000 		.4byte	.LASF22
 543 01bb 01       		.byte	0x1
 544 01bc 0601     		.2byte	0x106
 545 01be 84000000 		.4byte	0x84
 546 01c2 00       		.byte	0
 547 01c3 11       		.uleb128 0x11
 548 01c4 61000000 		.4byte	.LASF23
 549 01c8 01       		.byte	0x1
 550 01c9 0701     		.2byte	0x107
 551 01cb 99000000 		.4byte	0x99
 552 01cf 04       		.byte	0x4
 553 01d0 00       		.byte	0
 554 01d1 06       		.uleb128 0x6
 555 01d2 E2010000 		.4byte	.LASF24
 556 01d6 01       		.byte	0x1
 557 01d7 0801     		.2byte	0x108
 558 01d9 AD010000 		.4byte	0x1ad
 559 01dd 12       		.uleb128 0x12
 560 01de ED010000 		.4byte	0x1ed
 561 01e2 ED010000 		.4byte	0x1ed
 562 01e6 13       		.uleb128 0x13
 563 01e7 7D000000 		.4byte	0x7d
 564 01eb 01       		.byte	0x1
 565 01ec 00       		.byte	0
 566 01ed 14       		.uleb128 0x14
 567 01ee D1010000 		.4byte	0x1d1
 568 01f2 15       		.uleb128 0x15
 569 01f3 2D000000 		.4byte	.LASF25
 570 01f7 01       		.byte	0x1
 571 01f8 0A01     		.2byte	0x10a
 572 01fa 04020000 		.4byte	0x204
 573 01fe 05       		.uleb128 0x5
 574 01ff 03       		.byte	0x3
 575 0200 00000000 		.4byte	cfg_memset_list.4888
ARM GAS  C:\Users\Mahe\AppData\Local\Temp\ccjjcbnd.s 			page 17


 576 0204 14       		.uleb128 0x14
 577 0205 DD010000 		.4byte	0x1dd
 578 0209 16       		.uleb128 0x16
 579 020a 6900     		.ascii	"i\000"
 580 020c 01       		.byte	0x1
 581 020d 1001     		.2byte	0x110
 582 020f 8D000000 		.4byte	0x8d
 583 0213 4D000000 		.4byte	.LLST2
 584 0217 17       		.uleb128 0x17
 585 0218 A0000000 		.4byte	.LBB3
 586 021c 1C000000 		.4byte	.LBE3-.LBB3
 587 0220 16       		.uleb128 0x16
 588 0221 6D7300   		.ascii	"ms\000"
 589 0224 01       		.byte	0x1
 590 0225 1501     		.2byte	0x115
 591 0227 2F020000 		.4byte	0x22f
 592 022b 77000000 		.4byte	.LLST3
 593 022f 18       		.uleb128 0x18
 594 0230 04       		.byte	0x4
 595 0231 ED010000 		.4byte	0x1ed
 596 0235 0B       		.uleb128 0xb
 597 0236 BC000000 		.4byte	.LVL8
 598 023a F2000000 		.4byte	0xf2
 599 023e 0C       		.uleb128 0xc
 600 023f 01       		.uleb128 0x1
 601 0240 51       		.byte	0x51
 602 0241 15       		.uleb128 0x15
 603 0242 74       		.byte	0x74
 604 0243 00       		.sleb128 0
 605 0244 31       		.byte	0x31
 606 0245 24       		.byte	0x24
 607 0246 74       		.byte	0x74
 608 0247 00       		.sleb128 0
 609 0248 22       		.byte	0x22
 610 0249 31       		.byte	0x31
 611 024a 24       		.byte	0x24
 612 024b 03       		.byte	0x3
 613 024c 04000000 		.4byte	.LANCHOR0+4
 614 0250 22       		.byte	0x22
 615 0251 94       		.byte	0x94
 616 0252 02       		.byte	0x2
 617 0253 0A       		.byte	0xa
 618 0254 FFFF     		.2byte	0xffff
 619 0256 1A       		.byte	0x1a
 620 0257 00       		.byte	0
 621 0258 00       		.byte	0
 622 0259 00       		.byte	0
 623 025a 19       		.uleb128 0x19
 624 025b 0A010000 		.4byte	.LVL11
 625 025f 3F010000 		.4byte	0x13f
 626 0263 19       		.uleb128 0x19
 627 0264 0E010000 		.4byte	.LVL12
 628 0268 E1000000 		.4byte	0xe1
 629 026c 00       		.byte	0
 630 026d 1A       		.uleb128 0x1a
 631 026e F3000000 		.4byte	.LASF34
 632 0272 F3000000 		.4byte	.LASF34
ARM GAS  C:\Users\Mahe\AppData\Local\Temp\ccjjcbnd.s 			page 18


 633 0276 1B       		.uleb128 0x1b
 634 0277 15020000 		.4byte	.LASF26
 635 027b 15020000 		.4byte	.LASF26
 636 027f 04       		.byte	0x4
 637 0280 6C       		.byte	0x6c
 638 0281 1B       		.uleb128 0x1b
 639 0282 1E000000 		.4byte	.LASF27
 640 0286 1E000000 		.4byte	.LASF27
 641 028a 04       		.byte	0x4
 642 028b BD       		.byte	0xbd
 643 028c 1B       		.uleb128 0x1b
 644 028d 01010000 		.4byte	.LASF28
 645 0291 01010000 		.4byte	.LASF28
 646 0295 04       		.byte	0x4
 647 0296 C3       		.byte	0xc3
 648 0297 00       		.byte	0
 649              		.section	.debug_abbrev,"",%progbits
 650              	.Ldebug_abbrev0:
 651 0000 01       		.uleb128 0x1
 652 0001 11       		.uleb128 0x11
 653 0002 01       		.byte	0x1
 654 0003 25       		.uleb128 0x25
 655 0004 0E       		.uleb128 0xe
 656 0005 13       		.uleb128 0x13
 657 0006 0B       		.uleb128 0xb
 658 0007 03       		.uleb128 0x3
 659 0008 0E       		.uleb128 0xe
 660 0009 1B       		.uleb128 0x1b
 661 000a 0E       		.uleb128 0xe
 662 000b 55       		.uleb128 0x55
 663 000c 17       		.uleb128 0x17
 664 000d 11       		.uleb128 0x11
 665 000e 01       		.uleb128 0x1
 666 000f 10       		.uleb128 0x10
 667 0010 17       		.uleb128 0x17
 668 0011 00       		.byte	0
 669 0012 00       		.byte	0
 670 0013 02       		.uleb128 0x2
 671 0014 24       		.uleb128 0x24
 672 0015 00       		.byte	0
 673 0016 0B       		.uleb128 0xb
 674 0017 0B       		.uleb128 0xb
 675 0018 3E       		.uleb128 0x3e
 676 0019 0B       		.uleb128 0xb
 677 001a 03       		.uleb128 0x3
 678 001b 08       		.uleb128 0x8
 679 001c 00       		.byte	0
 680 001d 00       		.byte	0
 681 001e 03       		.uleb128 0x3
 682 001f 16       		.uleb128 0x16
 683 0020 00       		.byte	0
 684 0021 03       		.uleb128 0x3
 685 0022 0E       		.uleb128 0xe
 686 0023 3A       		.uleb128 0x3a
 687 0024 0B       		.uleb128 0xb
 688 0025 3B       		.uleb128 0x3b
 689 0026 0B       		.uleb128 0xb
ARM GAS  C:\Users\Mahe\AppData\Local\Temp\ccjjcbnd.s 			page 19


 690 0027 49       		.uleb128 0x49
 691 0028 13       		.uleb128 0x13
 692 0029 00       		.byte	0
 693 002a 00       		.byte	0
 694 002b 04       		.uleb128 0x4
 695 002c 24       		.uleb128 0x24
 696 002d 00       		.byte	0
 697 002e 0B       		.uleb128 0xb
 698 002f 0B       		.uleb128 0xb
 699 0030 3E       		.uleb128 0x3e
 700 0031 0B       		.uleb128 0xb
 701 0032 03       		.uleb128 0x3
 702 0033 0E       		.uleb128 0xe
 703 0034 00       		.byte	0
 704 0035 00       		.byte	0
 705 0036 05       		.uleb128 0x5
 706 0037 0F       		.uleb128 0xf
 707 0038 00       		.byte	0
 708 0039 0B       		.uleb128 0xb
 709 003a 0B       		.uleb128 0xb
 710 003b 00       		.byte	0
 711 003c 00       		.byte	0
 712 003d 06       		.uleb128 0x6
 713 003e 16       		.uleb128 0x16
 714 003f 00       		.byte	0
 715 0040 03       		.uleb128 0x3
 716 0041 0E       		.uleb128 0xe
 717 0042 3A       		.uleb128 0x3a
 718 0043 0B       		.uleb128 0xb
 719 0044 3B       		.uleb128 0x3b
 720 0045 05       		.uleb128 0x5
 721 0046 49       		.uleb128 0x49
 722 0047 13       		.uleb128 0x13
 723 0048 00       		.byte	0
 724 0049 00       		.byte	0
 725 004a 07       		.uleb128 0x7
 726 004b 35       		.uleb128 0x35
 727 004c 00       		.byte	0
 728 004d 49       		.uleb128 0x49
 729 004e 13       		.uleb128 0x13
 730 004f 00       		.byte	0
 731 0050 00       		.byte	0
 732 0051 08       		.uleb128 0x8
 733 0052 2E       		.uleb128 0x2e
 734 0053 00       		.byte	0
 735 0054 03       		.uleb128 0x3
 736 0055 0E       		.uleb128 0xe
 737 0056 3A       		.uleb128 0x3a
 738 0057 0B       		.uleb128 0xb
 739 0058 3B       		.uleb128 0x3b
 740 0059 0B       		.uleb128 0xb
 741 005a 27       		.uleb128 0x27
 742 005b 19       		.uleb128 0x19
 743 005c 11       		.uleb128 0x11
 744 005d 01       		.uleb128 0x1
 745 005e 12       		.uleb128 0x12
 746 005f 06       		.uleb128 0x6
ARM GAS  C:\Users\Mahe\AppData\Local\Temp\ccjjcbnd.s 			page 20


 747 0060 40       		.uleb128 0x40
 748 0061 18       		.uleb128 0x18
 749 0062 9742     		.uleb128 0x2117
 750 0064 19       		.uleb128 0x19
 751 0065 00       		.byte	0
 752 0066 00       		.byte	0
 753 0067 09       		.uleb128 0x9
 754 0068 2E       		.uleb128 0x2e
 755 0069 01       		.byte	0x1
 756 006a 03       		.uleb128 0x3
 757 006b 0E       		.uleb128 0xe
 758 006c 3A       		.uleb128 0x3a
 759 006d 0B       		.uleb128 0xb
 760 006e 3B       		.uleb128 0x3b
 761 006f 0B       		.uleb128 0xb
 762 0070 27       		.uleb128 0x27
 763 0071 19       		.uleb128 0x19
 764 0072 11       		.uleb128 0x11
 765 0073 01       		.uleb128 0x1
 766 0074 12       		.uleb128 0x12
 767 0075 06       		.uleb128 0x6
 768 0076 40       		.uleb128 0x40
 769 0077 18       		.uleb128 0x18
 770 0078 9742     		.uleb128 0x2117
 771 007a 19       		.uleb128 0x19
 772 007b 01       		.uleb128 0x1
 773 007c 13       		.uleb128 0x13
 774 007d 00       		.byte	0
 775 007e 00       		.byte	0
 776 007f 0A       		.uleb128 0xa
 777 0080 05       		.uleb128 0x5
 778 0081 00       		.byte	0
 779 0082 03       		.uleb128 0x3
 780 0083 08       		.uleb128 0x8
 781 0084 3A       		.uleb128 0x3a
 782 0085 0B       		.uleb128 0xb
 783 0086 3B       		.uleb128 0x3b
 784 0087 0B       		.uleb128 0xb
 785 0088 49       		.uleb128 0x49
 786 0089 13       		.uleb128 0x13
 787 008a 02       		.uleb128 0x2
 788 008b 17       		.uleb128 0x17
 789 008c 00       		.byte	0
 790 008d 00       		.byte	0
 791 008e 0B       		.uleb128 0xb
 792 008f 898201   		.uleb128 0x4109
 793 0092 01       		.byte	0x1
 794 0093 11       		.uleb128 0x11
 795 0094 01       		.uleb128 0x1
 796 0095 31       		.uleb128 0x31
 797 0096 13       		.uleb128 0x13
 798 0097 00       		.byte	0
 799 0098 00       		.byte	0
 800 0099 0C       		.uleb128 0xc
 801 009a 8A8201   		.uleb128 0x410a
 802 009d 00       		.byte	0
 803 009e 02       		.uleb128 0x2
ARM GAS  C:\Users\Mahe\AppData\Local\Temp\ccjjcbnd.s 			page 21


 804 009f 18       		.uleb128 0x18
 805 00a0 9142     		.uleb128 0x2111
 806 00a2 18       		.uleb128 0x18
 807 00a3 00       		.byte	0
 808 00a4 00       		.byte	0
 809 00a5 0D       		.uleb128 0xd
 810 00a6 898201   		.uleb128 0x4109
 811 00a9 01       		.byte	0x1
 812 00aa 11       		.uleb128 0x11
 813 00ab 01       		.uleb128 0x1
 814 00ac 31       		.uleb128 0x31
 815 00ad 13       		.uleb128 0x13
 816 00ae 01       		.uleb128 0x1
 817 00af 13       		.uleb128 0x13
 818 00b0 00       		.byte	0
 819 00b1 00       		.byte	0
 820 00b2 0E       		.uleb128 0xe
 821 00b3 2E       		.uleb128 0x2e
 822 00b4 01       		.byte	0x1
 823 00b5 3F       		.uleb128 0x3f
 824 00b6 19       		.uleb128 0x19
 825 00b7 03       		.uleb128 0x3
 826 00b8 0E       		.uleb128 0xe
 827 00b9 3A       		.uleb128 0x3a
 828 00ba 0B       		.uleb128 0xb
 829 00bb 3B       		.uleb128 0x3b
 830 00bc 0B       		.uleb128 0xb
 831 00bd 27       		.uleb128 0x27
 832 00be 19       		.uleb128 0x19
 833 00bf 11       		.uleb128 0x11
 834 00c0 01       		.uleb128 0x1
 835 00c1 12       		.uleb128 0x12
 836 00c2 06       		.uleb128 0x6
 837 00c3 40       		.uleb128 0x40
 838 00c4 18       		.uleb128 0x18
 839 00c5 9742     		.uleb128 0x2117
 840 00c7 19       		.uleb128 0x19
 841 00c8 01       		.uleb128 0x1
 842 00c9 13       		.uleb128 0x13
 843 00ca 00       		.byte	0
 844 00cb 00       		.byte	0
 845 00cc 0F       		.uleb128 0xf
 846 00cd 0B       		.uleb128 0xb
 847 00ce 01       		.byte	0x1
 848 00cf 11       		.uleb128 0x11
 849 00d0 01       		.uleb128 0x1
 850 00d1 12       		.uleb128 0x12
 851 00d2 06       		.uleb128 0x6
 852 00d3 01       		.uleb128 0x1
 853 00d4 13       		.uleb128 0x13
 854 00d5 00       		.byte	0
 855 00d6 00       		.byte	0
 856 00d7 10       		.uleb128 0x10
 857 00d8 13       		.uleb128 0x13
 858 00d9 01       		.byte	0x1
 859 00da 0B       		.uleb128 0xb
 860 00db 0B       		.uleb128 0xb
ARM GAS  C:\Users\Mahe\AppData\Local\Temp\ccjjcbnd.s 			page 22


 861 00dc 3A       		.uleb128 0x3a
 862 00dd 0B       		.uleb128 0xb
 863 00de 3B       		.uleb128 0x3b
 864 00df 05       		.uleb128 0x5
 865 00e0 01       		.uleb128 0x1
 866 00e1 13       		.uleb128 0x13
 867 00e2 00       		.byte	0
 868 00e3 00       		.byte	0
 869 00e4 11       		.uleb128 0x11
 870 00e5 0D       		.uleb128 0xd
 871 00e6 00       		.byte	0
 872 00e7 03       		.uleb128 0x3
 873 00e8 0E       		.uleb128 0xe
 874 00e9 3A       		.uleb128 0x3a
 875 00ea 0B       		.uleb128 0xb
 876 00eb 3B       		.uleb128 0x3b
 877 00ec 05       		.uleb128 0x5
 878 00ed 49       		.uleb128 0x49
 879 00ee 13       		.uleb128 0x13
 880 00ef 38       		.uleb128 0x38
 881 00f0 0B       		.uleb128 0xb
 882 00f1 00       		.byte	0
 883 00f2 00       		.byte	0
 884 00f3 12       		.uleb128 0x12
 885 00f4 01       		.uleb128 0x1
 886 00f5 01       		.byte	0x1
 887 00f6 49       		.uleb128 0x49
 888 00f7 13       		.uleb128 0x13
 889 00f8 01       		.uleb128 0x1
 890 00f9 13       		.uleb128 0x13
 891 00fa 00       		.byte	0
 892 00fb 00       		.byte	0
 893 00fc 13       		.uleb128 0x13
 894 00fd 21       		.uleb128 0x21
 895 00fe 00       		.byte	0
 896 00ff 49       		.uleb128 0x49
 897 0100 13       		.uleb128 0x13
 898 0101 2F       		.uleb128 0x2f
 899 0102 0B       		.uleb128 0xb
 900 0103 00       		.byte	0
 901 0104 00       		.byte	0
 902 0105 14       		.uleb128 0x14
 903 0106 26       		.uleb128 0x26
 904 0107 00       		.byte	0
 905 0108 49       		.uleb128 0x49
 906 0109 13       		.uleb128 0x13
 907 010a 00       		.byte	0
 908 010b 00       		.byte	0
 909 010c 15       		.uleb128 0x15
 910 010d 34       		.uleb128 0x34
 911 010e 00       		.byte	0
 912 010f 03       		.uleb128 0x3
 913 0110 0E       		.uleb128 0xe
 914 0111 3A       		.uleb128 0x3a
 915 0112 0B       		.uleb128 0xb
 916 0113 3B       		.uleb128 0x3b
 917 0114 05       		.uleb128 0x5
ARM GAS  C:\Users\Mahe\AppData\Local\Temp\ccjjcbnd.s 			page 23


 918 0115 49       		.uleb128 0x49
 919 0116 13       		.uleb128 0x13
 920 0117 02       		.uleb128 0x2
 921 0118 18       		.uleb128 0x18
 922 0119 00       		.byte	0
 923 011a 00       		.byte	0
 924 011b 16       		.uleb128 0x16
 925 011c 34       		.uleb128 0x34
 926 011d 00       		.byte	0
 927 011e 03       		.uleb128 0x3
 928 011f 08       		.uleb128 0x8
 929 0120 3A       		.uleb128 0x3a
 930 0121 0B       		.uleb128 0xb
 931 0122 3B       		.uleb128 0x3b
 932 0123 05       		.uleb128 0x5
 933 0124 49       		.uleb128 0x49
 934 0125 13       		.uleb128 0x13
 935 0126 02       		.uleb128 0x2
 936 0127 17       		.uleb128 0x17
 937 0128 00       		.byte	0
 938 0129 00       		.byte	0
 939 012a 17       		.uleb128 0x17
 940 012b 0B       		.uleb128 0xb
 941 012c 01       		.byte	0x1
 942 012d 11       		.uleb128 0x11
 943 012e 01       		.uleb128 0x1
 944 012f 12       		.uleb128 0x12
 945 0130 06       		.uleb128 0x6
 946 0131 00       		.byte	0
 947 0132 00       		.byte	0
 948 0133 18       		.uleb128 0x18
 949 0134 0F       		.uleb128 0xf
 950 0135 00       		.byte	0
 951 0136 0B       		.uleb128 0xb
 952 0137 0B       		.uleb128 0xb
 953 0138 49       		.uleb128 0x49
 954 0139 13       		.uleb128 0x13
 955 013a 00       		.byte	0
 956 013b 00       		.byte	0
 957 013c 19       		.uleb128 0x19
 958 013d 898201   		.uleb128 0x4109
 959 0140 00       		.byte	0
 960 0141 11       		.uleb128 0x11
 961 0142 01       		.uleb128 0x1
 962 0143 31       		.uleb128 0x31
 963 0144 13       		.uleb128 0x13
 964 0145 00       		.byte	0
 965 0146 00       		.byte	0
 966 0147 1A       		.uleb128 0x1a
 967 0148 2E       		.uleb128 0x2e
 968 0149 00       		.byte	0
 969 014a 3F       		.uleb128 0x3f
 970 014b 19       		.uleb128 0x19
 971 014c 3C       		.uleb128 0x3c
 972 014d 19       		.uleb128 0x19
 973 014e 6E       		.uleb128 0x6e
 974 014f 0E       		.uleb128 0xe
ARM GAS  C:\Users\Mahe\AppData\Local\Temp\ccjjcbnd.s 			page 24


 975 0150 03       		.uleb128 0x3
 976 0151 0E       		.uleb128 0xe
 977 0152 00       		.byte	0
 978 0153 00       		.byte	0
 979 0154 1B       		.uleb128 0x1b
 980 0155 2E       		.uleb128 0x2e
 981 0156 00       		.byte	0
 982 0157 3F       		.uleb128 0x3f
 983 0158 19       		.uleb128 0x19
 984 0159 3C       		.uleb128 0x3c
 985 015a 19       		.uleb128 0x19
 986 015b 6E       		.uleb128 0x6e
 987 015c 0E       		.uleb128 0xe
 988 015d 03       		.uleb128 0x3
 989 015e 0E       		.uleb128 0xe
 990 015f 3A       		.uleb128 0x3a
 991 0160 0B       		.uleb128 0xb
 992 0161 3B       		.uleb128 0x3b
 993 0162 0B       		.uleb128 0xb
 994 0163 00       		.byte	0
 995 0164 00       		.byte	0
 996 0165 00       		.byte	0
 997              		.section	.debug_loc,"",%progbits
 998              	.Ldebug_loc0:
 999              	.LLST0:
 1000 0000 00000000 		.4byte	.LVL0
 1001 0004 09000000 		.4byte	.LVL2-1
 1002 0008 0100     		.2byte	0x1
 1003 000a 50       		.byte	0x50
 1004 000b 09000000 		.4byte	.LVL2-1
 1005 000f 0C000000 		.4byte	.LFE1
 1006 0013 0400     		.2byte	0x4
 1007 0015 F3       		.byte	0xf3
 1008 0016 01       		.uleb128 0x1
 1009 0017 50       		.byte	0x50
 1010 0018 9F       		.byte	0x9f
 1011 0019 00000000 		.4byte	0
 1012 001d 00000000 		.4byte	0
 1013              	.LLST1:
 1014 0021 00000000 		.4byte	.LVL0
 1015 0025 06000000 		.4byte	.LVL1
 1016 0029 0100     		.2byte	0x1
 1017 002b 51       		.byte	0x51
 1018 002c 06000000 		.4byte	.LVL1
 1019 0030 09000000 		.4byte	.LVL2-1
 1020 0034 0100     		.2byte	0x1
 1021 0036 52       		.byte	0x52
 1022 0037 09000000 		.4byte	.LVL2-1
 1023 003b 0C000000 		.4byte	.LFE1
 1024 003f 0400     		.2byte	0x4
 1025 0041 F3       		.byte	0xf3
 1026 0042 01       		.uleb128 0x1
 1027 0043 51       		.byte	0x51
 1028 0044 9F       		.byte	0x9f
 1029 0045 00000000 		.4byte	0
 1030 0049 00000000 		.4byte	0
 1031              	.LLST2:
ARM GAS  C:\Users\Mahe\AppData\Local\Temp\ccjjcbnd.s 			page 25


 1032 004d 9C000000 		.4byte	.LVL6
 1033 0051 A0000000 		.4byte	.LVL7
 1034 0055 0200     		.2byte	0x2
 1035 0057 30       		.byte	0x30
 1036 0058 9F       		.byte	0x9f
 1037 0059 A0000000 		.4byte	.LVL7
 1038 005d BE000000 		.4byte	.LVL9
 1039 0061 0100     		.2byte	0x1
 1040 0063 54       		.byte	0x54
 1041 0064 C0000000 		.4byte	.LVL10
 1042 0068 0E010000 		.4byte	.LVL13
 1043 006c 0100     		.2byte	0x1
 1044 006e 54       		.byte	0x54
 1045 006f 00000000 		.4byte	0
 1046 0073 00000000 		.4byte	0
 1047              	.LLST3:
 1048 0077 A0000000 		.4byte	.LVL7
 1049 007b BE000000 		.4byte	.LVL9
 1050 007f 0B00     		.2byte	0xb
 1051 0081 74       		.byte	0x74
 1052 0082 00       		.sleb128 0
 1053 0083 36       		.byte	0x36
 1054 0084 1E       		.byte	0x1e
 1055 0085 03       		.byte	0x3
 1056 0086 00000000 		.4byte	cfg_memset_list.4888
 1057 008a 22       		.byte	0x22
 1058 008b 9F       		.byte	0x9f
 1059 008c BE000000 		.4byte	.LVL9
 1060 0090 C0000000 		.4byte	.LVL10
 1061 0094 0B00     		.2byte	0xb
 1062 0096 74       		.byte	0x74
 1063 0097 7F       		.sleb128 -1
 1064 0098 36       		.byte	0x36
 1065 0099 1E       		.byte	0x1e
 1066 009a 03       		.byte	0x3
 1067 009b 00000000 		.4byte	cfg_memset_list.4888
 1068 009f 22       		.byte	0x22
 1069 00a0 9F       		.byte	0x9f
 1070 00a1 00000000 		.4byte	0
 1071 00a5 00000000 		.4byte	0
 1072              		.section	.debug_aranges,"",%progbits
 1073 0000 34000000 		.4byte	0x34
 1074 0004 0200     		.2byte	0x2
 1075 0006 00000000 		.4byte	.Ldebug_info0
 1076 000a 04       		.byte	0x4
 1077 000b 00       		.byte	0
 1078 000c 0000     		.2byte	0
 1079 000e 0000     		.2byte	0
 1080 0010 00000000 		.4byte	.LFB5
 1081 0014 20000000 		.4byte	.LFE5-.LFB5
 1082 0018 00000000 		.4byte	.LFB1
 1083 001c 0C000000 		.4byte	.LFE1-.LFB1
 1084 0020 00000000 		.4byte	.LFB4
 1085 0024 98000000 		.4byte	.LFE4-.LFB4
 1086 0028 98000000 		.4byte	.LFB6
 1087 002c A4000000 		.4byte	.LFE6-.LFB6
 1088 0030 00000000 		.4byte	0
ARM GAS  C:\Users\Mahe\AppData\Local\Temp\ccjjcbnd.s 			page 26


 1089 0034 00000000 		.4byte	0
 1090              		.section	.debug_ranges,"",%progbits
 1091              	.Ldebug_ranges0:
 1092 0000 00000000 		.4byte	.LFB5
 1093 0004 20000000 		.4byte	.LFE5
 1094 0008 00000000 		.4byte	.LFB1
 1095 000c 0C000000 		.4byte	.LFE1
 1096 0010 00000000 		.4byte	.LFB4
 1097 0014 98000000 		.4byte	.LFE4
 1098 0018 98000000 		.4byte	.LFB6
 1099 001c 3C010000 		.4byte	.LFE6
 1100 0020 00000000 		.4byte	0
 1101 0024 00000000 		.4byte	0
 1102              		.section	.debug_line,"",%progbits
 1103              	.Ldebug_line0:
 1104 0000 47010000 		.section	.debug_str,"MS",%progbits,1
 1104      0200D600 
 1104      00000201 
 1104      FB0E0D00 
 1104      01010101 
 1105              	.LASF19:
 1106 0000 72656733 		.ascii	"reg32\000"
 1106      3200
 1107              	.LASF12:
 1108 0006 73697A65 		.ascii	"size_t\000"
 1108      5F7400
 1109              	.LASF32:
 1110 000d 416E616C 		.ascii	"AnalogSetDefault\000"
 1110      6F675365 
 1110      74446566 
 1110      61756C74 
 1110      00
 1111              	.LASF27:
 1112 001e 4379496E 		.ascii	"CyIntSetVector\000"
 1112      74536574 
 1112      56656374 
 1112      6F7200
 1113              	.LASF25:
 1114 002d 6366675F 		.ascii	"cfg_memset_list\000"
 1114      6D656D73 
 1114      65745F6C 
 1114      69737400 
 1115              	.LASF21:
 1116 003d 436C6F63 		.ascii	"ClockSetup\000"
 1116      6B536574 
 1116      757000
 1117              	.LASF6:
 1118 0048 73686F72 		.ascii	"short unsigned int\000"
 1118      7420756E 
 1118      7369676E 
 1118      65642069 
 1118      6E7400
 1119              	.LASF16:
 1120 005b 666C6F61 		.ascii	"float\000"
 1120      7400
 1121              	.LASF23:
 1122 0061 73697A65 		.ascii	"size\000"
ARM GAS  C:\Users\Mahe\AppData\Local\Temp\ccjjcbnd.s 			page 27


 1122      00
 1123              	.LASF31:
 1124 0066 433A5C55 		.ascii	"C:\\Users\\Mahe\\Documents\\PSoC Creator\\Workspace"
 1124      73657273 
 1124      5C4D6168 
 1124      655C446F 
 1124      63756D65 
 1125 0094 30315C41 		.ascii	"01\\Aug_16th_AESD\\Interrupt_Priority.cydsn\000"
 1125      75675F31 
 1125      3674685F 
 1125      41455344 
 1125      5C496E74 
 1126              	.LASF18:
 1127 00be 72656738 		.ascii	"reg8\000"
 1127      00
 1128              	.LASF8:
 1129 00c3 6C6F6E67 		.ascii	"long unsigned int\000"
 1129      20756E73 
 1129      69676E65 
 1129      6420696E 
 1129      7400
 1130              	.LASF13:
 1131 00d5 75696E74 		.ascii	"uint8\000"
 1131      3800
 1132              	.LASF20:
 1133 00db 43594D45 		.ascii	"CYMEMZERO\000"
 1133      4D5A4552 
 1133      4F00
 1134              	.LASF4:
 1135 00e5 756E7369 		.ascii	"unsigned char\000"
 1135      676E6564 
 1135      20636861 
 1135      7200
 1136              	.LASF34:
 1137 00f3 6D656D73 		.ascii	"memset\000"
 1137      657400
 1138              	.LASF17:
 1139 00fa 646F7562 		.ascii	"double\000"
 1139      6C6500
 1140              	.LASF28:
 1141 0101 4379496E 		.ascii	"CyIntEnable\000"
 1141      74456E61 
 1141      626C6500 
 1142              	.LASF14:
 1143 010d 75696E74 		.ascii	"uint16\000"
 1143      313600
 1144              	.LASF15:
 1145 0114 75696E74 		.ascii	"uint32\000"
 1145      333200
 1146              	.LASF0:
 1147 011b 756E7369 		.ascii	"unsigned int\000"
 1147      676E6564 
 1147      20696E74 
 1147      00
 1148              	.LASF33:
 1149 0128 63796669 		.ascii	"cyfitter_cfg\000"
 1149      74746572 
ARM GAS  C:\Users\Mahe\AppData\Local\Temp\ccjjcbnd.s 			page 28


 1149      5F636667 
 1149      00
 1150              	.LASF22:
 1151 0135 61646472 		.ascii	"address\000"
 1151      65737300 
 1152              	.LASF9:
 1153 013d 6C6F6E67 		.ascii	"long long unsigned int\000"
 1153      206C6F6E 
 1153      6720756E 
 1153      7369676E 
 1153      65642069 
 1154              	.LASF29:
 1155 0154 474E5520 		.ascii	"GNU C11 5.4.1 20160609 (release) [ARM/embedded-5-br"
 1155      43313120 
 1155      352E342E 
 1155      31203230 
 1155      31363036 
 1156 0187 616E6368 		.ascii	"anch revision 237715] -mcpu=cortex-m0 -mthumb -g -O"
 1156      20726576 
 1156      6973696F 
 1156      6E203233 
 1156      37373135 
 1157 01ba 67202D66 		.ascii	"g -ffunction-sections -ffat-lto-objects\000"
 1157      66756E63 
 1157      74696F6E 
 1157      2D736563 
 1157      74696F6E 
 1158              	.LASF24:
 1159 01e2 6366675F 		.ascii	"cfg_memset_t\000"
 1159      6D656D73 
 1159      65745F74 
 1159      00
 1160              	.LASF10:
 1161 01ef 73697A65 		.ascii	"sizetype\000"
 1161      74797065 
 1161      00
 1162              	.LASF1:
 1163 01f8 6C6F6E67 		.ascii	"long long int\000"
 1163      206C6F6E 
 1163      6720696E 
 1163      7400
 1164              	.LASF11:
 1165 0206 63686172 		.ascii	"char\000"
 1165      00
 1166              	.LASF5:
 1167 020b 73686F72 		.ascii	"short int\000"
 1167      7420696E 
 1167      7400
 1168              	.LASF26:
 1169 0215 43795379 		.ascii	"CySysClkWriteImoFreq\000"
 1169      73436C6B 
 1169      57726974 
 1169      65496D6F 
 1169      46726571 
 1170              	.LASF7:
 1171 022a 6C6F6E67 		.ascii	"long int\000"
 1171      20696E74 
ARM GAS  C:\Users\Mahe\AppData\Local\Temp\ccjjcbnd.s 			page 29


 1171      00
 1172              	.LASF2:
 1173 0233 6C6F6E67 		.ascii	"long double\000"
 1173      20646F75 
 1173      626C6500 
 1174              	.LASF3:
 1175 023f 7369676E 		.ascii	"signed char\000"
 1175      65642063 
 1175      68617200 
 1176              	.LASF30:
 1177 024b 47656E65 		.ascii	"Generated_Source\\PSoC4\\cyfitter_cfg.c\000"
 1177      72617465 
 1177      645F536F 
 1177      75726365 
 1177      5C50536F 
 1178              		.ident	"GCC: (GNU Tools for ARM Embedded Processors) 5.4.1 20160609 (release) [ARM/embedded-5-bran
