ARM GAS  C:\Users\Mahe\AppData\Local\Temp\cct4QpO1.s 			page 1


   1              		.syntax unified
   2              		.cpu cortex-m0
   3              		.fpu softvfp
   4              		.eabi_attribute 20, 1
   5              		.eabi_attribute 21, 1
   6              		.eabi_attribute 23, 3
   7              		.eabi_attribute 24, 1
   8              		.eabi_attribute 25, 1
   9              		.eabi_attribute 26, 1
  10              		.eabi_attribute 30, 1
  11              		.eabi_attribute 34, 0
  12              		.eabi_attribute 18, 4
  13              		.thumb
  14              		.syntax unified
  15              		.file	"main.c"
  16              		.text
  17              	.Ltext0:
  18              		.cfi_sections	.debug_frame
  19              		.section	.text.Timer_1_ISR,"ax",%progbits
  20              		.align	2
  21              		.global	Timer_1_ISR
  22              		.code	16
  23              		.thumb_func
  24              		.type	Timer_1_ISR, %function
  25              	Timer_1_ISR:
  26              	.LFB35:
  27              		.file 1 "main.c"
   1:main.c        **** /* ========================================
   2:main.c        ****  *
   3:main.c        ****  * Copyright YOUR COMPANY, THE YEAR
   4:main.c        ****  * All Rights Reserved
   5:main.c        ****  * UNPUBLISHED, LICENSED SOFTWARE.
   6:main.c        ****  *
   7:main.c        ****  * CONFIDENTIAL AND PROPRIETARY INFORMATION
   8:main.c        ****  * WHICH IS THE PROPERTY OF your company.
   9:main.c        ****  *
  10:main.c        ****  * ========================================
  11:main.c        **** */
  12:main.c        **** #include "project.h"
  13:main.c        **** 
  14:main.c        **** int main(void)
  15:main.c        **** {
  16:main.c        ****     CyGlobalIntEnable; /* Enable global interrupts. */
  17:main.c        ****     Timer_1_Start();
  18:main.c        ****     Timer_2_Start();
  19:main.c        ****     
  20:main.c        ****     CY_ISR_PROTO(Timer_1_ISR);
  21:main.c        ****     CY_ISR_PROTO(Timer_2_ISR);
  22:main.c        ****     
  23:main.c        ****     isr_1_StartEx(Timer_1_ISR);
  24:main.c        ****     isr_2_StartEx(Timer_2_ISR);
  25:main.c        ****     /* Place your initialization/startup code here (e.g. MyInst_Start()) */
  26:main.c        **** 
  27:main.c        ****     for(;;)
  28:main.c        ****     {
  29:main.c        ****         /* Place your application code here. */
  30:main.c        ****     }
ARM GAS  C:\Users\Mahe\AppData\Local\Temp\cct4QpO1.s 			page 2


  31:main.c        **** }
  32:main.c        **** 
  33:main.c        **** CY_ISR(Timer_1_ISR)
  34:main.c        **** {
  28              		.loc 1 34 0
  29              		.cfi_startproc
  30              		@ args = 0, pretend = 0, frame = 0
  31              		@ frame_needed = 0, uses_anonymous_args = 0
  32 0000 10B5     		push	{r4, lr}
  33              		.cfi_def_cfa_offset 8
  34              		.cfi_offset 4, -8
  35              		.cfi_offset 14, -4
  35:main.c        ****     Timer_1_ClearInterrupt(Timer_1_TC_INTERRUPT_MASK);
  36              		.loc 1 35 0
  37 0002 0120     		movs	r0, #1
  38 0004 FFF7FEFF 		bl	Timer_1_ClearInterrupt
  39              	.LVL0:
  36:main.c        ****     RED_LED_Write(0);
  40              		.loc 1 36 0
  41 0008 0020     		movs	r0, #0
  42 000a FFF7FEFF 		bl	RED_LED_Write
  43              	.LVL1:
  37:main.c        ****     CyDelay(500);
  44              		.loc 1 37 0
  45 000e FA20     		movs	r0, #250
  46 0010 4000     		lsls	r0, r0, #1
  47 0012 FFF7FEFF 		bl	CyDelay
  48              	.LVL2:
  38:main.c        ****     RED_LED_Write(1);
  49              		.loc 1 38 0
  50 0016 0120     		movs	r0, #1
  51 0018 FFF7FEFF 		bl	RED_LED_Write
  52              	.LVL3:
  39:main.c        **** }
  53              		.loc 1 39 0
  54              		@ sp needed
  55 001c 10BD     		pop	{r4, pc}
  56              		.cfi_endproc
  57              	.LFE35:
  58              		.size	Timer_1_ISR, .-Timer_1_ISR
  59 001e C046     		.section	.text.Timer_2_ISR,"ax",%progbits
  60              		.align	2
  61              		.global	Timer_2_ISR
  62              		.code	16
  63              		.thumb_func
  64              		.type	Timer_2_ISR, %function
  65              	Timer_2_ISR:
  66              	.LFB36:
  40:main.c        **** 
  41:main.c        **** CY_ISR(Timer_2_ISR)
  42:main.c        **** {
  67              		.loc 1 42 0
  68              		.cfi_startproc
  69              		@ args = 0, pretend = 0, frame = 0
  70              		@ frame_needed = 0, uses_anonymous_args = 0
  71 0000 10B5     		push	{r4, lr}
  72              		.cfi_def_cfa_offset 8
ARM GAS  C:\Users\Mahe\AppData\Local\Temp\cct4QpO1.s 			page 3


  73              		.cfi_offset 4, -8
  74              		.cfi_offset 14, -4
  43:main.c        ****     Timer_2_ClearInterrupt(Timer_2_TC_INTERRUPT_MASK);
  75              		.loc 1 43 0
  76 0002 0120     		movs	r0, #1
  77 0004 FFF7FEFF 		bl	Timer_2_ClearInterrupt
  78              	.LVL4:
  44:main.c        ****     GREEN_LED_Write(0);
  79              		.loc 1 44 0
  80 0008 0020     		movs	r0, #0
  81 000a FFF7FEFF 		bl	GREEN_LED_Write
  82              	.LVL5:
  45:main.c        ****     CyDelay(500);
  83              		.loc 1 45 0
  84 000e FA20     		movs	r0, #250
  85 0010 4000     		lsls	r0, r0, #1
  86 0012 FFF7FEFF 		bl	CyDelay
  87              	.LVL6:
  46:main.c        ****     GREEN_LED_Write(1);
  88              		.loc 1 46 0
  89 0016 0120     		movs	r0, #1
  90 0018 FFF7FEFF 		bl	GREEN_LED_Write
  91              	.LVL7:
  47:main.c        **** }
  92              		.loc 1 47 0
  93              		@ sp needed
  94 001c 10BD     		pop	{r4, pc}
  95              		.cfi_endproc
  96              	.LFE36:
  97              		.size	Timer_2_ISR, .-Timer_2_ISR
  98 001e C046     		.section	.text.main,"ax",%progbits
  99              		.align	2
 100              		.global	main
 101              		.code	16
 102              		.thumb_func
 103              		.type	main, %function
 104              	main:
 105              	.LFB34:
  15:main.c        ****     CyGlobalIntEnable; /* Enable global interrupts. */
 106              		.loc 1 15 0
 107              		.cfi_startproc
 108              		@ Volatile: function does not return.
 109              		@ args = 0, pretend = 0, frame = 0
 110              		@ frame_needed = 0, uses_anonymous_args = 0
 111 0000 10B5     		push	{r4, lr}
 112              		.cfi_def_cfa_offset 8
 113              		.cfi_offset 4, -8
 114              		.cfi_offset 14, -4
  16:main.c        ****     Timer_1_Start();
 115              		.loc 1 16 0
 116              		.syntax divided
 117              	@ 16 "main.c" 1
 118 0002 62B6     		CPSIE   i
 119              	@ 0 "" 2
  17:main.c        ****     Timer_2_Start();
 120              		.loc 1 17 0
 121              		.thumb
ARM GAS  C:\Users\Mahe\AppData\Local\Temp\cct4QpO1.s 			page 4


 122              		.syntax unified
 123 0004 FFF7FEFF 		bl	Timer_1_Start
 124              	.LVL8:
  18:main.c        ****     
 125              		.loc 1 18 0
 126 0008 FFF7FEFF 		bl	Timer_2_Start
 127              	.LVL9:
  23:main.c        ****     isr_2_StartEx(Timer_2_ISR);
 128              		.loc 1 23 0
 129 000c 0348     		ldr	r0, .L5
 130 000e FFF7FEFF 		bl	isr_1_StartEx
 131              	.LVL10:
  24:main.c        ****     /* Place your initialization/startup code here (e.g. MyInst_Start()) */
 132              		.loc 1 24 0
 133 0012 0348     		ldr	r0, .L5+4
 134 0014 FFF7FEFF 		bl	isr_2_StartEx
 135              	.LVL11:
 136              	.L4:
 137 0018 FEE7     		b	.L4
 138              	.L6:
 139 001a C046     		.align	2
 140              	.L5:
 141 001c 00000000 		.word	Timer_1_ISR
 142 0020 00000000 		.word	Timer_2_ISR
 143              		.cfi_endproc
 144              	.LFE34:
 145              		.size	main, .-main
 146              		.text
 147              	.Letext0:
 148              		.file 2 "Generated_Source\\PSoC4/Timer_1.h"
 149              		.file 3 "Generated_Source\\PSoC4/RED_LED.h"
 150              		.file 4 "Generated_Source\\PSoC4/CyLib.h"
 151              		.file 5 "Generated_Source\\PSoC4/Timer_2.h"
 152              		.file 6 "Generated_Source\\PSoC4/GREEN_LED.h"
 153              		.file 7 "Generated_Source\\PSoC4/isr_1.h"
 154              		.file 8 "Generated_Source\\PSoC4/isr_2.h"
 155              		.section	.debug_info,"",%progbits
 156              	.Ldebug_info0:
 157 0000 16020000 		.4byte	0x216
 158 0004 0400     		.2byte	0x4
 159 0006 00000000 		.4byte	.Ldebug_abbrev0
 160 000a 04       		.byte	0x4
 161 000b 01       		.uleb128 0x1
 162 000c 3A010000 		.4byte	.LASF25
 163 0010 0C       		.byte	0xc
 164 0011 8F000000 		.4byte	.LASF26
 165 0015 0E000000 		.4byte	.LASF27
 166 0019 00000000 		.4byte	.Ldebug_ranges0+0
 167 001d 00000000 		.4byte	0
 168 0021 00000000 		.4byte	.Ldebug_line0
 169 0025 02       		.uleb128 0x2
 170 0026 01       		.byte	0x1
 171 0027 06       		.byte	0x6
 172 0028 DB010000 		.4byte	.LASF0
 173 002c 02       		.uleb128 0x2
 174 002d 01       		.byte	0x1
 175 002e 08       		.byte	0x8
ARM GAS  C:\Users\Mahe\AppData\Local\Temp\cct4QpO1.s 			page 5


 176 002f FD000000 		.4byte	.LASF1
 177 0033 02       		.uleb128 0x2
 178 0034 02       		.byte	0x2
 179 0035 05       		.byte	0x5
 180 0036 19010000 		.4byte	.LASF2
 181 003a 02       		.uleb128 0x2
 182 003b 02       		.byte	0x2
 183 003c 07       		.byte	0x7
 184 003d C8010000 		.4byte	.LASF3
 185 0041 02       		.uleb128 0x2
 186 0042 04       		.byte	0x4
 187 0043 05       		.byte	0x5
 188 0044 10010000 		.4byte	.LASF4
 189 0048 02       		.uleb128 0x2
 190 0049 04       		.byte	0x4
 191 004a 07       		.byte	0x7
 192 004b AF000000 		.4byte	.LASF5
 193 004f 02       		.uleb128 0x2
 194 0050 08       		.byte	0x8
 195 0051 05       		.byte	0x5
 196 0052 00000000 		.4byte	.LASF6
 197 0056 02       		.uleb128 0x2
 198 0057 08       		.byte	0x8
 199 0058 07       		.byte	0x7
 200 0059 C1000000 		.4byte	.LASF7
 201 005d 03       		.uleb128 0x3
 202 005e 04       		.byte	0x4
 203 005f 05       		.byte	0x5
 204 0060 696E7400 		.ascii	"int\000"
 205 0064 02       		.uleb128 0x2
 206 0065 04       		.byte	0x4
 207 0066 07       		.byte	0x7
 208 0067 66000000 		.4byte	.LASF8
 209 006b 02       		.uleb128 0x2
 210 006c 04       		.byte	0x4
 211 006d 04       		.byte	0x4
 212 006e 0D020000 		.4byte	.LASF9
 213 0072 02       		.uleb128 0x2
 214 0073 08       		.byte	0x8
 215 0074 04       		.byte	0x4
 216 0075 33010000 		.4byte	.LASF10
 217 0079 02       		.uleb128 0x2
 218 007a 01       		.byte	0x1
 219 007b 08       		.byte	0x8
 220 007c 0B010000 		.4byte	.LASF11
 221 0080 02       		.uleb128 0x2
 222 0081 08       		.byte	0x8
 223 0082 04       		.byte	0x4
 224 0083 01020000 		.4byte	.LASF12
 225 0087 02       		.uleb128 0x2
 226 0088 04       		.byte	0x4
 227 0089 07       		.byte	0x7
 228 008a 38020000 		.4byte	.LASF13
 229 008e 04       		.uleb128 0x4
 230 008f 9B000000 		.4byte	.LASF14
 231 0093 01       		.byte	0x1
 232 0094 21       		.byte	0x21
ARM GAS  C:\Users\Mahe\AppData\Local\Temp\cct4QpO1.s 			page 6


 233 0095 00000000 		.4byte	.LFB35
 234 0099 1E000000 		.4byte	.LFE35-.LFB35
 235 009d 01       		.uleb128 0x1
 236 009e 9C       		.byte	0x9c
 237 009f EE000000 		.4byte	0xee
 238 00a3 05       		.uleb128 0x5
 239 00a4 08000000 		.4byte	.LVL0
 240 00a8 B2010000 		.4byte	0x1b2
 241 00ac B6000000 		.4byte	0xb6
 242 00b0 06       		.uleb128 0x6
 243 00b1 01       		.uleb128 0x1
 244 00b2 50       		.byte	0x50
 245 00b3 01       		.uleb128 0x1
 246 00b4 31       		.byte	0x31
 247 00b5 00       		.byte	0
 248 00b6 05       		.uleb128 0x5
 249 00b7 0E000000 		.4byte	.LVL1
 250 00bb BE010000 		.4byte	0x1be
 251 00bf C9000000 		.4byte	0xc9
 252 00c3 06       		.uleb128 0x6
 253 00c4 01       		.uleb128 0x1
 254 00c5 50       		.byte	0x50
 255 00c6 01       		.uleb128 0x1
 256 00c7 30       		.byte	0x30
 257 00c8 00       		.byte	0
 258 00c9 05       		.uleb128 0x5
 259 00ca 16000000 		.4byte	.LVL2
 260 00ce C9010000 		.4byte	0x1c9
 261 00d2 DE000000 		.4byte	0xde
 262 00d6 06       		.uleb128 0x6
 263 00d7 01       		.uleb128 0x1
 264 00d8 50       		.byte	0x50
 265 00d9 03       		.uleb128 0x3
 266 00da 0A       		.byte	0xa
 267 00db F401     		.2byte	0x1f4
 268 00dd 00       		.byte	0
 269 00de 07       		.uleb128 0x7
 270 00df 1C000000 		.4byte	.LVL3
 271 00e3 BE010000 		.4byte	0x1be
 272 00e7 06       		.uleb128 0x6
 273 00e8 01       		.uleb128 0x1
 274 00e9 50       		.byte	0x50
 275 00ea 01       		.uleb128 0x1
 276 00eb 31       		.byte	0x31
 277 00ec 00       		.byte	0
 278 00ed 00       		.byte	0
 279 00ee 04       		.uleb128 0x4
 280 00ef F5010000 		.4byte	.LASF15
 281 00f3 01       		.byte	0x1
 282 00f4 29       		.byte	0x29
 283 00f5 00000000 		.4byte	.LFB36
 284 00f9 1E000000 		.4byte	.LFE36-.LFB36
 285 00fd 01       		.uleb128 0x1
 286 00fe 9C       		.byte	0x9c
 287 00ff 4E010000 		.4byte	0x14e
 288 0103 05       		.uleb128 0x5
 289 0104 08000000 		.4byte	.LVL4
ARM GAS  C:\Users\Mahe\AppData\Local\Temp\cct4QpO1.s 			page 7


 290 0108 D4010000 		.4byte	0x1d4
 291 010c 16010000 		.4byte	0x116
 292 0110 06       		.uleb128 0x6
 293 0111 01       		.uleb128 0x1
 294 0112 50       		.byte	0x50
 295 0113 01       		.uleb128 0x1
 296 0114 31       		.byte	0x31
 297 0115 00       		.byte	0
 298 0116 05       		.uleb128 0x5
 299 0117 0E000000 		.4byte	.LVL5
 300 011b E0010000 		.4byte	0x1e0
 301 011f 29010000 		.4byte	0x129
 302 0123 06       		.uleb128 0x6
 303 0124 01       		.uleb128 0x1
 304 0125 50       		.byte	0x50
 305 0126 01       		.uleb128 0x1
 306 0127 30       		.byte	0x30
 307 0128 00       		.byte	0
 308 0129 05       		.uleb128 0x5
 309 012a 16000000 		.4byte	.LVL6
 310 012e C9010000 		.4byte	0x1c9
 311 0132 3E010000 		.4byte	0x13e
 312 0136 06       		.uleb128 0x6
 313 0137 01       		.uleb128 0x1
 314 0138 50       		.byte	0x50
 315 0139 03       		.uleb128 0x3
 316 013a 0A       		.byte	0xa
 317 013b F401     		.2byte	0x1f4
 318 013d 00       		.byte	0
 319 013e 07       		.uleb128 0x7
 320 013f 1C000000 		.4byte	.LVL7
 321 0143 E0010000 		.4byte	0x1e0
 322 0147 06       		.uleb128 0x6
 323 0148 01       		.uleb128 0x1
 324 0149 50       		.byte	0x50
 325 014a 01       		.uleb128 0x1
 326 014b 31       		.byte	0x31
 327 014c 00       		.byte	0
 328 014d 00       		.byte	0
 329 014e 08       		.uleb128 0x8
 330 014f 96000000 		.4byte	.LASF28
 331 0153 01       		.byte	0x1
 332 0154 0E       		.byte	0xe
 333 0155 5D000000 		.4byte	0x5d
 334 0159 00000000 		.4byte	.LFB34
 335 015d 24000000 		.4byte	.LFE34-.LFB34
 336 0161 01       		.uleb128 0x1
 337 0162 9C       		.byte	0x9c
 338 0163 B2010000 		.4byte	0x1b2
 339 0167 09       		.uleb128 0x9
 340 0168 9B000000 		.4byte	.LASF14
 341 016c 01       		.byte	0x1
 342 016d 14       		.byte	0x14
 343 016e 09       		.uleb128 0x9
 344 016f F5010000 		.4byte	.LASF15
 345 0173 01       		.byte	0x1
 346 0174 15       		.byte	0x15
ARM GAS  C:\Users\Mahe\AppData\Local\Temp\cct4QpO1.s 			page 8


 347 0175 0A       		.uleb128 0xa
 348 0176 08000000 		.4byte	.LVL8
 349 017a EB010000 		.4byte	0x1eb
 350 017e 0A       		.uleb128 0xa
 351 017f 0C000000 		.4byte	.LVL9
 352 0183 F7010000 		.4byte	0x1f7
 353 0187 05       		.uleb128 0x5
 354 0188 12000000 		.4byte	.LVL10
 355 018c 03020000 		.4byte	0x203
 356 0190 9E010000 		.4byte	0x19e
 357 0194 06       		.uleb128 0x6
 358 0195 01       		.uleb128 0x1
 359 0196 50       		.byte	0x50
 360 0197 05       		.uleb128 0x5
 361 0198 03       		.byte	0x3
 362 0199 00000000 		.4byte	Timer_1_ISR
 363 019d 00       		.byte	0
 364 019e 07       		.uleb128 0x7
 365 019f 18000000 		.4byte	.LVL11
 366 01a3 0E020000 		.4byte	0x20e
 367 01a7 06       		.uleb128 0x6
 368 01a8 01       		.uleb128 0x1
 369 01a9 50       		.byte	0x50
 370 01aa 05       		.uleb128 0x5
 371 01ab 03       		.byte	0x3
 372 01ac 00000000 		.4byte	Timer_2_ISR
 373 01b0 00       		.byte	0
 374 01b1 00       		.byte	0
 375 01b2 0B       		.uleb128 0xb
 376 01b3 13020000 		.4byte	.LASF16
 377 01b7 13020000 		.4byte	.LASF16
 378 01bb 02       		.byte	0x2
 379 01bc 4701     		.2byte	0x147
 380 01be 0C       		.uleb128 0xc
 381 01bf 73000000 		.4byte	.LASF17
 382 01c3 73000000 		.4byte	.LASF17
 383 01c7 03       		.byte	0x3
 384 01c8 33       		.byte	0x33
 385 01c9 0C       		.uleb128 0xc
 386 01ca A7000000 		.4byte	.LASF18
 387 01ce A7000000 		.4byte	.LASF18
 388 01d2 04       		.byte	0x4
 389 01d3 D9       		.byte	0xd9
 390 01d4 0B       		.uleb128 0xb
 391 01d5 D8000000 		.4byte	.LASF19
 392 01d9 D8000000 		.4byte	.LASF19
 393 01dd 05       		.byte	0x5
 394 01de 4701     		.2byte	0x147
 395 01e0 0C       		.uleb128 0xc
 396 01e1 23010000 		.4byte	.LASF20
 397 01e5 23010000 		.4byte	.LASF20
 398 01e9 06       		.byte	0x6
 399 01ea 33       		.byte	0x33
 400 01eb 0B       		.uleb128 0xb
 401 01ec EF000000 		.4byte	.LASF21
 402 01f0 EF000000 		.4byte	.LASF21
 403 01f4 02       		.byte	0x2
ARM GAS  C:\Users\Mahe\AppData\Local\Temp\cct4QpO1.s 			page 9


 404 01f5 3201     		.2byte	0x132
 405 01f7 0B       		.uleb128 0xb
 406 01f8 E7010000 		.4byte	.LASF22
 407 01fc E7010000 		.4byte	.LASF22
 408 0200 05       		.byte	0x5
 409 0201 3201     		.2byte	0x132
 410 0203 0C       		.uleb128 0xc
 411 0204 81000000 		.4byte	.LASF23
 412 0208 81000000 		.4byte	.LASF23
 413 020c 07       		.byte	0x7
 414 020d 18       		.byte	0x18
 415 020e 0C       		.uleb128 0xc
 416 020f 2A020000 		.4byte	.LASF24
 417 0213 2A020000 		.4byte	.LASF24
 418 0217 08       		.byte	0x8
 419 0218 18       		.byte	0x18
 420 0219 00       		.byte	0
 421              		.section	.debug_abbrev,"",%progbits
 422              	.Ldebug_abbrev0:
 423 0000 01       		.uleb128 0x1
 424 0001 11       		.uleb128 0x11
 425 0002 01       		.byte	0x1
 426 0003 25       		.uleb128 0x25
 427 0004 0E       		.uleb128 0xe
 428 0005 13       		.uleb128 0x13
 429 0006 0B       		.uleb128 0xb
 430 0007 03       		.uleb128 0x3
 431 0008 0E       		.uleb128 0xe
 432 0009 1B       		.uleb128 0x1b
 433 000a 0E       		.uleb128 0xe
 434 000b 55       		.uleb128 0x55
 435 000c 17       		.uleb128 0x17
 436 000d 11       		.uleb128 0x11
 437 000e 01       		.uleb128 0x1
 438 000f 10       		.uleb128 0x10
 439 0010 17       		.uleb128 0x17
 440 0011 00       		.byte	0
 441 0012 00       		.byte	0
 442 0013 02       		.uleb128 0x2
 443 0014 24       		.uleb128 0x24
 444 0015 00       		.byte	0
 445 0016 0B       		.uleb128 0xb
 446 0017 0B       		.uleb128 0xb
 447 0018 3E       		.uleb128 0x3e
 448 0019 0B       		.uleb128 0xb
 449 001a 03       		.uleb128 0x3
 450 001b 0E       		.uleb128 0xe
 451 001c 00       		.byte	0
 452 001d 00       		.byte	0
 453 001e 03       		.uleb128 0x3
 454 001f 24       		.uleb128 0x24
 455 0020 00       		.byte	0
 456 0021 0B       		.uleb128 0xb
 457 0022 0B       		.uleb128 0xb
 458 0023 3E       		.uleb128 0x3e
 459 0024 0B       		.uleb128 0xb
 460 0025 03       		.uleb128 0x3
ARM GAS  C:\Users\Mahe\AppData\Local\Temp\cct4QpO1.s 			page 10


 461 0026 08       		.uleb128 0x8
 462 0027 00       		.byte	0
 463 0028 00       		.byte	0
 464 0029 04       		.uleb128 0x4
 465 002a 2E       		.uleb128 0x2e
 466 002b 01       		.byte	0x1
 467 002c 3F       		.uleb128 0x3f
 468 002d 19       		.uleb128 0x19
 469 002e 03       		.uleb128 0x3
 470 002f 0E       		.uleb128 0xe
 471 0030 3A       		.uleb128 0x3a
 472 0031 0B       		.uleb128 0xb
 473 0032 3B       		.uleb128 0x3b
 474 0033 0B       		.uleb128 0xb
 475 0034 27       		.uleb128 0x27
 476 0035 19       		.uleb128 0x19
 477 0036 11       		.uleb128 0x11
 478 0037 01       		.uleb128 0x1
 479 0038 12       		.uleb128 0x12
 480 0039 06       		.uleb128 0x6
 481 003a 40       		.uleb128 0x40
 482 003b 18       		.uleb128 0x18
 483 003c 9742     		.uleb128 0x2117
 484 003e 19       		.uleb128 0x19
 485 003f 01       		.uleb128 0x1
 486 0040 13       		.uleb128 0x13
 487 0041 00       		.byte	0
 488 0042 00       		.byte	0
 489 0043 05       		.uleb128 0x5
 490 0044 898201   		.uleb128 0x4109
 491 0047 01       		.byte	0x1
 492 0048 11       		.uleb128 0x11
 493 0049 01       		.uleb128 0x1
 494 004a 31       		.uleb128 0x31
 495 004b 13       		.uleb128 0x13
 496 004c 01       		.uleb128 0x1
 497 004d 13       		.uleb128 0x13
 498 004e 00       		.byte	0
 499 004f 00       		.byte	0
 500 0050 06       		.uleb128 0x6
 501 0051 8A8201   		.uleb128 0x410a
 502 0054 00       		.byte	0
 503 0055 02       		.uleb128 0x2
 504 0056 18       		.uleb128 0x18
 505 0057 9142     		.uleb128 0x2111
 506 0059 18       		.uleb128 0x18
 507 005a 00       		.byte	0
 508 005b 00       		.byte	0
 509 005c 07       		.uleb128 0x7
 510 005d 898201   		.uleb128 0x4109
 511 0060 01       		.byte	0x1
 512 0061 11       		.uleb128 0x11
 513 0062 01       		.uleb128 0x1
 514 0063 31       		.uleb128 0x31
 515 0064 13       		.uleb128 0x13
 516 0065 00       		.byte	0
 517 0066 00       		.byte	0
ARM GAS  C:\Users\Mahe\AppData\Local\Temp\cct4QpO1.s 			page 11


 518 0067 08       		.uleb128 0x8
 519 0068 2E       		.uleb128 0x2e
 520 0069 01       		.byte	0x1
 521 006a 3F       		.uleb128 0x3f
 522 006b 19       		.uleb128 0x19
 523 006c 03       		.uleb128 0x3
 524 006d 0E       		.uleb128 0xe
 525 006e 3A       		.uleb128 0x3a
 526 006f 0B       		.uleb128 0xb
 527 0070 3B       		.uleb128 0x3b
 528 0071 0B       		.uleb128 0xb
 529 0072 27       		.uleb128 0x27
 530 0073 19       		.uleb128 0x19
 531 0074 49       		.uleb128 0x49
 532 0075 13       		.uleb128 0x13
 533 0076 8701     		.uleb128 0x87
 534 0078 19       		.uleb128 0x19
 535 0079 11       		.uleb128 0x11
 536 007a 01       		.uleb128 0x1
 537 007b 12       		.uleb128 0x12
 538 007c 06       		.uleb128 0x6
 539 007d 40       		.uleb128 0x40
 540 007e 18       		.uleb128 0x18
 541 007f 9742     		.uleb128 0x2117
 542 0081 19       		.uleb128 0x19
 543 0082 01       		.uleb128 0x1
 544 0083 13       		.uleb128 0x13
 545 0084 00       		.byte	0
 546 0085 00       		.byte	0
 547 0086 09       		.uleb128 0x9
 548 0087 2E       		.uleb128 0x2e
 549 0088 00       		.byte	0
 550 0089 3F       		.uleb128 0x3f
 551 008a 19       		.uleb128 0x19
 552 008b 03       		.uleb128 0x3
 553 008c 0E       		.uleb128 0xe
 554 008d 3A       		.uleb128 0x3a
 555 008e 0B       		.uleb128 0xb
 556 008f 3B       		.uleb128 0x3b
 557 0090 0B       		.uleb128 0xb
 558 0091 27       		.uleb128 0x27
 559 0092 19       		.uleb128 0x19
 560 0093 3C       		.uleb128 0x3c
 561 0094 19       		.uleb128 0x19
 562 0095 00       		.byte	0
 563 0096 00       		.byte	0
 564 0097 0A       		.uleb128 0xa
 565 0098 898201   		.uleb128 0x4109
 566 009b 00       		.byte	0
 567 009c 11       		.uleb128 0x11
 568 009d 01       		.uleb128 0x1
 569 009e 31       		.uleb128 0x31
 570 009f 13       		.uleb128 0x13
 571 00a0 00       		.byte	0
 572 00a1 00       		.byte	0
 573 00a2 0B       		.uleb128 0xb
 574 00a3 2E       		.uleb128 0x2e
ARM GAS  C:\Users\Mahe\AppData\Local\Temp\cct4QpO1.s 			page 12


 575 00a4 00       		.byte	0
 576 00a5 3F       		.uleb128 0x3f
 577 00a6 19       		.uleb128 0x19
 578 00a7 3C       		.uleb128 0x3c
 579 00a8 19       		.uleb128 0x19
 580 00a9 6E       		.uleb128 0x6e
 581 00aa 0E       		.uleb128 0xe
 582 00ab 03       		.uleb128 0x3
 583 00ac 0E       		.uleb128 0xe
 584 00ad 3A       		.uleb128 0x3a
 585 00ae 0B       		.uleb128 0xb
 586 00af 3B       		.uleb128 0x3b
 587 00b0 05       		.uleb128 0x5
 588 00b1 00       		.byte	0
 589 00b2 00       		.byte	0
 590 00b3 0C       		.uleb128 0xc
 591 00b4 2E       		.uleb128 0x2e
 592 00b5 00       		.byte	0
 593 00b6 3F       		.uleb128 0x3f
 594 00b7 19       		.uleb128 0x19
 595 00b8 3C       		.uleb128 0x3c
 596 00b9 19       		.uleb128 0x19
 597 00ba 6E       		.uleb128 0x6e
 598 00bb 0E       		.uleb128 0xe
 599 00bc 03       		.uleb128 0x3
 600 00bd 0E       		.uleb128 0xe
 601 00be 3A       		.uleb128 0x3a
 602 00bf 0B       		.uleb128 0xb
 603 00c0 3B       		.uleb128 0x3b
 604 00c1 0B       		.uleb128 0xb
 605 00c2 00       		.byte	0
 606 00c3 00       		.byte	0
 607 00c4 00       		.byte	0
 608              		.section	.debug_aranges,"",%progbits
 609 0000 2C000000 		.4byte	0x2c
 610 0004 0200     		.2byte	0x2
 611 0006 00000000 		.4byte	.Ldebug_info0
 612 000a 04       		.byte	0x4
 613 000b 00       		.byte	0
 614 000c 0000     		.2byte	0
 615 000e 0000     		.2byte	0
 616 0010 00000000 		.4byte	.LFB35
 617 0014 1E000000 		.4byte	.LFE35-.LFB35
 618 0018 00000000 		.4byte	.LFB36
 619 001c 1E000000 		.4byte	.LFE36-.LFB36
 620 0020 00000000 		.4byte	.LFB34
 621 0024 24000000 		.4byte	.LFE34-.LFB34
 622 0028 00000000 		.4byte	0
 623 002c 00000000 		.4byte	0
 624              		.section	.debug_ranges,"",%progbits
 625              	.Ldebug_ranges0:
 626 0000 00000000 		.4byte	.LFB35
 627 0004 1E000000 		.4byte	.LFE35
 628 0008 00000000 		.4byte	.LFB36
 629 000c 1E000000 		.4byte	.LFE36
 630 0010 00000000 		.4byte	.LFB34
 631 0014 24000000 		.4byte	.LFE34
ARM GAS  C:\Users\Mahe\AppData\Local\Temp\cct4QpO1.s 			page 13


 632 0018 00000000 		.4byte	0
 633 001c 00000000 		.4byte	0
 634              		.section	.debug_line,"",%progbits
 635              	.Ldebug_line0:
 636 0000 CD000000 		.section	.debug_str,"MS",%progbits,1
 636      02008B00 
 636      00000201 
 636      FB0E0D00 
 636      01010101 
 637              	.LASF6:
 638 0000 6C6F6E67 		.ascii	"long long int\000"
 638      206C6F6E 
 638      6720696E 
 638      7400
 639              	.LASF27:
 640 000e 433A5C55 		.ascii	"C:\\Users\\Mahe\\Documents\\PSoC Creator\\Workspace"
 640      73657273 
 640      5C4D6168 
 640      655C446F 
 640      63756D65 
 641 003c 30315C41 		.ascii	"01\\Aug_16th_AESD\\Interrupt_Priority.cydsn\000"
 641      75675F31 
 641      3674685F 
 641      41455344 
 641      5C496E74 
 642              	.LASF8:
 643 0066 756E7369 		.ascii	"unsigned int\000"
 643      676E6564 
 643      20696E74 
 643      00
 644              	.LASF17:
 645 0073 5245445F 		.ascii	"RED_LED_Write\000"
 645      4C45445F 
 645      57726974 
 645      6500
 646              	.LASF23:
 647 0081 6973725F 		.ascii	"isr_1_StartEx\000"
 647      315F5374 
 647      61727445 
 647      7800
 648              	.LASF26:
 649 008f 6D61696E 		.ascii	"main.c\000"
 649      2E6300
 650              	.LASF28:
 651 0096 6D61696E 		.ascii	"main\000"
 651      00
 652              	.LASF14:
 653 009b 54696D65 		.ascii	"Timer_1_ISR\000"
 653      725F315F 
 653      49535200 
 654              	.LASF18:
 655 00a7 43794465 		.ascii	"CyDelay\000"
 655      6C617900 
 656              	.LASF5:
 657 00af 6C6F6E67 		.ascii	"long unsigned int\000"
 657      20756E73 
 657      69676E65 
ARM GAS  C:\Users\Mahe\AppData\Local\Temp\cct4QpO1.s 			page 14


 657      6420696E 
 657      7400
 658              	.LASF7:
 659 00c1 6C6F6E67 		.ascii	"long long unsigned int\000"
 659      206C6F6E 
 659      6720756E 
 659      7369676E 
 659      65642069 
 660              	.LASF19:
 661 00d8 54696D65 		.ascii	"Timer_2_ClearInterrupt\000"
 661      725F325F 
 661      436C6561 
 661      72496E74 
 661      65727275 
 662              	.LASF21:
 663 00ef 54696D65 		.ascii	"Timer_1_Start\000"
 663      725F315F 
 663      53746172 
 663      7400
 664              	.LASF1:
 665 00fd 756E7369 		.ascii	"unsigned char\000"
 665      676E6564 
 665      20636861 
 665      7200
 666              	.LASF11:
 667 010b 63686172 		.ascii	"char\000"
 667      00
 668              	.LASF4:
 669 0110 6C6F6E67 		.ascii	"long int\000"
 669      20696E74 
 669      00
 670              	.LASF2:
 671 0119 73686F72 		.ascii	"short int\000"
 671      7420696E 
 671      7400
 672              	.LASF20:
 673 0123 47524545 		.ascii	"GREEN_LED_Write\000"
 673      4E5F4C45 
 673      445F5772 
 673      69746500 
 674              	.LASF10:
 675 0133 646F7562 		.ascii	"double\000"
 675      6C6500
 676              	.LASF25:
 677 013a 474E5520 		.ascii	"GNU C11 5.4.1 20160609 (release) [ARM/embedded-5-br"
 677      43313120 
 677      352E342E 
 677      31203230 
 677      31363036 
 678 016d 616E6368 		.ascii	"anch revision 237715] -mcpu=cortex-m0 -mthumb -g -O"
 678      20726576 
 678      6973696F 
 678      6E203233 
 678      37373135 
 679 01a0 67202D66 		.ascii	"g -ffunction-sections -ffat-lto-objects\000"
 679      66756E63 
 679      74696F6E 
ARM GAS  C:\Users\Mahe\AppData\Local\Temp\cct4QpO1.s 			page 15


 679      2D736563 
 679      74696F6E 
 680              	.LASF3:
 681 01c8 73686F72 		.ascii	"short unsigned int\000"
 681      7420756E 
 681      7369676E 
 681      65642069 
 681      6E7400
 682              	.LASF0:
 683 01db 7369676E 		.ascii	"signed char\000"
 683      65642063 
 683      68617200 
 684              	.LASF22:
 685 01e7 54696D65 		.ascii	"Timer_2_Start\000"
 685      725F325F 
 685      53746172 
 685      7400
 686              	.LASF15:
 687 01f5 54696D65 		.ascii	"Timer_2_ISR\000"
 687      725F325F 
 687      49535200 
 688              	.LASF12:
 689 0201 6C6F6E67 		.ascii	"long double\000"
 689      20646F75 
 689      626C6500 
 690              	.LASF9:
 691 020d 666C6F61 		.ascii	"float\000"
 691      7400
 692              	.LASF16:
 693 0213 54696D65 		.ascii	"Timer_1_ClearInterrupt\000"
 693      725F315F 
 693      436C6561 
 693      72496E74 
 693      65727275 
 694              	.LASF24:
 695 022a 6973725F 		.ascii	"isr_2_StartEx\000"
 695      325F5374 
 695      61727445 
 695      7800
 696              	.LASF13:
 697 0238 73697A65 		.ascii	"sizetype\000"
 697      74797065 
 697      00
 698              		.ident	"GCC: (GNU Tools for ARM Embedded Processors) 5.4.1 20160609 (release) [ARM/embedded-5-bran
