ARM GAS  C:\Users\mahe\AppData\Local\Temp\cctbv15l.s 			page 1


   1              		.syntax unified
   2              		.cpu cortex-m0
   3              		.fpu softvfp
   4              		.eabi_attribute 20, 1
   5              		.eabi_attribute 21, 1
   6              		.eabi_attribute 23, 3
   7              		.eabi_attribute 24, 1
   8              		.eabi_attribute 25, 1
   9              		.eabi_attribute 26, 1
  10              		.eabi_attribute 30, 1
  11              		.eabi_attribute 34, 0
  12              		.eabi_attribute 18, 4
  13              		.thumb
  14              		.syntax unified
  15              		.file	"cyfitter_cfg.c"
  16              		.text
  17              	.Ltext0:
  18              		.cfi_sections	.debug_frame
  19              		.section	.text.AnalogSetDefault,"ax",%progbits
  20              		.align	2
  21              		.code	16
  22              		.thumb_func
  23              		.type	AnalogSetDefault, %function
  24              	AnalogSetDefault:
  25              	.LFB5:
  26              		.file 1 "Generated_Source\\PSoC4\\cyfitter_cfg.c"
   1:Generated_Source\PSoC4/cyfitter_cfg.c **** 
   2:Generated_Source\PSoC4/cyfitter_cfg.c **** /*******************************************************************************
   3:Generated_Source\PSoC4/cyfitter_cfg.c **** * File Name: cyfitter_cfg.c
   4:Generated_Source\PSoC4/cyfitter_cfg.c **** * 
   5:Generated_Source\PSoC4/cyfitter_cfg.c **** * PSoC Creator  4.2
   6:Generated_Source\PSoC4/cyfitter_cfg.c **** *
   7:Generated_Source\PSoC4/cyfitter_cfg.c **** * Description:
   8:Generated_Source\PSoC4/cyfitter_cfg.c **** * This file contains device initialization code.
   9:Generated_Source\PSoC4/cyfitter_cfg.c **** * Except for the user defined sections in CyClockStartupError(), this file should not be modified.
  10:Generated_Source\PSoC4/cyfitter_cfg.c **** * This file is automatically generated by PSoC Creator.
  11:Generated_Source\PSoC4/cyfitter_cfg.c **** *
  12:Generated_Source\PSoC4/cyfitter_cfg.c **** ********************************************************************************
  13:Generated_Source\PSoC4/cyfitter_cfg.c **** * Copyright (c) 2007-2018 Cypress Semiconductor.  All rights reserved.
  14:Generated_Source\PSoC4/cyfitter_cfg.c **** * You may use this file only in accordance with the license, terms, conditions, 
  15:Generated_Source\PSoC4/cyfitter_cfg.c **** * disclaimers, and limitations in the end user license agreement accompanying 
  16:Generated_Source\PSoC4/cyfitter_cfg.c **** * the software package with which this file was provided.
  17:Generated_Source\PSoC4/cyfitter_cfg.c **** ********************************************************************************/
  18:Generated_Source\PSoC4/cyfitter_cfg.c **** 
  19:Generated_Source\PSoC4/cyfitter_cfg.c **** #include <string.h>
  20:Generated_Source\PSoC4/cyfitter_cfg.c **** #include "cytypes.h"
  21:Generated_Source\PSoC4/cyfitter_cfg.c **** #include "cydevice_trm.h"
  22:Generated_Source\PSoC4/cyfitter_cfg.c **** #include "cyfitter.h"
  23:Generated_Source\PSoC4/cyfitter_cfg.c **** #include "CyLib.h"
  24:Generated_Source\PSoC4/cyfitter_cfg.c **** #include "CyLFClk.h"
  25:Generated_Source\PSoC4/cyfitter_cfg.c **** #include "cyfitter_cfg.h"
  26:Generated_Source\PSoC4/cyfitter_cfg.c **** #include "cyapicallbacks.h"
  27:Generated_Source\PSoC4/cyfitter_cfg.c **** 
  28:Generated_Source\PSoC4/cyfitter_cfg.c **** 
  29:Generated_Source\PSoC4/cyfitter_cfg.c **** #if defined(__GNUC__) || defined(__ARMCC_VERSION)
  30:Generated_Source\PSoC4/cyfitter_cfg.c ****     #define CYPACKED 
  31:Generated_Source\PSoC4/cyfitter_cfg.c ****     #define CYPACKED_ATTR __attribute__ ((packed))
ARM GAS  C:\Users\mahe\AppData\Local\Temp\cctbv15l.s 			page 2


  32:Generated_Source\PSoC4/cyfitter_cfg.c ****     #define CYALIGNED __attribute__ ((aligned))
  33:Generated_Source\PSoC4/cyfitter_cfg.c ****     #define CY_CFG_UNUSED __attribute__ ((unused))
  34:Generated_Source\PSoC4/cyfitter_cfg.c ****     #ifndef CY_CFG_SECTION
  35:Generated_Source\PSoC4/cyfitter_cfg.c ****         #define CY_CFG_SECTION __attribute__ ((section(".psocinit")))
  36:Generated_Source\PSoC4/cyfitter_cfg.c ****     #endif
  37:Generated_Source\PSoC4/cyfitter_cfg.c ****     
  38:Generated_Source\PSoC4/cyfitter_cfg.c ****     #if defined(__ARMCC_VERSION)
  39:Generated_Source\PSoC4/cyfitter_cfg.c ****         #define CY_CFG_MEMORY_BARRIER() __memory_changed()
  40:Generated_Source\PSoC4/cyfitter_cfg.c ****     #else
  41:Generated_Source\PSoC4/cyfitter_cfg.c ****         #define CY_CFG_MEMORY_BARRIER() __sync_synchronize()
  42:Generated_Source\PSoC4/cyfitter_cfg.c ****     #endif
  43:Generated_Source\PSoC4/cyfitter_cfg.c ****     
  44:Generated_Source\PSoC4/cyfitter_cfg.c **** #elif defined(__ICCARM__)
  45:Generated_Source\PSoC4/cyfitter_cfg.c ****     #include <intrinsics.h>
  46:Generated_Source\PSoC4/cyfitter_cfg.c **** 
  47:Generated_Source\PSoC4/cyfitter_cfg.c ****     #define CYPACKED __packed
  48:Generated_Source\PSoC4/cyfitter_cfg.c ****     #define CYPACKED_ATTR 
  49:Generated_Source\PSoC4/cyfitter_cfg.c ****     #define CYALIGNED _Pragma("data_alignment=4")
  50:Generated_Source\PSoC4/cyfitter_cfg.c ****     #define CY_CFG_UNUSED _Pragma("diag_suppress=Pe177")
  51:Generated_Source\PSoC4/cyfitter_cfg.c ****     #define CY_CFG_SECTION _Pragma("location=\".psocinit\"")
  52:Generated_Source\PSoC4/cyfitter_cfg.c ****     
  53:Generated_Source\PSoC4/cyfitter_cfg.c ****     #define CY_CFG_MEMORY_BARRIER() __DMB()
  54:Generated_Source\PSoC4/cyfitter_cfg.c ****     
  55:Generated_Source\PSoC4/cyfitter_cfg.c **** #else
  56:Generated_Source\PSoC4/cyfitter_cfg.c ****     #error Unsupported toolchain
  57:Generated_Source\PSoC4/cyfitter_cfg.c **** #endif
  58:Generated_Source\PSoC4/cyfitter_cfg.c **** 
  59:Generated_Source\PSoC4/cyfitter_cfg.c **** #ifndef CYCODE
  60:Generated_Source\PSoC4/cyfitter_cfg.c ****     #define CYCODE
  61:Generated_Source\PSoC4/cyfitter_cfg.c **** #endif
  62:Generated_Source\PSoC4/cyfitter_cfg.c **** #ifndef CYDATA
  63:Generated_Source\PSoC4/cyfitter_cfg.c ****     #define CYDATA
  64:Generated_Source\PSoC4/cyfitter_cfg.c **** #endif
  65:Generated_Source\PSoC4/cyfitter_cfg.c **** #ifndef CYFAR
  66:Generated_Source\PSoC4/cyfitter_cfg.c ****     #define CYFAR
  67:Generated_Source\PSoC4/cyfitter_cfg.c **** #endif
  68:Generated_Source\PSoC4/cyfitter_cfg.c **** #ifndef CYXDATA
  69:Generated_Source\PSoC4/cyfitter_cfg.c ****     #define CYXDATA
  70:Generated_Source\PSoC4/cyfitter_cfg.c **** #endif
  71:Generated_Source\PSoC4/cyfitter_cfg.c **** 
  72:Generated_Source\PSoC4/cyfitter_cfg.c **** 
  73:Generated_Source\PSoC4/cyfitter_cfg.c **** CY_CFG_UNUSED
  74:Generated_Source\PSoC4/cyfitter_cfg.c **** static void CYMEMZERO(void *s, size_t n);
  75:Generated_Source\PSoC4/cyfitter_cfg.c **** CY_CFG_UNUSED
  76:Generated_Source\PSoC4/cyfitter_cfg.c **** static void CYMEMZERO(void *s, size_t n)
  77:Generated_Source\PSoC4/cyfitter_cfg.c **** {
  78:Generated_Source\PSoC4/cyfitter_cfg.c **** 	(void)memset(s, 0, n);
  79:Generated_Source\PSoC4/cyfitter_cfg.c **** }
  80:Generated_Source\PSoC4/cyfitter_cfg.c **** CY_CFG_UNUSED
  81:Generated_Source\PSoC4/cyfitter_cfg.c **** static void CYCONFIGCPY(void *dest, const void *src, size_t n);
  82:Generated_Source\PSoC4/cyfitter_cfg.c **** CY_CFG_UNUSED
  83:Generated_Source\PSoC4/cyfitter_cfg.c **** static void CYCONFIGCPY(void *dest, const void *src, size_t n)
  84:Generated_Source\PSoC4/cyfitter_cfg.c **** {
  85:Generated_Source\PSoC4/cyfitter_cfg.c **** 	(void)memcpy(dest, src, n);
  86:Generated_Source\PSoC4/cyfitter_cfg.c **** }
  87:Generated_Source\PSoC4/cyfitter_cfg.c **** CY_CFG_UNUSED
  88:Generated_Source\PSoC4/cyfitter_cfg.c **** static void CYCONFIGCPYCODE(void *dest, const void *src, size_t n);
ARM GAS  C:\Users\mahe\AppData\Local\Temp\cctbv15l.s 			page 3


  89:Generated_Source\PSoC4/cyfitter_cfg.c **** CY_CFG_UNUSED
  90:Generated_Source\PSoC4/cyfitter_cfg.c **** static void CYCONFIGCPYCODE(void *dest, const void *src, size_t n)
  91:Generated_Source\PSoC4/cyfitter_cfg.c **** {
  92:Generated_Source\PSoC4/cyfitter_cfg.c **** 	(void)memcpy(dest, src, n);
  93:Generated_Source\PSoC4/cyfitter_cfg.c **** }
  94:Generated_Source\PSoC4/cyfitter_cfg.c **** 
  95:Generated_Source\PSoC4/cyfitter_cfg.c **** 
  96:Generated_Source\PSoC4/cyfitter_cfg.c **** 
  97:Generated_Source\PSoC4/cyfitter_cfg.c **** 
  98:Generated_Source\PSoC4/cyfitter_cfg.c **** /* Clock startup error codes                                                   */
  99:Generated_Source\PSoC4/cyfitter_cfg.c **** #define CYCLOCKSTART_NO_ERROR    0u
 100:Generated_Source\PSoC4/cyfitter_cfg.c **** #define CYCLOCKSTART_XTAL_ERROR  1u
 101:Generated_Source\PSoC4/cyfitter_cfg.c **** #define CYCLOCKSTART_32KHZ_ERROR 2u
 102:Generated_Source\PSoC4/cyfitter_cfg.c **** #define CYCLOCKSTART_PLL_ERROR   3u
 103:Generated_Source\PSoC4/cyfitter_cfg.c **** #define CYCLOCKSTART_FLL_ERROR   4u
 104:Generated_Source\PSoC4/cyfitter_cfg.c **** #define CYCLOCKSTART_WCO_ERROR   5u
 105:Generated_Source\PSoC4/cyfitter_cfg.c **** 
 106:Generated_Source\PSoC4/cyfitter_cfg.c **** 
 107:Generated_Source\PSoC4/cyfitter_cfg.c **** #ifdef CY_NEED_CYCLOCKSTARTUPERROR
 108:Generated_Source\PSoC4/cyfitter_cfg.c **** /*******************************************************************************
 109:Generated_Source\PSoC4/cyfitter_cfg.c **** * Function Name: CyClockStartupError
 110:Generated_Source\PSoC4/cyfitter_cfg.c **** ********************************************************************************
 111:Generated_Source\PSoC4/cyfitter_cfg.c **** * Summary:
 112:Generated_Source\PSoC4/cyfitter_cfg.c **** *  If an error is encountered during clock configuration (crystal startup error,
 113:Generated_Source\PSoC4/cyfitter_cfg.c **** *  PLL lock error, etc.), the system will end up here.  Unless reimplemented by
 114:Generated_Source\PSoC4/cyfitter_cfg.c **** *  the customer, this function will stop in an infinite loop.
 115:Generated_Source\PSoC4/cyfitter_cfg.c **** *
 116:Generated_Source\PSoC4/cyfitter_cfg.c **** * Parameters:
 117:Generated_Source\PSoC4/cyfitter_cfg.c **** *   void
 118:Generated_Source\PSoC4/cyfitter_cfg.c **** *
 119:Generated_Source\PSoC4/cyfitter_cfg.c **** * Return:
 120:Generated_Source\PSoC4/cyfitter_cfg.c **** *   void
 121:Generated_Source\PSoC4/cyfitter_cfg.c **** *
 122:Generated_Source\PSoC4/cyfitter_cfg.c **** *******************************************************************************/
 123:Generated_Source\PSoC4/cyfitter_cfg.c **** CY_CFG_UNUSED
 124:Generated_Source\PSoC4/cyfitter_cfg.c **** static void CyClockStartupError(uint8 errorCode);
 125:Generated_Source\PSoC4/cyfitter_cfg.c **** CY_CFG_UNUSED
 126:Generated_Source\PSoC4/cyfitter_cfg.c **** static void CyClockStartupError(uint8 errorCode)
 127:Generated_Source\PSoC4/cyfitter_cfg.c **** {
 128:Generated_Source\PSoC4/cyfitter_cfg.c ****     /* To remove the compiler warning if errorCode not used.                */
 129:Generated_Source\PSoC4/cyfitter_cfg.c ****     errorCode = errorCode;
 130:Generated_Source\PSoC4/cyfitter_cfg.c **** 
 131:Generated_Source\PSoC4/cyfitter_cfg.c ****     /* If we have a clock startup error (bad MHz crystal, PLL lock, etc.),  */
 132:Generated_Source\PSoC4/cyfitter_cfg.c ****     /* we will end up here to allow the customer to implement something to  */
 133:Generated_Source\PSoC4/cyfitter_cfg.c ****     /* deal with the clock condition.                                       */
 134:Generated_Source\PSoC4/cyfitter_cfg.c **** 
 135:Generated_Source\PSoC4/cyfitter_cfg.c **** #ifdef CY_CFG_CLOCK_STARTUP_ERROR_CALLBACK
 136:Generated_Source\PSoC4/cyfitter_cfg.c ****     CY_CFG_Clock_Startup_ErrorCallback();
 137:Generated_Source\PSoC4/cyfitter_cfg.c **** #else
 138:Generated_Source\PSoC4/cyfitter_cfg.c ****     /*  If not using CY_CFG_CLOCK_STARTUP_ERROR_CALLBACK, place your clock startup code here. */
 139:Generated_Source\PSoC4/cyfitter_cfg.c ****     /* `#START CyClockStartupError` */
 140:Generated_Source\PSoC4/cyfitter_cfg.c **** 
 141:Generated_Source\PSoC4/cyfitter_cfg.c **** 
 142:Generated_Source\PSoC4/cyfitter_cfg.c **** 
 143:Generated_Source\PSoC4/cyfitter_cfg.c ****     /* `#END` */
 144:Generated_Source\PSoC4/cyfitter_cfg.c **** 
 145:Generated_Source\PSoC4/cyfitter_cfg.c ****     while(1) {}
ARM GAS  C:\Users\mahe\AppData\Local\Temp\cctbv15l.s 			page 4


 146:Generated_Source\PSoC4/cyfitter_cfg.c **** #endif /* CY_CFG_CLOCK_STARTUP_ERROR_CALLBACK */
 147:Generated_Source\PSoC4/cyfitter_cfg.c **** }
 148:Generated_Source\PSoC4/cyfitter_cfg.c **** #endif
 149:Generated_Source\PSoC4/cyfitter_cfg.c **** 
 150:Generated_Source\PSoC4/cyfitter_cfg.c **** 
 151:Generated_Source\PSoC4/cyfitter_cfg.c **** 
 152:Generated_Source\PSoC4/cyfitter_cfg.c **** /*******************************************************************************
 153:Generated_Source\PSoC4/cyfitter_cfg.c **** * Function Name: ClockSetup
 154:Generated_Source\PSoC4/cyfitter_cfg.c **** ********************************************************************************
 155:Generated_Source\PSoC4/cyfitter_cfg.c **** *
 156:Generated_Source\PSoC4/cyfitter_cfg.c **** * Summary:
 157:Generated_Source\PSoC4/cyfitter_cfg.c **** *   Performs the initialization of all of the clocks in the device based on the
 158:Generated_Source\PSoC4/cyfitter_cfg.c **** *   settings in the Clock tab of the DWR.  This includes enabling the requested
 159:Generated_Source\PSoC4/cyfitter_cfg.c **** *   clocks and setting the necessary dividers to produce the desired frequency. 
 160:Generated_Source\PSoC4/cyfitter_cfg.c **** *
 161:Generated_Source\PSoC4/cyfitter_cfg.c **** * Parameters:
 162:Generated_Source\PSoC4/cyfitter_cfg.c **** *   void
 163:Generated_Source\PSoC4/cyfitter_cfg.c **** *
 164:Generated_Source\PSoC4/cyfitter_cfg.c **** * Return:
 165:Generated_Source\PSoC4/cyfitter_cfg.c **** *   void
 166:Generated_Source\PSoC4/cyfitter_cfg.c **** *
 167:Generated_Source\PSoC4/cyfitter_cfg.c **** *******************************************************************************/
 168:Generated_Source\PSoC4/cyfitter_cfg.c **** static void ClockSetup(void);
 169:Generated_Source\PSoC4/cyfitter_cfg.c **** CY_CFG_SECTION
 170:Generated_Source\PSoC4/cyfitter_cfg.c **** static void ClockSetup(void)
 171:Generated_Source\PSoC4/cyfitter_cfg.c **** {
 172:Generated_Source\PSoC4/cyfitter_cfg.c **** 
 173:Generated_Source\PSoC4/cyfitter_cfg.c **** 	/* Set Flash Cycles based on max possible frequency in case a glitch occurs during ClockSetup(). *
 174:Generated_Source\PSoC4/cyfitter_cfg.c **** 	CY_SET_REG32((void CYXDATA *)(CYREG_CPUSS_FLASH_CTL), (0x0012u));
 175:Generated_Source\PSoC4/cyfitter_cfg.c **** 	/* Setup and trim IMO based on desired frequency. */
 176:Generated_Source\PSoC4/cyfitter_cfg.c **** 	CySysClkWriteImoFreq(48u);
 177:Generated_Source\PSoC4/cyfitter_cfg.c **** 	/* CYDEV_CLK_ILO_CONFIG Starting address: CYDEV_CLK_ILO_CONFIG */
 178:Generated_Source\PSoC4/cyfitter_cfg.c **** 	CY_SET_REG32((void *)(CYREG_CLK_ILO_CONFIG), 0x80000006u);
 179:Generated_Source\PSoC4/cyfitter_cfg.c **** 
 180:Generated_Source\PSoC4/cyfitter_cfg.c **** 
 181:Generated_Source\PSoC4/cyfitter_cfg.c **** 	/* Setup phase aligned clocks */
 182:Generated_Source\PSoC4/cyfitter_cfg.c **** 	CY_SET_REG32((void *)CYREG_PERI_DIV_16_CTL0, 0x00BB7F00u);
 183:Generated_Source\PSoC4/cyfitter_cfg.c **** 	CY_SET_REG32((void *)CYREG_PERI_DIV_CMD, 0x8000FF40u);
 184:Generated_Source\PSoC4/cyfitter_cfg.c **** 
 185:Generated_Source\PSoC4/cyfitter_cfg.c **** 	/* CYDEV_CLK_IMO_CONFIG Starting address: CYDEV_CLK_IMO_CONFIG */
 186:Generated_Source\PSoC4/cyfitter_cfg.c **** 	CY_SET_REG32((void *)(CYREG_CLK_IMO_CONFIG), 0x80000000u);
 187:Generated_Source\PSoC4/cyfitter_cfg.c **** 
 188:Generated_Source\PSoC4/cyfitter_cfg.c **** 	/* CYDEV_CLK_SELECT Starting address: CYDEV_CLK_SELECT */
 189:Generated_Source\PSoC4/cyfitter_cfg.c **** 	CY_SET_REG32((void *)(CYREG_CLK_SELECT), 0x00040000u);
 190:Generated_Source\PSoC4/cyfitter_cfg.c **** 
 191:Generated_Source\PSoC4/cyfitter_cfg.c **** 	/* CYDEV_PERI_PCLK_CTL11 Starting address: CYDEV_PERI_PCLK_CTL11 */
 192:Generated_Source\PSoC4/cyfitter_cfg.c **** 	CY_SET_REG32((void *)(CYREG_PERI_PCLK_CTL11), 0x00000040u);
 193:Generated_Source\PSoC4/cyfitter_cfg.c **** 
 194:Generated_Source\PSoC4/cyfitter_cfg.c **** 	(void)CyIntSetVector(7u, &CySysWdtIsr);
 195:Generated_Source\PSoC4/cyfitter_cfg.c **** 	CyIntEnable(7u);
 196:Generated_Source\PSoC4/cyfitter_cfg.c **** 	CY_SET_REG32((void *)(CYREG_WDT_CONFIG), 0x00000000u);
 197:Generated_Source\PSoC4/cyfitter_cfg.c **** }
 198:Generated_Source\PSoC4/cyfitter_cfg.c **** 
 199:Generated_Source\PSoC4/cyfitter_cfg.c **** 
 200:Generated_Source\PSoC4/cyfitter_cfg.c **** /* Analog API Functions */
 201:Generated_Source\PSoC4/cyfitter_cfg.c **** 
 202:Generated_Source\PSoC4/cyfitter_cfg.c **** 
ARM GAS  C:\Users\mahe\AppData\Local\Temp\cctbv15l.s 			page 5


 203:Generated_Source\PSoC4/cyfitter_cfg.c **** /*******************************************************************************
 204:Generated_Source\PSoC4/cyfitter_cfg.c **** * Function Name: AnalogSetDefault
 205:Generated_Source\PSoC4/cyfitter_cfg.c **** ********************************************************************************
 206:Generated_Source\PSoC4/cyfitter_cfg.c **** *
 207:Generated_Source\PSoC4/cyfitter_cfg.c **** * Summary:
 208:Generated_Source\PSoC4/cyfitter_cfg.c **** *  Sets up the analog portions of the chip to default values based on chip
 209:Generated_Source\PSoC4/cyfitter_cfg.c **** *  configuration options from the project.
 210:Generated_Source\PSoC4/cyfitter_cfg.c **** *
 211:Generated_Source\PSoC4/cyfitter_cfg.c **** * Parameters:
 212:Generated_Source\PSoC4/cyfitter_cfg.c **** *  void
 213:Generated_Source\PSoC4/cyfitter_cfg.c **** *
 214:Generated_Source\PSoC4/cyfitter_cfg.c **** * Return:
 215:Generated_Source\PSoC4/cyfitter_cfg.c **** *  void
 216:Generated_Source\PSoC4/cyfitter_cfg.c **** *
 217:Generated_Source\PSoC4/cyfitter_cfg.c **** *******************************************************************************/
 218:Generated_Source\PSoC4/cyfitter_cfg.c **** static void AnalogSetDefault(void);
 219:Generated_Source\PSoC4/cyfitter_cfg.c **** static void AnalogSetDefault(void)
 220:Generated_Source\PSoC4/cyfitter_cfg.c **** {
  27              		.loc 1 220 0
  28              		.cfi_startproc
  29              		@ args = 0, pretend = 0, frame = 0
  30              		@ frame_needed = 0, uses_anonymous_args = 0
  31              		@ link register save eliminated.
 221:Generated_Source\PSoC4/cyfitter_cfg.c **** 	CY_SET_XTND_REG32((void CYFAR *)CYREG_CTBM0_DFT_CTRL, 0x00000003u);
  32              		.loc 1 221 0
  33 0000 0323     		movs	r3, #3
  34 0002 044A     		ldr	r2, .L2
  35 0004 1360     		str	r3, [r2]
 222:Generated_Source\PSoC4/cyfitter_cfg.c **** 	CY_SET_XTND_REG32((void CYFAR *)CYREG_CTBM1_DFT_CTRL, 0x00000003u);
  36              		.loc 1 222 0
  37 0006 044A     		ldr	r2, .L2+4
  38 0008 1360     		str	r3, [r2]
 223:Generated_Source\PSoC4/cyfitter_cfg.c **** 	CY_SET_XTND_REG32((void CYFAR *)CYREG_PASS_DSAB_DSAB_CTRL, 0x00000000u);
  39              		.loc 1 223 0
  40 000a 0022     		movs	r2, #0
  41 000c 034B     		ldr	r3, .L2+8
  42 000e 1A60     		str	r2, [r3]
 224:Generated_Source\PSoC4/cyfitter_cfg.c **** }
  43              		.loc 1 224 0
  44              		@ sp needed
  45 0010 7047     		bx	lr
  46              	.L3:
  47 0012 C046     		.align	2
  48              	.L2:
  49 0014 30003040 		.word	1076887600
  50 0018 30003140 		.word	1076953136
  51 001c 000E3F40 		.word	1077874176
  52              		.cfi_endproc
  53              	.LFE5:
  54              		.size	AnalogSetDefault, .-AnalogSetDefault
  55              		.section	.text.CYMEMZERO,"ax",%progbits
  56              		.align	2
  57              		.code	16
  58              		.thumb_func
  59              		.type	CYMEMZERO, %function
  60              	CYMEMZERO:
  61              	.LFB1:
ARM GAS  C:\Users\mahe\AppData\Local\Temp\cctbv15l.s 			page 6


  77:Generated_Source\PSoC4/cyfitter_cfg.c **** 	(void)memset(s, 0, n);
  62              		.loc 1 77 0
  63              		.cfi_startproc
  64              		@ args = 0, pretend = 0, frame = 0
  65              		@ frame_needed = 0, uses_anonymous_args = 0
  66              	.LVL0:
  67 0000 10B5     		push	{r4, lr}
  68              		.cfi_def_cfa_offset 8
  69              		.cfi_offset 4, -8
  70              		.cfi_offset 14, -4
  71 0002 0A00     		movs	r2, r1
  78:Generated_Source\PSoC4/cyfitter_cfg.c **** }
  72              		.loc 1 78 0
  73 0004 0021     		movs	r1, #0
  74              	.LVL1:
  75 0006 FFF7FEFF 		bl	memset
  76              	.LVL2:
  79:Generated_Source\PSoC4/cyfitter_cfg.c **** CY_CFG_UNUSED
  77              		.loc 1 79 0
  78              		@ sp needed
  79 000a 10BD     		pop	{r4, pc}
  80              		.cfi_endproc
  81              	.LFE1:
  82              		.size	CYMEMZERO, .-CYMEMZERO
  83              		.section	.psocinit,"ax",%progbits
  84              		.align	2
  85              		.code	16
  86              		.thumb_func
  87              		.type	ClockSetup, %function
  88              	ClockSetup:
  89              	.LFB4:
 171:Generated_Source\PSoC4/cyfitter_cfg.c **** 
  90              		.loc 1 171 0
  91              		.cfi_startproc
  92              		@ args = 0, pretend = 0, frame = 0
  93              		@ frame_needed = 0, uses_anonymous_args = 0
  94 0000 10B5     		push	{r4, lr}
  95              		.cfi_def_cfa_offset 8
  96              		.cfi_offset 4, -8
  97              		.cfi_offset 14, -4
 174:Generated_Source\PSoC4/cyfitter_cfg.c **** 	/* Setup and trim IMO based on desired frequency. */
  98              		.loc 1 174 0
  99 0002 1222     		movs	r2, #18
 100 0004 114B     		ldr	r3, .L6
 101 0006 1A60     		str	r2, [r3]
 176:Generated_Source\PSoC4/cyfitter_cfg.c **** 	/* CYDEV_CLK_ILO_CONFIG Starting address: CYDEV_CLK_ILO_CONFIG */
 102              		.loc 1 176 0
 103 0008 3020     		movs	r0, #48
 104 000a FFF7FEFF 		bl	CySysClkWriteImoFreq
 105              	.LVL3:
 178:Generated_Source\PSoC4/cyfitter_cfg.c **** 
 106              		.loc 1 178 0
 107 000e 104A     		ldr	r2, .L6+4
 108 0010 104B     		ldr	r3, .L6+8
 109 0012 1A60     		str	r2, [r3]
 182:Generated_Source\PSoC4/cyfitter_cfg.c **** 	CY_SET_REG32((void *)CYREG_PERI_DIV_CMD, 0x8000FF40u);
 110              		.loc 1 182 0
ARM GAS  C:\Users\mahe\AppData\Local\Temp\cctbv15l.s 			page 7


 111 0014 104A     		ldr	r2, .L6+12
 112 0016 114B     		ldr	r3, .L6+16
 113 0018 1A60     		str	r2, [r3]
 183:Generated_Source\PSoC4/cyfitter_cfg.c **** 
 114              		.loc 1 183 0
 115 001a 114A     		ldr	r2, .L6+20
 116 001c 114B     		ldr	r3, .L6+24
 117 001e 1A60     		str	r2, [r3]
 186:Generated_Source\PSoC4/cyfitter_cfg.c **** 
 118              		.loc 1 186 0
 119 0020 8022     		movs	r2, #128
 120 0022 1206     		lsls	r2, r2, #24
 121 0024 104B     		ldr	r3, .L6+28
 122 0026 1A60     		str	r2, [r3]
 189:Generated_Source\PSoC4/cyfitter_cfg.c **** 
 123              		.loc 1 189 0
 124 0028 8022     		movs	r2, #128
 125 002a D202     		lsls	r2, r2, #11
 126 002c 0F4B     		ldr	r3, .L6+32
 127 002e 1A60     		str	r2, [r3]
 192:Generated_Source\PSoC4/cyfitter_cfg.c **** 
 128              		.loc 1 192 0
 129 0030 4022     		movs	r2, #64
 130 0032 0F4B     		ldr	r3, .L6+36
 131 0034 1A60     		str	r2, [r3]
 194:Generated_Source\PSoC4/cyfitter_cfg.c **** 	CyIntEnable(7u);
 132              		.loc 1 194 0
 133 0036 0F49     		ldr	r1, .L6+40
 134 0038 0720     		movs	r0, #7
 135 003a FFF7FEFF 		bl	CyIntSetVector
 136              	.LVL4:
 195:Generated_Source\PSoC4/cyfitter_cfg.c **** 	CY_SET_REG32((void *)(CYREG_WDT_CONFIG), 0x00000000u);
 137              		.loc 1 195 0
 138 003e 0720     		movs	r0, #7
 139 0040 FFF7FEFF 		bl	CyIntEnable
 140              	.LVL5:
 196:Generated_Source\PSoC4/cyfitter_cfg.c **** }
 141              		.loc 1 196 0
 142 0044 0022     		movs	r2, #0
 143 0046 0C4B     		ldr	r3, .L6+44
 144 0048 1A60     		str	r2, [r3]
 197:Generated_Source\PSoC4/cyfitter_cfg.c **** 
 145              		.loc 1 197 0
 146              		@ sp needed
 147 004a 10BD     		pop	{r4, pc}
 148              	.L7:
 149              		.align	2
 150              	.L6:
 151 004c 30001040 		.word	1074790448
 152 0050 06000080 		.word	-2147483642
 153 0054 04010B40 		.word	1074462980
 154 0058 007FBB00 		.word	12287744
 155 005c 00030140 		.word	1073808128
 156 0060 40FF0080 		.word	-2147418304
 157 0064 00000140 		.word	1073807360
 158 0068 08010B40 		.word	1074462984
 159 006c 00010B40 		.word	1074462976
ARM GAS  C:\Users\mahe\AppData\Local\Temp\cctbv15l.s 			page 8


 160 0070 2C010140 		.word	1073807660
 161 0074 00000000 		.word	CySysWdtIsr
 162 0078 0C020B40 		.word	1074463244
 163              		.cfi_endproc
 164              	.LFE4:
 165              		.size	ClockSetup, .-ClockSetup
 166              		.align	2
 167              		.global	cyfitter_cfg
 168              		.code	16
 169              		.thumb_func
 170              		.type	cyfitter_cfg, %function
 171              	cyfitter_cfg:
 172              	.LFB6:
 225:Generated_Source\PSoC4/cyfitter_cfg.c **** 
 226:Generated_Source\PSoC4/cyfitter_cfg.c **** 
 227:Generated_Source\PSoC4/cyfitter_cfg.c **** 
 228:Generated_Source\PSoC4/cyfitter_cfg.c **** 
 229:Generated_Source\PSoC4/cyfitter_cfg.c **** /*******************************************************************************
 230:Generated_Source\PSoC4/cyfitter_cfg.c **** * Function Name: cyfitter_cfg
 231:Generated_Source\PSoC4/cyfitter_cfg.c **** ********************************************************************************
 232:Generated_Source\PSoC4/cyfitter_cfg.c **** * Summary:
 233:Generated_Source\PSoC4/cyfitter_cfg.c **** *  This function is called by the start-up code for the selected device. It
 234:Generated_Source\PSoC4/cyfitter_cfg.c **** *  performs all of the necessary device configuration based on the design
 235:Generated_Source\PSoC4/cyfitter_cfg.c **** *  settings.  This includes settings from the Design Wide Resources (DWR) such
 236:Generated_Source\PSoC4/cyfitter_cfg.c **** *  as Clocks and Pins as well as any component configuration that is necessary.
 237:Generated_Source\PSoC4/cyfitter_cfg.c **** *
 238:Generated_Source\PSoC4/cyfitter_cfg.c **** * Parameters:
 239:Generated_Source\PSoC4/cyfitter_cfg.c **** *   void
 240:Generated_Source\PSoC4/cyfitter_cfg.c **** *
 241:Generated_Source\PSoC4/cyfitter_cfg.c **** * Return:
 242:Generated_Source\PSoC4/cyfitter_cfg.c **** *   void
 243:Generated_Source\PSoC4/cyfitter_cfg.c **** *
 244:Generated_Source\PSoC4/cyfitter_cfg.c **** *******************************************************************************/
 245:Generated_Source\PSoC4/cyfitter_cfg.c **** CY_CFG_SECTION
 246:Generated_Source\PSoC4/cyfitter_cfg.c **** void cyfitter_cfg(void)
 247:Generated_Source\PSoC4/cyfitter_cfg.c **** {
 173              		.loc 1 247 0
 174              		.cfi_startproc
 175              		@ args = 0, pretend = 0, frame = 0
 176              		@ frame_needed = 0, uses_anonymous_args = 0
 177 007c 10B5     		push	{r4, lr}
 178              		.cfi_def_cfa_offset 8
 179              		.cfi_offset 4, -8
 180              		.cfi_offset 14, -4
 248:Generated_Source\PSoC4/cyfitter_cfg.c **** 	/* Disable interrupts by default. Let user enable if/when they want. */
 249:Generated_Source\PSoC4/cyfitter_cfg.c **** 	CyGlobalIntDisable;
 181              		.loc 1 249 0
 182              		.syntax divided
 183              	@ 249 "Generated_Source\PSoC4\cyfitter_cfg.c" 1
 184 007e 72B6     		CPSID   i
 185              	@ 0 "" 2
 186              	.LVL6:
 187              		.thumb
 188              		.syntax unified
 189              	.LBB2:
 250:Generated_Source\PSoC4/cyfitter_cfg.c **** 
 251:Generated_Source\PSoC4/cyfitter_cfg.c **** 	{
ARM GAS  C:\Users\mahe\AppData\Local\Temp\cctbv15l.s 			page 9


 252:Generated_Source\PSoC4/cyfitter_cfg.c **** 
 253:Generated_Source\PSoC4/cyfitter_cfg.c **** 		CYPACKED typedef struct {
 254:Generated_Source\PSoC4/cyfitter_cfg.c **** 			void CYFAR *address;
 255:Generated_Source\PSoC4/cyfitter_cfg.c **** 			uint16 size;
 256:Generated_Source\PSoC4/cyfitter_cfg.c **** 		} CYPACKED_ATTR cfg_memset_t;
 257:Generated_Source\PSoC4/cyfitter_cfg.c **** 
 258:Generated_Source\PSoC4/cyfitter_cfg.c **** 		static const cfg_memset_t CYCODE cfg_memset_list[] = {
 259:Generated_Source\PSoC4/cyfitter_cfg.c **** 			/* address, size */
 260:Generated_Source\PSoC4/cyfitter_cfg.c **** 			{(void CYFAR *)(CYDEV_UDB_P0_U0_BASE), 1024u},
 261:Generated_Source\PSoC4/cyfitter_cfg.c **** 			{(void CYFAR *)(CYDEV_UDB_DSI0_BASE), 1024u},
 262:Generated_Source\PSoC4/cyfitter_cfg.c **** 		};
 263:Generated_Source\PSoC4/cyfitter_cfg.c **** 
 264:Generated_Source\PSoC4/cyfitter_cfg.c **** 		uint8 CYDATA i;
 265:Generated_Source\PSoC4/cyfitter_cfg.c **** 
 266:Generated_Source\PSoC4/cyfitter_cfg.c **** 		/* Zero out critical memory blocks before beginning configuration */
 267:Generated_Source\PSoC4/cyfitter_cfg.c **** 		for (i = 0u; i < (sizeof(cfg_memset_list)/sizeof(cfg_memset_list[0])); i++)
 190              		.loc 1 267 0
 191 0080 0024     		movs	r4, #0
 192 0082 0FE0     		b	.L9
 193              	.LVL7:
 194              	.L10:
 195              	.LBB3:
 268:Generated_Source\PSoC4/cyfitter_cfg.c **** 		{
 269:Generated_Source\PSoC4/cyfitter_cfg.c **** 			const cfg_memset_t CYCODE * CYDATA ms = &cfg_memset_list[i];
 270:Generated_Source\PSoC4/cyfitter_cfg.c **** 			CYMEMZERO(ms->address, (size_t)(uint32)(ms->size));
 196              		.loc 1 270 0 discriminator 3
 197 0084 1948     		ldr	r0, .L11
 198 0086 6200     		lsls	r2, r4, #1
 199 0088 1319     		adds	r3, r2, r4
 200 008a 5900     		lsls	r1, r3, #1
 201 008c 0B00     		movs	r3, r1
 202 008e 4118     		adds	r1, r0, r1
 203 0090 8988     		ldrh	r1, [r1, #4]
 204 0092 1A5A     		ldrh	r2, [r3, r0]
 205 0094 C318     		adds	r3, r0, r3
 206 0096 5888     		ldrh	r0, [r3, #2]
 207 0098 0004     		lsls	r0, r0, #16
 208 009a 1043     		orrs	r0, r2
 209 009c FFF7FEFF 		bl	CYMEMZERO
 210              	.LVL8:
 211              	.LBE3:
 267:Generated_Source\PSoC4/cyfitter_cfg.c **** 		{
 212              		.loc 1 267 0 discriminator 3
 213 00a0 0134     		adds	r4, r4, #1
 214              	.LVL9:
 215 00a2 E4B2     		uxtb	r4, r4
 216              	.LVL10:
 217              	.L9:
 267:Generated_Source\PSoC4/cyfitter_cfg.c **** 		{
 218              		.loc 1 267 0 is_stmt 0 discriminator 1
 219 00a4 012C     		cmp	r4, #1
 220 00a6 EDD9     		bls	.L10
 271:Generated_Source\PSoC4/cyfitter_cfg.c **** 		}
 272:Generated_Source\PSoC4/cyfitter_cfg.c **** 
 273:Generated_Source\PSoC4/cyfitter_cfg.c **** 		/* HSIOM Starting address: CYDEV_HSIOM_BASE */
 274:Generated_Source\PSoC4/cyfitter_cfg.c **** 		CY_SET_REG32((void *)(CYREG_HSIOM_PORT_SEL3), 0x0000EE00u);
 221              		.loc 1 274 0 is_stmt 1
ARM GAS  C:\Users\mahe\AppData\Local\Temp\cctbv15l.s 			page 10


 222 00a8 EE22     		movs	r2, #238
 223 00aa 1202     		lsls	r2, r2, #8
 224 00ac 104B     		ldr	r3, .L11+4
 225 00ae 1A60     		str	r2, [r3]
 275:Generated_Source\PSoC4/cyfitter_cfg.c **** 
 276:Generated_Source\PSoC4/cyfitter_cfg.c **** 		/* UDB_PA_0 Starting address: CYDEV_UDB_PA0_BASE */
 277:Generated_Source\PSoC4/cyfitter_cfg.c **** 		CY_SET_REG32((void *)(CYDEV_UDB_PA0_BASE), 0x00990000u);
 226              		.loc 1 277 0
 227 00b0 9923     		movs	r3, #153
 228 00b2 1B04     		lsls	r3, r3, #16
 229 00b4 0F4A     		ldr	r2, .L11+8
 230 00b6 1360     		str	r3, [r2]
 278:Generated_Source\PSoC4/cyfitter_cfg.c **** 
 279:Generated_Source\PSoC4/cyfitter_cfg.c **** 		/* UDB_PA_2 Starting address: CYDEV_UDB_PA2_BASE */
 280:Generated_Source\PSoC4/cyfitter_cfg.c **** 		CY_SET_REG32((void *)(CYDEV_UDB_PA2_BASE), 0x00990000u);
 231              		.loc 1 280 0
 232 00b8 0F4A     		ldr	r2, .L11+12
 233 00ba 1360     		str	r3, [r2]
 281:Generated_Source\PSoC4/cyfitter_cfg.c **** 
 282:Generated_Source\PSoC4/cyfitter_cfg.c **** 		/* UDB_PA_3 Starting address: CYDEV_UDB_PA3_BASE */
 283:Generated_Source\PSoC4/cyfitter_cfg.c **** 		CY_SET_REG32((void *)(CYDEV_UDB_PA3_BASE), 0x00990000u);
 234              		.loc 1 283 0
 235 00bc 0F4A     		ldr	r2, .L11+16
 236 00be 1360     		str	r3, [r2]
 284:Generated_Source\PSoC4/cyfitter_cfg.c **** 
 285:Generated_Source\PSoC4/cyfitter_cfg.c **** 		/* Enable digital routing */
 286:Generated_Source\PSoC4/cyfitter_cfg.c **** 		CY_SET_XTND_REG8((void *)CYREG_UDB_UDBIF_BANK_CTL, (uint8)(CY_GET_XTND_REG8((void *)CYREG_UDB_UDB
 237              		.loc 1 286 0
 238 00c0 0F4A     		ldr	r2, .L11+20
 239 00c2 1178     		ldrb	r1, [r2]
 240 00c4 0623     		movs	r3, #6
 241 00c6 0B43     		orrs	r3, r1
 242 00c8 DBB2     		uxtb	r3, r3
 243 00ca 1370     		strb	r3, [r2]
 244              	.LBE2:
 287:Generated_Source\PSoC4/cyfitter_cfg.c **** 	}
 288:Generated_Source\PSoC4/cyfitter_cfg.c **** 
 289:Generated_Source\PSoC4/cyfitter_cfg.c **** 	/* Perform second pass device configuration. These items must be configured in specific order afte
 290:Generated_Source\PSoC4/cyfitter_cfg.c **** 	/* IOPINS0_0 Starting address: CYDEV_GPIO_PRT0_BASE */
 291:Generated_Source\PSoC4/cyfitter_cfg.c **** 	CY_SET_REG32((void *)(CYREG_GPIO_PRT0_PC), 0x00180000u);
 245              		.loc 1 291 0
 246 00cc C023     		movs	r3, #192
 247 00ce 5B03     		lsls	r3, r3, #13
 248 00d0 0C4A     		ldr	r2, .L11+24
 249 00d2 1360     		str	r3, [r2]
 292:Generated_Source\PSoC4/cyfitter_cfg.c **** 
 293:Generated_Source\PSoC4/cyfitter_cfg.c **** 	/* IOPINS0_2 Starting address: CYDEV_GPIO_PRT2_BASE */
 294:Generated_Source\PSoC4/cyfitter_cfg.c **** 	CY_SET_REG32((void *)(CYREG_GPIO_PRT2_PC), 0x00180000u);
 250              		.loc 1 294 0
 251 00d4 0C4A     		ldr	r2, .L11+28
 252 00d6 1360     		str	r3, [r2]
 295:Generated_Source\PSoC4/cyfitter_cfg.c **** 
 296:Generated_Source\PSoC4/cyfitter_cfg.c **** 	/* IOPINS0_3 Starting address: CYDEV_GPIO_PRT3_BASE */
 297:Generated_Source\PSoC4/cyfitter_cfg.c **** 	CY_SET_REG32((void *)(CYREG_GPIO_PRT3_PC), 0x00000D80u);
 253              		.loc 1 297 0
 254 00d8 D822     		movs	r2, #216
 255 00da 1201     		lsls	r2, r2, #4
ARM GAS  C:\Users\mahe\AppData\Local\Temp\cctbv15l.s 			page 11


 256 00dc 0B4B     		ldr	r3, .L11+32
 257 00de 1A60     		str	r2, [r3]
 298:Generated_Source\PSoC4/cyfitter_cfg.c **** 
 299:Generated_Source\PSoC4/cyfitter_cfg.c **** 
 300:Generated_Source\PSoC4/cyfitter_cfg.c **** 	/* Setup clocks based on selections from Clock DWR */
 301:Generated_Source\PSoC4/cyfitter_cfg.c **** 	ClockSetup();
 258              		.loc 1 301 0
 259 00e0 FFF78EFF 		bl	ClockSetup
 260              	.LVL11:
 302:Generated_Source\PSoC4/cyfitter_cfg.c **** 
 303:Generated_Source\PSoC4/cyfitter_cfg.c **** 	/* Perform basic analog initialization to defaults */
 304:Generated_Source\PSoC4/cyfitter_cfg.c **** 	AnalogSetDefault();
 261              		.loc 1 304 0
 262 00e4 FFF7FEFF 		bl	AnalogSetDefault
 263              	.LVL12:
 305:Generated_Source\PSoC4/cyfitter_cfg.c **** 
 306:Generated_Source\PSoC4/cyfitter_cfg.c **** }
 264              		.loc 1 306 0
 265              		@ sp needed
 266              	.LVL13:
 267 00e8 10BD     		pop	{r4, pc}
 268              	.L12:
 269 00ea C046     		.align	2
 270              	.L11:
 271 00ec 00000000 		.word	.LANCHOR0
 272 00f0 00030240 		.word	1073873664
 273 00f4 00500F40 		.word	1074745344
 274 00f8 20500F40 		.word	1074745376
 275 00fc 30500F40 		.word	1074745392
 276 0100 00700F40 		.word	1074753536
 277 0104 08000440 		.word	1074003976
 278 0108 08020440 		.word	1074004488
 279 010c 08030440 		.word	1074004744
 280              		.cfi_endproc
 281              	.LFE6:
 282              		.size	cyfitter_cfg, .-cyfitter_cfg
 283              		.section	.rodata
 284              		.align	2
 285              		.set	.LANCHOR0,. + 0
 286              		.type	cfg_memset_list.4888, %object
 287              		.size	cfg_memset_list.4888, 12
 288              	cfg_memset_list.4888:
 289 0000 00300F40 		.word	1074737152
 290 0004 0004     		.short	1024
 291 0006 00400F40 		.4byte	1074741248
 292 000a 0004     		.short	1024
 293              		.text
 294              	.Letext0:
 295              		.file 2 "c:\\program files (x86)\\cypress\\psoc creator\\4.2\\psoc creator\\import\\gnu\\arm\\5.4.
 296              		.file 3 "Generated_Source\\PSoC4\\cytypes.h"
 297              		.file 4 "Generated_Source\\PSoC4\\CyLib.h"
 298              		.section	.debug_info,"",%progbits
 299              	.Ldebug_info0:
 300 0000 91020000 		.4byte	0x291
 301 0004 0400     		.2byte	0x4
 302 0006 00000000 		.4byte	.Ldebug_abbrev0
 303 000a 04       		.byte	0x4
ARM GAS  C:\Users\mahe\AppData\Local\Temp\cctbv15l.s 			page 12


 304 000b 01       		.uleb128 0x1
 305 000c FC000000 		.4byte	.LASF29
 306 0010 0C       		.byte	0xc
 307 0011 28020000 		.4byte	.LASF30
 308 0015 AE010000 		.4byte	.LASF31
 309 0019 00000000 		.4byte	.Ldebug_ranges0+0
 310 001d 00000000 		.4byte	0
 311 0021 00000000 		.4byte	.Ldebug_line0
 312 0025 02       		.uleb128 0x2
 313 0026 04       		.byte	0x4
 314 0027 05       		.byte	0x5
 315 0028 696E7400 		.ascii	"int\000"
 316 002c 03       		.uleb128 0x3
 317 002d 06000000 		.4byte	.LASF12
 318 0031 02       		.byte	0x2
 319 0032 D8       		.byte	0xd8
 320 0033 37000000 		.4byte	0x37
 321 0037 04       		.uleb128 0x4
 322 0038 04       		.byte	0x4
 323 0039 07       		.byte	0x7
 324 003a C3000000 		.4byte	.LASF0
 325 003e 04       		.uleb128 0x4
 326 003f 08       		.byte	0x8
 327 0040 05       		.byte	0x5
 328 0041 A0010000 		.4byte	.LASF1
 329 0045 04       		.uleb128 0x4
 330 0046 08       		.byte	0x8
 331 0047 04       		.byte	0x4
 332 0048 10020000 		.4byte	.LASF2
 333 004c 04       		.uleb128 0x4
 334 004d 01       		.byte	0x1
 335 004e 06       		.byte	0x6
 336 004f 1C020000 		.4byte	.LASF3
 337 0053 04       		.uleb128 0x4
 338 0054 01       		.byte	0x1
 339 0055 08       		.byte	0x8
 340 0056 8D000000 		.4byte	.LASF4
 341 005a 04       		.uleb128 0x4
 342 005b 02       		.byte	0x2
 343 005c 05       		.byte	0x5
 344 005d E8010000 		.4byte	.LASF5
 345 0061 04       		.uleb128 0x4
 346 0062 02       		.byte	0x2
 347 0063 07       		.byte	0x7
 348 0064 48000000 		.4byte	.LASF6
 349 0068 04       		.uleb128 0x4
 350 0069 04       		.byte	0x4
 351 006a 05       		.byte	0x5
 352 006b 07020000 		.4byte	.LASF7
 353 006f 04       		.uleb128 0x4
 354 0070 04       		.byte	0x4
 355 0071 07       		.byte	0x7
 356 0072 6B000000 		.4byte	.LASF8
 357 0076 04       		.uleb128 0x4
 358 0077 08       		.byte	0x8
 359 0078 07       		.byte	0x7
 360 0079 E5000000 		.4byte	.LASF9
ARM GAS  C:\Users\mahe\AppData\Local\Temp\cctbv15l.s 			page 13


 361 007d 04       		.uleb128 0x4
 362 007e 04       		.byte	0x4
 363 007f 07       		.byte	0x7
 364 0080 97010000 		.4byte	.LASF10
 365 0084 05       		.uleb128 0x5
 366 0085 04       		.byte	0x4
 367 0086 04       		.uleb128 0x4
 368 0087 01       		.byte	0x1
 369 0088 08       		.byte	0x8
 370 0089 E3010000 		.4byte	.LASF11
 371 008d 06       		.uleb128 0x6
 372 008e 7D000000 		.4byte	.LASF13
 373 0092 03       		.byte	0x3
 374 0093 E401     		.2byte	0x1e4
 375 0095 53000000 		.4byte	0x53
 376 0099 06       		.uleb128 0x6
 377 009a B5000000 		.4byte	.LASF14
 378 009e 03       		.byte	0x3
 379 009f E501     		.2byte	0x1e5
 380 00a1 61000000 		.4byte	0x61
 381 00a5 06       		.uleb128 0x6
 382 00a6 BC000000 		.4byte	.LASF15
 383 00aa 03       		.byte	0x3
 384 00ab E601     		.2byte	0x1e6
 385 00ad 6F000000 		.4byte	0x6f
 386 00b1 04       		.uleb128 0x4
 387 00b2 04       		.byte	0x4
 388 00b3 04       		.byte	0x4
 389 00b4 5B000000 		.4byte	.LASF16
 390 00b8 04       		.uleb128 0x4
 391 00b9 08       		.byte	0x8
 392 00ba 04       		.byte	0x4
 393 00bb A2000000 		.4byte	.LASF17
 394 00bf 06       		.uleb128 0x6
 395 00c0 66000000 		.4byte	.LASF18
 396 00c4 03       		.byte	0x3
 397 00c5 8E02     		.2byte	0x28e
 398 00c7 CB000000 		.4byte	0xcb
 399 00cb 07       		.uleb128 0x7
 400 00cc 8D000000 		.4byte	0x8d
 401 00d0 06       		.uleb128 0x6
 402 00d1 00000000 		.4byte	.LASF19
 403 00d5 03       		.byte	0x3
 404 00d6 9002     		.2byte	0x290
 405 00d8 DC000000 		.4byte	0xdc
 406 00dc 07       		.uleb128 0x7
 407 00dd A5000000 		.4byte	0xa5
 408 00e1 08       		.uleb128 0x8
 409 00e2 0D000000 		.4byte	.LASF32
 410 00e6 01       		.byte	0x1
 411 00e7 DB       		.byte	0xdb
 412 00e8 00000000 		.4byte	.LFB5
 413 00ec 20000000 		.4byte	.LFE5-.LFB5
 414 00f0 01       		.uleb128 0x1
 415 00f1 9C       		.byte	0x9c
 416 00f2 09       		.uleb128 0x9
 417 00f3 83000000 		.4byte	.LASF20
ARM GAS  C:\Users\mahe\AppData\Local\Temp\cctbv15l.s 			page 14


 418 00f7 01       		.byte	0x1
 419 00f8 4C       		.byte	0x4c
 420 00f9 00000000 		.4byte	.LFB1
 421 00fd 0C000000 		.4byte	.LFE1-.LFB1
 422 0101 01       		.uleb128 0x1
 423 0102 9C       		.byte	0x9c
 424 0103 3F010000 		.4byte	0x13f
 425 0107 0A       		.uleb128 0xa
 426 0108 7300     		.ascii	"s\000"
 427 010a 01       		.byte	0x1
 428 010b 4C       		.byte	0x4c
 429 010c 84000000 		.4byte	0x84
 430 0110 00000000 		.4byte	.LLST0
 431 0114 0A       		.uleb128 0xa
 432 0115 6E00     		.ascii	"n\000"
 433 0117 01       		.byte	0x1
 434 0118 4C       		.byte	0x4c
 435 0119 2C000000 		.4byte	0x2c
 436 011d 21000000 		.4byte	.LLST1
 437 0121 0B       		.uleb128 0xb
 438 0122 0A000000 		.4byte	.LVL2
 439 0126 6A020000 		.4byte	0x26a
 440 012a 0C       		.uleb128 0xc
 441 012b 01       		.uleb128 0x1
 442 012c 50       		.byte	0x50
 443 012d 03       		.uleb128 0x3
 444 012e F3       		.byte	0xf3
 445 012f 01       		.uleb128 0x1
 446 0130 50       		.byte	0x50
 447 0131 0C       		.uleb128 0xc
 448 0132 01       		.uleb128 0x1
 449 0133 51       		.byte	0x51
 450 0134 01       		.uleb128 0x1
 451 0135 30       		.byte	0x30
 452 0136 0C       		.uleb128 0xc
 453 0137 01       		.uleb128 0x1
 454 0138 52       		.byte	0x52
 455 0139 03       		.uleb128 0x3
 456 013a F3       		.byte	0xf3
 457 013b 01       		.uleb128 0x1
 458 013c 51       		.byte	0x51
 459 013d 00       		.byte	0
 460 013e 00       		.byte	0
 461 013f 09       		.uleb128 0x9
 462 0140 3D000000 		.4byte	.LASF21
 463 0144 01       		.byte	0x1
 464 0145 AA       		.byte	0xaa
 465 0146 00000000 		.4byte	.LFB4
 466 014a 7C000000 		.4byte	.LFE4-.LFB4
 467 014e 01       		.uleb128 0x1
 468 014f 9C       		.byte	0x9c
 469 0150 8B010000 		.4byte	0x18b
 470 0154 0D       		.uleb128 0xd
 471 0155 0E000000 		.4byte	.LVL3
 472 0159 73020000 		.4byte	0x273
 473 015d 68010000 		.4byte	0x168
 474 0161 0C       		.uleb128 0xc
ARM GAS  C:\Users\mahe\AppData\Local\Temp\cctbv15l.s 			page 15


 475 0162 01       		.uleb128 0x1
 476 0163 50       		.byte	0x50
 477 0164 02       		.uleb128 0x2
 478 0165 08       		.byte	0x8
 479 0166 30       		.byte	0x30
 480 0167 00       		.byte	0
 481 0168 0D       		.uleb128 0xd
 482 0169 3E000000 		.4byte	.LVL4
 483 016d 7E020000 		.4byte	0x27e
 484 0171 7B010000 		.4byte	0x17b
 485 0175 0C       		.uleb128 0xc
 486 0176 01       		.uleb128 0x1
 487 0177 50       		.byte	0x50
 488 0178 01       		.uleb128 0x1
 489 0179 37       		.byte	0x37
 490 017a 00       		.byte	0
 491 017b 0B       		.uleb128 0xb
 492 017c 44000000 		.4byte	.LVL5
 493 0180 89020000 		.4byte	0x289
 494 0184 0C       		.uleb128 0xc
 495 0185 01       		.uleb128 0x1
 496 0186 50       		.byte	0x50
 497 0187 01       		.uleb128 0x1
 498 0188 37       		.byte	0x37
 499 0189 00       		.byte	0
 500 018a 00       		.byte	0
 501 018b 0E       		.uleb128 0xe
 502 018c D0000000 		.4byte	.LASF33
 503 0190 01       		.byte	0x1
 504 0191 F6       		.byte	0xf6
 505 0192 7C000000 		.4byte	.LFB6
 506 0196 94000000 		.4byte	.LFE6-.LFB6
 507 019a 01       		.uleb128 0x1
 508 019b 9C       		.byte	0x9c
 509 019c 6A020000 		.4byte	0x26a
 510 01a0 0F       		.uleb128 0xf
 511 01a1 80000000 		.4byte	.LBB2
 512 01a5 4C000000 		.4byte	.LBE2-.LBB2
 513 01a9 57020000 		.4byte	0x257
 514 01ad 10       		.uleb128 0x10
 515 01ae 06       		.byte	0x6
 516 01af 01       		.byte	0x1
 517 01b0 FD       		.byte	0xfd
 518 01b1 CE010000 		.4byte	0x1ce
 519 01b5 11       		.uleb128 0x11
 520 01b6 DD000000 		.4byte	.LASF22
 521 01ba 01       		.byte	0x1
 522 01bb FE       		.byte	0xfe
 523 01bc 84000000 		.4byte	0x84
 524 01c0 00       		.byte	0
 525 01c1 11       		.uleb128 0x11
 526 01c2 61000000 		.4byte	.LASF23
 527 01c6 01       		.byte	0x1
 528 01c7 FF       		.byte	0xff
 529 01c8 99000000 		.4byte	0x99
 530 01cc 04       		.byte	0x4
 531 01cd 00       		.byte	0
ARM GAS  C:\Users\mahe\AppData\Local\Temp\cctbv15l.s 			page 16


 532 01ce 06       		.uleb128 0x6
 533 01cf 8A010000 		.4byte	.LASF24
 534 01d3 01       		.byte	0x1
 535 01d4 0001     		.2byte	0x100
 536 01d6 AD010000 		.4byte	0x1ad
 537 01da 12       		.uleb128 0x12
 538 01db EA010000 		.4byte	0x1ea
 539 01df EA010000 		.4byte	0x1ea
 540 01e3 13       		.uleb128 0x13
 541 01e4 7D000000 		.4byte	0x7d
 542 01e8 01       		.byte	0x1
 543 01e9 00       		.byte	0
 544 01ea 14       		.uleb128 0x14
 545 01eb CE010000 		.4byte	0x1ce
 546 01ef 15       		.uleb128 0x15
 547 01f0 2D000000 		.4byte	.LASF25
 548 01f4 01       		.byte	0x1
 549 01f5 0201     		.2byte	0x102
 550 01f7 01020000 		.4byte	0x201
 551 01fb 05       		.uleb128 0x5
 552 01fc 03       		.byte	0x3
 553 01fd 00000000 		.4byte	cfg_memset_list.4888
 554 0201 14       		.uleb128 0x14
 555 0202 DA010000 		.4byte	0x1da
 556 0206 16       		.uleb128 0x16
 557 0207 6900     		.ascii	"i\000"
 558 0209 01       		.byte	0x1
 559 020a 0801     		.2byte	0x108
 560 020c 8D000000 		.4byte	0x8d
 561 0210 4D000000 		.4byte	.LLST2
 562 0214 17       		.uleb128 0x17
 563 0215 84000000 		.4byte	.LBB3
 564 0219 1C000000 		.4byte	.LBE3-.LBB3
 565 021d 16       		.uleb128 0x16
 566 021e 6D7300   		.ascii	"ms\000"
 567 0221 01       		.byte	0x1
 568 0222 0D01     		.2byte	0x10d
 569 0224 2C020000 		.4byte	0x22c
 570 0228 77000000 		.4byte	.LLST3
 571 022c 18       		.uleb128 0x18
 572 022d 04       		.byte	0x4
 573 022e EA010000 		.4byte	0x1ea
 574 0232 0B       		.uleb128 0xb
 575 0233 A0000000 		.4byte	.LVL8
 576 0237 F2000000 		.4byte	0xf2
 577 023b 0C       		.uleb128 0xc
 578 023c 01       		.uleb128 0x1
 579 023d 51       		.byte	0x51
 580 023e 15       		.uleb128 0x15
 581 023f 74       		.byte	0x74
 582 0240 00       		.sleb128 0
 583 0241 31       		.byte	0x31
 584 0242 24       		.byte	0x24
 585 0243 74       		.byte	0x74
 586 0244 00       		.sleb128 0
 587 0245 22       		.byte	0x22
 588 0246 31       		.byte	0x31
ARM GAS  C:\Users\mahe\AppData\Local\Temp\cctbv15l.s 			page 17


 589 0247 24       		.byte	0x24
 590 0248 03       		.byte	0x3
 591 0249 04000000 		.4byte	.LANCHOR0+4
 592 024d 22       		.byte	0x22
 593 024e 94       		.byte	0x94
 594 024f 02       		.byte	0x2
 595 0250 0A       		.byte	0xa
 596 0251 FFFF     		.2byte	0xffff
 597 0253 1A       		.byte	0x1a
 598 0254 00       		.byte	0
 599 0255 00       		.byte	0
 600 0256 00       		.byte	0
 601 0257 19       		.uleb128 0x19
 602 0258 E4000000 		.4byte	.LVL11
 603 025c 3F010000 		.4byte	0x13f
 604 0260 19       		.uleb128 0x19
 605 0261 E8000000 		.4byte	.LVL12
 606 0265 E1000000 		.4byte	0xe1
 607 0269 00       		.byte	0
 608 026a 1A       		.uleb128 0x1a
 609 026b 9B000000 		.4byte	.LASF34
 610 026f 9B000000 		.4byte	.LASF34
 611 0273 1B       		.uleb128 0x1b
 612 0274 F2010000 		.4byte	.LASF26
 613 0278 F2010000 		.4byte	.LASF26
 614 027c 04       		.byte	0x4
 615 027d 6C       		.byte	0x6c
 616 027e 1B       		.uleb128 0x1b
 617 027f 1E000000 		.4byte	.LASF27
 618 0283 1E000000 		.4byte	.LASF27
 619 0287 04       		.byte	0x4
 620 0288 BD       		.byte	0xbd
 621 0289 1B       		.uleb128 0x1b
 622 028a A9000000 		.4byte	.LASF28
 623 028e A9000000 		.4byte	.LASF28
 624 0292 04       		.byte	0x4
 625 0293 C3       		.byte	0xc3
 626 0294 00       		.byte	0
 627              		.section	.debug_abbrev,"",%progbits
 628              	.Ldebug_abbrev0:
 629 0000 01       		.uleb128 0x1
 630 0001 11       		.uleb128 0x11
 631 0002 01       		.byte	0x1
 632 0003 25       		.uleb128 0x25
 633 0004 0E       		.uleb128 0xe
 634 0005 13       		.uleb128 0x13
 635 0006 0B       		.uleb128 0xb
 636 0007 03       		.uleb128 0x3
 637 0008 0E       		.uleb128 0xe
 638 0009 1B       		.uleb128 0x1b
 639 000a 0E       		.uleb128 0xe
 640 000b 55       		.uleb128 0x55
 641 000c 17       		.uleb128 0x17
 642 000d 11       		.uleb128 0x11
 643 000e 01       		.uleb128 0x1
 644 000f 10       		.uleb128 0x10
 645 0010 17       		.uleb128 0x17
ARM GAS  C:\Users\mahe\AppData\Local\Temp\cctbv15l.s 			page 18


 646 0011 00       		.byte	0
 647 0012 00       		.byte	0
 648 0013 02       		.uleb128 0x2
 649 0014 24       		.uleb128 0x24
 650 0015 00       		.byte	0
 651 0016 0B       		.uleb128 0xb
 652 0017 0B       		.uleb128 0xb
 653 0018 3E       		.uleb128 0x3e
 654 0019 0B       		.uleb128 0xb
 655 001a 03       		.uleb128 0x3
 656 001b 08       		.uleb128 0x8
 657 001c 00       		.byte	0
 658 001d 00       		.byte	0
 659 001e 03       		.uleb128 0x3
 660 001f 16       		.uleb128 0x16
 661 0020 00       		.byte	0
 662 0021 03       		.uleb128 0x3
 663 0022 0E       		.uleb128 0xe
 664 0023 3A       		.uleb128 0x3a
 665 0024 0B       		.uleb128 0xb
 666 0025 3B       		.uleb128 0x3b
 667 0026 0B       		.uleb128 0xb
 668 0027 49       		.uleb128 0x49
 669 0028 13       		.uleb128 0x13
 670 0029 00       		.byte	0
 671 002a 00       		.byte	0
 672 002b 04       		.uleb128 0x4
 673 002c 24       		.uleb128 0x24
 674 002d 00       		.byte	0
 675 002e 0B       		.uleb128 0xb
 676 002f 0B       		.uleb128 0xb
 677 0030 3E       		.uleb128 0x3e
 678 0031 0B       		.uleb128 0xb
 679 0032 03       		.uleb128 0x3
 680 0033 0E       		.uleb128 0xe
 681 0034 00       		.byte	0
 682 0035 00       		.byte	0
 683 0036 05       		.uleb128 0x5
 684 0037 0F       		.uleb128 0xf
 685 0038 00       		.byte	0
 686 0039 0B       		.uleb128 0xb
 687 003a 0B       		.uleb128 0xb
 688 003b 00       		.byte	0
 689 003c 00       		.byte	0
 690 003d 06       		.uleb128 0x6
 691 003e 16       		.uleb128 0x16
 692 003f 00       		.byte	0
 693 0040 03       		.uleb128 0x3
 694 0041 0E       		.uleb128 0xe
 695 0042 3A       		.uleb128 0x3a
 696 0043 0B       		.uleb128 0xb
 697 0044 3B       		.uleb128 0x3b
 698 0045 05       		.uleb128 0x5
 699 0046 49       		.uleb128 0x49
 700 0047 13       		.uleb128 0x13
 701 0048 00       		.byte	0
 702 0049 00       		.byte	0
ARM GAS  C:\Users\mahe\AppData\Local\Temp\cctbv15l.s 			page 19


 703 004a 07       		.uleb128 0x7
 704 004b 35       		.uleb128 0x35
 705 004c 00       		.byte	0
 706 004d 49       		.uleb128 0x49
 707 004e 13       		.uleb128 0x13
 708 004f 00       		.byte	0
 709 0050 00       		.byte	0
 710 0051 08       		.uleb128 0x8
 711 0052 2E       		.uleb128 0x2e
 712 0053 00       		.byte	0
 713 0054 03       		.uleb128 0x3
 714 0055 0E       		.uleb128 0xe
 715 0056 3A       		.uleb128 0x3a
 716 0057 0B       		.uleb128 0xb
 717 0058 3B       		.uleb128 0x3b
 718 0059 0B       		.uleb128 0xb
 719 005a 27       		.uleb128 0x27
 720 005b 19       		.uleb128 0x19
 721 005c 11       		.uleb128 0x11
 722 005d 01       		.uleb128 0x1
 723 005e 12       		.uleb128 0x12
 724 005f 06       		.uleb128 0x6
 725 0060 40       		.uleb128 0x40
 726 0061 18       		.uleb128 0x18
 727 0062 9742     		.uleb128 0x2117
 728 0064 19       		.uleb128 0x19
 729 0065 00       		.byte	0
 730 0066 00       		.byte	0
 731 0067 09       		.uleb128 0x9
 732 0068 2E       		.uleb128 0x2e
 733 0069 01       		.byte	0x1
 734 006a 03       		.uleb128 0x3
 735 006b 0E       		.uleb128 0xe
 736 006c 3A       		.uleb128 0x3a
 737 006d 0B       		.uleb128 0xb
 738 006e 3B       		.uleb128 0x3b
 739 006f 0B       		.uleb128 0xb
 740 0070 27       		.uleb128 0x27
 741 0071 19       		.uleb128 0x19
 742 0072 11       		.uleb128 0x11
 743 0073 01       		.uleb128 0x1
 744 0074 12       		.uleb128 0x12
 745 0075 06       		.uleb128 0x6
 746 0076 40       		.uleb128 0x40
 747 0077 18       		.uleb128 0x18
 748 0078 9742     		.uleb128 0x2117
 749 007a 19       		.uleb128 0x19
 750 007b 01       		.uleb128 0x1
 751 007c 13       		.uleb128 0x13
 752 007d 00       		.byte	0
 753 007e 00       		.byte	0
 754 007f 0A       		.uleb128 0xa
 755 0080 05       		.uleb128 0x5
 756 0081 00       		.byte	0
 757 0082 03       		.uleb128 0x3
 758 0083 08       		.uleb128 0x8
 759 0084 3A       		.uleb128 0x3a
ARM GAS  C:\Users\mahe\AppData\Local\Temp\cctbv15l.s 			page 20


 760 0085 0B       		.uleb128 0xb
 761 0086 3B       		.uleb128 0x3b
 762 0087 0B       		.uleb128 0xb
 763 0088 49       		.uleb128 0x49
 764 0089 13       		.uleb128 0x13
 765 008a 02       		.uleb128 0x2
 766 008b 17       		.uleb128 0x17
 767 008c 00       		.byte	0
 768 008d 00       		.byte	0
 769 008e 0B       		.uleb128 0xb
 770 008f 898201   		.uleb128 0x4109
 771 0092 01       		.byte	0x1
 772 0093 11       		.uleb128 0x11
 773 0094 01       		.uleb128 0x1
 774 0095 31       		.uleb128 0x31
 775 0096 13       		.uleb128 0x13
 776 0097 00       		.byte	0
 777 0098 00       		.byte	0
 778 0099 0C       		.uleb128 0xc
 779 009a 8A8201   		.uleb128 0x410a
 780 009d 00       		.byte	0
 781 009e 02       		.uleb128 0x2
 782 009f 18       		.uleb128 0x18
 783 00a0 9142     		.uleb128 0x2111
 784 00a2 18       		.uleb128 0x18
 785 00a3 00       		.byte	0
 786 00a4 00       		.byte	0
 787 00a5 0D       		.uleb128 0xd
 788 00a6 898201   		.uleb128 0x4109
 789 00a9 01       		.byte	0x1
 790 00aa 11       		.uleb128 0x11
 791 00ab 01       		.uleb128 0x1
 792 00ac 31       		.uleb128 0x31
 793 00ad 13       		.uleb128 0x13
 794 00ae 01       		.uleb128 0x1
 795 00af 13       		.uleb128 0x13
 796 00b0 00       		.byte	0
 797 00b1 00       		.byte	0
 798 00b2 0E       		.uleb128 0xe
 799 00b3 2E       		.uleb128 0x2e
 800 00b4 01       		.byte	0x1
 801 00b5 3F       		.uleb128 0x3f
 802 00b6 19       		.uleb128 0x19
 803 00b7 03       		.uleb128 0x3
 804 00b8 0E       		.uleb128 0xe
 805 00b9 3A       		.uleb128 0x3a
 806 00ba 0B       		.uleb128 0xb
 807 00bb 3B       		.uleb128 0x3b
 808 00bc 0B       		.uleb128 0xb
 809 00bd 27       		.uleb128 0x27
 810 00be 19       		.uleb128 0x19
 811 00bf 11       		.uleb128 0x11
 812 00c0 01       		.uleb128 0x1
 813 00c1 12       		.uleb128 0x12
 814 00c2 06       		.uleb128 0x6
 815 00c3 40       		.uleb128 0x40
 816 00c4 18       		.uleb128 0x18
ARM GAS  C:\Users\mahe\AppData\Local\Temp\cctbv15l.s 			page 21


 817 00c5 9742     		.uleb128 0x2117
 818 00c7 19       		.uleb128 0x19
 819 00c8 01       		.uleb128 0x1
 820 00c9 13       		.uleb128 0x13
 821 00ca 00       		.byte	0
 822 00cb 00       		.byte	0
 823 00cc 0F       		.uleb128 0xf
 824 00cd 0B       		.uleb128 0xb
 825 00ce 01       		.byte	0x1
 826 00cf 11       		.uleb128 0x11
 827 00d0 01       		.uleb128 0x1
 828 00d1 12       		.uleb128 0x12
 829 00d2 06       		.uleb128 0x6
 830 00d3 01       		.uleb128 0x1
 831 00d4 13       		.uleb128 0x13
 832 00d5 00       		.byte	0
 833 00d6 00       		.byte	0
 834 00d7 10       		.uleb128 0x10
 835 00d8 13       		.uleb128 0x13
 836 00d9 01       		.byte	0x1
 837 00da 0B       		.uleb128 0xb
 838 00db 0B       		.uleb128 0xb
 839 00dc 3A       		.uleb128 0x3a
 840 00dd 0B       		.uleb128 0xb
 841 00de 3B       		.uleb128 0x3b
 842 00df 0B       		.uleb128 0xb
 843 00e0 01       		.uleb128 0x1
 844 00e1 13       		.uleb128 0x13
 845 00e2 00       		.byte	0
 846 00e3 00       		.byte	0
 847 00e4 11       		.uleb128 0x11
 848 00e5 0D       		.uleb128 0xd
 849 00e6 00       		.byte	0
 850 00e7 03       		.uleb128 0x3
 851 00e8 0E       		.uleb128 0xe
 852 00e9 3A       		.uleb128 0x3a
 853 00ea 0B       		.uleb128 0xb
 854 00eb 3B       		.uleb128 0x3b
 855 00ec 0B       		.uleb128 0xb
 856 00ed 49       		.uleb128 0x49
 857 00ee 13       		.uleb128 0x13
 858 00ef 38       		.uleb128 0x38
 859 00f0 0B       		.uleb128 0xb
 860 00f1 00       		.byte	0
 861 00f2 00       		.byte	0
 862 00f3 12       		.uleb128 0x12
 863 00f4 01       		.uleb128 0x1
 864 00f5 01       		.byte	0x1
 865 00f6 49       		.uleb128 0x49
 866 00f7 13       		.uleb128 0x13
 867 00f8 01       		.uleb128 0x1
 868 00f9 13       		.uleb128 0x13
 869 00fa 00       		.byte	0
 870 00fb 00       		.byte	0
 871 00fc 13       		.uleb128 0x13
 872 00fd 21       		.uleb128 0x21
 873 00fe 00       		.byte	0
ARM GAS  C:\Users\mahe\AppData\Local\Temp\cctbv15l.s 			page 22


 874 00ff 49       		.uleb128 0x49
 875 0100 13       		.uleb128 0x13
 876 0101 2F       		.uleb128 0x2f
 877 0102 0B       		.uleb128 0xb
 878 0103 00       		.byte	0
 879 0104 00       		.byte	0
 880 0105 14       		.uleb128 0x14
 881 0106 26       		.uleb128 0x26
 882 0107 00       		.byte	0
 883 0108 49       		.uleb128 0x49
 884 0109 13       		.uleb128 0x13
 885 010a 00       		.byte	0
 886 010b 00       		.byte	0
 887 010c 15       		.uleb128 0x15
 888 010d 34       		.uleb128 0x34
 889 010e 00       		.byte	0
 890 010f 03       		.uleb128 0x3
 891 0110 0E       		.uleb128 0xe
 892 0111 3A       		.uleb128 0x3a
 893 0112 0B       		.uleb128 0xb
 894 0113 3B       		.uleb128 0x3b
 895 0114 05       		.uleb128 0x5
 896 0115 49       		.uleb128 0x49
 897 0116 13       		.uleb128 0x13
 898 0117 02       		.uleb128 0x2
 899 0118 18       		.uleb128 0x18
 900 0119 00       		.byte	0
 901 011a 00       		.byte	0
 902 011b 16       		.uleb128 0x16
 903 011c 34       		.uleb128 0x34
 904 011d 00       		.byte	0
 905 011e 03       		.uleb128 0x3
 906 011f 08       		.uleb128 0x8
 907 0120 3A       		.uleb128 0x3a
 908 0121 0B       		.uleb128 0xb
 909 0122 3B       		.uleb128 0x3b
 910 0123 05       		.uleb128 0x5
 911 0124 49       		.uleb128 0x49
 912 0125 13       		.uleb128 0x13
 913 0126 02       		.uleb128 0x2
 914 0127 17       		.uleb128 0x17
 915 0128 00       		.byte	0
 916 0129 00       		.byte	0
 917 012a 17       		.uleb128 0x17
 918 012b 0B       		.uleb128 0xb
 919 012c 01       		.byte	0x1
 920 012d 11       		.uleb128 0x11
 921 012e 01       		.uleb128 0x1
 922 012f 12       		.uleb128 0x12
 923 0130 06       		.uleb128 0x6
 924 0131 00       		.byte	0
 925 0132 00       		.byte	0
 926 0133 18       		.uleb128 0x18
 927 0134 0F       		.uleb128 0xf
 928 0135 00       		.byte	0
 929 0136 0B       		.uleb128 0xb
 930 0137 0B       		.uleb128 0xb
ARM GAS  C:\Users\mahe\AppData\Local\Temp\cctbv15l.s 			page 23


 931 0138 49       		.uleb128 0x49
 932 0139 13       		.uleb128 0x13
 933 013a 00       		.byte	0
 934 013b 00       		.byte	0
 935 013c 19       		.uleb128 0x19
 936 013d 898201   		.uleb128 0x4109
 937 0140 00       		.byte	0
 938 0141 11       		.uleb128 0x11
 939 0142 01       		.uleb128 0x1
 940 0143 31       		.uleb128 0x31
 941 0144 13       		.uleb128 0x13
 942 0145 00       		.byte	0
 943 0146 00       		.byte	0
 944 0147 1A       		.uleb128 0x1a
 945 0148 2E       		.uleb128 0x2e
 946 0149 00       		.byte	0
 947 014a 3F       		.uleb128 0x3f
 948 014b 19       		.uleb128 0x19
 949 014c 3C       		.uleb128 0x3c
 950 014d 19       		.uleb128 0x19
 951 014e 6E       		.uleb128 0x6e
 952 014f 0E       		.uleb128 0xe
 953 0150 03       		.uleb128 0x3
 954 0151 0E       		.uleb128 0xe
 955 0152 00       		.byte	0
 956 0153 00       		.byte	0
 957 0154 1B       		.uleb128 0x1b
 958 0155 2E       		.uleb128 0x2e
 959 0156 00       		.byte	0
 960 0157 3F       		.uleb128 0x3f
 961 0158 19       		.uleb128 0x19
 962 0159 3C       		.uleb128 0x3c
 963 015a 19       		.uleb128 0x19
 964 015b 6E       		.uleb128 0x6e
 965 015c 0E       		.uleb128 0xe
 966 015d 03       		.uleb128 0x3
 967 015e 0E       		.uleb128 0xe
 968 015f 3A       		.uleb128 0x3a
 969 0160 0B       		.uleb128 0xb
 970 0161 3B       		.uleb128 0x3b
 971 0162 0B       		.uleb128 0xb
 972 0163 00       		.byte	0
 973 0164 00       		.byte	0
 974 0165 00       		.byte	0
 975              		.section	.debug_loc,"",%progbits
 976              	.Ldebug_loc0:
 977              	.LLST0:
 978 0000 00000000 		.4byte	.LVL0
 979 0004 09000000 		.4byte	.LVL2-1
 980 0008 0100     		.2byte	0x1
 981 000a 50       		.byte	0x50
 982 000b 09000000 		.4byte	.LVL2-1
 983 000f 0C000000 		.4byte	.LFE1
 984 0013 0400     		.2byte	0x4
 985 0015 F3       		.byte	0xf3
 986 0016 01       		.uleb128 0x1
 987 0017 50       		.byte	0x50
ARM GAS  C:\Users\mahe\AppData\Local\Temp\cctbv15l.s 			page 24


 988 0018 9F       		.byte	0x9f
 989 0019 00000000 		.4byte	0
 990 001d 00000000 		.4byte	0
 991              	.LLST1:
 992 0021 00000000 		.4byte	.LVL0
 993 0025 06000000 		.4byte	.LVL1
 994 0029 0100     		.2byte	0x1
 995 002b 51       		.byte	0x51
 996 002c 06000000 		.4byte	.LVL1
 997 0030 09000000 		.4byte	.LVL2-1
 998 0034 0100     		.2byte	0x1
 999 0036 52       		.byte	0x52
 1000 0037 09000000 		.4byte	.LVL2-1
 1001 003b 0C000000 		.4byte	.LFE1
 1002 003f 0400     		.2byte	0x4
 1003 0041 F3       		.byte	0xf3
 1004 0042 01       		.uleb128 0x1
 1005 0043 51       		.byte	0x51
 1006 0044 9F       		.byte	0x9f
 1007 0045 00000000 		.4byte	0
 1008 0049 00000000 		.4byte	0
 1009              	.LLST2:
 1010 004d 80000000 		.4byte	.LVL6
 1011 0051 84000000 		.4byte	.LVL7
 1012 0055 0200     		.2byte	0x2
 1013 0057 30       		.byte	0x30
 1014 0058 9F       		.byte	0x9f
 1015 0059 84000000 		.4byte	.LVL7
 1016 005d A2000000 		.4byte	.LVL9
 1017 0061 0100     		.2byte	0x1
 1018 0063 54       		.byte	0x54
 1019 0064 A4000000 		.4byte	.LVL10
 1020 0068 E8000000 		.4byte	.LVL13
 1021 006c 0100     		.2byte	0x1
 1022 006e 54       		.byte	0x54
 1023 006f 00000000 		.4byte	0
 1024 0073 00000000 		.4byte	0
 1025              	.LLST3:
 1026 0077 84000000 		.4byte	.LVL7
 1027 007b A2000000 		.4byte	.LVL9
 1028 007f 0B00     		.2byte	0xb
 1029 0081 74       		.byte	0x74
 1030 0082 00       		.sleb128 0
 1031 0083 36       		.byte	0x36
 1032 0084 1E       		.byte	0x1e
 1033 0085 03       		.byte	0x3
 1034 0086 00000000 		.4byte	cfg_memset_list.4888
 1035 008a 22       		.byte	0x22
 1036 008b 9F       		.byte	0x9f
 1037 008c A2000000 		.4byte	.LVL9
 1038 0090 A4000000 		.4byte	.LVL10
 1039 0094 0B00     		.2byte	0xb
 1040 0096 74       		.byte	0x74
 1041 0097 7F       		.sleb128 -1
 1042 0098 36       		.byte	0x36
 1043 0099 1E       		.byte	0x1e
 1044 009a 03       		.byte	0x3
ARM GAS  C:\Users\mahe\AppData\Local\Temp\cctbv15l.s 			page 25


 1045 009b 00000000 		.4byte	cfg_memset_list.4888
 1046 009f 22       		.byte	0x22
 1047 00a0 9F       		.byte	0x9f
 1048 00a1 00000000 		.4byte	0
 1049 00a5 00000000 		.4byte	0
 1050              		.section	.debug_aranges,"",%progbits
 1051 0000 34000000 		.4byte	0x34
 1052 0004 0200     		.2byte	0x2
 1053 0006 00000000 		.4byte	.Ldebug_info0
 1054 000a 04       		.byte	0x4
 1055 000b 00       		.byte	0
 1056 000c 0000     		.2byte	0
 1057 000e 0000     		.2byte	0
 1058 0010 00000000 		.4byte	.LFB5
 1059 0014 20000000 		.4byte	.LFE5-.LFB5
 1060 0018 00000000 		.4byte	.LFB1
 1061 001c 0C000000 		.4byte	.LFE1-.LFB1
 1062 0020 00000000 		.4byte	.LFB4
 1063 0024 7C000000 		.4byte	.LFE4-.LFB4
 1064 0028 7C000000 		.4byte	.LFB6
 1065 002c 94000000 		.4byte	.LFE6-.LFB6
 1066 0030 00000000 		.4byte	0
 1067 0034 00000000 		.4byte	0
 1068              		.section	.debug_ranges,"",%progbits
 1069              	.Ldebug_ranges0:
 1070 0000 00000000 		.4byte	.LFB5
 1071 0004 20000000 		.4byte	.LFE5
 1072 0008 00000000 		.4byte	.LFB1
 1073 000c 0C000000 		.4byte	.LFE1
 1074 0010 00000000 		.4byte	.LFB4
 1075 0014 7C000000 		.4byte	.LFE4
 1076 0018 7C000000 		.4byte	.LFB6
 1077 001c 10010000 		.4byte	.LFE6
 1078 0020 00000000 		.4byte	0
 1079 0024 00000000 		.4byte	0
 1080              		.section	.debug_line,"",%progbits
 1081              	.Ldebug_line0:
 1082 0000 42010000 		.section	.debug_str,"MS",%progbits,1
 1082      0200D600 
 1082      00000201 
 1082      FB0E0D00 
 1082      01010101 
 1083              	.LASF19:
 1084 0000 72656733 		.ascii	"reg32\000"
 1084      3200
 1085              	.LASF12:
 1086 0006 73697A65 		.ascii	"size_t\000"
 1086      5F7400
 1087              	.LASF32:
 1088 000d 416E616C 		.ascii	"AnalogSetDefault\000"
 1088      6F675365 
 1088      74446566 
 1088      61756C74 
 1088      00
 1089              	.LASF27:
 1090 001e 4379496E 		.ascii	"CyIntSetVector\000"
 1090      74536574 
ARM GAS  C:\Users\mahe\AppData\Local\Temp\cctbv15l.s 			page 26


 1090      56656374 
 1090      6F7200
 1091              	.LASF25:
 1092 002d 6366675F 		.ascii	"cfg_memset_list\000"
 1092      6D656D73 
 1092      65745F6C 
 1092      69737400 
 1093              	.LASF21:
 1094 003d 436C6F63 		.ascii	"ClockSetup\000"
 1094      6B536574 
 1094      757000
 1095              	.LASF6:
 1096 0048 73686F72 		.ascii	"short unsigned int\000"
 1096      7420756E 
 1096      7369676E 
 1096      65642069 
 1096      6E7400
 1097              	.LASF16:
 1098 005b 666C6F61 		.ascii	"float\000"
 1098      7400
 1099              	.LASF23:
 1100 0061 73697A65 		.ascii	"size\000"
 1100      00
 1101              	.LASF18:
 1102 0066 72656738 		.ascii	"reg8\000"
 1102      00
 1103              	.LASF8:
 1104 006b 6C6F6E67 		.ascii	"long unsigned int\000"
 1104      20756E73 
 1104      69676E65 
 1104      6420696E 
 1104      7400
 1105              	.LASF13:
 1106 007d 75696E74 		.ascii	"uint8\000"
 1106      3800
 1107              	.LASF20:
 1108 0083 43594D45 		.ascii	"CYMEMZERO\000"
 1108      4D5A4552 
 1108      4F00
 1109              	.LASF4:
 1110 008d 756E7369 		.ascii	"unsigned char\000"
 1110      676E6564 
 1110      20636861 
 1110      7200
 1111              	.LASF34:
 1112 009b 6D656D73 		.ascii	"memset\000"
 1112      657400
 1113              	.LASF17:
 1114 00a2 646F7562 		.ascii	"double\000"
 1114      6C6500
 1115              	.LASF28:
 1116 00a9 4379496E 		.ascii	"CyIntEnable\000"
 1116      74456E61 
 1116      626C6500 
 1117              	.LASF14:
 1118 00b5 75696E74 		.ascii	"uint16\000"
 1118      313600
ARM GAS  C:\Users\mahe\AppData\Local\Temp\cctbv15l.s 			page 27


 1119              	.LASF15:
 1120 00bc 75696E74 		.ascii	"uint32\000"
 1120      333200
 1121              	.LASF0:
 1122 00c3 756E7369 		.ascii	"unsigned int\000"
 1122      676E6564 
 1122      20696E74 
 1122      00
 1123              	.LASF33:
 1124 00d0 63796669 		.ascii	"cyfitter_cfg\000"
 1124      74746572 
 1124      5F636667 
 1124      00
 1125              	.LASF22:
 1126 00dd 61646472 		.ascii	"address\000"
 1126      65737300 
 1127              	.LASF9:
 1128 00e5 6C6F6E67 		.ascii	"long long unsigned int\000"
 1128      206C6F6E 
 1128      6720756E 
 1128      7369676E 
 1128      65642069 
 1129              	.LASF29:
 1130 00fc 474E5520 		.ascii	"GNU C11 5.4.1 20160609 (release) [ARM/embedded-5-br"
 1130      43313120 
 1130      352E342E 
 1130      31203230 
 1130      31363036 
 1131 012f 616E6368 		.ascii	"anch revision 237715] -mcpu=cortex-m0 -mthumb -g -O"
 1131      20726576 
 1131      6973696F 
 1131      6E203233 
 1131      37373135 
 1132 0162 67202D66 		.ascii	"g -ffunction-sections -ffat-lto-objects\000"
 1132      66756E63 
 1132      74696F6E 
 1132      2D736563 
 1132      74696F6E 
 1133              	.LASF24:
 1134 018a 6366675F 		.ascii	"cfg_memset_t\000"
 1134      6D656D73 
 1134      65745F74 
 1134      00
 1135              	.LASF10:
 1136 0197 73697A65 		.ascii	"sizetype\000"
 1136      74797065 
 1136      00
 1137              	.LASF1:
 1138 01a0 6C6F6E67 		.ascii	"long long int\000"
 1138      206C6F6E 
 1138      6720696E 
 1138      7400
 1139              	.LASF31:
 1140 01ae 443A5C44 		.ascii	"D:\\Development\\AESD\\Workspace\\Critical_Section."
 1140      6576656C 
 1140      6F706D65 
 1140      6E745C41 
ARM GAS  C:\Users\mahe\AppData\Local\Temp\cctbv15l.s 			page 28


 1140      4553445C 
 1141 01dd 63796473 		.ascii	"cydsn\000"
 1141      6E00
 1142              	.LASF11:
 1143 01e3 63686172 		.ascii	"char\000"
 1143      00
 1144              	.LASF5:
 1145 01e8 73686F72 		.ascii	"short int\000"
 1145      7420696E 
 1145      7400
 1146              	.LASF26:
 1147 01f2 43795379 		.ascii	"CySysClkWriteImoFreq\000"
 1147      73436C6B 
 1147      57726974 
 1147      65496D6F 
 1147      46726571 
 1148              	.LASF7:
 1149 0207 6C6F6E67 		.ascii	"long int\000"
 1149      20696E74 
 1149      00
 1150              	.LASF2:
 1151 0210 6C6F6E67 		.ascii	"long double\000"
 1151      20646F75 
 1151      626C6500 
 1152              	.LASF3:
 1153 021c 7369676E 		.ascii	"signed char\000"
 1153      65642063 
 1153      68617200 
 1154              	.LASF30:
 1155 0228 47656E65 		.ascii	"Generated_Source\\PSoC4\\cyfitter_cfg.c\000"
 1155      72617465 
 1155      645F536F 
 1155      75726365 
 1155      5C50536F 
 1156              		.ident	"GCC: (GNU Tools for ARM Embedded Processors) 5.4.1 20160609 (release) [ARM/embedded-5-bran
