ARM GAS  C:\Users\Mahe\AppData\Local\Temp\ccRZH7QQ.s 			page 1


   1              		.syntax unified
   2              		.cpu cortex-m0
   3              		.fpu softvfp
   4              		.eabi_attribute 20, 1
   5              		.eabi_attribute 21, 1
   6              		.eabi_attribute 23, 3
   7              		.eabi_attribute 24, 1
   8              		.eabi_attribute 25, 1
   9              		.eabi_attribute 26, 1
  10              		.eabi_attribute 30, 1
  11              		.eabi_attribute 34, 0
  12              		.eabi_attribute 18, 4
  13              		.thumb
  14              		.syntax unified
  15              		.file	"cyfitter_cfg.c"
  16              		.text
  17              	.Ltext0:
  18              		.cfi_sections	.debug_frame
  19              		.section	.text.AnalogSetDefault,"ax",%progbits
  20              		.align	2
  21              		.code	16
  22              		.thumb_func
  23              		.type	AnalogSetDefault, %function
  24              	AnalogSetDefault:
  25              	.LFB5:
  26              		.file 1 "Generated_Source\\PSoC4\\cyfitter_cfg.c"
   1:Generated_Source\PSoC4/cyfitter_cfg.c **** 
   2:Generated_Source\PSoC4/cyfitter_cfg.c **** /*******************************************************************************
   3:Generated_Source\PSoC4/cyfitter_cfg.c **** * File Name: cyfitter_cfg.c
   4:Generated_Source\PSoC4/cyfitter_cfg.c **** * 
   5:Generated_Source\PSoC4/cyfitter_cfg.c **** * PSoC Creator  4.1 Update 1
   6:Generated_Source\PSoC4/cyfitter_cfg.c **** *
   7:Generated_Source\PSoC4/cyfitter_cfg.c **** * Description:
   8:Generated_Source\PSoC4/cyfitter_cfg.c **** * This file contains device initialization code.
   9:Generated_Source\PSoC4/cyfitter_cfg.c **** * Except for the user defined sections in CyClockStartupError(), this file should not be modified.
  10:Generated_Source\PSoC4/cyfitter_cfg.c **** * This file is automatically generated by PSoC Creator.
  11:Generated_Source\PSoC4/cyfitter_cfg.c **** *
  12:Generated_Source\PSoC4/cyfitter_cfg.c **** ********************************************************************************
  13:Generated_Source\PSoC4/cyfitter_cfg.c **** * Copyright (c) 2007-2017 Cypress Semiconductor.  All rights reserved.
  14:Generated_Source\PSoC4/cyfitter_cfg.c **** * You may use this file only in accordance with the license, terms, conditions, 
  15:Generated_Source\PSoC4/cyfitter_cfg.c **** * disclaimers, and limitations in the end user license agreement accompanying 
  16:Generated_Source\PSoC4/cyfitter_cfg.c **** * the software package with which this file was provided.
  17:Generated_Source\PSoC4/cyfitter_cfg.c **** ********************************************************************************/
  18:Generated_Source\PSoC4/cyfitter_cfg.c **** 
  19:Generated_Source\PSoC4/cyfitter_cfg.c **** #include <string.h>
  20:Generated_Source\PSoC4/cyfitter_cfg.c **** #include "cytypes.h"
  21:Generated_Source\PSoC4/cyfitter_cfg.c **** #include "cydevice_trm.h"
  22:Generated_Source\PSoC4/cyfitter_cfg.c **** #include "cyfitter.h"
  23:Generated_Source\PSoC4/cyfitter_cfg.c **** #include "CyLib.h"
  24:Generated_Source\PSoC4/cyfitter_cfg.c **** #include "CyLFClk.h"
  25:Generated_Source\PSoC4/cyfitter_cfg.c **** #include "cyfitter_cfg.h"
  26:Generated_Source\PSoC4/cyfitter_cfg.c **** #include "cyapicallbacks.h"
  27:Generated_Source\PSoC4/cyfitter_cfg.c **** 
  28:Generated_Source\PSoC4/cyfitter_cfg.c **** 
  29:Generated_Source\PSoC4/cyfitter_cfg.c **** #if defined(__GNUC__) || defined(__ARMCC_VERSION)
  30:Generated_Source\PSoC4/cyfitter_cfg.c ****     #define CYPACKED 
  31:Generated_Source\PSoC4/cyfitter_cfg.c ****     #define CYPACKED_ATTR __attribute__ ((packed))
ARM GAS  C:\Users\Mahe\AppData\Local\Temp\ccRZH7QQ.s 			page 2


  32:Generated_Source\PSoC4/cyfitter_cfg.c ****     #define CYALIGNED __attribute__ ((aligned))
  33:Generated_Source\PSoC4/cyfitter_cfg.c ****     #define CY_CFG_UNUSED __attribute__ ((unused))
  34:Generated_Source\PSoC4/cyfitter_cfg.c ****     #ifndef CY_CFG_SECTION
  35:Generated_Source\PSoC4/cyfitter_cfg.c ****         #define CY_CFG_SECTION __attribute__ ((section(".psocinit")))
  36:Generated_Source\PSoC4/cyfitter_cfg.c ****     #endif
  37:Generated_Source\PSoC4/cyfitter_cfg.c ****     
  38:Generated_Source\PSoC4/cyfitter_cfg.c ****     #if defined(__ARMCC_VERSION)
  39:Generated_Source\PSoC4/cyfitter_cfg.c ****         #define CY_CFG_MEMORY_BARRIER() __memory_changed()
  40:Generated_Source\PSoC4/cyfitter_cfg.c ****     #else
  41:Generated_Source\PSoC4/cyfitter_cfg.c ****         #define CY_CFG_MEMORY_BARRIER() __sync_synchronize()
  42:Generated_Source\PSoC4/cyfitter_cfg.c ****     #endif
  43:Generated_Source\PSoC4/cyfitter_cfg.c ****     
  44:Generated_Source\PSoC4/cyfitter_cfg.c **** #elif defined(__ICCARM__)
  45:Generated_Source\PSoC4/cyfitter_cfg.c ****     #include <intrinsics.h>
  46:Generated_Source\PSoC4/cyfitter_cfg.c **** 
  47:Generated_Source\PSoC4/cyfitter_cfg.c ****     #define CYPACKED __packed
  48:Generated_Source\PSoC4/cyfitter_cfg.c ****     #define CYPACKED_ATTR 
  49:Generated_Source\PSoC4/cyfitter_cfg.c ****     #define CYALIGNED _Pragma("data_alignment=4")
  50:Generated_Source\PSoC4/cyfitter_cfg.c ****     #define CY_CFG_UNUSED _Pragma("diag_suppress=Pe177")
  51:Generated_Source\PSoC4/cyfitter_cfg.c ****     #define CY_CFG_SECTION _Pragma("location=\".psocinit\"")
  52:Generated_Source\PSoC4/cyfitter_cfg.c ****     
  53:Generated_Source\PSoC4/cyfitter_cfg.c ****     #define CY_CFG_MEMORY_BARRIER() __DMB()
  54:Generated_Source\PSoC4/cyfitter_cfg.c ****     
  55:Generated_Source\PSoC4/cyfitter_cfg.c **** #else
  56:Generated_Source\PSoC4/cyfitter_cfg.c ****     #error Unsupported toolchain
  57:Generated_Source\PSoC4/cyfitter_cfg.c **** #endif
  58:Generated_Source\PSoC4/cyfitter_cfg.c **** 
  59:Generated_Source\PSoC4/cyfitter_cfg.c **** #ifndef CYCODE
  60:Generated_Source\PSoC4/cyfitter_cfg.c ****     #define CYCODE
  61:Generated_Source\PSoC4/cyfitter_cfg.c **** #endif
  62:Generated_Source\PSoC4/cyfitter_cfg.c **** #ifndef CYDATA
  63:Generated_Source\PSoC4/cyfitter_cfg.c ****     #define CYDATA
  64:Generated_Source\PSoC4/cyfitter_cfg.c **** #endif
  65:Generated_Source\PSoC4/cyfitter_cfg.c **** #ifndef CYFAR
  66:Generated_Source\PSoC4/cyfitter_cfg.c ****     #define CYFAR
  67:Generated_Source\PSoC4/cyfitter_cfg.c **** #endif
  68:Generated_Source\PSoC4/cyfitter_cfg.c **** #ifndef CYXDATA
  69:Generated_Source\PSoC4/cyfitter_cfg.c ****     #define CYXDATA
  70:Generated_Source\PSoC4/cyfitter_cfg.c **** #endif
  71:Generated_Source\PSoC4/cyfitter_cfg.c **** 
  72:Generated_Source\PSoC4/cyfitter_cfg.c **** 
  73:Generated_Source\PSoC4/cyfitter_cfg.c **** CY_CFG_UNUSED
  74:Generated_Source\PSoC4/cyfitter_cfg.c **** static void CYMEMZERO(void *s, size_t n);
  75:Generated_Source\PSoC4/cyfitter_cfg.c **** CY_CFG_UNUSED
  76:Generated_Source\PSoC4/cyfitter_cfg.c **** static void CYMEMZERO(void *s, size_t n)
  77:Generated_Source\PSoC4/cyfitter_cfg.c **** {
  78:Generated_Source\PSoC4/cyfitter_cfg.c **** 	(void)memset(s, 0, n);
  79:Generated_Source\PSoC4/cyfitter_cfg.c **** }
  80:Generated_Source\PSoC4/cyfitter_cfg.c **** CY_CFG_UNUSED
  81:Generated_Source\PSoC4/cyfitter_cfg.c **** static void CYCONFIGCPY(void *dest, const void *src, size_t n);
  82:Generated_Source\PSoC4/cyfitter_cfg.c **** CY_CFG_UNUSED
  83:Generated_Source\PSoC4/cyfitter_cfg.c **** static void CYCONFIGCPY(void *dest, const void *src, size_t n)
  84:Generated_Source\PSoC4/cyfitter_cfg.c **** {
  85:Generated_Source\PSoC4/cyfitter_cfg.c **** 	(void)memcpy(dest, src, n);
  86:Generated_Source\PSoC4/cyfitter_cfg.c **** }
  87:Generated_Source\PSoC4/cyfitter_cfg.c **** CY_CFG_UNUSED
  88:Generated_Source\PSoC4/cyfitter_cfg.c **** static void CYCONFIGCPYCODE(void *dest, const void *src, size_t n);
ARM GAS  C:\Users\Mahe\AppData\Local\Temp\ccRZH7QQ.s 			page 3


  89:Generated_Source\PSoC4/cyfitter_cfg.c **** CY_CFG_UNUSED
  90:Generated_Source\PSoC4/cyfitter_cfg.c **** static void CYCONFIGCPYCODE(void *dest, const void *src, size_t n)
  91:Generated_Source\PSoC4/cyfitter_cfg.c **** {
  92:Generated_Source\PSoC4/cyfitter_cfg.c **** 	(void)memcpy(dest, src, n);
  93:Generated_Source\PSoC4/cyfitter_cfg.c **** }
  94:Generated_Source\PSoC4/cyfitter_cfg.c **** 
  95:Generated_Source\PSoC4/cyfitter_cfg.c **** 
  96:Generated_Source\PSoC4/cyfitter_cfg.c **** 
  97:Generated_Source\PSoC4/cyfitter_cfg.c **** 
  98:Generated_Source\PSoC4/cyfitter_cfg.c **** /* Clock startup error codes                                                   */
  99:Generated_Source\PSoC4/cyfitter_cfg.c **** #define CYCLOCKSTART_NO_ERROR    0u
 100:Generated_Source\PSoC4/cyfitter_cfg.c **** #define CYCLOCKSTART_XTAL_ERROR  1u
 101:Generated_Source\PSoC4/cyfitter_cfg.c **** #define CYCLOCKSTART_32KHZ_ERROR 2u
 102:Generated_Source\PSoC4/cyfitter_cfg.c **** #define CYCLOCKSTART_PLL_ERROR   3u
 103:Generated_Source\PSoC4/cyfitter_cfg.c **** #define CYCLOCKSTART_FLL_ERROR   4u
 104:Generated_Source\PSoC4/cyfitter_cfg.c **** 
 105:Generated_Source\PSoC4/cyfitter_cfg.c **** 
 106:Generated_Source\PSoC4/cyfitter_cfg.c **** #ifdef CY_NEED_CYCLOCKSTARTUPERROR
 107:Generated_Source\PSoC4/cyfitter_cfg.c **** /*******************************************************************************
 108:Generated_Source\PSoC4/cyfitter_cfg.c **** * Function Name: CyClockStartupError
 109:Generated_Source\PSoC4/cyfitter_cfg.c **** ********************************************************************************
 110:Generated_Source\PSoC4/cyfitter_cfg.c **** * Summary:
 111:Generated_Source\PSoC4/cyfitter_cfg.c **** *  If an error is encountered during clock configuration (crystal startup error,
 112:Generated_Source\PSoC4/cyfitter_cfg.c **** *  PLL lock error, etc.), the system will end up here.  Unless reimplemented by
 113:Generated_Source\PSoC4/cyfitter_cfg.c **** *  the customer, this function will stop in an infinite loop.
 114:Generated_Source\PSoC4/cyfitter_cfg.c **** *
 115:Generated_Source\PSoC4/cyfitter_cfg.c **** * Parameters:
 116:Generated_Source\PSoC4/cyfitter_cfg.c **** *   void
 117:Generated_Source\PSoC4/cyfitter_cfg.c **** *
 118:Generated_Source\PSoC4/cyfitter_cfg.c **** * Return:
 119:Generated_Source\PSoC4/cyfitter_cfg.c **** *   void
 120:Generated_Source\PSoC4/cyfitter_cfg.c **** *
 121:Generated_Source\PSoC4/cyfitter_cfg.c **** *******************************************************************************/
 122:Generated_Source\PSoC4/cyfitter_cfg.c **** CY_CFG_UNUSED
 123:Generated_Source\PSoC4/cyfitter_cfg.c **** static void CyClockStartupError(uint8 errorCode);
 124:Generated_Source\PSoC4/cyfitter_cfg.c **** CY_CFG_UNUSED
 125:Generated_Source\PSoC4/cyfitter_cfg.c **** static void CyClockStartupError(uint8 errorCode)
 126:Generated_Source\PSoC4/cyfitter_cfg.c **** {
 127:Generated_Source\PSoC4/cyfitter_cfg.c ****     /* To remove the compiler warning if errorCode not used. */
 128:Generated_Source\PSoC4/cyfitter_cfg.c **** #if defined(CY_PSOC3) && (CY_PSOC3)
 129:Generated_Source\PSoC4/cyfitter_cfg.c ****     errorCode = errorCode;
 130:Generated_Source\PSoC4/cyfitter_cfg.c **** #else
 131:Generated_Source\PSoC4/cyfitter_cfg.c ****     (void)errorCode;
 132:Generated_Source\PSoC4/cyfitter_cfg.c **** #endif /* CY_PSOC3 */
 133:Generated_Source\PSoC4/cyfitter_cfg.c **** 
 134:Generated_Source\PSoC4/cyfitter_cfg.c ****     /* If we have a clock startup error (bad MHz crystal, PLL lock, etc.),  */
 135:Generated_Source\PSoC4/cyfitter_cfg.c ****     /* we will end up here to allow the customer to implement something to  */
 136:Generated_Source\PSoC4/cyfitter_cfg.c ****     /* deal with the clock condition.                                       */
 137:Generated_Source\PSoC4/cyfitter_cfg.c **** 
 138:Generated_Source\PSoC4/cyfitter_cfg.c **** #ifdef CY_CFG_CLOCK_STARTUP_ERROR_CALLBACK
 139:Generated_Source\PSoC4/cyfitter_cfg.c ****     CY_CFG_Clock_Startup_ErrorCallback();
 140:Generated_Source\PSoC4/cyfitter_cfg.c **** #else
 141:Generated_Source\PSoC4/cyfitter_cfg.c ****     /*  If not using CY_CFG_CLOCK_STARTUP_ERROR_CALLBACK, place your clock startup code here. */
 142:Generated_Source\PSoC4/cyfitter_cfg.c ****     /* `#START CyClockStartupError` */
 143:Generated_Source\PSoC4/cyfitter_cfg.c **** 
 144:Generated_Source\PSoC4/cyfitter_cfg.c **** 
 145:Generated_Source\PSoC4/cyfitter_cfg.c **** 
ARM GAS  C:\Users\Mahe\AppData\Local\Temp\ccRZH7QQ.s 			page 4


 146:Generated_Source\PSoC4/cyfitter_cfg.c ****     /* `#END` */
 147:Generated_Source\PSoC4/cyfitter_cfg.c **** 
 148:Generated_Source\PSoC4/cyfitter_cfg.c ****     while(1) {}
 149:Generated_Source\PSoC4/cyfitter_cfg.c **** #endif /* CY_CFG_CLOCK_STARTUP_ERROR_CALLBACK */
 150:Generated_Source\PSoC4/cyfitter_cfg.c **** }
 151:Generated_Source\PSoC4/cyfitter_cfg.c **** #endif
 152:Generated_Source\PSoC4/cyfitter_cfg.c **** 
 153:Generated_Source\PSoC4/cyfitter_cfg.c **** 
 154:Generated_Source\PSoC4/cyfitter_cfg.c **** 
 155:Generated_Source\PSoC4/cyfitter_cfg.c **** /*******************************************************************************
 156:Generated_Source\PSoC4/cyfitter_cfg.c **** * Function Name: ClockSetup
 157:Generated_Source\PSoC4/cyfitter_cfg.c **** ********************************************************************************
 158:Generated_Source\PSoC4/cyfitter_cfg.c **** *
 159:Generated_Source\PSoC4/cyfitter_cfg.c **** * Summary:
 160:Generated_Source\PSoC4/cyfitter_cfg.c **** *   Performs the initialization of all of the clocks in the device based on the
 161:Generated_Source\PSoC4/cyfitter_cfg.c **** *   settings in the Clock tab of the DWR.  This includes enabling the requested
 162:Generated_Source\PSoC4/cyfitter_cfg.c **** *   clocks and setting the necessary dividers to produce the desired frequency. 
 163:Generated_Source\PSoC4/cyfitter_cfg.c **** *
 164:Generated_Source\PSoC4/cyfitter_cfg.c **** * Parameters:
 165:Generated_Source\PSoC4/cyfitter_cfg.c **** *   void
 166:Generated_Source\PSoC4/cyfitter_cfg.c **** *
 167:Generated_Source\PSoC4/cyfitter_cfg.c **** * Return:
 168:Generated_Source\PSoC4/cyfitter_cfg.c **** *   void
 169:Generated_Source\PSoC4/cyfitter_cfg.c **** *
 170:Generated_Source\PSoC4/cyfitter_cfg.c **** *******************************************************************************/
 171:Generated_Source\PSoC4/cyfitter_cfg.c **** static void ClockSetup(void);
 172:Generated_Source\PSoC4/cyfitter_cfg.c **** CY_CFG_SECTION
 173:Generated_Source\PSoC4/cyfitter_cfg.c **** static void ClockSetup(void)
 174:Generated_Source\PSoC4/cyfitter_cfg.c **** {
 175:Generated_Source\PSoC4/cyfitter_cfg.c **** 
 176:Generated_Source\PSoC4/cyfitter_cfg.c **** 	/* Set Flash Cycles based on max possible frequency in case a glitch occurs during ClockSetup(). *
 177:Generated_Source\PSoC4/cyfitter_cfg.c **** 	CY_SET_REG32((void CYXDATA *)(CYREG_CPUSS_FLASH_CTL), (0x0012u));
 178:Generated_Source\PSoC4/cyfitter_cfg.c **** 	/* Setup and trim IMO based on desired frequency. */
 179:Generated_Source\PSoC4/cyfitter_cfg.c **** 	CySysClkWriteImoFreq(48u);
 180:Generated_Source\PSoC4/cyfitter_cfg.c **** 	/* CYDEV_CLK_ILO_CONFIG Starting address: CYDEV_CLK_ILO_CONFIG */
 181:Generated_Source\PSoC4/cyfitter_cfg.c **** 	CY_SET_REG32((void *)(CYREG_CLK_ILO_CONFIG), 0x80000006u);
 182:Generated_Source\PSoC4/cyfitter_cfg.c **** 
 183:Generated_Source\PSoC4/cyfitter_cfg.c **** 
 184:Generated_Source\PSoC4/cyfitter_cfg.c **** 	/* Setup phase aligned clocks */
 185:Generated_Source\PSoC4/cyfitter_cfg.c **** 	CY_SET_REG32((void *)CYREG_PERI_DIV_16_CTL0, 0x00BB7F00u);
 186:Generated_Source\PSoC4/cyfitter_cfg.c **** 	CY_SET_REG32((void *)CYREG_PERI_DIV_CMD, 0x8000FF40u);
 187:Generated_Source\PSoC4/cyfitter_cfg.c **** 
 188:Generated_Source\PSoC4/cyfitter_cfg.c **** 	/* CYDEV_CLK_IMO_CONFIG Starting address: CYDEV_CLK_IMO_CONFIG */
 189:Generated_Source\PSoC4/cyfitter_cfg.c **** 	CY_SET_REG32((void *)(CYREG_CLK_IMO_CONFIG), 0x80000000u);
 190:Generated_Source\PSoC4/cyfitter_cfg.c **** 
 191:Generated_Source\PSoC4/cyfitter_cfg.c **** 	/* CYDEV_CLK_SELECT Starting address: CYDEV_CLK_SELECT */
 192:Generated_Source\PSoC4/cyfitter_cfg.c **** 	CY_SET_REG32((void *)(CYREG_CLK_SELECT), 0x00040000u);
 193:Generated_Source\PSoC4/cyfitter_cfg.c **** 
 194:Generated_Source\PSoC4/cyfitter_cfg.c **** 	/* CYDEV_PERI_PCLK_CTL11 Starting address: CYDEV_PERI_PCLK_CTL11 */
 195:Generated_Source\PSoC4/cyfitter_cfg.c **** 	CY_SET_REG32((void *)(CYREG_PERI_PCLK_CTL11), 0x00000040u);
 196:Generated_Source\PSoC4/cyfitter_cfg.c **** 
 197:Generated_Source\PSoC4/cyfitter_cfg.c **** 	(void)CyIntSetVector(7u, &CySysWdtIsr);
 198:Generated_Source\PSoC4/cyfitter_cfg.c **** 	CyIntEnable(7u);
 199:Generated_Source\PSoC4/cyfitter_cfg.c **** 	CY_SET_REG32((void *)(CYREG_WDT_CONFIG), 0x00000000u);
 200:Generated_Source\PSoC4/cyfitter_cfg.c **** }
 201:Generated_Source\PSoC4/cyfitter_cfg.c **** 
 202:Generated_Source\PSoC4/cyfitter_cfg.c **** 
ARM GAS  C:\Users\Mahe\AppData\Local\Temp\ccRZH7QQ.s 			page 5


 203:Generated_Source\PSoC4/cyfitter_cfg.c **** /* Analog API Functions */
 204:Generated_Source\PSoC4/cyfitter_cfg.c **** 
 205:Generated_Source\PSoC4/cyfitter_cfg.c **** 
 206:Generated_Source\PSoC4/cyfitter_cfg.c **** /*******************************************************************************
 207:Generated_Source\PSoC4/cyfitter_cfg.c **** * Function Name: AnalogSetDefault
 208:Generated_Source\PSoC4/cyfitter_cfg.c **** ********************************************************************************
 209:Generated_Source\PSoC4/cyfitter_cfg.c **** *
 210:Generated_Source\PSoC4/cyfitter_cfg.c **** * Summary:
 211:Generated_Source\PSoC4/cyfitter_cfg.c **** *  Sets up the analog portions of the chip to default values based on chip
 212:Generated_Source\PSoC4/cyfitter_cfg.c **** *  configuration options from the project.
 213:Generated_Source\PSoC4/cyfitter_cfg.c **** *
 214:Generated_Source\PSoC4/cyfitter_cfg.c **** * Parameters:
 215:Generated_Source\PSoC4/cyfitter_cfg.c **** *  void
 216:Generated_Source\PSoC4/cyfitter_cfg.c **** *
 217:Generated_Source\PSoC4/cyfitter_cfg.c **** * Return:
 218:Generated_Source\PSoC4/cyfitter_cfg.c **** *  void
 219:Generated_Source\PSoC4/cyfitter_cfg.c **** *
 220:Generated_Source\PSoC4/cyfitter_cfg.c **** *******************************************************************************/
 221:Generated_Source\PSoC4/cyfitter_cfg.c **** static void AnalogSetDefault(void);
 222:Generated_Source\PSoC4/cyfitter_cfg.c **** static void AnalogSetDefault(void)
 223:Generated_Source\PSoC4/cyfitter_cfg.c **** {
  27              		.loc 1 223 0
  28              		.cfi_startproc
  29              		@ args = 0, pretend = 0, frame = 0
  30              		@ frame_needed = 0, uses_anonymous_args = 0
  31              		@ link register save eliminated.
 224:Generated_Source\PSoC4/cyfitter_cfg.c **** 	CY_SET_XTND_REG32((void CYFAR *)CYREG_CTBM0_DFT_CTRL, 0x00000003u);
  32              		.loc 1 224 0
  33 0000 0323     		movs	r3, #3
  34 0002 044A     		ldr	r2, .L2
  35 0004 1360     		str	r3, [r2]
 225:Generated_Source\PSoC4/cyfitter_cfg.c **** 	CY_SET_XTND_REG32((void CYFAR *)CYREG_CTBM1_DFT_CTRL, 0x00000003u);
  36              		.loc 1 225 0
  37 0006 044A     		ldr	r2, .L2+4
  38 0008 1360     		str	r3, [r2]
 226:Generated_Source\PSoC4/cyfitter_cfg.c **** 	CY_SET_XTND_REG32((void CYFAR *)CYREG_PASS_DSAB_DSAB_CTRL, 0x00000000u);
  39              		.loc 1 226 0
  40 000a 0022     		movs	r2, #0
  41 000c 034B     		ldr	r3, .L2+8
  42 000e 1A60     		str	r2, [r3]
 227:Generated_Source\PSoC4/cyfitter_cfg.c **** }
  43              		.loc 1 227 0
  44              		@ sp needed
  45 0010 7047     		bx	lr
  46              	.L3:
  47 0012 C046     		.align	2
  48              	.L2:
  49 0014 30003040 		.word	1076887600
  50 0018 30003140 		.word	1076953136
  51 001c 000E3F40 		.word	1077874176
  52              		.cfi_endproc
  53              	.LFE5:
  54              		.size	AnalogSetDefault, .-AnalogSetDefault
  55              		.section	.text.CYMEMZERO,"ax",%progbits
  56              		.align	2
  57              		.code	16
  58              		.thumb_func
ARM GAS  C:\Users\Mahe\AppData\Local\Temp\ccRZH7QQ.s 			page 6


  59              		.type	CYMEMZERO, %function
  60              	CYMEMZERO:
  61              	.LFB1:
  77:Generated_Source\PSoC4/cyfitter_cfg.c **** 	(void)memset(s, 0, n);
  62              		.loc 1 77 0
  63              		.cfi_startproc
  64              		@ args = 0, pretend = 0, frame = 0
  65              		@ frame_needed = 0, uses_anonymous_args = 0
  66              	.LVL0:
  67 0000 10B5     		push	{r4, lr}
  68              		.cfi_def_cfa_offset 8
  69              		.cfi_offset 4, -8
  70              		.cfi_offset 14, -4
  71 0002 0A00     		movs	r2, r1
  78:Generated_Source\PSoC4/cyfitter_cfg.c **** }
  72              		.loc 1 78 0
  73 0004 0021     		movs	r1, #0
  74              	.LVL1:
  75 0006 FFF7FEFF 		bl	memset
  76              	.LVL2:
  79:Generated_Source\PSoC4/cyfitter_cfg.c **** CY_CFG_UNUSED
  77              		.loc 1 79 0
  78              		@ sp needed
  79 000a 10BD     		pop	{r4, pc}
  80              		.cfi_endproc
  81              	.LFE1:
  82              		.size	CYMEMZERO, .-CYMEMZERO
  83              		.section	.psocinit,"ax",%progbits
  84              		.align	2
  85              		.code	16
  86              		.thumb_func
  87              		.type	ClockSetup, %function
  88              	ClockSetup:
  89              	.LFB4:
 174:Generated_Source\PSoC4/cyfitter_cfg.c **** 
  90              		.loc 1 174 0
  91              		.cfi_startproc
  92              		@ args = 0, pretend = 0, frame = 0
  93              		@ frame_needed = 0, uses_anonymous_args = 0
  94 0000 10B5     		push	{r4, lr}
  95              		.cfi_def_cfa_offset 8
  96              		.cfi_offset 4, -8
  97              		.cfi_offset 14, -4
 177:Generated_Source\PSoC4/cyfitter_cfg.c **** 	/* Setup and trim IMO based on desired frequency. */
  98              		.loc 1 177 0
  99 0002 1222     		movs	r2, #18
 100 0004 114B     		ldr	r3, .L6
 101 0006 1A60     		str	r2, [r3]
 179:Generated_Source\PSoC4/cyfitter_cfg.c **** 	/* CYDEV_CLK_ILO_CONFIG Starting address: CYDEV_CLK_ILO_CONFIG */
 102              		.loc 1 179 0
 103 0008 3020     		movs	r0, #48
 104 000a FFF7FEFF 		bl	CySysClkWriteImoFreq
 105              	.LVL3:
 181:Generated_Source\PSoC4/cyfitter_cfg.c **** 
 106              		.loc 1 181 0
 107 000e 104A     		ldr	r2, .L6+4
 108 0010 104B     		ldr	r3, .L6+8
ARM GAS  C:\Users\Mahe\AppData\Local\Temp\ccRZH7QQ.s 			page 7


 109 0012 1A60     		str	r2, [r3]
 185:Generated_Source\PSoC4/cyfitter_cfg.c **** 	CY_SET_REG32((void *)CYREG_PERI_DIV_CMD, 0x8000FF40u);
 110              		.loc 1 185 0
 111 0014 104A     		ldr	r2, .L6+12
 112 0016 114B     		ldr	r3, .L6+16
 113 0018 1A60     		str	r2, [r3]
 186:Generated_Source\PSoC4/cyfitter_cfg.c **** 
 114              		.loc 1 186 0
 115 001a 114A     		ldr	r2, .L6+20
 116 001c 114B     		ldr	r3, .L6+24
 117 001e 1A60     		str	r2, [r3]
 189:Generated_Source\PSoC4/cyfitter_cfg.c **** 
 118              		.loc 1 189 0
 119 0020 8022     		movs	r2, #128
 120 0022 1206     		lsls	r2, r2, #24
 121 0024 104B     		ldr	r3, .L6+28
 122 0026 1A60     		str	r2, [r3]
 192:Generated_Source\PSoC4/cyfitter_cfg.c **** 
 123              		.loc 1 192 0
 124 0028 8022     		movs	r2, #128
 125 002a D202     		lsls	r2, r2, #11
 126 002c 0F4B     		ldr	r3, .L6+32
 127 002e 1A60     		str	r2, [r3]
 195:Generated_Source\PSoC4/cyfitter_cfg.c **** 
 128              		.loc 1 195 0
 129 0030 4022     		movs	r2, #64
 130 0032 0F4B     		ldr	r3, .L6+36
 131 0034 1A60     		str	r2, [r3]
 197:Generated_Source\PSoC4/cyfitter_cfg.c **** 	CyIntEnable(7u);
 132              		.loc 1 197 0
 133 0036 0F49     		ldr	r1, .L6+40
 134 0038 0720     		movs	r0, #7
 135 003a FFF7FEFF 		bl	CyIntSetVector
 136              	.LVL4:
 198:Generated_Source\PSoC4/cyfitter_cfg.c **** 	CY_SET_REG32((void *)(CYREG_WDT_CONFIG), 0x00000000u);
 137              		.loc 1 198 0
 138 003e 0720     		movs	r0, #7
 139 0040 FFF7FEFF 		bl	CyIntEnable
 140              	.LVL5:
 199:Generated_Source\PSoC4/cyfitter_cfg.c **** }
 141              		.loc 1 199 0
 142 0044 0022     		movs	r2, #0
 143 0046 0C4B     		ldr	r3, .L6+44
 144 0048 1A60     		str	r2, [r3]
 200:Generated_Source\PSoC4/cyfitter_cfg.c **** 
 145              		.loc 1 200 0
 146              		@ sp needed
 147 004a 10BD     		pop	{r4, pc}
 148              	.L7:
 149              		.align	2
 150              	.L6:
 151 004c 30001040 		.word	1074790448
 152 0050 06000080 		.word	-2147483642
 153 0054 04010B40 		.word	1074462980
 154 0058 007FBB00 		.word	12287744
 155 005c 00030140 		.word	1073808128
 156 0060 40FF0080 		.word	-2147418304
ARM GAS  C:\Users\Mahe\AppData\Local\Temp\ccRZH7QQ.s 			page 8


 157 0064 00000140 		.word	1073807360
 158 0068 08010B40 		.word	1074462984
 159 006c 00010B40 		.word	1074462976
 160 0070 2C010140 		.word	1073807660
 161 0074 00000000 		.word	CySysWdtIsr
 162 0078 0C020B40 		.word	1074463244
 163              		.cfi_endproc
 164              	.LFE4:
 165              		.size	ClockSetup, .-ClockSetup
 166              		.align	2
 167              		.global	cyfitter_cfg
 168              		.code	16
 169              		.thumb_func
 170              		.type	cyfitter_cfg, %function
 171              	cyfitter_cfg:
 172              	.LFB6:
 228:Generated_Source\PSoC4/cyfitter_cfg.c **** 
 229:Generated_Source\PSoC4/cyfitter_cfg.c **** 
 230:Generated_Source\PSoC4/cyfitter_cfg.c **** 
 231:Generated_Source\PSoC4/cyfitter_cfg.c **** 
 232:Generated_Source\PSoC4/cyfitter_cfg.c **** /*******************************************************************************
 233:Generated_Source\PSoC4/cyfitter_cfg.c **** * Function Name: cyfitter_cfg
 234:Generated_Source\PSoC4/cyfitter_cfg.c **** ********************************************************************************
 235:Generated_Source\PSoC4/cyfitter_cfg.c **** * Summary:
 236:Generated_Source\PSoC4/cyfitter_cfg.c **** *  This function is called by the start-up code for the selected device. It
 237:Generated_Source\PSoC4/cyfitter_cfg.c **** *  performs all of the necessary device configuration based on the design
 238:Generated_Source\PSoC4/cyfitter_cfg.c **** *  settings.  This includes settings from the Design Wide Resources (DWR) such
 239:Generated_Source\PSoC4/cyfitter_cfg.c **** *  as Clocks and Pins as well as any component configuration that is necessary.
 240:Generated_Source\PSoC4/cyfitter_cfg.c **** *
 241:Generated_Source\PSoC4/cyfitter_cfg.c **** * Parameters:
 242:Generated_Source\PSoC4/cyfitter_cfg.c **** *   void
 243:Generated_Source\PSoC4/cyfitter_cfg.c **** *
 244:Generated_Source\PSoC4/cyfitter_cfg.c **** * Return:
 245:Generated_Source\PSoC4/cyfitter_cfg.c **** *   void
 246:Generated_Source\PSoC4/cyfitter_cfg.c **** *
 247:Generated_Source\PSoC4/cyfitter_cfg.c **** *******************************************************************************/
 248:Generated_Source\PSoC4/cyfitter_cfg.c **** CY_CFG_SECTION
 249:Generated_Source\PSoC4/cyfitter_cfg.c **** void cyfitter_cfg(void)
 250:Generated_Source\PSoC4/cyfitter_cfg.c **** {
 173              		.loc 1 250 0
 174              		.cfi_startproc
 175              		@ args = 0, pretend = 0, frame = 0
 176              		@ frame_needed = 0, uses_anonymous_args = 0
 177 007c 10B5     		push	{r4, lr}
 178              		.cfi_def_cfa_offset 8
 179              		.cfi_offset 4, -8
 180              		.cfi_offset 14, -4
 251:Generated_Source\PSoC4/cyfitter_cfg.c **** 	/* Disable interrupts by default. Let user enable if/when they want. */
 252:Generated_Source\PSoC4/cyfitter_cfg.c **** 	CyGlobalIntDisable;
 181              		.loc 1 252 0
 182              		.syntax divided
 183              	@ 252 "Generated_Source\PSoC4\cyfitter_cfg.c" 1
 184 007e 72B6     		CPSID   i
 185              	@ 0 "" 2
 186              	.LVL6:
 187              		.thumb
 188              		.syntax unified
ARM GAS  C:\Users\Mahe\AppData\Local\Temp\ccRZH7QQ.s 			page 9


 189              	.LBB2:
 253:Generated_Source\PSoC4/cyfitter_cfg.c **** 
 254:Generated_Source\PSoC4/cyfitter_cfg.c **** 	{
 255:Generated_Source\PSoC4/cyfitter_cfg.c **** 
 256:Generated_Source\PSoC4/cyfitter_cfg.c **** 		CYPACKED typedef struct {
 257:Generated_Source\PSoC4/cyfitter_cfg.c **** 			void CYFAR *address;
 258:Generated_Source\PSoC4/cyfitter_cfg.c **** 			uint16 size;
 259:Generated_Source\PSoC4/cyfitter_cfg.c **** 		} CYPACKED_ATTR cfg_memset_t;
 260:Generated_Source\PSoC4/cyfitter_cfg.c **** 
 261:Generated_Source\PSoC4/cyfitter_cfg.c **** 		static const cfg_memset_t CYCODE cfg_memset_list[] = {
 262:Generated_Source\PSoC4/cyfitter_cfg.c **** 			/* address, size */
 263:Generated_Source\PSoC4/cyfitter_cfg.c **** 			{(void CYFAR *)(CYDEV_UDB_P0_U0_BASE), 1024u},
 264:Generated_Source\PSoC4/cyfitter_cfg.c **** 			{(void CYFAR *)(CYDEV_UDB_DSI0_BASE), 1024u},
 265:Generated_Source\PSoC4/cyfitter_cfg.c **** 		};
 266:Generated_Source\PSoC4/cyfitter_cfg.c **** 
 267:Generated_Source\PSoC4/cyfitter_cfg.c **** 		uint8 CYDATA i;
 268:Generated_Source\PSoC4/cyfitter_cfg.c **** 
 269:Generated_Source\PSoC4/cyfitter_cfg.c **** 		/* Zero out critical memory blocks before beginning configuration */
 270:Generated_Source\PSoC4/cyfitter_cfg.c **** 		for (i = 0u; i < (sizeof(cfg_memset_list)/sizeof(cfg_memset_list[0])); i++)
 190              		.loc 1 270 0
 191 0080 0024     		movs	r4, #0
 192 0082 0FE0     		b	.L9
 193              	.LVL7:
 194              	.L10:
 195              	.LBB3:
 271:Generated_Source\PSoC4/cyfitter_cfg.c **** 		{
 272:Generated_Source\PSoC4/cyfitter_cfg.c **** 			const cfg_memset_t CYCODE * CYDATA ms = &cfg_memset_list[i];
 273:Generated_Source\PSoC4/cyfitter_cfg.c **** 			CYMEMZERO(ms->address, (size_t)(uint32)(ms->size));
 196              		.loc 1 273 0 discriminator 3
 197 0084 1A48     		ldr	r0, .L11
 198 0086 6200     		lsls	r2, r4, #1
 199 0088 1319     		adds	r3, r2, r4
 200 008a 5900     		lsls	r1, r3, #1
 201 008c 0B00     		movs	r3, r1
 202 008e 4118     		adds	r1, r0, r1
 203 0090 8988     		ldrh	r1, [r1, #4]
 204 0092 1A5A     		ldrh	r2, [r3, r0]
 205 0094 C318     		adds	r3, r0, r3
 206 0096 5888     		ldrh	r0, [r3, #2]
 207 0098 0004     		lsls	r0, r0, #16
 208 009a 1043     		orrs	r0, r2
 209 009c FFF7FEFF 		bl	CYMEMZERO
 210              	.LVL8:
 211              	.LBE3:
 270:Generated_Source\PSoC4/cyfitter_cfg.c **** 		{
 212              		.loc 1 270 0 discriminator 3
 213 00a0 0134     		adds	r4, r4, #1
 214              	.LVL9:
 215 00a2 E4B2     		uxtb	r4, r4
 216              	.LVL10:
 217              	.L9:
 270:Generated_Source\PSoC4/cyfitter_cfg.c **** 		{
 218              		.loc 1 270 0 is_stmt 0 discriminator 1
 219 00a4 012C     		cmp	r4, #1
 220 00a6 EDD9     		bls	.L10
 274:Generated_Source\PSoC4/cyfitter_cfg.c **** 		}
 275:Generated_Source\PSoC4/cyfitter_cfg.c **** 
ARM GAS  C:\Users\Mahe\AppData\Local\Temp\ccRZH7QQ.s 			page 10


 276:Generated_Source\PSoC4/cyfitter_cfg.c **** 		/* HSIOM Starting address: CYDEV_HSIOM_BASE */
 277:Generated_Source\PSoC4/cyfitter_cfg.c **** 		CY_SET_REG32((void *)(CYREG_HSIOM_PORT_SEL3), 0x0000EE00u);
 221              		.loc 1 277 0 is_stmt 1
 222 00a8 EE22     		movs	r2, #238
 223 00aa 1202     		lsls	r2, r2, #8
 224 00ac 114B     		ldr	r3, .L11+4
 225 00ae 1A60     		str	r2, [r3]
 278:Generated_Source\PSoC4/cyfitter_cfg.c **** 
 279:Generated_Source\PSoC4/cyfitter_cfg.c **** 		/* UDB_PA_0 Starting address: CYDEV_UDB_PA0_BASE */
 280:Generated_Source\PSoC4/cyfitter_cfg.c **** 		CY_SET_REG32((void *)(CYDEV_UDB_PA0_BASE), 0x00990000u);
 226              		.loc 1 280 0
 227 00b0 9923     		movs	r3, #153
 228 00b2 1B04     		lsls	r3, r3, #16
 229 00b4 104A     		ldr	r2, .L11+8
 230 00b6 1360     		str	r3, [r2]
 281:Generated_Source\PSoC4/cyfitter_cfg.c **** 
 282:Generated_Source\PSoC4/cyfitter_cfg.c **** 		/* UDB_PA_2 Starting address: CYDEV_UDB_PA2_BASE */
 283:Generated_Source\PSoC4/cyfitter_cfg.c **** 		CY_SET_REG32((void *)(CYDEV_UDB_PA2_BASE), 0x00990000u);
 231              		.loc 1 283 0
 232 00b8 104A     		ldr	r2, .L11+12
 233 00ba 1360     		str	r3, [r2]
 284:Generated_Source\PSoC4/cyfitter_cfg.c **** 
 285:Generated_Source\PSoC4/cyfitter_cfg.c **** 		/* UDB_PA_3 Starting address: CYDEV_UDB_PA3_BASE */
 286:Generated_Source\PSoC4/cyfitter_cfg.c **** 		CY_SET_REG32((void *)(CYDEV_UDB_PA3_BASE), 0x00990000u);
 234              		.loc 1 286 0
 235 00bc 104A     		ldr	r2, .L11+16
 236 00be 1360     		str	r3, [r2]
 287:Generated_Source\PSoC4/cyfitter_cfg.c **** 
 288:Generated_Source\PSoC4/cyfitter_cfg.c **** 		/* Enable digital routing */
 289:Generated_Source\PSoC4/cyfitter_cfg.c **** 		CY_SET_XTND_REG8((void *)CYREG_UDB_UDBIF_BANK_CTL, (uint8)(CY_GET_XTND_REG8((void *)CYREG_UDB_UDB
 237              		.loc 1 289 0
 238 00c0 104A     		ldr	r2, .L11+20
 239 00c2 1178     		ldrb	r1, [r2]
 240 00c4 0623     		movs	r3, #6
 241 00c6 0B43     		orrs	r3, r1
 242 00c8 DBB2     		uxtb	r3, r3
 243 00ca 1370     		strb	r3, [r2]
 244              	.LBE2:
 290:Generated_Source\PSoC4/cyfitter_cfg.c **** 	}
 291:Generated_Source\PSoC4/cyfitter_cfg.c **** 
 292:Generated_Source\PSoC4/cyfitter_cfg.c **** 	/* Perform second pass device configuration. These items must be configured in specific order afte
 293:Generated_Source\PSoC4/cyfitter_cfg.c **** 	/* IOPINS0_0 Starting address: CYDEV_GPIO_PRT0_BASE */
 294:Generated_Source\PSoC4/cyfitter_cfg.c **** 	CY_SET_REG32((void *)(CYREG_GPIO_PRT0_PC), 0x00180000u);
 245              		.loc 1 294 0
 246 00cc C023     		movs	r3, #192
 247 00ce 5B03     		lsls	r3, r3, #13
 248 00d0 0D4A     		ldr	r2, .L11+24
 249 00d2 1360     		str	r3, [r2]
 295:Generated_Source\PSoC4/cyfitter_cfg.c **** 
 296:Generated_Source\PSoC4/cyfitter_cfg.c **** 	/* IOPINS0_2 Starting address: CYDEV_GPIO_PRT2_BASE */
 297:Generated_Source\PSoC4/cyfitter_cfg.c **** 	CY_SET_REG32((void *)(CYDEV_GPIO_PRT2_BASE), 0x00000040u);
 250              		.loc 1 297 0
 251 00d4 4021     		movs	r1, #64
 252 00d6 0D4A     		ldr	r2, .L11+28
 253 00d8 1160     		str	r1, [r2]
 298:Generated_Source\PSoC4/cyfitter_cfg.c **** 	CY_SET_REG32((void *)(CYREG_GPIO_PRT2_PC), 0x00180000u);
 254              		.loc 1 298 0
ARM GAS  C:\Users\Mahe\AppData\Local\Temp\ccRZH7QQ.s 			page 11


 255 00da 0D4A     		ldr	r2, .L11+32
 256 00dc 1360     		str	r3, [r2]
 299:Generated_Source\PSoC4/cyfitter_cfg.c **** 
 300:Generated_Source\PSoC4/cyfitter_cfg.c **** 	/* IOPINS0_3 Starting address: CYDEV_GPIO_PRT3_BASE */
 301:Generated_Source\PSoC4/cyfitter_cfg.c **** 	CY_SET_REG32((void *)(CYREG_GPIO_PRT3_PC), 0x00000D80u);
 257              		.loc 1 301 0
 258 00de D822     		movs	r2, #216
 259 00e0 1201     		lsls	r2, r2, #4
 260 00e2 0C4B     		ldr	r3, .L11+36
 261 00e4 1A60     		str	r2, [r3]
 302:Generated_Source\PSoC4/cyfitter_cfg.c **** 
 303:Generated_Source\PSoC4/cyfitter_cfg.c **** 
 304:Generated_Source\PSoC4/cyfitter_cfg.c **** 	/* Setup clocks based on selections from Clock DWR */
 305:Generated_Source\PSoC4/cyfitter_cfg.c **** 	ClockSetup();
 262              		.loc 1 305 0
 263 00e6 FFF78BFF 		bl	ClockSetup
 264              	.LVL11:
 306:Generated_Source\PSoC4/cyfitter_cfg.c **** 
 307:Generated_Source\PSoC4/cyfitter_cfg.c **** 	/* Perform basic analog initialization to defaults */
 308:Generated_Source\PSoC4/cyfitter_cfg.c **** 	AnalogSetDefault();
 265              		.loc 1 308 0
 266 00ea FFF7FEFF 		bl	AnalogSetDefault
 267              	.LVL12:
 309:Generated_Source\PSoC4/cyfitter_cfg.c **** 
 310:Generated_Source\PSoC4/cyfitter_cfg.c **** }
 268              		.loc 1 310 0
 269              		@ sp needed
 270              	.LVL13:
 271 00ee 10BD     		pop	{r4, pc}
 272              	.L12:
 273              		.align	2
 274              	.L11:
 275 00f0 00000000 		.word	.LANCHOR0
 276 00f4 00030240 		.word	1073873664
 277 00f8 00500F40 		.word	1074745344
 278 00fc 20500F40 		.word	1074745376
 279 0100 30500F40 		.word	1074745392
 280 0104 00700F40 		.word	1074753536
 281 0108 08000440 		.word	1074003976
 282 010c 00020440 		.word	1074004480
 283 0110 08020440 		.word	1074004488
 284 0114 08030440 		.word	1074004744
 285              		.cfi_endproc
 286              	.LFE6:
 287              		.size	cyfitter_cfg, .-cyfitter_cfg
 288              		.section	.rodata
 289              		.align	2
 290              		.set	.LANCHOR0,. + 0
 291              		.type	cfg_memset_list.4888, %object
 292              		.size	cfg_memset_list.4888, 12
 293              	cfg_memset_list.4888:
 294 0000 00300F40 		.word	1074737152
 295 0004 0004     		.short	1024
 296 0006 00400F40 		.4byte	1074741248
 297 000a 0004     		.short	1024
 298              		.text
 299              	.Letext0:
ARM GAS  C:\Users\Mahe\AppData\Local\Temp\ccRZH7QQ.s 			page 12


 300              		.file 2 "c:\\program files (x86)\\cypress\\psoc creator\\4.1\\psoc creator\\import\\gnu\\arm\\5.4.
 301              		.file 3 "Generated_Source\\PSoC4\\cytypes.h"
 302              		.file 4 "Generated_Source\\PSoC4\\CyLib.h"
 303              		.section	.debug_info,"",%progbits
 304              	.Ldebug_info0:
 305 0000 94020000 		.4byte	0x294
 306 0004 0400     		.2byte	0x4
 307 0006 00000000 		.4byte	.Ldebug_abbrev0
 308 000a 04       		.byte	0x4
 309 000b 01       		.uleb128 0x1
 310 000c 52010000 		.4byte	.LASF29
 311 0010 0C       		.byte	0xc
 312 0011 49020000 		.4byte	.LASF30
 313 0015 5B000000 		.4byte	.LASF31
 314 0019 00000000 		.4byte	.Ldebug_ranges0+0
 315 001d 00000000 		.4byte	0
 316 0021 00000000 		.4byte	.Ldebug_line0
 317 0025 02       		.uleb128 0x2
 318 0026 04       		.byte	0x4
 319 0027 05       		.byte	0x5
 320 0028 696E7400 		.ascii	"int\000"
 321 002c 03       		.uleb128 0x3
 322 002d 06000000 		.4byte	.LASF12
 323 0031 02       		.byte	0x2
 324 0032 D8       		.byte	0xd8
 325 0033 37000000 		.4byte	0x37
 326 0037 04       		.uleb128 0x4
 327 0038 04       		.byte	0x4
 328 0039 07       		.byte	0x7
 329 003a 19010000 		.4byte	.LASF0
 330 003e 04       		.uleb128 0x4
 331 003f 08       		.byte	0x8
 332 0040 05       		.byte	0x5
 333 0041 F6010000 		.4byte	.LASF1
 334 0045 04       		.uleb128 0x4
 335 0046 08       		.byte	0x8
 336 0047 04       		.byte	0x4
 337 0048 31020000 		.4byte	.LASF2
 338 004c 04       		.uleb128 0x4
 339 004d 01       		.byte	0x1
 340 004e 06       		.byte	0x6
 341 004f 3D020000 		.4byte	.LASF3
 342 0053 04       		.uleb128 0x4
 343 0054 01       		.byte	0x1
 344 0055 08       		.byte	0x8
 345 0056 E3000000 		.4byte	.LASF4
 346 005a 04       		.uleb128 0x4
 347 005b 02       		.byte	0x2
 348 005c 05       		.byte	0x5
 349 005d 09020000 		.4byte	.LASF5
 350 0061 04       		.uleb128 0x4
 351 0062 02       		.byte	0x2
 352 0063 07       		.byte	0x7
 353 0064 48000000 		.4byte	.LASF6
 354 0068 04       		.uleb128 0x4
 355 0069 04       		.byte	0x4
 356 006a 05       		.byte	0x5
ARM GAS  C:\Users\Mahe\AppData\Local\Temp\ccRZH7QQ.s 			page 13


 357 006b 28020000 		.4byte	.LASF7
 358 006f 04       		.uleb128 0x4
 359 0070 04       		.byte	0x4
 360 0071 07       		.byte	0x7
 361 0072 C1000000 		.4byte	.LASF8
 362 0076 04       		.uleb128 0x4
 363 0077 08       		.byte	0x8
 364 0078 07       		.byte	0x7
 365 0079 3B010000 		.4byte	.LASF9
 366 007d 04       		.uleb128 0x4
 367 007e 04       		.byte	0x4
 368 007f 07       		.byte	0x7
 369 0080 ED010000 		.4byte	.LASF10
 370 0084 05       		.uleb128 0x5
 371 0085 04       		.byte	0x4
 372 0086 04       		.uleb128 0x4
 373 0087 01       		.byte	0x1
 374 0088 08       		.byte	0x8
 375 0089 04020000 		.4byte	.LASF11
 376 008d 06       		.uleb128 0x6
 377 008e D3000000 		.4byte	.LASF13
 378 0092 03       		.byte	0x3
 379 0093 D201     		.2byte	0x1d2
 380 0095 53000000 		.4byte	0x53
 381 0099 06       		.uleb128 0x6
 382 009a 0B010000 		.4byte	.LASF14
 383 009e 03       		.byte	0x3
 384 009f D301     		.2byte	0x1d3
 385 00a1 61000000 		.4byte	0x61
 386 00a5 06       		.uleb128 0x6
 387 00a6 12010000 		.4byte	.LASF15
 388 00aa 03       		.byte	0x3
 389 00ab D401     		.2byte	0x1d4
 390 00ad 6F000000 		.4byte	0x6f
 391 00b1 04       		.uleb128 0x4
 392 00b2 04       		.byte	0x4
 393 00b3 04       		.byte	0x4
 394 00b4 B1000000 		.4byte	.LASF16
 395 00b8 04       		.uleb128 0x4
 396 00b9 08       		.byte	0x8
 397 00ba 04       		.byte	0x4
 398 00bb F8000000 		.4byte	.LASF17
 399 00bf 06       		.uleb128 0x6
 400 00c0 BC000000 		.4byte	.LASF18
 401 00c4 03       		.byte	0x3
 402 00c5 7C02     		.2byte	0x27c
 403 00c7 CB000000 		.4byte	0xcb
 404 00cb 07       		.uleb128 0x7
 405 00cc 8D000000 		.4byte	0x8d
 406 00d0 06       		.uleb128 0x6
 407 00d1 00000000 		.4byte	.LASF19
 408 00d5 03       		.byte	0x3
 409 00d6 7E02     		.2byte	0x27e
 410 00d8 DC000000 		.4byte	0xdc
 411 00dc 07       		.uleb128 0x7
 412 00dd A5000000 		.4byte	0xa5
 413 00e1 08       		.uleb128 0x8
ARM GAS  C:\Users\Mahe\AppData\Local\Temp\ccRZH7QQ.s 			page 14


 414 00e2 0D000000 		.4byte	.LASF32
 415 00e6 01       		.byte	0x1
 416 00e7 DE       		.byte	0xde
 417 00e8 00000000 		.4byte	.LFB5
 418 00ec 20000000 		.4byte	.LFE5-.LFB5
 419 00f0 01       		.uleb128 0x1
 420 00f1 9C       		.byte	0x9c
 421 00f2 09       		.uleb128 0x9
 422 00f3 D9000000 		.4byte	.LASF20
 423 00f7 01       		.byte	0x1
 424 00f8 4C       		.byte	0x4c
 425 00f9 00000000 		.4byte	.LFB1
 426 00fd 0C000000 		.4byte	.LFE1-.LFB1
 427 0101 01       		.uleb128 0x1
 428 0102 9C       		.byte	0x9c
 429 0103 3F010000 		.4byte	0x13f
 430 0107 0A       		.uleb128 0xa
 431 0108 7300     		.ascii	"s\000"
 432 010a 01       		.byte	0x1
 433 010b 4C       		.byte	0x4c
 434 010c 84000000 		.4byte	0x84
 435 0110 00000000 		.4byte	.LLST0
 436 0114 0A       		.uleb128 0xa
 437 0115 6E00     		.ascii	"n\000"
 438 0117 01       		.byte	0x1
 439 0118 4C       		.byte	0x4c
 440 0119 2C000000 		.4byte	0x2c
 441 011d 21000000 		.4byte	.LLST1
 442 0121 0B       		.uleb128 0xb
 443 0122 0A000000 		.4byte	.LVL2
 444 0126 6D020000 		.4byte	0x26d
 445 012a 0C       		.uleb128 0xc
 446 012b 01       		.uleb128 0x1
 447 012c 50       		.byte	0x50
 448 012d 03       		.uleb128 0x3
 449 012e F3       		.byte	0xf3
 450 012f 01       		.uleb128 0x1
 451 0130 50       		.byte	0x50
 452 0131 0C       		.uleb128 0xc
 453 0132 01       		.uleb128 0x1
 454 0133 51       		.byte	0x51
 455 0134 01       		.uleb128 0x1
 456 0135 30       		.byte	0x30
 457 0136 0C       		.uleb128 0xc
 458 0137 01       		.uleb128 0x1
 459 0138 52       		.byte	0x52
 460 0139 03       		.uleb128 0x3
 461 013a F3       		.byte	0xf3
 462 013b 01       		.uleb128 0x1
 463 013c 51       		.byte	0x51
 464 013d 00       		.byte	0
 465 013e 00       		.byte	0
 466 013f 09       		.uleb128 0x9
 467 0140 3D000000 		.4byte	.LASF21
 468 0144 01       		.byte	0x1
 469 0145 AD       		.byte	0xad
 470 0146 00000000 		.4byte	.LFB4
ARM GAS  C:\Users\Mahe\AppData\Local\Temp\ccRZH7QQ.s 			page 15


 471 014a 7C000000 		.4byte	.LFE4-.LFB4
 472 014e 01       		.uleb128 0x1
 473 014f 9C       		.byte	0x9c
 474 0150 8B010000 		.4byte	0x18b
 475 0154 0D       		.uleb128 0xd
 476 0155 0E000000 		.4byte	.LVL3
 477 0159 76020000 		.4byte	0x276
 478 015d 68010000 		.4byte	0x168
 479 0161 0C       		.uleb128 0xc
 480 0162 01       		.uleb128 0x1
 481 0163 50       		.byte	0x50
 482 0164 02       		.uleb128 0x2
 483 0165 08       		.byte	0x8
 484 0166 30       		.byte	0x30
 485 0167 00       		.byte	0
 486 0168 0D       		.uleb128 0xd
 487 0169 3E000000 		.4byte	.LVL4
 488 016d 81020000 		.4byte	0x281
 489 0171 7B010000 		.4byte	0x17b
 490 0175 0C       		.uleb128 0xc
 491 0176 01       		.uleb128 0x1
 492 0177 50       		.byte	0x50
 493 0178 01       		.uleb128 0x1
 494 0179 37       		.byte	0x37
 495 017a 00       		.byte	0
 496 017b 0B       		.uleb128 0xb
 497 017c 44000000 		.4byte	.LVL5
 498 0180 8C020000 		.4byte	0x28c
 499 0184 0C       		.uleb128 0xc
 500 0185 01       		.uleb128 0x1
 501 0186 50       		.byte	0x50
 502 0187 01       		.uleb128 0x1
 503 0188 37       		.byte	0x37
 504 0189 00       		.byte	0
 505 018a 00       		.byte	0
 506 018b 0E       		.uleb128 0xe
 507 018c 26010000 		.4byte	.LASF33
 508 0190 01       		.byte	0x1
 509 0191 F9       		.byte	0xf9
 510 0192 7C000000 		.4byte	.LFB6
 511 0196 9C000000 		.4byte	.LFE6-.LFB6
 512 019a 01       		.uleb128 0x1
 513 019b 9C       		.byte	0x9c
 514 019c 6D020000 		.4byte	0x26d
 515 01a0 0F       		.uleb128 0xf
 516 01a1 80000000 		.4byte	.LBB2
 517 01a5 4C000000 		.4byte	.LBE2-.LBB2
 518 01a9 5A020000 		.4byte	0x25a
 519 01ad 10       		.uleb128 0x10
 520 01ae 06       		.byte	0x6
 521 01af 01       		.byte	0x1
 522 01b0 0001     		.2byte	0x100
 523 01b2 D1010000 		.4byte	0x1d1
 524 01b6 11       		.uleb128 0x11
 525 01b7 33010000 		.4byte	.LASF22
 526 01bb 01       		.byte	0x1
 527 01bc 0101     		.2byte	0x101
ARM GAS  C:\Users\Mahe\AppData\Local\Temp\ccRZH7QQ.s 			page 16


 528 01be 84000000 		.4byte	0x84
 529 01c2 00       		.byte	0
 530 01c3 11       		.uleb128 0x11
 531 01c4 B7000000 		.4byte	.LASF23
 532 01c8 01       		.byte	0x1
 533 01c9 0201     		.2byte	0x102
 534 01cb 99000000 		.4byte	0x99
 535 01cf 04       		.byte	0x4
 536 01d0 00       		.byte	0
 537 01d1 06       		.uleb128 0x6
 538 01d2 E0010000 		.4byte	.LASF24
 539 01d6 01       		.byte	0x1
 540 01d7 0301     		.2byte	0x103
 541 01d9 AD010000 		.4byte	0x1ad
 542 01dd 12       		.uleb128 0x12
 543 01de ED010000 		.4byte	0x1ed
 544 01e2 ED010000 		.4byte	0x1ed
 545 01e6 13       		.uleb128 0x13
 546 01e7 7D000000 		.4byte	0x7d
 547 01eb 01       		.byte	0x1
 548 01ec 00       		.byte	0
 549 01ed 14       		.uleb128 0x14
 550 01ee D1010000 		.4byte	0x1d1
 551 01f2 15       		.uleb128 0x15
 552 01f3 2D000000 		.4byte	.LASF25
 553 01f7 01       		.byte	0x1
 554 01f8 0501     		.2byte	0x105
 555 01fa 04020000 		.4byte	0x204
 556 01fe 05       		.uleb128 0x5
 557 01ff 03       		.byte	0x3
 558 0200 00000000 		.4byte	cfg_memset_list.4888
 559 0204 14       		.uleb128 0x14
 560 0205 DD010000 		.4byte	0x1dd
 561 0209 16       		.uleb128 0x16
 562 020a 6900     		.ascii	"i\000"
 563 020c 01       		.byte	0x1
 564 020d 0B01     		.2byte	0x10b
 565 020f 8D000000 		.4byte	0x8d
 566 0213 4D000000 		.4byte	.LLST2
 567 0217 17       		.uleb128 0x17
 568 0218 84000000 		.4byte	.LBB3
 569 021c 1C000000 		.4byte	.LBE3-.LBB3
 570 0220 16       		.uleb128 0x16
 571 0221 6D7300   		.ascii	"ms\000"
 572 0224 01       		.byte	0x1
 573 0225 1001     		.2byte	0x110
 574 0227 2F020000 		.4byte	0x22f
 575 022b 77000000 		.4byte	.LLST3
 576 022f 18       		.uleb128 0x18
 577 0230 04       		.byte	0x4
 578 0231 ED010000 		.4byte	0x1ed
 579 0235 0B       		.uleb128 0xb
 580 0236 A0000000 		.4byte	.LVL8
 581 023a F2000000 		.4byte	0xf2
 582 023e 0C       		.uleb128 0xc
 583 023f 01       		.uleb128 0x1
 584 0240 51       		.byte	0x51
ARM GAS  C:\Users\Mahe\AppData\Local\Temp\ccRZH7QQ.s 			page 17


 585 0241 15       		.uleb128 0x15
 586 0242 74       		.byte	0x74
 587 0243 00       		.sleb128 0
 588 0244 31       		.byte	0x31
 589 0245 24       		.byte	0x24
 590 0246 74       		.byte	0x74
 591 0247 00       		.sleb128 0
 592 0248 22       		.byte	0x22
 593 0249 31       		.byte	0x31
 594 024a 24       		.byte	0x24
 595 024b 03       		.byte	0x3
 596 024c 04000000 		.4byte	.LANCHOR0+4
 597 0250 22       		.byte	0x22
 598 0251 94       		.byte	0x94
 599 0252 02       		.byte	0x2
 600 0253 0A       		.byte	0xa
 601 0254 FFFF     		.2byte	0xffff
 602 0256 1A       		.byte	0x1a
 603 0257 00       		.byte	0
 604 0258 00       		.byte	0
 605 0259 00       		.byte	0
 606 025a 19       		.uleb128 0x19
 607 025b EA000000 		.4byte	.LVL11
 608 025f 3F010000 		.4byte	0x13f
 609 0263 19       		.uleb128 0x19
 610 0264 EE000000 		.4byte	.LVL12
 611 0268 E1000000 		.4byte	0xe1
 612 026c 00       		.byte	0
 613 026d 1A       		.uleb128 0x1a
 614 026e F1000000 		.4byte	.LASF34
 615 0272 F1000000 		.4byte	.LASF34
 616 0276 1B       		.uleb128 0x1b
 617 0277 13020000 		.4byte	.LASF26
 618 027b 13020000 		.4byte	.LASF26
 619 027f 04       		.byte	0x4
 620 0280 6C       		.byte	0x6c
 621 0281 1B       		.uleb128 0x1b
 622 0282 1E000000 		.4byte	.LASF27
 623 0286 1E000000 		.4byte	.LASF27
 624 028a 04       		.byte	0x4
 625 028b BD       		.byte	0xbd
 626 028c 1B       		.uleb128 0x1b
 627 028d FF000000 		.4byte	.LASF28
 628 0291 FF000000 		.4byte	.LASF28
 629 0295 04       		.byte	0x4
 630 0296 C3       		.byte	0xc3
 631 0297 00       		.byte	0
 632              		.section	.debug_abbrev,"",%progbits
 633              	.Ldebug_abbrev0:
 634 0000 01       		.uleb128 0x1
 635 0001 11       		.uleb128 0x11
 636 0002 01       		.byte	0x1
 637 0003 25       		.uleb128 0x25
 638 0004 0E       		.uleb128 0xe
 639 0005 13       		.uleb128 0x13
 640 0006 0B       		.uleb128 0xb
 641 0007 03       		.uleb128 0x3
ARM GAS  C:\Users\Mahe\AppData\Local\Temp\ccRZH7QQ.s 			page 18


 642 0008 0E       		.uleb128 0xe
 643 0009 1B       		.uleb128 0x1b
 644 000a 0E       		.uleb128 0xe
 645 000b 55       		.uleb128 0x55
 646 000c 17       		.uleb128 0x17
 647 000d 11       		.uleb128 0x11
 648 000e 01       		.uleb128 0x1
 649 000f 10       		.uleb128 0x10
 650 0010 17       		.uleb128 0x17
 651 0011 00       		.byte	0
 652 0012 00       		.byte	0
 653 0013 02       		.uleb128 0x2
 654 0014 24       		.uleb128 0x24
 655 0015 00       		.byte	0
 656 0016 0B       		.uleb128 0xb
 657 0017 0B       		.uleb128 0xb
 658 0018 3E       		.uleb128 0x3e
 659 0019 0B       		.uleb128 0xb
 660 001a 03       		.uleb128 0x3
 661 001b 08       		.uleb128 0x8
 662 001c 00       		.byte	0
 663 001d 00       		.byte	0
 664 001e 03       		.uleb128 0x3
 665 001f 16       		.uleb128 0x16
 666 0020 00       		.byte	0
 667 0021 03       		.uleb128 0x3
 668 0022 0E       		.uleb128 0xe
 669 0023 3A       		.uleb128 0x3a
 670 0024 0B       		.uleb128 0xb
 671 0025 3B       		.uleb128 0x3b
 672 0026 0B       		.uleb128 0xb
 673 0027 49       		.uleb128 0x49
 674 0028 13       		.uleb128 0x13
 675 0029 00       		.byte	0
 676 002a 00       		.byte	0
 677 002b 04       		.uleb128 0x4
 678 002c 24       		.uleb128 0x24
 679 002d 00       		.byte	0
 680 002e 0B       		.uleb128 0xb
 681 002f 0B       		.uleb128 0xb
 682 0030 3E       		.uleb128 0x3e
 683 0031 0B       		.uleb128 0xb
 684 0032 03       		.uleb128 0x3
 685 0033 0E       		.uleb128 0xe
 686 0034 00       		.byte	0
 687 0035 00       		.byte	0
 688 0036 05       		.uleb128 0x5
 689 0037 0F       		.uleb128 0xf
 690 0038 00       		.byte	0
 691 0039 0B       		.uleb128 0xb
 692 003a 0B       		.uleb128 0xb
 693 003b 00       		.byte	0
 694 003c 00       		.byte	0
 695 003d 06       		.uleb128 0x6
 696 003e 16       		.uleb128 0x16
 697 003f 00       		.byte	0
 698 0040 03       		.uleb128 0x3
ARM GAS  C:\Users\Mahe\AppData\Local\Temp\ccRZH7QQ.s 			page 19


 699 0041 0E       		.uleb128 0xe
 700 0042 3A       		.uleb128 0x3a
 701 0043 0B       		.uleb128 0xb
 702 0044 3B       		.uleb128 0x3b
 703 0045 05       		.uleb128 0x5
 704 0046 49       		.uleb128 0x49
 705 0047 13       		.uleb128 0x13
 706 0048 00       		.byte	0
 707 0049 00       		.byte	0
 708 004a 07       		.uleb128 0x7
 709 004b 35       		.uleb128 0x35
 710 004c 00       		.byte	0
 711 004d 49       		.uleb128 0x49
 712 004e 13       		.uleb128 0x13
 713 004f 00       		.byte	0
 714 0050 00       		.byte	0
 715 0051 08       		.uleb128 0x8
 716 0052 2E       		.uleb128 0x2e
 717 0053 00       		.byte	0
 718 0054 03       		.uleb128 0x3
 719 0055 0E       		.uleb128 0xe
 720 0056 3A       		.uleb128 0x3a
 721 0057 0B       		.uleb128 0xb
 722 0058 3B       		.uleb128 0x3b
 723 0059 0B       		.uleb128 0xb
 724 005a 27       		.uleb128 0x27
 725 005b 19       		.uleb128 0x19
 726 005c 11       		.uleb128 0x11
 727 005d 01       		.uleb128 0x1
 728 005e 12       		.uleb128 0x12
 729 005f 06       		.uleb128 0x6
 730 0060 40       		.uleb128 0x40
 731 0061 18       		.uleb128 0x18
 732 0062 9742     		.uleb128 0x2117
 733 0064 19       		.uleb128 0x19
 734 0065 00       		.byte	0
 735 0066 00       		.byte	0
 736 0067 09       		.uleb128 0x9
 737 0068 2E       		.uleb128 0x2e
 738 0069 01       		.byte	0x1
 739 006a 03       		.uleb128 0x3
 740 006b 0E       		.uleb128 0xe
 741 006c 3A       		.uleb128 0x3a
 742 006d 0B       		.uleb128 0xb
 743 006e 3B       		.uleb128 0x3b
 744 006f 0B       		.uleb128 0xb
 745 0070 27       		.uleb128 0x27
 746 0071 19       		.uleb128 0x19
 747 0072 11       		.uleb128 0x11
 748 0073 01       		.uleb128 0x1
 749 0074 12       		.uleb128 0x12
 750 0075 06       		.uleb128 0x6
 751 0076 40       		.uleb128 0x40
 752 0077 18       		.uleb128 0x18
 753 0078 9742     		.uleb128 0x2117
 754 007a 19       		.uleb128 0x19
 755 007b 01       		.uleb128 0x1
ARM GAS  C:\Users\Mahe\AppData\Local\Temp\ccRZH7QQ.s 			page 20


 756 007c 13       		.uleb128 0x13
 757 007d 00       		.byte	0
 758 007e 00       		.byte	0
 759 007f 0A       		.uleb128 0xa
 760 0080 05       		.uleb128 0x5
 761 0081 00       		.byte	0
 762 0082 03       		.uleb128 0x3
 763 0083 08       		.uleb128 0x8
 764 0084 3A       		.uleb128 0x3a
 765 0085 0B       		.uleb128 0xb
 766 0086 3B       		.uleb128 0x3b
 767 0087 0B       		.uleb128 0xb
 768 0088 49       		.uleb128 0x49
 769 0089 13       		.uleb128 0x13
 770 008a 02       		.uleb128 0x2
 771 008b 17       		.uleb128 0x17
 772 008c 00       		.byte	0
 773 008d 00       		.byte	0
 774 008e 0B       		.uleb128 0xb
 775 008f 898201   		.uleb128 0x4109
 776 0092 01       		.byte	0x1
 777 0093 11       		.uleb128 0x11
 778 0094 01       		.uleb128 0x1
 779 0095 31       		.uleb128 0x31
 780 0096 13       		.uleb128 0x13
 781 0097 00       		.byte	0
 782 0098 00       		.byte	0
 783 0099 0C       		.uleb128 0xc
 784 009a 8A8201   		.uleb128 0x410a
 785 009d 00       		.byte	0
 786 009e 02       		.uleb128 0x2
 787 009f 18       		.uleb128 0x18
 788 00a0 9142     		.uleb128 0x2111
 789 00a2 18       		.uleb128 0x18
 790 00a3 00       		.byte	0
 791 00a4 00       		.byte	0
 792 00a5 0D       		.uleb128 0xd
 793 00a6 898201   		.uleb128 0x4109
 794 00a9 01       		.byte	0x1
 795 00aa 11       		.uleb128 0x11
 796 00ab 01       		.uleb128 0x1
 797 00ac 31       		.uleb128 0x31
 798 00ad 13       		.uleb128 0x13
 799 00ae 01       		.uleb128 0x1
 800 00af 13       		.uleb128 0x13
 801 00b0 00       		.byte	0
 802 00b1 00       		.byte	0
 803 00b2 0E       		.uleb128 0xe
 804 00b3 2E       		.uleb128 0x2e
 805 00b4 01       		.byte	0x1
 806 00b5 3F       		.uleb128 0x3f
 807 00b6 19       		.uleb128 0x19
 808 00b7 03       		.uleb128 0x3
 809 00b8 0E       		.uleb128 0xe
 810 00b9 3A       		.uleb128 0x3a
 811 00ba 0B       		.uleb128 0xb
 812 00bb 3B       		.uleb128 0x3b
ARM GAS  C:\Users\Mahe\AppData\Local\Temp\ccRZH7QQ.s 			page 21


 813 00bc 0B       		.uleb128 0xb
 814 00bd 27       		.uleb128 0x27
 815 00be 19       		.uleb128 0x19
 816 00bf 11       		.uleb128 0x11
 817 00c0 01       		.uleb128 0x1
 818 00c1 12       		.uleb128 0x12
 819 00c2 06       		.uleb128 0x6
 820 00c3 40       		.uleb128 0x40
 821 00c4 18       		.uleb128 0x18
 822 00c5 9742     		.uleb128 0x2117
 823 00c7 19       		.uleb128 0x19
 824 00c8 01       		.uleb128 0x1
 825 00c9 13       		.uleb128 0x13
 826 00ca 00       		.byte	0
 827 00cb 00       		.byte	0
 828 00cc 0F       		.uleb128 0xf
 829 00cd 0B       		.uleb128 0xb
 830 00ce 01       		.byte	0x1
 831 00cf 11       		.uleb128 0x11
 832 00d0 01       		.uleb128 0x1
 833 00d1 12       		.uleb128 0x12
 834 00d2 06       		.uleb128 0x6
 835 00d3 01       		.uleb128 0x1
 836 00d4 13       		.uleb128 0x13
 837 00d5 00       		.byte	0
 838 00d6 00       		.byte	0
 839 00d7 10       		.uleb128 0x10
 840 00d8 13       		.uleb128 0x13
 841 00d9 01       		.byte	0x1
 842 00da 0B       		.uleb128 0xb
 843 00db 0B       		.uleb128 0xb
 844 00dc 3A       		.uleb128 0x3a
 845 00dd 0B       		.uleb128 0xb
 846 00de 3B       		.uleb128 0x3b
 847 00df 05       		.uleb128 0x5
 848 00e0 01       		.uleb128 0x1
 849 00e1 13       		.uleb128 0x13
 850 00e2 00       		.byte	0
 851 00e3 00       		.byte	0
 852 00e4 11       		.uleb128 0x11
 853 00e5 0D       		.uleb128 0xd
 854 00e6 00       		.byte	0
 855 00e7 03       		.uleb128 0x3
 856 00e8 0E       		.uleb128 0xe
 857 00e9 3A       		.uleb128 0x3a
 858 00ea 0B       		.uleb128 0xb
 859 00eb 3B       		.uleb128 0x3b
 860 00ec 05       		.uleb128 0x5
 861 00ed 49       		.uleb128 0x49
 862 00ee 13       		.uleb128 0x13
 863 00ef 38       		.uleb128 0x38
 864 00f0 0B       		.uleb128 0xb
 865 00f1 00       		.byte	0
 866 00f2 00       		.byte	0
 867 00f3 12       		.uleb128 0x12
 868 00f4 01       		.uleb128 0x1
 869 00f5 01       		.byte	0x1
ARM GAS  C:\Users\Mahe\AppData\Local\Temp\ccRZH7QQ.s 			page 22


 870 00f6 49       		.uleb128 0x49
 871 00f7 13       		.uleb128 0x13
 872 00f8 01       		.uleb128 0x1
 873 00f9 13       		.uleb128 0x13
 874 00fa 00       		.byte	0
 875 00fb 00       		.byte	0
 876 00fc 13       		.uleb128 0x13
 877 00fd 21       		.uleb128 0x21
 878 00fe 00       		.byte	0
 879 00ff 49       		.uleb128 0x49
 880 0100 13       		.uleb128 0x13
 881 0101 2F       		.uleb128 0x2f
 882 0102 0B       		.uleb128 0xb
 883 0103 00       		.byte	0
 884 0104 00       		.byte	0
 885 0105 14       		.uleb128 0x14
 886 0106 26       		.uleb128 0x26
 887 0107 00       		.byte	0
 888 0108 49       		.uleb128 0x49
 889 0109 13       		.uleb128 0x13
 890 010a 00       		.byte	0
 891 010b 00       		.byte	0
 892 010c 15       		.uleb128 0x15
 893 010d 34       		.uleb128 0x34
 894 010e 00       		.byte	0
 895 010f 03       		.uleb128 0x3
 896 0110 0E       		.uleb128 0xe
 897 0111 3A       		.uleb128 0x3a
 898 0112 0B       		.uleb128 0xb
 899 0113 3B       		.uleb128 0x3b
 900 0114 05       		.uleb128 0x5
 901 0115 49       		.uleb128 0x49
 902 0116 13       		.uleb128 0x13
 903 0117 02       		.uleb128 0x2
 904 0118 18       		.uleb128 0x18
 905 0119 00       		.byte	0
 906 011a 00       		.byte	0
 907 011b 16       		.uleb128 0x16
 908 011c 34       		.uleb128 0x34
 909 011d 00       		.byte	0
 910 011e 03       		.uleb128 0x3
 911 011f 08       		.uleb128 0x8
 912 0120 3A       		.uleb128 0x3a
 913 0121 0B       		.uleb128 0xb
 914 0122 3B       		.uleb128 0x3b
 915 0123 05       		.uleb128 0x5
 916 0124 49       		.uleb128 0x49
 917 0125 13       		.uleb128 0x13
 918 0126 02       		.uleb128 0x2
 919 0127 17       		.uleb128 0x17
 920 0128 00       		.byte	0
 921 0129 00       		.byte	0
 922 012a 17       		.uleb128 0x17
 923 012b 0B       		.uleb128 0xb
 924 012c 01       		.byte	0x1
 925 012d 11       		.uleb128 0x11
 926 012e 01       		.uleb128 0x1
ARM GAS  C:\Users\Mahe\AppData\Local\Temp\ccRZH7QQ.s 			page 23


 927 012f 12       		.uleb128 0x12
 928 0130 06       		.uleb128 0x6
 929 0131 00       		.byte	0
 930 0132 00       		.byte	0
 931 0133 18       		.uleb128 0x18
 932 0134 0F       		.uleb128 0xf
 933 0135 00       		.byte	0
 934 0136 0B       		.uleb128 0xb
 935 0137 0B       		.uleb128 0xb
 936 0138 49       		.uleb128 0x49
 937 0139 13       		.uleb128 0x13
 938 013a 00       		.byte	0
 939 013b 00       		.byte	0
 940 013c 19       		.uleb128 0x19
 941 013d 898201   		.uleb128 0x4109
 942 0140 00       		.byte	0
 943 0141 11       		.uleb128 0x11
 944 0142 01       		.uleb128 0x1
 945 0143 31       		.uleb128 0x31
 946 0144 13       		.uleb128 0x13
 947 0145 00       		.byte	0
 948 0146 00       		.byte	0
 949 0147 1A       		.uleb128 0x1a
 950 0148 2E       		.uleb128 0x2e
 951 0149 00       		.byte	0
 952 014a 3F       		.uleb128 0x3f
 953 014b 19       		.uleb128 0x19
 954 014c 3C       		.uleb128 0x3c
 955 014d 19       		.uleb128 0x19
 956 014e 6E       		.uleb128 0x6e
 957 014f 0E       		.uleb128 0xe
 958 0150 03       		.uleb128 0x3
 959 0151 0E       		.uleb128 0xe
 960 0152 00       		.byte	0
 961 0153 00       		.byte	0
 962 0154 1B       		.uleb128 0x1b
 963 0155 2E       		.uleb128 0x2e
 964 0156 00       		.byte	0
 965 0157 3F       		.uleb128 0x3f
 966 0158 19       		.uleb128 0x19
 967 0159 3C       		.uleb128 0x3c
 968 015a 19       		.uleb128 0x19
 969 015b 6E       		.uleb128 0x6e
 970 015c 0E       		.uleb128 0xe
 971 015d 03       		.uleb128 0x3
 972 015e 0E       		.uleb128 0xe
 973 015f 3A       		.uleb128 0x3a
 974 0160 0B       		.uleb128 0xb
 975 0161 3B       		.uleb128 0x3b
 976 0162 0B       		.uleb128 0xb
 977 0163 00       		.byte	0
 978 0164 00       		.byte	0
 979 0165 00       		.byte	0
 980              		.section	.debug_loc,"",%progbits
 981              	.Ldebug_loc0:
 982              	.LLST0:
 983 0000 00000000 		.4byte	.LVL0
ARM GAS  C:\Users\Mahe\AppData\Local\Temp\ccRZH7QQ.s 			page 24


 984 0004 09000000 		.4byte	.LVL2-1
 985 0008 0100     		.2byte	0x1
 986 000a 50       		.byte	0x50
 987 000b 09000000 		.4byte	.LVL2-1
 988 000f 0C000000 		.4byte	.LFE1
 989 0013 0400     		.2byte	0x4
 990 0015 F3       		.byte	0xf3
 991 0016 01       		.uleb128 0x1
 992 0017 50       		.byte	0x50
 993 0018 9F       		.byte	0x9f
 994 0019 00000000 		.4byte	0
 995 001d 00000000 		.4byte	0
 996              	.LLST1:
 997 0021 00000000 		.4byte	.LVL0
 998 0025 06000000 		.4byte	.LVL1
 999 0029 0100     		.2byte	0x1
 1000 002b 51       		.byte	0x51
 1001 002c 06000000 		.4byte	.LVL1
 1002 0030 09000000 		.4byte	.LVL2-1
 1003 0034 0100     		.2byte	0x1
 1004 0036 52       		.byte	0x52
 1005 0037 09000000 		.4byte	.LVL2-1
 1006 003b 0C000000 		.4byte	.LFE1
 1007 003f 0400     		.2byte	0x4
 1008 0041 F3       		.byte	0xf3
 1009 0042 01       		.uleb128 0x1
 1010 0043 51       		.byte	0x51
 1011 0044 9F       		.byte	0x9f
 1012 0045 00000000 		.4byte	0
 1013 0049 00000000 		.4byte	0
 1014              	.LLST2:
 1015 004d 80000000 		.4byte	.LVL6
 1016 0051 84000000 		.4byte	.LVL7
 1017 0055 0200     		.2byte	0x2
 1018 0057 30       		.byte	0x30
 1019 0058 9F       		.byte	0x9f
 1020 0059 84000000 		.4byte	.LVL7
 1021 005d A2000000 		.4byte	.LVL9
 1022 0061 0100     		.2byte	0x1
 1023 0063 54       		.byte	0x54
 1024 0064 A4000000 		.4byte	.LVL10
 1025 0068 EE000000 		.4byte	.LVL13
 1026 006c 0100     		.2byte	0x1
 1027 006e 54       		.byte	0x54
 1028 006f 00000000 		.4byte	0
 1029 0073 00000000 		.4byte	0
 1030              	.LLST3:
 1031 0077 84000000 		.4byte	.LVL7
 1032 007b A2000000 		.4byte	.LVL9
 1033 007f 0B00     		.2byte	0xb
 1034 0081 74       		.byte	0x74
 1035 0082 00       		.sleb128 0
 1036 0083 36       		.byte	0x36
 1037 0084 1E       		.byte	0x1e
 1038 0085 03       		.byte	0x3
 1039 0086 00000000 		.4byte	cfg_memset_list.4888
 1040 008a 22       		.byte	0x22
ARM GAS  C:\Users\Mahe\AppData\Local\Temp\ccRZH7QQ.s 			page 25


 1041 008b 9F       		.byte	0x9f
 1042 008c A2000000 		.4byte	.LVL9
 1043 0090 A4000000 		.4byte	.LVL10
 1044 0094 0B00     		.2byte	0xb
 1045 0096 74       		.byte	0x74
 1046 0097 7F       		.sleb128 -1
 1047 0098 36       		.byte	0x36
 1048 0099 1E       		.byte	0x1e
 1049 009a 03       		.byte	0x3
 1050 009b 00000000 		.4byte	cfg_memset_list.4888
 1051 009f 22       		.byte	0x22
 1052 00a0 9F       		.byte	0x9f
 1053 00a1 00000000 		.4byte	0
 1054 00a5 00000000 		.4byte	0
 1055              		.section	.debug_aranges,"",%progbits
 1056 0000 34000000 		.4byte	0x34
 1057 0004 0200     		.2byte	0x2
 1058 0006 00000000 		.4byte	.Ldebug_info0
 1059 000a 04       		.byte	0x4
 1060 000b 00       		.byte	0
 1061 000c 0000     		.2byte	0
 1062 000e 0000     		.2byte	0
 1063 0010 00000000 		.4byte	.LFB5
 1064 0014 20000000 		.4byte	.LFE5-.LFB5
 1065 0018 00000000 		.4byte	.LFB1
 1066 001c 0C000000 		.4byte	.LFE1-.LFB1
 1067 0020 00000000 		.4byte	.LFB4
 1068 0024 7C000000 		.4byte	.LFE4-.LFB4
 1069 0028 7C000000 		.4byte	.LFB6
 1070 002c 9C000000 		.4byte	.LFE6-.LFB6
 1071 0030 00000000 		.4byte	0
 1072 0034 00000000 		.4byte	0
 1073              		.section	.debug_ranges,"",%progbits
 1074              	.Ldebug_ranges0:
 1075 0000 00000000 		.4byte	.LFB5
 1076 0004 20000000 		.4byte	.LFE5
 1077 0008 00000000 		.4byte	.LFB1
 1078 000c 0C000000 		.4byte	.LFE1
 1079 0010 00000000 		.4byte	.LFB4
 1080 0014 7C000000 		.4byte	.LFE4
 1081 0018 7C000000 		.4byte	.LFB6
 1082 001c 18010000 		.4byte	.LFE6
 1083 0020 00000000 		.4byte	0
 1084 0024 00000000 		.4byte	0
 1085              		.section	.debug_line,"",%progbits
 1086              	.Ldebug_line0:
 1087 0000 43010000 		.section	.debug_str,"MS",%progbits,1
 1087      0200D600 
 1087      00000201 
 1087      FB0E0D00 
 1087      01010101 
 1088              	.LASF19:
 1089 0000 72656733 		.ascii	"reg32\000"
 1089      3200
 1090              	.LASF12:
 1091 0006 73697A65 		.ascii	"size_t\000"
 1091      5F7400
ARM GAS  C:\Users\Mahe\AppData\Local\Temp\ccRZH7QQ.s 			page 26


 1092              	.LASF32:
 1093 000d 416E616C 		.ascii	"AnalogSetDefault\000"
 1093      6F675365 
 1093      74446566 
 1093      61756C74 
 1093      00
 1094              	.LASF27:
 1095 001e 4379496E 		.ascii	"CyIntSetVector\000"
 1095      74536574 
 1095      56656374 
 1095      6F7200
 1096              	.LASF25:
 1097 002d 6366675F 		.ascii	"cfg_memset_list\000"
 1097      6D656D73 
 1097      65745F6C 
 1097      69737400 
 1098              	.LASF21:
 1099 003d 436C6F63 		.ascii	"ClockSetup\000"
 1099      6B536574 
 1099      757000
 1100              	.LASF6:
 1101 0048 73686F72 		.ascii	"short unsigned int\000"
 1101      7420756E 
 1101      7369676E 
 1101      65642069 
 1101      6E7400
 1102              	.LASF31:
 1103 005b 433A5C55 		.ascii	"C:\\Users\\Mahe\\Documents\\PSoC Creator\\Workspace"
 1103      73657273 
 1103      5C4D6168 
 1103      655C446F 
 1103      63756D65 
 1104 0089 30315C41 		.ascii	"01\\Aug_16th_AESD\\Critical_Section.cydsn\000"
 1104      75675F31 
 1104      3674685F 
 1104      41455344 
 1104      5C437269 
 1105              	.LASF16:
 1106 00b1 666C6F61 		.ascii	"float\000"
 1106      7400
 1107              	.LASF23:
 1108 00b7 73697A65 		.ascii	"size\000"
 1108      00
 1109              	.LASF18:
 1110 00bc 72656738 		.ascii	"reg8\000"
 1110      00
 1111              	.LASF8:
 1112 00c1 6C6F6E67 		.ascii	"long unsigned int\000"
 1112      20756E73 
 1112      69676E65 
 1112      6420696E 
 1112      7400
 1113              	.LASF13:
 1114 00d3 75696E74 		.ascii	"uint8\000"
 1114      3800
 1115              	.LASF20:
 1116 00d9 43594D45 		.ascii	"CYMEMZERO\000"
ARM GAS  C:\Users\Mahe\AppData\Local\Temp\ccRZH7QQ.s 			page 27


 1116      4D5A4552 
 1116      4F00
 1117              	.LASF4:
 1118 00e3 756E7369 		.ascii	"unsigned char\000"
 1118      676E6564 
 1118      20636861 
 1118      7200
 1119              	.LASF34:
 1120 00f1 6D656D73 		.ascii	"memset\000"
 1120      657400
 1121              	.LASF17:
 1122 00f8 646F7562 		.ascii	"double\000"
 1122      6C6500
 1123              	.LASF28:
 1124 00ff 4379496E 		.ascii	"CyIntEnable\000"
 1124      74456E61 
 1124      626C6500 
 1125              	.LASF14:
 1126 010b 75696E74 		.ascii	"uint16\000"
 1126      313600
 1127              	.LASF15:
 1128 0112 75696E74 		.ascii	"uint32\000"
 1128      333200
 1129              	.LASF0:
 1130 0119 756E7369 		.ascii	"unsigned int\000"
 1130      676E6564 
 1130      20696E74 
 1130      00
 1131              	.LASF33:
 1132 0126 63796669 		.ascii	"cyfitter_cfg\000"
 1132      74746572 
 1132      5F636667 
 1132      00
 1133              	.LASF22:
 1134 0133 61646472 		.ascii	"address\000"
 1134      65737300 
 1135              	.LASF9:
 1136 013b 6C6F6E67 		.ascii	"long long unsigned int\000"
 1136      206C6F6E 
 1136      6720756E 
 1136      7369676E 
 1136      65642069 
 1137              	.LASF29:
 1138 0152 474E5520 		.ascii	"GNU C11 5.4.1 20160609 (release) [ARM/embedded-5-br"
 1138      43313120 
 1138      352E342E 
 1138      31203230 
 1138      31363036 
 1139 0185 616E6368 		.ascii	"anch revision 237715] -mcpu=cortex-m0 -mthumb -g -O"
 1139      20726576 
 1139      6973696F 
 1139      6E203233 
 1139      37373135 
 1140 01b8 67202D66 		.ascii	"g -ffunction-sections -ffat-lto-objects\000"
 1140      66756E63 
 1140      74696F6E 
 1140      2D736563 
ARM GAS  C:\Users\Mahe\AppData\Local\Temp\ccRZH7QQ.s 			page 28


 1140      74696F6E 
 1141              	.LASF24:
 1142 01e0 6366675F 		.ascii	"cfg_memset_t\000"
 1142      6D656D73 
 1142      65745F74 
 1142      00
 1143              	.LASF10:
 1144 01ed 73697A65 		.ascii	"sizetype\000"
 1144      74797065 
 1144      00
 1145              	.LASF1:
 1146 01f6 6C6F6E67 		.ascii	"long long int\000"
 1146      206C6F6E 
 1146      6720696E 
 1146      7400
 1147              	.LASF11:
 1148 0204 63686172 		.ascii	"char\000"
 1148      00
 1149              	.LASF5:
 1150 0209 73686F72 		.ascii	"short int\000"
 1150      7420696E 
 1150      7400
 1151              	.LASF26:
 1152 0213 43795379 		.ascii	"CySysClkWriteImoFreq\000"
 1152      73436C6B 
 1152      57726974 
 1152      65496D6F 
 1152      46726571 
 1153              	.LASF7:
 1154 0228 6C6F6E67 		.ascii	"long int\000"
 1154      20696E74 
 1154      00
 1155              	.LASF2:
 1156 0231 6C6F6E67 		.ascii	"long double\000"
 1156      20646F75 
 1156      626C6500 
 1157              	.LASF3:
 1158 023d 7369676E 		.ascii	"signed char\000"
 1158      65642063 
 1158      68617200 
 1159              	.LASF30:
 1160 0249 47656E65 		.ascii	"Generated_Source\\PSoC4\\cyfitter_cfg.c\000"
 1160      72617465 
 1160      645F536F 
 1160      75726365 
 1160      5C50536F 
 1161              		.ident	"GCC: (GNU Tools for ARM Embedded Processors) 5.4.1 20160609 (release) [ARM/embedded-5-bran
