ARM GAS  C:\Users\Mahe\AppData\Local\Temp\ccoiRFtK.s 			page 1


   1              		.syntax unified
   2              		.cpu cortex-m0
   3              		.fpu softvfp
   4              		.eabi_attribute 20, 1
   5              		.eabi_attribute 21, 1
   6              		.eabi_attribute 23, 3
   7              		.eabi_attribute 24, 1
   8              		.eabi_attribute 25, 1
   9              		.eabi_attribute 26, 1
  10              		.eabi_attribute 30, 1
  11              		.eabi_attribute 34, 0
  12              		.eabi_attribute 18, 4
  13              		.thumb
  14              		.syntax unified
  15              		.file	"main.c"
  16              		.text
  17              	.Ltext0:
  18              		.cfi_sections	.debug_frame
  19              		.section	.text.GPIO_ISR,"ax",%progbits
  20              		.align	2
  21              		.global	GPIO_ISR
  22              		.code	16
  23              		.thumb_func
  24              		.type	GPIO_ISR, %function
  25              	GPIO_ISR:
  26              	.LFB35:
  27              		.file 1 "main.c"
   1:main.c        **** /* ========================================
   2:main.c        ****  *
   3:main.c        ****  * Copyright YOUR COMPANY, THE YEAR
   4:main.c        ****  * All Rights Reserved
   5:main.c        ****  * UNPUBLISHED, LICENSED SOFTWARE.
   6:main.c        ****  *
   7:main.c        ****  * CONFIDENTIAL AND PROPRIETARY INFORMATION
   8:main.c        ****  * WHICH IS THE PROPERTY OF your company.
   9:main.c        ****  *
  10:main.c        ****  * ========================================
  11:main.c        **** */
  12:main.c        **** #include "project.h"
  13:main.c        **** 
  14:main.c        **** int main(void)
  15:main.c        **** {
  16:main.c        ****     CyGlobalIntEnable; /* Enable global interrupts. */
  17:main.c        **** 
  18:main.c        ****     CY_ISR_PROTO(GPIO_ISR);
  19:main.c        ****         
  20:main.c        ****     isr_StartEx(GPIO_ISR);
  21:main.c        **** 
  22:main.c        ****     for(;;)
  23:main.c        ****     {
  24:main.c        ****        
  25:main.c        ****     }
  26:main.c        **** }
  27:main.c        **** 
  28:main.c        **** CY_ISR(GPIO_ISR)
  29:main.c        **** {
  28              		.loc 1 29 0
ARM GAS  C:\Users\Mahe\AppData\Local\Temp\ccoiRFtK.s 			page 2


  29              		.cfi_startproc
  30              		@ args = 0, pretend = 0, frame = 0
  31              		@ frame_needed = 0, uses_anonymous_args = 0
  32 0000 10B5     		push	{r4, lr}
  33              		.cfi_def_cfa_offset 8
  34              		.cfi_offset 4, -8
  35              		.cfi_offset 14, -4
  30:main.c        ****     SW_ClearInterrupt();
  36              		.loc 1 30 0
  37 0002 FFF7FEFF 		bl	SW_ClearInterrupt
  38              	.LVL0:
  31:main.c        ****     RED_LED_Write(~RED_LED_Read());
  39              		.loc 1 31 0
  40 0006 FFF7FEFF 		bl	RED_LED_Read
  41              	.LVL1:
  42 000a C043     		mvns	r0, r0
  43 000c C0B2     		uxtb	r0, r0
  44 000e FFF7FEFF 		bl	RED_LED_Write
  45              	.LVL2:
  32:main.c        **** }
  46              		.loc 1 32 0
  47              		@ sp needed
  48 0012 10BD     		pop	{r4, pc}
  49              		.cfi_endproc
  50              	.LFE35:
  51              		.size	GPIO_ISR, .-GPIO_ISR
  52              		.section	.text.main,"ax",%progbits
  53              		.align	2
  54              		.global	main
  55              		.code	16
  56              		.thumb_func
  57              		.type	main, %function
  58              	main:
  59              	.LFB34:
  15:main.c        ****     CyGlobalIntEnable; /* Enable global interrupts. */
  60              		.loc 1 15 0
  61              		.cfi_startproc
  62              		@ Volatile: function does not return.
  63              		@ args = 0, pretend = 0, frame = 0
  64              		@ frame_needed = 0, uses_anonymous_args = 0
  65 0000 10B5     		push	{r4, lr}
  66              		.cfi_def_cfa_offset 8
  67              		.cfi_offset 4, -8
  68              		.cfi_offset 14, -4
  16:main.c        **** 
  69              		.loc 1 16 0
  70              		.syntax divided
  71              	@ 16 "main.c" 1
  72 0002 62B6     		CPSIE   i
  73              	@ 0 "" 2
  20:main.c        **** 
  74              		.loc 1 20 0
  75              		.thumb
  76              		.syntax unified
  77 0004 0148     		ldr	r0, .L4
  78 0006 FFF7FEFF 		bl	isr_StartEx
  79              	.LVL3:
ARM GAS  C:\Users\Mahe\AppData\Local\Temp\ccoiRFtK.s 			page 3


  80              	.L3:
  81 000a FEE7     		b	.L3
  82              	.L5:
  83              		.align	2
  84              	.L4:
  85 000c 00000000 		.word	GPIO_ISR
  86              		.cfi_endproc
  87              	.LFE34:
  88              		.size	main, .-main
  89              		.text
  90              	.Letext0:
  91              		.file 2 "Generated_Source\\PSoC4/SW.h"
  92              		.file 3 "Generated_Source\\PSoC4/RED_LED.h"
  93              		.file 4 "Generated_Source\\PSoC4/isr.h"
  94              		.section	.debug_info,"",%progbits
  95              	.Ldebug_info0:
  96 0000 1C010000 		.4byte	0x11c
  97 0004 0400     		.2byte	0x4
  98 0006 00000000 		.4byte	.Ldebug_abbrev0
  99 000a 04       		.byte	0x4
 100 000b 01       		.uleb128 0x1
 101 000c 9D000000 		.4byte	.LASF18
 102 0010 0C       		.byte	0xc
 103 0011 32000000 		.4byte	.LASF19
 104 0015 87010000 		.4byte	.LASF20
 105 0019 00000000 		.4byte	.Ldebug_ranges0+0
 106 001d 00000000 		.4byte	0
 107 0021 00000000 		.4byte	.Ldebug_line0
 108 0025 02       		.uleb128 0x2
 109 0026 01       		.byte	0x1
 110 0027 06       		.byte	0x6
 111 0028 3E010000 		.4byte	.LASF0
 112 002c 02       		.uleb128 0x2
 113 002d 01       		.byte	0x1
 114 002e 08       		.byte	0x8
 115 002f 7A000000 		.4byte	.LASF1
 116 0033 02       		.uleb128 0x2
 117 0034 02       		.byte	0x2
 118 0035 05       		.byte	0x5
 119 0036 74010000 		.4byte	.LASF2
 120 003a 02       		.uleb128 0x2
 121 003b 02       		.byte	0x2
 122 003c 07       		.byte	0x7
 123 003d 2B010000 		.4byte	.LASF3
 124 0041 02       		.uleb128 0x2
 125 0042 04       		.byte	0x4
 126 0043 05       		.byte	0x5
 127 0044 8D000000 		.4byte	.LASF4
 128 0048 02       		.uleb128 0x2
 129 0049 04       		.byte	0x4
 130 004a 07       		.byte	0x7
 131 004b 3E000000 		.4byte	.LASF5
 132 004f 02       		.uleb128 0x2
 133 0050 08       		.byte	0x8
 134 0051 05       		.byte	0x5
 135 0052 00000000 		.4byte	.LASF6
 136 0056 02       		.uleb128 0x2
ARM GAS  C:\Users\Mahe\AppData\Local\Temp\ccoiRFtK.s 			page 4


 137 0057 08       		.byte	0x8
 138 0058 07       		.byte	0x7
 139 0059 50000000 		.4byte	.LASF7
 140 005d 03       		.uleb128 0x3
 141 005e 04       		.byte	0x4
 142 005f 05       		.byte	0x5
 143 0060 696E7400 		.ascii	"int\000"
 144 0064 02       		.uleb128 0x2
 145 0065 04       		.byte	0x4
 146 0066 07       		.byte	0x7
 147 0067 0E000000 		.4byte	.LASF8
 148 006b 02       		.uleb128 0x2
 149 006c 04       		.byte	0x4
 150 006d 04       		.byte	0x4
 151 006e 74000000 		.4byte	.LASF9
 152 0072 02       		.uleb128 0x2
 153 0073 08       		.byte	0x8
 154 0074 04       		.byte	0x4
 155 0075 96000000 		.4byte	.LASF10
 156 0079 02       		.uleb128 0x2
 157 007a 01       		.byte	0x1
 158 007b 08       		.byte	0x8
 159 007c 88000000 		.4byte	.LASF11
 160 0080 02       		.uleb128 0x2
 161 0081 04       		.byte	0x4
 162 0082 07       		.byte	0x7
 163 0083 7E010000 		.4byte	.LASF12
 164 0087 02       		.uleb128 0x2
 165 0088 08       		.byte	0x8
 166 0089 04       		.byte	0x4
 167 008a 56010000 		.4byte	.LASF13
 168 008e 04       		.uleb128 0x4
 169 008f 29000000 		.4byte	.LASF21
 170 0093 01       		.byte	0x1
 171 0094 1C       		.byte	0x1c
 172 0095 00000000 		.4byte	.LFB35
 173 0099 14000000 		.4byte	.LFE35-.LFB35
 174 009d 01       		.uleb128 0x1
 175 009e 9C       		.byte	0x9c
 176 009f BF000000 		.4byte	0xbf
 177 00a3 05       		.uleb128 0x5
 178 00a4 06000000 		.4byte	.LVL0
 179 00a8 F3000000 		.4byte	0xf3
 180 00ac 05       		.uleb128 0x5
 181 00ad 0A000000 		.4byte	.LVL1
 182 00b1 FE000000 		.4byte	0xfe
 183 00b5 05       		.uleb128 0x5
 184 00b6 12000000 		.4byte	.LVL2
 185 00ba 09010000 		.4byte	0x109
 186 00be 00       		.byte	0
 187 00bf 06       		.uleb128 0x6
 188 00c0 39000000 		.4byte	.LASF22
 189 00c4 01       		.byte	0x1
 190 00c5 0E       		.byte	0xe
 191 00c6 5D000000 		.4byte	0x5d
 192 00ca 00000000 		.4byte	.LFB34
 193 00ce 10000000 		.4byte	.LFE34-.LFB34
ARM GAS  C:\Users\Mahe\AppData\Local\Temp\ccoiRFtK.s 			page 5


 194 00d2 01       		.uleb128 0x1
 195 00d3 9C       		.byte	0x9c
 196 00d4 F3000000 		.4byte	0xf3
 197 00d8 07       		.uleb128 0x7
 198 00d9 29000000 		.4byte	.LASF21
 199 00dd 01       		.byte	0x1
 200 00de 12       		.byte	0x12
 201 00df 08       		.uleb128 0x8
 202 00e0 0A000000 		.4byte	.LVL3
 203 00e4 14010000 		.4byte	0x114
 204 00e8 09       		.uleb128 0x9
 205 00e9 01       		.uleb128 0x1
 206 00ea 50       		.byte	0x50
 207 00eb 05       		.uleb128 0x5
 208 00ec 03       		.byte	0x3
 209 00ed 00000000 		.4byte	GPIO_ISR
 210 00f1 00       		.byte	0
 211 00f2 00       		.byte	0
 212 00f3 0A       		.uleb128 0xa
 213 00f4 62010000 		.4byte	.LASF14
 214 00f8 62010000 		.4byte	.LASF14
 215 00fc 02       		.byte	0x2
 216 00fd 39       		.byte	0x39
 217 00fe 0A       		.uleb128 0xa
 218 00ff 67000000 		.4byte	.LASF15
 219 0103 67000000 		.4byte	.LASF15
 220 0107 03       		.byte	0x3
 221 0108 32       		.byte	0x32
 222 0109 0A       		.uleb128 0xa
 223 010a 1B000000 		.4byte	.LASF16
 224 010e 1B000000 		.4byte	.LASF16
 225 0112 03       		.byte	0x3
 226 0113 33       		.byte	0x33
 227 0114 0A       		.uleb128 0xa
 228 0115 4A010000 		.4byte	.LASF17
 229 0119 4A010000 		.4byte	.LASF17
 230 011d 04       		.byte	0x4
 231 011e 18       		.byte	0x18
 232 011f 00       		.byte	0
 233              		.section	.debug_abbrev,"",%progbits
 234              	.Ldebug_abbrev0:
 235 0000 01       		.uleb128 0x1
 236 0001 11       		.uleb128 0x11
 237 0002 01       		.byte	0x1
 238 0003 25       		.uleb128 0x25
 239 0004 0E       		.uleb128 0xe
 240 0005 13       		.uleb128 0x13
 241 0006 0B       		.uleb128 0xb
 242 0007 03       		.uleb128 0x3
 243 0008 0E       		.uleb128 0xe
 244 0009 1B       		.uleb128 0x1b
 245 000a 0E       		.uleb128 0xe
 246 000b 55       		.uleb128 0x55
 247 000c 17       		.uleb128 0x17
 248 000d 11       		.uleb128 0x11
 249 000e 01       		.uleb128 0x1
 250 000f 10       		.uleb128 0x10
ARM GAS  C:\Users\Mahe\AppData\Local\Temp\ccoiRFtK.s 			page 6


 251 0010 17       		.uleb128 0x17
 252 0011 00       		.byte	0
 253 0012 00       		.byte	0
 254 0013 02       		.uleb128 0x2
 255 0014 24       		.uleb128 0x24
 256 0015 00       		.byte	0
 257 0016 0B       		.uleb128 0xb
 258 0017 0B       		.uleb128 0xb
 259 0018 3E       		.uleb128 0x3e
 260 0019 0B       		.uleb128 0xb
 261 001a 03       		.uleb128 0x3
 262 001b 0E       		.uleb128 0xe
 263 001c 00       		.byte	0
 264 001d 00       		.byte	0
 265 001e 03       		.uleb128 0x3
 266 001f 24       		.uleb128 0x24
 267 0020 00       		.byte	0
 268 0021 0B       		.uleb128 0xb
 269 0022 0B       		.uleb128 0xb
 270 0023 3E       		.uleb128 0x3e
 271 0024 0B       		.uleb128 0xb
 272 0025 03       		.uleb128 0x3
 273 0026 08       		.uleb128 0x8
 274 0027 00       		.byte	0
 275 0028 00       		.byte	0
 276 0029 04       		.uleb128 0x4
 277 002a 2E       		.uleb128 0x2e
 278 002b 01       		.byte	0x1
 279 002c 3F       		.uleb128 0x3f
 280 002d 19       		.uleb128 0x19
 281 002e 03       		.uleb128 0x3
 282 002f 0E       		.uleb128 0xe
 283 0030 3A       		.uleb128 0x3a
 284 0031 0B       		.uleb128 0xb
 285 0032 3B       		.uleb128 0x3b
 286 0033 0B       		.uleb128 0xb
 287 0034 27       		.uleb128 0x27
 288 0035 19       		.uleb128 0x19
 289 0036 11       		.uleb128 0x11
 290 0037 01       		.uleb128 0x1
 291 0038 12       		.uleb128 0x12
 292 0039 06       		.uleb128 0x6
 293 003a 40       		.uleb128 0x40
 294 003b 18       		.uleb128 0x18
 295 003c 9742     		.uleb128 0x2117
 296 003e 19       		.uleb128 0x19
 297 003f 01       		.uleb128 0x1
 298 0040 13       		.uleb128 0x13
 299 0041 00       		.byte	0
 300 0042 00       		.byte	0
 301 0043 05       		.uleb128 0x5
 302 0044 898201   		.uleb128 0x4109
 303 0047 00       		.byte	0
 304 0048 11       		.uleb128 0x11
 305 0049 01       		.uleb128 0x1
 306 004a 31       		.uleb128 0x31
 307 004b 13       		.uleb128 0x13
ARM GAS  C:\Users\Mahe\AppData\Local\Temp\ccoiRFtK.s 			page 7


 308 004c 00       		.byte	0
 309 004d 00       		.byte	0
 310 004e 06       		.uleb128 0x6
 311 004f 2E       		.uleb128 0x2e
 312 0050 01       		.byte	0x1
 313 0051 3F       		.uleb128 0x3f
 314 0052 19       		.uleb128 0x19
 315 0053 03       		.uleb128 0x3
 316 0054 0E       		.uleb128 0xe
 317 0055 3A       		.uleb128 0x3a
 318 0056 0B       		.uleb128 0xb
 319 0057 3B       		.uleb128 0x3b
 320 0058 0B       		.uleb128 0xb
 321 0059 27       		.uleb128 0x27
 322 005a 19       		.uleb128 0x19
 323 005b 49       		.uleb128 0x49
 324 005c 13       		.uleb128 0x13
 325 005d 8701     		.uleb128 0x87
 326 005f 19       		.uleb128 0x19
 327 0060 11       		.uleb128 0x11
 328 0061 01       		.uleb128 0x1
 329 0062 12       		.uleb128 0x12
 330 0063 06       		.uleb128 0x6
 331 0064 40       		.uleb128 0x40
 332 0065 18       		.uleb128 0x18
 333 0066 9742     		.uleb128 0x2117
 334 0068 19       		.uleb128 0x19
 335 0069 01       		.uleb128 0x1
 336 006a 13       		.uleb128 0x13
 337 006b 00       		.byte	0
 338 006c 00       		.byte	0
 339 006d 07       		.uleb128 0x7
 340 006e 2E       		.uleb128 0x2e
 341 006f 00       		.byte	0
 342 0070 3F       		.uleb128 0x3f
 343 0071 19       		.uleb128 0x19
 344 0072 03       		.uleb128 0x3
 345 0073 0E       		.uleb128 0xe
 346 0074 3A       		.uleb128 0x3a
 347 0075 0B       		.uleb128 0xb
 348 0076 3B       		.uleb128 0x3b
 349 0077 0B       		.uleb128 0xb
 350 0078 27       		.uleb128 0x27
 351 0079 19       		.uleb128 0x19
 352 007a 3C       		.uleb128 0x3c
 353 007b 19       		.uleb128 0x19
 354 007c 00       		.byte	0
 355 007d 00       		.byte	0
 356 007e 08       		.uleb128 0x8
 357 007f 898201   		.uleb128 0x4109
 358 0082 01       		.byte	0x1
 359 0083 11       		.uleb128 0x11
 360 0084 01       		.uleb128 0x1
 361 0085 31       		.uleb128 0x31
 362 0086 13       		.uleb128 0x13
 363 0087 00       		.byte	0
 364 0088 00       		.byte	0
ARM GAS  C:\Users\Mahe\AppData\Local\Temp\ccoiRFtK.s 			page 8


 365 0089 09       		.uleb128 0x9
 366 008a 8A8201   		.uleb128 0x410a
 367 008d 00       		.byte	0
 368 008e 02       		.uleb128 0x2
 369 008f 18       		.uleb128 0x18
 370 0090 9142     		.uleb128 0x2111
 371 0092 18       		.uleb128 0x18
 372 0093 00       		.byte	0
 373 0094 00       		.byte	0
 374 0095 0A       		.uleb128 0xa
 375 0096 2E       		.uleb128 0x2e
 376 0097 00       		.byte	0
 377 0098 3F       		.uleb128 0x3f
 378 0099 19       		.uleb128 0x19
 379 009a 3C       		.uleb128 0x3c
 380 009b 19       		.uleb128 0x19
 381 009c 6E       		.uleb128 0x6e
 382 009d 0E       		.uleb128 0xe
 383 009e 03       		.uleb128 0x3
 384 009f 0E       		.uleb128 0xe
 385 00a0 3A       		.uleb128 0x3a
 386 00a1 0B       		.uleb128 0xb
 387 00a2 3B       		.uleb128 0x3b
 388 00a3 0B       		.uleb128 0xb
 389 00a4 00       		.byte	0
 390 00a5 00       		.byte	0
 391 00a6 00       		.byte	0
 392              		.section	.debug_aranges,"",%progbits
 393 0000 24000000 		.4byte	0x24
 394 0004 0200     		.2byte	0x2
 395 0006 00000000 		.4byte	.Ldebug_info0
 396 000a 04       		.byte	0x4
 397 000b 00       		.byte	0
 398 000c 0000     		.2byte	0
 399 000e 0000     		.2byte	0
 400 0010 00000000 		.4byte	.LFB35
 401 0014 14000000 		.4byte	.LFE35-.LFB35
 402 0018 00000000 		.4byte	.LFB34
 403 001c 10000000 		.4byte	.LFE34-.LFB34
 404 0020 00000000 		.4byte	0
 405 0024 00000000 		.4byte	0
 406              		.section	.debug_ranges,"",%progbits
 407              	.Ldebug_ranges0:
 408 0000 00000000 		.4byte	.LFB35
 409 0004 14000000 		.4byte	.LFE35
 410 0008 00000000 		.4byte	.LFB34
 411 000c 10000000 		.4byte	.LFE34
 412 0010 00000000 		.4byte	0
 413 0014 00000000 		.4byte	0
 414              		.section	.debug_line,"",%progbits
 415              	.Ldebug_line0:
 416 0000 7B000000 		.section	.debug_str,"MS",%progbits,1
 416      02005200 
 416      00000201 
 416      FB0E0D00 
 416      01010101 
 417              	.LASF6:
ARM GAS  C:\Users\Mahe\AppData\Local\Temp\ccoiRFtK.s 			page 9


 418 0000 6C6F6E67 		.ascii	"long long int\000"
 418      206C6F6E 
 418      6720696E 
 418      7400
 419              	.LASF8:
 420 000e 756E7369 		.ascii	"unsigned int\000"
 420      676E6564 
 420      20696E74 
 420      00
 421              	.LASF16:
 422 001b 5245445F 		.ascii	"RED_LED_Write\000"
 422      4C45445F 
 422      57726974 
 422      6500
 423              	.LASF21:
 424 0029 4750494F 		.ascii	"GPIO_ISR\000"
 424      5F495352 
 424      00
 425              	.LASF19:
 426 0032 6D61696E 		.ascii	"main.c\000"
 426      2E6300
 427              	.LASF22:
 428 0039 6D61696E 		.ascii	"main\000"
 428      00
 429              	.LASF5:
 430 003e 6C6F6E67 		.ascii	"long unsigned int\000"
 430      20756E73 
 430      69676E65 
 430      6420696E 
 430      7400
 431              	.LASF7:
 432 0050 6C6F6E67 		.ascii	"long long unsigned int\000"
 432      206C6F6E 
 432      6720756E 
 432      7369676E 
 432      65642069 
 433              	.LASF15:
 434 0067 5245445F 		.ascii	"RED_LED_Read\000"
 434      4C45445F 
 434      52656164 
 434      00
 435              	.LASF9:
 436 0074 666C6F61 		.ascii	"float\000"
 436      7400
 437              	.LASF1:
 438 007a 756E7369 		.ascii	"unsigned char\000"
 438      676E6564 
 438      20636861 
 438      7200
 439              	.LASF11:
 440 0088 63686172 		.ascii	"char\000"
 440      00
 441              	.LASF4:
 442 008d 6C6F6E67 		.ascii	"long int\000"
 442      20696E74 
 442      00
 443              	.LASF10:
ARM GAS  C:\Users\Mahe\AppData\Local\Temp\ccoiRFtK.s 			page 10


 444 0096 646F7562 		.ascii	"double\000"
 444      6C6500
 445              	.LASF18:
 446 009d 474E5520 		.ascii	"GNU C11 5.4.1 20160609 (release) [ARM/embedded-5-br"
 446      43313120 
 446      352E342E 
 446      31203230 
 446      31363036 
 447 00d0 616E6368 		.ascii	"anch revision 237715] -mcpu=cortex-m0 -mthumb -g -O"
 447      20726576 
 447      6973696F 
 447      6E203233 
 447      37373135 
 448 0103 67202D66 		.ascii	"g -ffunction-sections -ffat-lto-objects\000"
 448      66756E63 
 448      74696F6E 
 448      2D736563 
 448      74696F6E 
 449              	.LASF3:
 450 012b 73686F72 		.ascii	"short unsigned int\000"
 450      7420756E 
 450      7369676E 
 450      65642069 
 450      6E7400
 451              	.LASF0:
 452 013e 7369676E 		.ascii	"signed char\000"
 452      65642063 
 452      68617200 
 453              	.LASF17:
 454 014a 6973725F 		.ascii	"isr_StartEx\000"
 454      53746172 
 454      74457800 
 455              	.LASF13:
 456 0156 6C6F6E67 		.ascii	"long double\000"
 456      20646F75 
 456      626C6500 
 457              	.LASF14:
 458 0162 53575F43 		.ascii	"SW_ClearInterrupt\000"
 458      6C656172 
 458      496E7465 
 458      72727570 
 458      7400
 459              	.LASF2:
 460 0174 73686F72 		.ascii	"short int\000"
 460      7420696E 
 460      7400
 461              	.LASF12:
 462 017e 73697A65 		.ascii	"sizetype\000"
 462      74797065 
 462      00
 463              	.LASF20:
 464 0187 433A5C55 		.ascii	"C:\\Users\\Mahe\\Documents\\PSoC Creator\\Workspace"
 464      73657273 
 464      5C4D6168 
 464      655C446F 
 464      63756D65 
 465 01b5 30315C41 		.ascii	"01\\Aug_16th_AESD\\GPIO_IRQ.cydsn\000"
ARM GAS  C:\Users\Mahe\AppData\Local\Temp\ccoiRFtK.s 			page 11


 465      75675F31 
 465      3674685F 
 465      41455344 
 465      5C475049 
 466              		.ident	"GCC: (GNU Tools for ARM Embedded Processors) 5.4.1 20160609 (release) [ARM/embedded-5-bran
