ARM GAS  C:\Users\mahe\AppData\Local\Temp\ccvX1KKF.s 			page 1


   1              		.syntax unified
   2              		.cpu cortex-m0
   3              		.fpu softvfp
   4              		.eabi_attribute 20, 1
   5              		.eabi_attribute 21, 1
   6              		.eabi_attribute 23, 3
   7              		.eabi_attribute 24, 1
   8              		.eabi_attribute 25, 1
   9              		.eabi_attribute 26, 1
  10              		.eabi_attribute 30, 1
  11              		.eabi_attribute 34, 0
  12              		.eabi_attribute 18, 4
  13              		.thumb
  14              		.syntax unified
  15              		.file	"main.c"
  16              		.text
  17              	.Ltext0:
  18              		.cfi_sections	.debug_frame
  19              		.section	.text.WakeUp_Isr,"ax",%progbits
  20              		.align	2
  21              		.global	WakeUp_Isr
  22              		.code	16
  23              		.thumb_func
  24              		.type	WakeUp_Isr, %function
  25              	WakeUp_Isr:
  26              	.LFB35:
  27              		.file 1 "main.c"
   1:main.c        **** 
   2:main.c        **** #include "project.h"
   3:main.c        **** 
   4:main.c        **** CY_ISR_PROTO(WakeUp_Isr);
   5:main.c        **** 
   6:main.c        **** int main(void)
   7:main.c        **** {
   8:main.c        **** 	isr_WakeUp_StartEx(WakeUp_Isr);
   9:main.c        **** 	
  10:main.c        ****     CyGlobalIntEnable; /* Enable global interrupts. */
  11:main.c        **** 	
  12:main.c        **** 	Timer_1_Start(); /* Start Timer compoenent */
  13:main.c        **** 	
  14:main.c        **** 	/* If Reset is because of Hibernate i.e. interrrupt is raised to come back
  15:main.c        **** 	 * from Hibernate, the Blue LED will blink
  16:main.c        **** 	 */
  17:main.c        **** 	if(CySysPmGetResetReason() == CY_PM_RESET_REASON_WAKEUP_HIB)
  18:main.c        **** 	{
  19:main.c        **** 		RESET_LED_Write(0);
  20:main.c        **** 		CyDelay(500);
  21:main.c        **** 		RESET_LED_Write(1);
  22:main.c        **** 	}
  23:main.c        **** 	
  24:main.c        **** 	if(CySysPmGetResetReason() == CY_PM_RESET_REASON_WAKEUP_STOP)
  25:main.c        **** 	{
  26:main.c        **** 		/* IOs must be unfrozen after STOP mode */
  27:main.c        **** 		CySysPmUnfreezeIo();
  28:main.c        **** 		RESET_LED_Write(0);
  29:main.c        **** 		CyDelay(500);
  30:main.c        **** 		RESET_LED_Write(1);
ARM GAS  C:\Users\mahe\AppData\Local\Temp\ccvX1KKF.s 			page 2


  31:main.c        **** 	}
  32:main.c        **** 	
  33:main.c        ****     for(;;)
  34:main.c        ****     {
  35:main.c        **** 		//Timer_1_Start();	
  36:main.c        **** 		LED_Write(0); /* LED ON */
  37:main.c        **** 		while(ModeSwitch_Read() != 0u); /* Wait Until switch is being pressed */
  38:main.c        **** 		while(ModeSwitch_Read() == 0u); /* Wait until the switch is released*/
  39:main.c        **** 		CyDelay(200); /* Wait for 200ms for debouncing*/
  40:main.c        **** 		LED_Write(1); /* LED OFF */
  41:main.c        **** 		
  42:main.c        **** 		/* Timer is a UDB component, it will keep working */
  43:main.c        **** 		//CySysPmSleep(); /* Enter into Sleep Mode */
  44:main.c        **** 		
  45:main.c        **** 		/* Timer will stop working, so it will retain the state of Green LED */
  46:main.c        **** 		//CySysPmDeepSleep(); /* Enter into Deep Sleep Mode */
  47:main.c        **** 		
  48:main.c        **** 		/* UDB is completely off
  49:main.c        **** 		 * To come back to active mode Reset must be pressed
  50:main.c        **** 		 */
  51:main.c        **** 		//CySysPmHibernate(); /* Enter into Hibernate Mode */
  52:main.c        **** 		
  53:main.c        **** 		/* To come back to active mode, send LOW to P0[7] */
  54:main.c        **** 		CySysPmSetWakeupPolarity(CY_PM_STOP_WAKEUP_ACTIVE_LOW);/*P0[7] is the wakeup pin*/
  55:main.c        **** 		CySysPmStop();/*Enter into Stop Mode*/
  56:main.c        **** 		
  57:main.c        **** 		/* If Interrupt is falling edge, not required for rising edge*/
  58:main.c        **** 		while(ModeSwitch_Read() == 0u); /* Wait for button */
  59:main.c        ****     }
  60:main.c        **** }
  61:main.c        **** 
  62:main.c        **** CY_ISR(WakeUp_Isr)
  63:main.c        **** {
  28              		.loc 1 63 0
  29              		.cfi_startproc
  30              		@ args = 0, pretend = 0, frame = 0
  31              		@ frame_needed = 0, uses_anonymous_args = 0
  32 0000 10B5     		push	{r4, lr}
  33              		.cfi_def_cfa_offset 8
  34              		.cfi_offset 4, -8
  35              		.cfi_offset 14, -4
  64:main.c        **** 	ModeSwitch_ClearInterrupt();
  36              		.loc 1 64 0
  37 0002 FFF7FEFF 		bl	ModeSwitch_ClearInterrupt
  38              	.LVL0:
  65:main.c        **** }
  39              		.loc 1 65 0
  40              		@ sp needed
  41 0006 10BD     		pop	{r4, pc}
  42              		.cfi_endproc
  43              	.LFE35:
  44              		.size	WakeUp_Isr, .-WakeUp_Isr
  45              		.section	.text.main,"ax",%progbits
  46              		.align	2
  47              		.global	main
  48              		.code	16
  49              		.thumb_func
ARM GAS  C:\Users\mahe\AppData\Local\Temp\ccvX1KKF.s 			page 3


  50              		.type	main, %function
  51              	main:
  52              	.LFB34:
   7:main.c        **** 	isr_WakeUp_StartEx(WakeUp_Isr);
  53              		.loc 1 7 0
  54              		.cfi_startproc
  55              		@ Volatile: function does not return.
  56              		@ args = 0, pretend = 0, frame = 0
  57              		@ frame_needed = 0, uses_anonymous_args = 0
  58 0000 10B5     		push	{r4, lr}
  59              		.cfi_def_cfa_offset 8
  60              		.cfi_offset 4, -8
  61              		.cfi_offset 14, -4
   8:main.c        **** 	
  62              		.loc 1 8 0
  63 0002 1F48     		ldr	r0, .L9
  64 0004 FFF7FEFF 		bl	isr_WakeUp_StartEx
  65              	.LVL1:
  10:main.c        **** 	
  66              		.loc 1 10 0
  67              		.syntax divided
  68              	@ 10 "main.c" 1
  69 0008 62B6     		CPSIE   i
  70              	@ 0 "" 2
  12:main.c        **** 	
  71              		.loc 1 12 0
  72              		.thumb
  73              		.syntax unified
  74 000a FFF7FEFF 		bl	Timer_1_Start
  75              	.LVL2:
  17:main.c        **** 	{
  76              		.loc 1 17 0
  77 000e FFF7FEFF 		bl	CySysPmGetResetReason
  78              	.LVL3:
  79 0012 0228     		cmp	r0, #2
  80 0014 09D1     		bne	.L3
  19:main.c        **** 		CyDelay(500);
  81              		.loc 1 19 0
  82 0016 0020     		movs	r0, #0
  83 0018 FFF7FEFF 		bl	RESET_LED_Write
  84              	.LVL4:
  20:main.c        **** 		RESET_LED_Write(1);
  85              		.loc 1 20 0
  86 001c FA20     		movs	r0, #250
  87 001e 4000     		lsls	r0, r0, #1
  88 0020 FFF7FEFF 		bl	CyDelay
  89              	.LVL5:
  21:main.c        **** 	}
  90              		.loc 1 21 0
  91 0024 0120     		movs	r0, #1
  92 0026 FFF7FEFF 		bl	RESET_LED_Write
  93              	.LVL6:
  94              	.L3:
  24:main.c        **** 	{
  95              		.loc 1 24 0
  96 002a FFF7FEFF 		bl	CySysPmGetResetReason
  97              	.LVL7:
ARM GAS  C:\Users\mahe\AppData\Local\Temp\ccvX1KKF.s 			page 4


  98 002e 0328     		cmp	r0, #3
  99 0030 0BD1     		bne	.L8
  27:main.c        **** 		RESET_LED_Write(0);
 100              		.loc 1 27 0
 101 0032 FFF7FEFF 		bl	CySysPmUnfreezeIo
 102              	.LVL8:
  28:main.c        **** 		CyDelay(500);
 103              		.loc 1 28 0
 104 0036 0020     		movs	r0, #0
 105 0038 FFF7FEFF 		bl	RESET_LED_Write
 106              	.LVL9:
  29:main.c        **** 		RESET_LED_Write(1);
 107              		.loc 1 29 0
 108 003c FA20     		movs	r0, #250
 109 003e 4000     		lsls	r0, r0, #1
 110 0040 FFF7FEFF 		bl	CyDelay
 111              	.LVL10:
  30:main.c        **** 	}
 112              		.loc 1 30 0
 113 0044 0120     		movs	r0, #1
 114 0046 FFF7FEFF 		bl	RESET_LED_Write
 115              	.LVL11:
 116              	.L8:
  36:main.c        **** 		while(ModeSwitch_Read() != 0u); /* Wait Until switch is being pressed */
 117              		.loc 1 36 0
 118 004a 0020     		movs	r0, #0
 119 004c FFF7FEFF 		bl	LED_Write
 120              	.LVL12:
 121              	.L5:
  37:main.c        **** 		while(ModeSwitch_Read() == 0u); /* Wait until the switch is released*/
 122              		.loc 1 37 0 discriminator 1
 123 0050 FFF7FEFF 		bl	ModeSwitch_Read
 124              	.LVL13:
 125 0054 0028     		cmp	r0, #0
 126 0056 FBD1     		bne	.L5
 127              	.L6:
  38:main.c        **** 		CyDelay(200); /* Wait for 200ms for debouncing*/
 128              		.loc 1 38 0 discriminator 1
 129 0058 FFF7FEFF 		bl	ModeSwitch_Read
 130              	.LVL14:
 131 005c 0028     		cmp	r0, #0
 132 005e FBD0     		beq	.L6
  39:main.c        **** 		LED_Write(1); /* LED OFF */
 133              		.loc 1 39 0
 134 0060 C820     		movs	r0, #200
 135 0062 FFF7FEFF 		bl	CyDelay
 136              	.LVL15:
  40:main.c        **** 		
 137              		.loc 1 40 0
 138 0066 0120     		movs	r0, #1
 139 0068 FFF7FEFF 		bl	LED_Write
 140              	.LVL16:
  54:main.c        **** 		CySysPmStop();/*Enter into Stop Mode*/
 141              		.loc 1 54 0
 142 006c 0020     		movs	r0, #0
 143 006e FFF7FEFF 		bl	CySysPmSetWakeupPolarity
 144              	.LVL17:
ARM GAS  C:\Users\mahe\AppData\Local\Temp\ccvX1KKF.s 			page 5


  55:main.c        **** 		
 145              		.loc 1 55 0
 146 0072 FFF7FEFF 		bl	CySysPmStop
 147              	.LVL18:
 148              	.L7:
  58:main.c        ****     }
 149              		.loc 1 58 0 discriminator 1
 150 0076 FFF7FEFF 		bl	ModeSwitch_Read
 151              	.LVL19:
 152 007a 0028     		cmp	r0, #0
 153 007c FBD0     		beq	.L7
 154 007e E4E7     		b	.L8
 155              	.L10:
 156              		.align	2
 157              	.L9:
 158 0080 00000000 		.word	WakeUp_Isr
 159              		.cfi_endproc
 160              	.LFE34:
 161              		.size	main, .-main
 162              		.text
 163              	.Letext0:
 164              		.file 2 "Generated_Source\\PSoC4/ModeSwitch.h"
 165              		.file 3 "Generated_Source\\PSoC4/isr_WakeUp.h"
 166              		.file 4 "Generated_Source\\PSoC4/Timer_1.h"
 167              		.file 5 "Generated_Source\\PSoC4/cyPm.h"
 168              		.file 6 "Generated_Source\\PSoC4/RESET_LED.h"
 169              		.file 7 "Generated_Source\\PSoC4/CyLib.h"
 170              		.file 8 "Generated_Source\\PSoC4/LED.h"
 171              		.file 9 "Generated_Source\\PSoC4/cytypes.h"
 172              		.section	.debug_info,"",%progbits
 173              	.Ldebug_info0:
 174 0000 6C020000 		.4byte	0x26c
 175 0004 0400     		.2byte	0x4
 176 0006 00000000 		.4byte	.Ldebug_abbrev0
 177 000a 04       		.byte	0x4
 178 000b 01       		.uleb128 0x1
 179 000c 0D010000 		.4byte	.LASF25
 180 0010 0C       		.byte	0xc
 181 0011 C2010000 		.4byte	.LASF26
 182 0015 CE010000 		.4byte	.LASF27
 183 0019 00000000 		.4byte	.Ldebug_ranges0+0
 184 001d 00000000 		.4byte	0
 185 0021 00000000 		.4byte	.Ldebug_line0
 186 0025 02       		.uleb128 0x2
 187 0026 01       		.byte	0x1
 188 0027 06       		.byte	0x6
 189 0028 28020000 		.4byte	.LASF0
 190 002c 02       		.uleb128 0x2
 191 002d 01       		.byte	0x1
 192 002e 08       		.byte	0x8
 193 002f 6E000000 		.4byte	.LASF1
 194 0033 02       		.uleb128 0x2
 195 0034 02       		.byte	0x2
 196 0035 05       		.byte	0x5
 197 0036 F9010000 		.4byte	.LASF2
 198 003a 02       		.uleb128 0x2
 199 003b 02       		.byte	0x2
ARM GAS  C:\Users\mahe\AppData\Local\Temp\ccvX1KKF.s 			page 6


 200 003c 07       		.byte	0x7
 201 003d 8E000000 		.4byte	.LASF3
 202 0041 02       		.uleb128 0x2
 203 0042 04       		.byte	0x4
 204 0043 05       		.byte	0x5
 205 0044 13020000 		.4byte	.LASF4
 206 0048 02       		.uleb128 0x2
 207 0049 04       		.byte	0x4
 208 004a 07       		.byte	0x7
 209 004b 7C000000 		.4byte	.LASF5
 210 004f 02       		.uleb128 0x2
 211 0050 08       		.byte	0x8
 212 0051 05       		.byte	0x5
 213 0052 B4010000 		.4byte	.LASF6
 214 0056 02       		.uleb128 0x2
 215 0057 08       		.byte	0x8
 216 0058 07       		.byte	0x7
 217 0059 F6000000 		.4byte	.LASF7
 218 005d 03       		.uleb128 0x3
 219 005e 04       		.byte	0x4
 220 005f 05       		.byte	0x5
 221 0060 696E7400 		.ascii	"int\000"
 222 0064 02       		.uleb128 0x2
 223 0065 04       		.byte	0x4
 224 0066 07       		.byte	0x7
 225 0067 2E000000 		.4byte	.LASF8
 226 006b 04       		.uleb128 0x4
 227 006c E1000000 		.4byte	.LASF28
 228 0070 09       		.byte	0x9
 229 0071 E601     		.2byte	0x1e6
 230 0073 48000000 		.4byte	0x48
 231 0077 02       		.uleb128 0x2
 232 0078 04       		.byte	0x4
 233 0079 04       		.byte	0x4
 234 007a 55000000 		.4byte	.LASF9
 235 007e 02       		.uleb128 0x2
 236 007f 08       		.byte	0x8
 237 0080 04       		.byte	0x4
 238 0081 AD000000 		.4byte	.LASF10
 239 0085 02       		.uleb128 0x2
 240 0086 01       		.byte	0x1
 241 0087 08       		.byte	0x8
 242 0088 C9010000 		.4byte	.LASF11
 243 008c 02       		.uleb128 0x2
 244 008d 08       		.byte	0x8
 245 008e 04       		.byte	0x4
 246 008f 1C020000 		.4byte	.LASF12
 247 0093 02       		.uleb128 0x2
 248 0094 04       		.byte	0x4
 249 0095 07       		.byte	0x7
 250 0096 AB010000 		.4byte	.LASF13
 251 009a 05       		.uleb128 0x5
 252 009b 00000000 		.4byte	.LASF29
 253 009f 01       		.byte	0x1
 254 00a0 3E       		.byte	0x3e
 255 00a1 00000000 		.4byte	.LFB35
 256 00a5 08000000 		.4byte	.LFE35-.LFB35
ARM GAS  C:\Users\mahe\AppData\Local\Temp\ccvX1KKF.s 			page 7


 257 00a9 01       		.uleb128 0x1
 258 00aa 9C       		.byte	0x9c
 259 00ab B9000000 		.4byte	0xb9
 260 00af 06       		.uleb128 0x6
 261 00b0 06000000 		.4byte	.LVL0
 262 00b4 F5010000 		.4byte	0x1f5
 263 00b8 00       		.byte	0
 264 00b9 07       		.uleb128 0x7
 265 00ba B4000000 		.4byte	.LASF30
 266 00be 01       		.byte	0x1
 267 00bf 06       		.byte	0x6
 268 00c0 5D000000 		.4byte	0x5d
 269 00c4 00000000 		.4byte	.LFB34
 270 00c8 84000000 		.4byte	.LFE34-.LFB34
 271 00cc 01       		.uleb128 0x1
 272 00cd 9C       		.byte	0x9c
 273 00ce F5010000 		.4byte	0x1f5
 274 00d2 08       		.uleb128 0x8
 275 00d3 08000000 		.4byte	.LVL1
 276 00d7 00020000 		.4byte	0x200
 277 00db E9000000 		.4byte	0xe9
 278 00df 09       		.uleb128 0x9
 279 00e0 01       		.uleb128 0x1
 280 00e1 50       		.byte	0x50
 281 00e2 05       		.uleb128 0x5
 282 00e3 03       		.byte	0x3
 283 00e4 00000000 		.4byte	WakeUp_Isr
 284 00e8 00       		.byte	0
 285 00e9 06       		.uleb128 0x6
 286 00ea 0E000000 		.4byte	.LVL2
 287 00ee 0B020000 		.4byte	0x20b
 288 00f2 06       		.uleb128 0x6
 289 00f3 12000000 		.4byte	.LVL3
 290 00f7 17020000 		.4byte	0x217
 291 00fb 08       		.uleb128 0x8
 292 00fc 1C000000 		.4byte	.LVL4
 293 0100 22020000 		.4byte	0x222
 294 0104 0E010000 		.4byte	0x10e
 295 0108 09       		.uleb128 0x9
 296 0109 01       		.uleb128 0x1
 297 010a 50       		.byte	0x50
 298 010b 01       		.uleb128 0x1
 299 010c 30       		.byte	0x30
 300 010d 00       		.byte	0
 301 010e 08       		.uleb128 0x8
 302 010f 24000000 		.4byte	.LVL5
 303 0113 2D020000 		.4byte	0x22d
 304 0117 23010000 		.4byte	0x123
 305 011b 09       		.uleb128 0x9
 306 011c 01       		.uleb128 0x1
 307 011d 50       		.byte	0x50
 308 011e 03       		.uleb128 0x3
 309 011f 0A       		.byte	0xa
 310 0120 F401     		.2byte	0x1f4
 311 0122 00       		.byte	0
 312 0123 08       		.uleb128 0x8
 313 0124 2A000000 		.4byte	.LVL6
ARM GAS  C:\Users\mahe\AppData\Local\Temp\ccvX1KKF.s 			page 8


 314 0128 22020000 		.4byte	0x222
 315 012c 36010000 		.4byte	0x136
 316 0130 09       		.uleb128 0x9
 317 0131 01       		.uleb128 0x1
 318 0132 50       		.byte	0x50
 319 0133 01       		.uleb128 0x1
 320 0134 31       		.byte	0x31
 321 0135 00       		.byte	0
 322 0136 06       		.uleb128 0x6
 323 0137 2E000000 		.4byte	.LVL7
 324 013b 17020000 		.4byte	0x217
 325 013f 06       		.uleb128 0x6
 326 0140 36000000 		.4byte	.LVL8
 327 0144 38020000 		.4byte	0x238
 328 0148 08       		.uleb128 0x8
 329 0149 3C000000 		.4byte	.LVL9
 330 014d 22020000 		.4byte	0x222
 331 0151 5B010000 		.4byte	0x15b
 332 0155 09       		.uleb128 0x9
 333 0156 01       		.uleb128 0x1
 334 0157 50       		.byte	0x50
 335 0158 01       		.uleb128 0x1
 336 0159 30       		.byte	0x30
 337 015a 00       		.byte	0
 338 015b 08       		.uleb128 0x8
 339 015c 44000000 		.4byte	.LVL10
 340 0160 2D020000 		.4byte	0x22d
 341 0164 70010000 		.4byte	0x170
 342 0168 09       		.uleb128 0x9
 343 0169 01       		.uleb128 0x1
 344 016a 50       		.byte	0x50
 345 016b 03       		.uleb128 0x3
 346 016c 0A       		.byte	0xa
 347 016d F401     		.2byte	0x1f4
 348 016f 00       		.byte	0
 349 0170 08       		.uleb128 0x8
 350 0171 4A000000 		.4byte	.LVL11
 351 0175 22020000 		.4byte	0x222
 352 0179 83010000 		.4byte	0x183
 353 017d 09       		.uleb128 0x9
 354 017e 01       		.uleb128 0x1
 355 017f 50       		.byte	0x50
 356 0180 01       		.uleb128 0x1
 357 0181 31       		.byte	0x31
 358 0182 00       		.byte	0
 359 0183 08       		.uleb128 0x8
 360 0184 50000000 		.4byte	.LVL12
 361 0188 43020000 		.4byte	0x243
 362 018c 96010000 		.4byte	0x196
 363 0190 09       		.uleb128 0x9
 364 0191 01       		.uleb128 0x1
 365 0192 50       		.byte	0x50
 366 0193 01       		.uleb128 0x1
 367 0194 30       		.byte	0x30
 368 0195 00       		.byte	0
 369 0196 06       		.uleb128 0x6
 370 0197 54000000 		.4byte	.LVL13
ARM GAS  C:\Users\mahe\AppData\Local\Temp\ccvX1KKF.s 			page 9


 371 019b 4E020000 		.4byte	0x24e
 372 019f 06       		.uleb128 0x6
 373 01a0 5C000000 		.4byte	.LVL14
 374 01a4 4E020000 		.4byte	0x24e
 375 01a8 08       		.uleb128 0x8
 376 01a9 66000000 		.4byte	.LVL15
 377 01ad 2D020000 		.4byte	0x22d
 378 01b1 BC010000 		.4byte	0x1bc
 379 01b5 09       		.uleb128 0x9
 380 01b6 01       		.uleb128 0x1
 381 01b7 50       		.byte	0x50
 382 01b8 02       		.uleb128 0x2
 383 01b9 08       		.byte	0x8
 384 01ba C8       		.byte	0xc8
 385 01bb 00       		.byte	0
 386 01bc 08       		.uleb128 0x8
 387 01bd 6C000000 		.4byte	.LVL16
 388 01c1 43020000 		.4byte	0x243
 389 01c5 CF010000 		.4byte	0x1cf
 390 01c9 09       		.uleb128 0x9
 391 01ca 01       		.uleb128 0x1
 392 01cb 50       		.byte	0x50
 393 01cc 01       		.uleb128 0x1
 394 01cd 31       		.byte	0x31
 395 01ce 00       		.byte	0
 396 01cf 08       		.uleb128 0x8
 397 01d0 72000000 		.4byte	.LVL17
 398 01d4 59020000 		.4byte	0x259
 399 01d8 E2010000 		.4byte	0x1e2
 400 01dc 09       		.uleb128 0x9
 401 01dd 01       		.uleb128 0x1
 402 01de 50       		.byte	0x50
 403 01df 01       		.uleb128 0x1
 404 01e0 30       		.byte	0x30
 405 01e1 00       		.byte	0
 406 01e2 06       		.uleb128 0x6
 407 01e3 76000000 		.4byte	.LVL18
 408 01e7 64020000 		.4byte	0x264
 409 01eb 06       		.uleb128 0x6
 410 01ec 7A000000 		.4byte	.LVL19
 411 01f0 4E020000 		.4byte	0x24e
 412 01f4 00       		.byte	0
 413 01f5 0A       		.uleb128 0xa
 414 01f6 3B000000 		.4byte	.LASF14
 415 01fa 3B000000 		.4byte	.LASF14
 416 01fe 02       		.byte	0x2
 417 01ff 39       		.byte	0x39
 418 0200 0A       		.uleb128 0xa
 419 0201 5B000000 		.4byte	.LASF15
 420 0205 5B000000 		.4byte	.LASF15
 421 0209 03       		.byte	0x3
 422 020a 18       		.byte	0x18
 423 020b 0B       		.uleb128 0xb
 424 020c E8000000 		.4byte	.LASF16
 425 0210 E8000000 		.4byte	.LASF16
 426 0214 04       		.byte	0x4
 427 0215 3201     		.2byte	0x132
ARM GAS  C:\Users\mahe\AppData\Local\Temp\ccvX1KKF.s 			page 10


 428 0217 0A       		.uleb128 0xa
 429 0218 CB000000 		.4byte	.LASF17
 430 021c CB000000 		.4byte	.LASF17
 431 0220 05       		.byte	0x5
 432 0221 5D       		.byte	0x5d
 433 0222 0A       		.uleb128 0xa
 434 0223 03020000 		.4byte	.LASF18
 435 0227 03020000 		.4byte	.LASF18
 436 022b 06       		.byte	0x6
 437 022c 33       		.byte	0x33
 438 022d 0A       		.uleb128 0xa
 439 022e 34020000 		.4byte	.LASF19
 440 0232 34020000 		.4byte	.LASF19
 441 0236 07       		.byte	0x7
 442 0237 D9       		.byte	0xd9
 443 0238 0A       		.uleb128 0xa
 444 0239 B9000000 		.4byte	.LASF20
 445 023d B9000000 		.4byte	.LASF20
 446 0241 05       		.byte	0x5
 447 0242 5C       		.byte	0x5c
 448 0243 0A       		.uleb128 0xa
 449 0244 24000000 		.4byte	.LASF21
 450 0248 24000000 		.4byte	.LASF21
 451 024c 08       		.byte	0x8
 452 024d 33       		.byte	0x33
 453 024e 0A       		.uleb128 0xa
 454 024f 9B010000 		.4byte	.LASF22
 455 0253 9B010000 		.4byte	.LASF22
 456 0257 02       		.byte	0x2
 457 0258 32       		.byte	0x32
 458 0259 0A       		.uleb128 0xa
 459 025a 0B000000 		.4byte	.LASF23
 460 025e 0B000000 		.4byte	.LASF23
 461 0262 05       		.byte	0x5
 462 0263 5F       		.byte	0x5f
 463 0264 0A       		.uleb128 0xa
 464 0265 A1000000 		.4byte	.LASF24
 465 0269 A1000000 		.4byte	.LASF24
 466 026d 05       		.byte	0x5
 467 026e 5E       		.byte	0x5e
 468 026f 00       		.byte	0
 469              		.section	.debug_abbrev,"",%progbits
 470              	.Ldebug_abbrev0:
 471 0000 01       		.uleb128 0x1
 472 0001 11       		.uleb128 0x11
 473 0002 01       		.byte	0x1
 474 0003 25       		.uleb128 0x25
 475 0004 0E       		.uleb128 0xe
 476 0005 13       		.uleb128 0x13
 477 0006 0B       		.uleb128 0xb
 478 0007 03       		.uleb128 0x3
 479 0008 0E       		.uleb128 0xe
 480 0009 1B       		.uleb128 0x1b
 481 000a 0E       		.uleb128 0xe
 482 000b 55       		.uleb128 0x55
 483 000c 17       		.uleb128 0x17
 484 000d 11       		.uleb128 0x11
ARM GAS  C:\Users\mahe\AppData\Local\Temp\ccvX1KKF.s 			page 11


 485 000e 01       		.uleb128 0x1
 486 000f 10       		.uleb128 0x10
 487 0010 17       		.uleb128 0x17
 488 0011 00       		.byte	0
 489 0012 00       		.byte	0
 490 0013 02       		.uleb128 0x2
 491 0014 24       		.uleb128 0x24
 492 0015 00       		.byte	0
 493 0016 0B       		.uleb128 0xb
 494 0017 0B       		.uleb128 0xb
 495 0018 3E       		.uleb128 0x3e
 496 0019 0B       		.uleb128 0xb
 497 001a 03       		.uleb128 0x3
 498 001b 0E       		.uleb128 0xe
 499 001c 00       		.byte	0
 500 001d 00       		.byte	0
 501 001e 03       		.uleb128 0x3
 502 001f 24       		.uleb128 0x24
 503 0020 00       		.byte	0
 504 0021 0B       		.uleb128 0xb
 505 0022 0B       		.uleb128 0xb
 506 0023 3E       		.uleb128 0x3e
 507 0024 0B       		.uleb128 0xb
 508 0025 03       		.uleb128 0x3
 509 0026 08       		.uleb128 0x8
 510 0027 00       		.byte	0
 511 0028 00       		.byte	0
 512 0029 04       		.uleb128 0x4
 513 002a 16       		.uleb128 0x16
 514 002b 00       		.byte	0
 515 002c 03       		.uleb128 0x3
 516 002d 0E       		.uleb128 0xe
 517 002e 3A       		.uleb128 0x3a
 518 002f 0B       		.uleb128 0xb
 519 0030 3B       		.uleb128 0x3b
 520 0031 05       		.uleb128 0x5
 521 0032 49       		.uleb128 0x49
 522 0033 13       		.uleb128 0x13
 523 0034 00       		.byte	0
 524 0035 00       		.byte	0
 525 0036 05       		.uleb128 0x5
 526 0037 2E       		.uleb128 0x2e
 527 0038 01       		.byte	0x1
 528 0039 3F       		.uleb128 0x3f
 529 003a 19       		.uleb128 0x19
 530 003b 03       		.uleb128 0x3
 531 003c 0E       		.uleb128 0xe
 532 003d 3A       		.uleb128 0x3a
 533 003e 0B       		.uleb128 0xb
 534 003f 3B       		.uleb128 0x3b
 535 0040 0B       		.uleb128 0xb
 536 0041 27       		.uleb128 0x27
 537 0042 19       		.uleb128 0x19
 538 0043 11       		.uleb128 0x11
 539 0044 01       		.uleb128 0x1
 540 0045 12       		.uleb128 0x12
 541 0046 06       		.uleb128 0x6
ARM GAS  C:\Users\mahe\AppData\Local\Temp\ccvX1KKF.s 			page 12


 542 0047 40       		.uleb128 0x40
 543 0048 18       		.uleb128 0x18
 544 0049 9742     		.uleb128 0x2117
 545 004b 19       		.uleb128 0x19
 546 004c 01       		.uleb128 0x1
 547 004d 13       		.uleb128 0x13
 548 004e 00       		.byte	0
 549 004f 00       		.byte	0
 550 0050 06       		.uleb128 0x6
 551 0051 898201   		.uleb128 0x4109
 552 0054 00       		.byte	0
 553 0055 11       		.uleb128 0x11
 554 0056 01       		.uleb128 0x1
 555 0057 31       		.uleb128 0x31
 556 0058 13       		.uleb128 0x13
 557 0059 00       		.byte	0
 558 005a 00       		.byte	0
 559 005b 07       		.uleb128 0x7
 560 005c 2E       		.uleb128 0x2e
 561 005d 01       		.byte	0x1
 562 005e 3F       		.uleb128 0x3f
 563 005f 19       		.uleb128 0x19
 564 0060 03       		.uleb128 0x3
 565 0061 0E       		.uleb128 0xe
 566 0062 3A       		.uleb128 0x3a
 567 0063 0B       		.uleb128 0xb
 568 0064 3B       		.uleb128 0x3b
 569 0065 0B       		.uleb128 0xb
 570 0066 27       		.uleb128 0x27
 571 0067 19       		.uleb128 0x19
 572 0068 49       		.uleb128 0x49
 573 0069 13       		.uleb128 0x13
 574 006a 8701     		.uleb128 0x87
 575 006c 19       		.uleb128 0x19
 576 006d 11       		.uleb128 0x11
 577 006e 01       		.uleb128 0x1
 578 006f 12       		.uleb128 0x12
 579 0070 06       		.uleb128 0x6
 580 0071 40       		.uleb128 0x40
 581 0072 18       		.uleb128 0x18
 582 0073 9742     		.uleb128 0x2117
 583 0075 19       		.uleb128 0x19
 584 0076 01       		.uleb128 0x1
 585 0077 13       		.uleb128 0x13
 586 0078 00       		.byte	0
 587 0079 00       		.byte	0
 588 007a 08       		.uleb128 0x8
 589 007b 898201   		.uleb128 0x4109
 590 007e 01       		.byte	0x1
 591 007f 11       		.uleb128 0x11
 592 0080 01       		.uleb128 0x1
 593 0081 31       		.uleb128 0x31
 594 0082 13       		.uleb128 0x13
 595 0083 01       		.uleb128 0x1
 596 0084 13       		.uleb128 0x13
 597 0085 00       		.byte	0
 598 0086 00       		.byte	0
ARM GAS  C:\Users\mahe\AppData\Local\Temp\ccvX1KKF.s 			page 13


 599 0087 09       		.uleb128 0x9
 600 0088 8A8201   		.uleb128 0x410a
 601 008b 00       		.byte	0
 602 008c 02       		.uleb128 0x2
 603 008d 18       		.uleb128 0x18
 604 008e 9142     		.uleb128 0x2111
 605 0090 18       		.uleb128 0x18
 606 0091 00       		.byte	0
 607 0092 00       		.byte	0
 608 0093 0A       		.uleb128 0xa
 609 0094 2E       		.uleb128 0x2e
 610 0095 00       		.byte	0
 611 0096 3F       		.uleb128 0x3f
 612 0097 19       		.uleb128 0x19
 613 0098 3C       		.uleb128 0x3c
 614 0099 19       		.uleb128 0x19
 615 009a 6E       		.uleb128 0x6e
 616 009b 0E       		.uleb128 0xe
 617 009c 03       		.uleb128 0x3
 618 009d 0E       		.uleb128 0xe
 619 009e 3A       		.uleb128 0x3a
 620 009f 0B       		.uleb128 0xb
 621 00a0 3B       		.uleb128 0x3b
 622 00a1 0B       		.uleb128 0xb
 623 00a2 00       		.byte	0
 624 00a3 00       		.byte	0
 625 00a4 0B       		.uleb128 0xb
 626 00a5 2E       		.uleb128 0x2e
 627 00a6 00       		.byte	0
 628 00a7 3F       		.uleb128 0x3f
 629 00a8 19       		.uleb128 0x19
 630 00a9 3C       		.uleb128 0x3c
 631 00aa 19       		.uleb128 0x19
 632 00ab 6E       		.uleb128 0x6e
 633 00ac 0E       		.uleb128 0xe
 634 00ad 03       		.uleb128 0x3
 635 00ae 0E       		.uleb128 0xe
 636 00af 3A       		.uleb128 0x3a
 637 00b0 0B       		.uleb128 0xb
 638 00b1 3B       		.uleb128 0x3b
 639 00b2 05       		.uleb128 0x5
 640 00b3 00       		.byte	0
 641 00b4 00       		.byte	0
 642 00b5 00       		.byte	0
 643              		.section	.debug_aranges,"",%progbits
 644 0000 24000000 		.4byte	0x24
 645 0004 0200     		.2byte	0x2
 646 0006 00000000 		.4byte	.Ldebug_info0
 647 000a 04       		.byte	0x4
 648 000b 00       		.byte	0
 649 000c 0000     		.2byte	0
 650 000e 0000     		.2byte	0
 651 0010 00000000 		.4byte	.LFB35
 652 0014 08000000 		.4byte	.LFE35-.LFB35
 653 0018 00000000 		.4byte	.LFB34
 654 001c 84000000 		.4byte	.LFE34-.LFB34
 655 0020 00000000 		.4byte	0
ARM GAS  C:\Users\mahe\AppData\Local\Temp\ccvX1KKF.s 			page 14


 656 0024 00000000 		.4byte	0
 657              		.section	.debug_ranges,"",%progbits
 658              	.Ldebug_ranges0:
 659 0000 00000000 		.4byte	.LFB35
 660 0004 08000000 		.4byte	.LFE35
 661 0008 00000000 		.4byte	.LFB34
 662 000c 84000000 		.4byte	.LFE34
 663 0010 00000000 		.4byte	0
 664 0014 00000000 		.4byte	0
 665              		.section	.debug_line,"",%progbits
 666              	.Ldebug_line0:
 667 0000 E1000000 		.section	.debug_str,"MS",%progbits,1
 667      02009B00 
 667      00000201 
 667      FB0E0D00 
 667      01010101 
 668              	.LASF29:
 669 0000 57616B65 		.ascii	"WakeUp_Isr\000"
 669      55705F49 
 669      737200
 670              	.LASF23:
 671 000b 43795379 		.ascii	"CySysPmSetWakeupPolarity\000"
 671      73506D53 
 671      65745761 
 671      6B657570 
 671      506F6C61 
 672              	.LASF21:
 673 0024 4C45445F 		.ascii	"LED_Write\000"
 673      57726974 
 673      6500
 674              	.LASF8:
 675 002e 756E7369 		.ascii	"unsigned int\000"
 675      676E6564 
 675      20696E74 
 675      00
 676              	.LASF14:
 677 003b 4D6F6465 		.ascii	"ModeSwitch_ClearInterrupt\000"
 677      53776974 
 677      63685F43 
 677      6C656172 
 677      496E7465 
 678              	.LASF9:
 679 0055 666C6F61 		.ascii	"float\000"
 679      7400
 680              	.LASF15:
 681 005b 6973725F 		.ascii	"isr_WakeUp_StartEx\000"
 681      57616B65 
 681      55705F53 
 681      74617274 
 681      457800
 682              	.LASF1:
 683 006e 756E7369 		.ascii	"unsigned char\000"
 683      676E6564 
 683      20636861 
 683      7200
 684              	.LASF5:
 685 007c 6C6F6E67 		.ascii	"long unsigned int\000"
ARM GAS  C:\Users\mahe\AppData\Local\Temp\ccvX1KKF.s 			page 15


 685      20756E73 
 685      69676E65 
 685      6420696E 
 685      7400
 686              	.LASF3:
 687 008e 73686F72 		.ascii	"short unsigned int\000"
 687      7420756E 
 687      7369676E 
 687      65642069 
 687      6E7400
 688              	.LASF24:
 689 00a1 43795379 		.ascii	"CySysPmStop\000"
 689      73506D53 
 689      746F7000 
 690              	.LASF10:
 691 00ad 646F7562 		.ascii	"double\000"
 691      6C6500
 692              	.LASF30:
 693 00b4 6D61696E 		.ascii	"main\000"
 693      00
 694              	.LASF20:
 695 00b9 43795379 		.ascii	"CySysPmUnfreezeIo\000"
 695      73506D55 
 695      6E667265 
 695      657A6549 
 695      6F00
 696              	.LASF17:
 697 00cb 43795379 		.ascii	"CySysPmGetResetReason\000"
 697      73506D47 
 697      65745265 
 697      73657452 
 697      6561736F 
 698              	.LASF28:
 699 00e1 75696E74 		.ascii	"uint32\000"
 699      333200
 700              	.LASF16:
 701 00e8 54696D65 		.ascii	"Timer_1_Start\000"
 701      725F315F 
 701      53746172 
 701      7400
 702              	.LASF7:
 703 00f6 6C6F6E67 		.ascii	"long long unsigned int\000"
 703      206C6F6E 
 703      6720756E 
 703      7369676E 
 703      65642069 
 704              	.LASF25:
 705 010d 474E5520 		.ascii	"GNU C11 5.4.1 20160609 (release) [ARM/embedded-5-br"
 705      43313120 
 705      352E342E 
 705      31203230 
 705      31363036 
 706 0140 616E6368 		.ascii	"anch revision 237715] -mcpu=cortex-m0 -mthumb -g -O"
 706      20726576 
 706      6973696F 
 706      6E203233 
 706      37373135 
ARM GAS  C:\Users\mahe\AppData\Local\Temp\ccvX1KKF.s 			page 16


 707 0173 67202D66 		.ascii	"g -ffunction-sections -ffat-lto-objects\000"
 707      66756E63 
 707      74696F6E 
 707      2D736563 
 707      74696F6E 
 708              	.LASF22:
 709 019b 4D6F6465 		.ascii	"ModeSwitch_Read\000"
 709      53776974 
 709      63685F52 
 709      65616400 
 710              	.LASF13:
 711 01ab 73697A65 		.ascii	"sizetype\000"
 711      74797065 
 711      00
 712              	.LASF6:
 713 01b4 6C6F6E67 		.ascii	"long long int\000"
 713      206C6F6E 
 713      6720696E 
 713      7400
 714              	.LASF26:
 715 01c2 6D61696E 		.ascii	"main.c\000"
 715      2E6300
 716              	.LASF11:
 717 01c9 63686172 		.ascii	"char\000"
 717      00
 718              	.LASF27:
 719 01ce 443A5C44 		.ascii	"D:\\Development\\AESD\\PowerModes\\Power.cydsn\000"
 719      6576656C 
 719      6F706D65 
 719      6E745C41 
 719      4553445C 
 720              	.LASF2:
 721 01f9 73686F72 		.ascii	"short int\000"
 721      7420696E 
 721      7400
 722              	.LASF18:
 723 0203 52455345 		.ascii	"RESET_LED_Write\000"
 723      545F4C45 
 723      445F5772 
 723      69746500 
 724              	.LASF4:
 725 0213 6C6F6E67 		.ascii	"long int\000"
 725      20696E74 
 725      00
 726              	.LASF12:
 727 021c 6C6F6E67 		.ascii	"long double\000"
 727      20646F75 
 727      626C6500 
 728              	.LASF0:
 729 0228 7369676E 		.ascii	"signed char\000"
 729      65642063 
 729      68617200 
 730              	.LASF19:
 731 0234 43794465 		.ascii	"CyDelay\000"
 731      6C617900 
 732              		.ident	"GCC: (GNU Tools for ARM Embedded Processors) 5.4.1 20160609 (release) [ARM/embedded-5-bran
