ARM GAS  C:\Users\mahe\AppData\Local\Temp\cc8eOIj4.s 			page 1


   1              		.syntax unified
   2              		.cpu cortex-m0
   3              		.fpu softvfp
   4              		.eabi_attribute 20, 1
   5              		.eabi_attribute 21, 1
   6              		.eabi_attribute 23, 3
   7              		.eabi_attribute 24, 1
   8              		.eabi_attribute 25, 1
   9              		.eabi_attribute 26, 1
  10              		.eabi_attribute 30, 1
  11              		.eabi_attribute 34, 0
  12              		.eabi_attribute 18, 4
  13              		.thumb
  14              		.syntax unified
  15              		.file	"t_INTR.c"
  16              		.text
  17              	.Ltext0:
  18              		.cfi_sections	.debug_frame
  19              		.section	.text.INT_Disable,"ax",%progbits
  20              		.align	2
  21              		.global	INT_Disable
  22              		.code	16
  23              		.thumb_func
  24              		.type	INT_Disable, %function
  25              	INT_Disable:
  26              	.LFB0:
  27              		.file 1 "t_INTR.c"
   1:t_INTR.c      **** #include "t_INTR.h"
   2:t_INTR.c      **** 
   3:t_INTR.c      **** void INT_Disable(t_uint8 IRQ_N)
   4:t_INTR.c      **** {
  28              		.loc 1 4 0
  29              		.cfi_startproc
  30              		@ args = 0, pretend = 0, frame = 0
  31              		@ frame_needed = 0, uses_anonymous_args = 0
  32              		@ link register save eliminated.
  33              	.LVL0:
   5:t_INTR.c      ****     *((t_reg32*)(0xe000e180u))=(((t_uint32)0x01u) << IRQ_N);
  34              		.loc 1 5 0
  35 0000 0123     		movs	r3, #1
  36 0002 8340     		lsls	r3, r3, r0
  37 0004 014A     		ldr	r2, .L2
  38 0006 1360     		str	r3, [r2]
   6:t_INTR.c      **** }
  39              		.loc 1 6 0
  40              		@ sp needed
  41 0008 7047     		bx	lr
  42              	.L3:
  43 000a C046     		.align	2
  44              	.L2:
  45 000c 80E100E0 		.word	-536813184
  46              		.cfi_endproc
  47              	.LFE0:
  48              		.size	INT_Disable, .-INT_Disable
  49              		.section	.text.INT_Enable,"ax",%progbits
  50              		.align	2
  51              		.global	INT_Enable
ARM GAS  C:\Users\mahe\AppData\Local\Temp\cc8eOIj4.s 			page 2


  52              		.code	16
  53              		.thumb_func
  54              		.type	INT_Enable, %function
  55              	INT_Enable:
  56              	.LFB1:
   7:t_INTR.c      **** 
   8:t_INTR.c      **** void INT_Enable(t_uint8 IRQ_N)
   9:t_INTR.c      **** {
  57              		.loc 1 9 0
  58              		.cfi_startproc
  59              		@ args = 0, pretend = 0, frame = 0
  60              		@ frame_needed = 0, uses_anonymous_args = 0
  61              		@ link register save eliminated.
  62              	.LVL1:
  10:t_INTR.c      ****     *((t_reg32*)(0xe000e100u))=(((t_uint32)0x01u) << IRQ_N);
  63              		.loc 1 10 0
  64 0000 0123     		movs	r3, #1
  65 0002 8340     		lsls	r3, r3, r0
  66 0004 014A     		ldr	r2, .L5
  67 0006 1360     		str	r3, [r2]
  11:t_INTR.c      **** }
  68              		.loc 1 11 0
  69              		@ sp needed
  70 0008 7047     		bx	lr
  71              	.L6:
  72 000a C046     		.align	2
  73              	.L5:
  74 000c 00E100E0 		.word	-536813312
  75              		.cfi_endproc
  76              	.LFE1:
  77              		.size	INT_Enable, .-INT_Enable
  78              		.section	.text.INT_Set_Priority,"ax",%progbits
  79              		.align	2
  80              		.global	INT_Set_Priority
  81              		.code	16
  82              		.thumb_func
  83              		.type	INT_Set_Priority, %function
  84              	INT_Set_Priority:
  85              	.LFB2:
  12:t_INTR.c      **** 
  13:t_INTR.c      **** void INT_Set_Priority(t_uint8 IRQ_N,t_uint8 priority)
  14:t_INTR.c      **** {
  86              		.loc 1 14 0
  87              		.cfi_startproc
  88              		@ args = 0, pretend = 0, frame = 0
  89              		@ frame_needed = 0, uses_anonymous_args = 0
  90              	.LVL2:
  91 0000 10B5     		push	{r4, lr}
  92              		.cfi_def_cfa_offset 8
  93              		.cfi_offset 4, -8
  94              		.cfi_offset 14, -4
  15:t_INTR.c      ****     t_uint8 priorityOffset = ((IRQ_N % 4u) * 8u) + 6u;
  95              		.loc 1 15 0
  96 0002 0323     		movs	r3, #3
  97 0004 0340     		ands	r3, r0
  98 0006 DB00     		lsls	r3, r3, #3
  99 0008 0633     		adds	r3, r3, #6
ARM GAS  C:\Users\mahe\AppData\Local\Temp\cc8eOIj4.s 			page 3


 100              	.LVL3:
  16:t_INTR.c      ****     t_uint32 PRIO_REG = (0xe000e400u+((t_uint32)((IRQ_N/4)*4)));
 101              		.loc 1 16 0
 102 000a 8008     		lsrs	r0, r0, #2
 103              	.LVL4:
 104 000c 8000     		lsls	r0, r0, #2
 105 000e 054A     		ldr	r2, .L8
 106 0010 9446     		mov	ip, r2
 107 0012 6044     		add	r0, r0, ip
 108              	.LVL5:
  17:t_INTR.c      ****     *(t_reg32*)(PRIO_REG)= (*(t_reg32 *) (PRIO_REG) & (~((t_uint32)0x3u<<priorityOffset)))|((t_uint
 109              		.loc 1 17 0
 110 0014 0268     		ldr	r2, [r0]
 111 0016 0324     		movs	r4, #3
 112 0018 9C40     		lsls	r4, r4, r3
 113 001a A243     		bics	r2, r4
 114 001c 9940     		lsls	r1, r1, r3
 115              	.LVL6:
 116 001e 1143     		orrs	r1, r2
 117 0020 0160     		str	r1, [r0]
  18:t_INTR.c      **** }
 118              		.loc 1 18 0
 119              		@ sp needed
 120 0022 10BD     		pop	{r4, pc}
 121              	.L9:
 122              		.align	2
 123              	.L8:
 124 0024 00E400E0 		.word	-536812544
 125              		.cfi_endproc
 126              	.LFE2:
 127              		.size	INT_Set_Priority, .-INT_Set_Priority
 128              		.section	.text.INT_Set_ISR_Address,"ax",%progbits
 129              		.align	2
 130              		.global	INT_Set_ISR_Address
 131              		.code	16
 132              		.thumb_func
 133              		.type	INT_Set_ISR_Address, %function
 134              	INT_Set_ISR_Address:
 135              	.LFB3:
  19:t_INTR.c      **** 
  20:t_INTR.c      **** void INT_Set_ISR_Address(t_uint8 IRQ_N,t_uint32 Address)
  21:t_INTR.c      **** {
 136              		.loc 1 21 0
 137              		.cfi_startproc
 138              		@ args = 0, pretend = 0, frame = 0
 139              		@ frame_needed = 0, uses_anonymous_args = 0
 140              		@ link register save eliminated.
 141              	.LVL7:
  22:t_INTR.c      ****     *((t_reg32*)(0x20000040u+(t_uint32)(IRQ_N*4)))= Address;
 142              		.loc 1 22 0
 143 0000 8000     		lsls	r0, r0, #2
 144              	.LVL8:
 145 0002 024B     		ldr	r3, .L11
 146 0004 9C46     		mov	ip, r3
 147 0006 6044     		add	r0, r0, ip
 148 0008 0160     		str	r1, [r0]
  23:t_INTR.c      **** }
ARM GAS  C:\Users\mahe\AppData\Local\Temp\cc8eOIj4.s 			page 4


 149              		.loc 1 23 0
 150              		@ sp needed
 151 000a 7047     		bx	lr
 152              	.L12:
 153              		.align	2
 154              	.L11:
 155 000c 40000020 		.word	536870976
 156              		.cfi_endproc
 157              	.LFE3:
 158              		.size	INT_Set_ISR_Address, .-INT_Set_ISR_Address
 159              		.text
 160              	.Letext0:
 161              		.file 2 "t_udtypes.h"
 162              		.section	.debug_info,"",%progbits
 163              	.Ldebug_info0:
 164 0000 18010000 		.4byte	0x118
 165 0004 0400     		.2byte	0x4
 166 0006 00000000 		.4byte	.Ldebug_abbrev0
 167 000a 04       		.byte	0x4
 168 000b 01       		.uleb128 0x1
 169 000c C9000000 		.4byte	.LASF13
 170 0010 0C       		.byte	0xc
 171 0011 47000000 		.4byte	.LASF14
 172 0015 00000000 		.4byte	.LASF15
 173 0019 00000000 		.4byte	.Ldebug_ranges0+0
 174 001d 00000000 		.4byte	0
 175 0021 00000000 		.4byte	.Ldebug_line0
 176 0025 02       		.uleb128 0x2
 177 0026 5F010000 		.4byte	.LASF2
 178 002a 02       		.byte	0x2
 179 002b 04       		.byte	0x4
 180 002c 37000000 		.4byte	0x37
 181 0030 03       		.uleb128 0x3
 182 0031 04       		.byte	0x4
 183 0032 07       		.byte	0x7
 184 0033 2C000000 		.4byte	.LASF0
 185 0037 04       		.uleb128 0x4
 186 0038 30000000 		.4byte	0x30
 187 003c 03       		.uleb128 0x3
 188 003d 01       		.byte	0x1
 189 003e 08       		.byte	0x8
 190 003f A4000000 		.4byte	.LASF1
 191 0043 02       		.uleb128 0x2
 192 0044 B2000000 		.4byte	.LASF3
 193 0048 02       		.byte	0x2
 194 0049 06       		.byte	0x6
 195 004a 30000000 		.4byte	0x30
 196 004e 02       		.uleb128 0x2
 197 004f 57010000 		.4byte	.LASF4
 198 0053 02       		.byte	0x2
 199 0054 07       		.byte	0x7
 200 0055 3C000000 		.4byte	0x3c
 201 0059 05       		.uleb128 0x5
 202 005a 64000000 		.4byte	.LASF5
 203 005e 01       		.byte	0x1
 204 005f 03       		.byte	0x3
 205 0060 00000000 		.4byte	.LFB0
ARM GAS  C:\Users\mahe\AppData\Local\Temp\cc8eOIj4.s 			page 5


 206 0064 10000000 		.4byte	.LFE0-.LFB0
 207 0068 01       		.uleb128 0x1
 208 0069 9C       		.byte	0x9c
 209 006a 7C000000 		.4byte	0x7c
 210 006e 06       		.uleb128 0x6
 211 006f BB000000 		.4byte	.LASF7
 212 0073 01       		.byte	0x1
 213 0074 03       		.byte	0x3
 214 0075 4E000000 		.4byte	0x4e
 215 0079 01       		.uleb128 0x1
 216 007a 50       		.byte	0x50
 217 007b 00       		.byte	0
 218 007c 05       		.uleb128 0x5
 219 007d 70000000 		.4byte	.LASF6
 220 0081 01       		.byte	0x1
 221 0082 08       		.byte	0x8
 222 0083 00000000 		.4byte	.LFB1
 223 0087 10000000 		.4byte	.LFE1-.LFB1
 224 008b 01       		.uleb128 0x1
 225 008c 9C       		.byte	0x9c
 226 008d 9F000000 		.4byte	0x9f
 227 0091 06       		.uleb128 0x6
 228 0092 BB000000 		.4byte	.LASF7
 229 0096 01       		.byte	0x1
 230 0097 08       		.byte	0x8
 231 0098 4E000000 		.4byte	0x4e
 232 009c 01       		.uleb128 0x1
 233 009d 50       		.byte	0x50
 234 009e 00       		.byte	0
 235 009f 05       		.uleb128 0x5
 236 00a0 8A000000 		.4byte	.LASF8
 237 00a4 01       		.byte	0x1
 238 00a5 0D       		.byte	0xd
 239 00a6 00000000 		.4byte	.LFB2
 240 00aa 28000000 		.4byte	.LFE2-.LFB2
 241 00ae 01       		.uleb128 0x1
 242 00af 9C       		.byte	0x9c
 243 00b0 ED000000 		.4byte	0xed
 244 00b4 07       		.uleb128 0x7
 245 00b5 BB000000 		.4byte	.LASF7
 246 00b9 01       		.byte	0x1
 247 00ba 0D       		.byte	0xd
 248 00bb 4E000000 		.4byte	0x4e
 249 00bf 00000000 		.4byte	.LLST0
 250 00c3 07       		.uleb128 0x7
 251 00c4 3E000000 		.4byte	.LASF9
 252 00c8 01       		.byte	0x1
 253 00c9 0D       		.byte	0xd
 254 00ca 4E000000 		.4byte	0x4e
 255 00ce 21000000 		.4byte	.LLST1
 256 00d2 08       		.uleb128 0x8
 257 00d3 7B000000 		.4byte	.LASF10
 258 00d7 01       		.byte	0x1
 259 00d8 0F       		.byte	0xf
 260 00d9 4E000000 		.4byte	0x4e
 261 00dd 01       		.uleb128 0x1
 262 00de 53       		.byte	0x53
ARM GAS  C:\Users\mahe\AppData\Local\Temp\cc8eOIj4.s 			page 6


 263 00df 08       		.uleb128 0x8
 264 00e0 9B000000 		.4byte	.LASF11
 265 00e4 01       		.byte	0x1
 266 00e5 10       		.byte	0x10
 267 00e6 43000000 		.4byte	0x43
 268 00ea 01       		.uleb128 0x1
 269 00eb 50       		.byte	0x50
 270 00ec 00       		.byte	0
 271 00ed 09       		.uleb128 0x9
 272 00ee 50000000 		.4byte	.LASF16
 273 00f2 01       		.byte	0x1
 274 00f3 14       		.byte	0x14
 275 00f4 00000000 		.4byte	.LFB3
 276 00f8 10000000 		.4byte	.LFE3-.LFB3
 277 00fc 01       		.uleb128 0x1
 278 00fd 9C       		.byte	0x9c
 279 00fe 07       		.uleb128 0x7
 280 00ff BB000000 		.4byte	.LASF7
 281 0103 01       		.byte	0x1
 282 0104 14       		.byte	0x14
 283 0105 4E000000 		.4byte	0x4e
 284 0109 42000000 		.4byte	.LLST2
 285 010d 06       		.uleb128 0x6
 286 010e C1000000 		.4byte	.LASF12
 287 0112 01       		.byte	0x1
 288 0113 14       		.byte	0x14
 289 0114 43000000 		.4byte	0x43
 290 0118 01       		.uleb128 0x1
 291 0119 51       		.byte	0x51
 292 011a 00       		.byte	0
 293 011b 00       		.byte	0
 294              		.section	.debug_abbrev,"",%progbits
 295              	.Ldebug_abbrev0:
 296 0000 01       		.uleb128 0x1
 297 0001 11       		.uleb128 0x11
 298 0002 01       		.byte	0x1
 299 0003 25       		.uleb128 0x25
 300 0004 0E       		.uleb128 0xe
 301 0005 13       		.uleb128 0x13
 302 0006 0B       		.uleb128 0xb
 303 0007 03       		.uleb128 0x3
 304 0008 0E       		.uleb128 0xe
 305 0009 1B       		.uleb128 0x1b
 306 000a 0E       		.uleb128 0xe
 307 000b 55       		.uleb128 0x55
 308 000c 17       		.uleb128 0x17
 309 000d 11       		.uleb128 0x11
 310 000e 01       		.uleb128 0x1
 311 000f 10       		.uleb128 0x10
 312 0010 17       		.uleb128 0x17
 313 0011 00       		.byte	0
 314 0012 00       		.byte	0
 315 0013 02       		.uleb128 0x2
 316 0014 16       		.uleb128 0x16
 317 0015 00       		.byte	0
 318 0016 03       		.uleb128 0x3
 319 0017 0E       		.uleb128 0xe
ARM GAS  C:\Users\mahe\AppData\Local\Temp\cc8eOIj4.s 			page 7


 320 0018 3A       		.uleb128 0x3a
 321 0019 0B       		.uleb128 0xb
 322 001a 3B       		.uleb128 0x3b
 323 001b 0B       		.uleb128 0xb
 324 001c 49       		.uleb128 0x49
 325 001d 13       		.uleb128 0x13
 326 001e 00       		.byte	0
 327 001f 00       		.byte	0
 328 0020 03       		.uleb128 0x3
 329 0021 24       		.uleb128 0x24
 330 0022 00       		.byte	0
 331 0023 0B       		.uleb128 0xb
 332 0024 0B       		.uleb128 0xb
 333 0025 3E       		.uleb128 0x3e
 334 0026 0B       		.uleb128 0xb
 335 0027 03       		.uleb128 0x3
 336 0028 0E       		.uleb128 0xe
 337 0029 00       		.byte	0
 338 002a 00       		.byte	0
 339 002b 04       		.uleb128 0x4
 340 002c 35       		.uleb128 0x35
 341 002d 00       		.byte	0
 342 002e 49       		.uleb128 0x49
 343 002f 13       		.uleb128 0x13
 344 0030 00       		.byte	0
 345 0031 00       		.byte	0
 346 0032 05       		.uleb128 0x5
 347 0033 2E       		.uleb128 0x2e
 348 0034 01       		.byte	0x1
 349 0035 3F       		.uleb128 0x3f
 350 0036 19       		.uleb128 0x19
 351 0037 03       		.uleb128 0x3
 352 0038 0E       		.uleb128 0xe
 353 0039 3A       		.uleb128 0x3a
 354 003a 0B       		.uleb128 0xb
 355 003b 3B       		.uleb128 0x3b
 356 003c 0B       		.uleb128 0xb
 357 003d 27       		.uleb128 0x27
 358 003e 19       		.uleb128 0x19
 359 003f 11       		.uleb128 0x11
 360 0040 01       		.uleb128 0x1
 361 0041 12       		.uleb128 0x12
 362 0042 06       		.uleb128 0x6
 363 0043 40       		.uleb128 0x40
 364 0044 18       		.uleb128 0x18
 365 0045 9742     		.uleb128 0x2117
 366 0047 19       		.uleb128 0x19
 367 0048 01       		.uleb128 0x1
 368 0049 13       		.uleb128 0x13
 369 004a 00       		.byte	0
 370 004b 00       		.byte	0
 371 004c 06       		.uleb128 0x6
 372 004d 05       		.uleb128 0x5
 373 004e 00       		.byte	0
 374 004f 03       		.uleb128 0x3
 375 0050 0E       		.uleb128 0xe
 376 0051 3A       		.uleb128 0x3a
ARM GAS  C:\Users\mahe\AppData\Local\Temp\cc8eOIj4.s 			page 8


 377 0052 0B       		.uleb128 0xb
 378 0053 3B       		.uleb128 0x3b
 379 0054 0B       		.uleb128 0xb
 380 0055 49       		.uleb128 0x49
 381 0056 13       		.uleb128 0x13
 382 0057 02       		.uleb128 0x2
 383 0058 18       		.uleb128 0x18
 384 0059 00       		.byte	0
 385 005a 00       		.byte	0
 386 005b 07       		.uleb128 0x7
 387 005c 05       		.uleb128 0x5
 388 005d 00       		.byte	0
 389 005e 03       		.uleb128 0x3
 390 005f 0E       		.uleb128 0xe
 391 0060 3A       		.uleb128 0x3a
 392 0061 0B       		.uleb128 0xb
 393 0062 3B       		.uleb128 0x3b
 394 0063 0B       		.uleb128 0xb
 395 0064 49       		.uleb128 0x49
 396 0065 13       		.uleb128 0x13
 397 0066 02       		.uleb128 0x2
 398 0067 17       		.uleb128 0x17
 399 0068 00       		.byte	0
 400 0069 00       		.byte	0
 401 006a 08       		.uleb128 0x8
 402 006b 34       		.uleb128 0x34
 403 006c 00       		.byte	0
 404 006d 03       		.uleb128 0x3
 405 006e 0E       		.uleb128 0xe
 406 006f 3A       		.uleb128 0x3a
 407 0070 0B       		.uleb128 0xb
 408 0071 3B       		.uleb128 0x3b
 409 0072 0B       		.uleb128 0xb
 410 0073 49       		.uleb128 0x49
 411 0074 13       		.uleb128 0x13
 412 0075 02       		.uleb128 0x2
 413 0076 18       		.uleb128 0x18
 414 0077 00       		.byte	0
 415 0078 00       		.byte	0
 416 0079 09       		.uleb128 0x9
 417 007a 2E       		.uleb128 0x2e
 418 007b 01       		.byte	0x1
 419 007c 3F       		.uleb128 0x3f
 420 007d 19       		.uleb128 0x19
 421 007e 03       		.uleb128 0x3
 422 007f 0E       		.uleb128 0xe
 423 0080 3A       		.uleb128 0x3a
 424 0081 0B       		.uleb128 0xb
 425 0082 3B       		.uleb128 0x3b
 426 0083 0B       		.uleb128 0xb
 427 0084 27       		.uleb128 0x27
 428 0085 19       		.uleb128 0x19
 429 0086 11       		.uleb128 0x11
 430 0087 01       		.uleb128 0x1
 431 0088 12       		.uleb128 0x12
 432 0089 06       		.uleb128 0x6
 433 008a 40       		.uleb128 0x40
ARM GAS  C:\Users\mahe\AppData\Local\Temp\cc8eOIj4.s 			page 9


 434 008b 18       		.uleb128 0x18
 435 008c 9742     		.uleb128 0x2117
 436 008e 19       		.uleb128 0x19
 437 008f 00       		.byte	0
 438 0090 00       		.byte	0
 439 0091 00       		.byte	0
 440              		.section	.debug_loc,"",%progbits
 441              	.Ldebug_loc0:
 442              	.LLST0:
 443 0000 00000000 		.4byte	.LVL2
 444 0004 0C000000 		.4byte	.LVL4
 445 0008 0100     		.2byte	0x1
 446 000a 50       		.byte	0x50
 447 000b 0C000000 		.4byte	.LVL4
 448 000f 28000000 		.4byte	.LFE2
 449 0013 0400     		.2byte	0x4
 450 0015 F3       		.byte	0xf3
 451 0016 01       		.uleb128 0x1
 452 0017 50       		.byte	0x50
 453 0018 9F       		.byte	0x9f
 454 0019 00000000 		.4byte	0
 455 001d 00000000 		.4byte	0
 456              	.LLST1:
 457 0021 00000000 		.4byte	.LVL2
 458 0025 1E000000 		.4byte	.LVL6
 459 0029 0100     		.2byte	0x1
 460 002b 51       		.byte	0x51
 461 002c 1E000000 		.4byte	.LVL6
 462 0030 28000000 		.4byte	.LFE2
 463 0034 0400     		.2byte	0x4
 464 0036 F3       		.byte	0xf3
 465 0037 01       		.uleb128 0x1
 466 0038 51       		.byte	0x51
 467 0039 9F       		.byte	0x9f
 468 003a 00000000 		.4byte	0
 469 003e 00000000 		.4byte	0
 470              	.LLST2:
 471 0042 00000000 		.4byte	.LVL7
 472 0046 02000000 		.4byte	.LVL8
 473 004a 0100     		.2byte	0x1
 474 004c 50       		.byte	0x50
 475 004d 02000000 		.4byte	.LVL8
 476 0051 10000000 		.4byte	.LFE3
 477 0055 0400     		.2byte	0x4
 478 0057 F3       		.byte	0xf3
 479 0058 01       		.uleb128 0x1
 480 0059 50       		.byte	0x50
 481 005a 9F       		.byte	0x9f
 482 005b 00000000 		.4byte	0
 483 005f 00000000 		.4byte	0
 484              		.section	.debug_aranges,"",%progbits
 485 0000 34000000 		.4byte	0x34
 486 0004 0200     		.2byte	0x2
 487 0006 00000000 		.4byte	.Ldebug_info0
 488 000a 04       		.byte	0x4
 489 000b 00       		.byte	0
 490 000c 0000     		.2byte	0
ARM GAS  C:\Users\mahe\AppData\Local\Temp\cc8eOIj4.s 			page 10


 491 000e 0000     		.2byte	0
 492 0010 00000000 		.4byte	.LFB0
 493 0014 10000000 		.4byte	.LFE0-.LFB0
 494 0018 00000000 		.4byte	.LFB1
 495 001c 10000000 		.4byte	.LFE1-.LFB1
 496 0020 00000000 		.4byte	.LFB2
 497 0024 28000000 		.4byte	.LFE2-.LFB2
 498 0028 00000000 		.4byte	.LFB3
 499 002c 10000000 		.4byte	.LFE3-.LFB3
 500 0030 00000000 		.4byte	0
 501 0034 00000000 		.4byte	0
 502              		.section	.debug_ranges,"",%progbits
 503              	.Ldebug_ranges0:
 504 0000 00000000 		.4byte	.LFB0
 505 0004 10000000 		.4byte	.LFE0
 506 0008 00000000 		.4byte	.LFB1
 507 000c 10000000 		.4byte	.LFE1
 508 0010 00000000 		.4byte	.LFB2
 509 0014 28000000 		.4byte	.LFE2
 510 0018 00000000 		.4byte	.LFB3
 511 001c 10000000 		.4byte	.LFE3
 512 0020 00000000 		.4byte	0
 513 0024 00000000 		.4byte	0
 514              		.section	.debug_line,"",%progbits
 515              	.Ldebug_line0:
 516 0000 76000000 		.section	.debug_str,"MS",%progbits,1
 516      02002E00 
 516      00000201 
 516      FB0E0D00 
 516      01010101 
 517              	.LASF15:
 518 0000 443A5C44 		.ascii	"D:\\Development\\AESD\\WatchDogTimer\\WDT.cydsn\000"
 518      6576656C 
 518      6F706D65 
 518      6E745C41 
 518      4553445C 
 519              	.LASF0:
 520 002c 6C6F6E67 		.ascii	"long unsigned int\000"
 520      20756E73 
 520      69676E65 
 520      6420696E 
 520      7400
 521              	.LASF9:
 522 003e 7072696F 		.ascii	"priority\000"
 522      72697479 
 522      00
 523              	.LASF14:
 524 0047 745F494E 		.ascii	"t_INTR.c\000"
 524      54522E63 
 524      00
 525              	.LASF16:
 526 0050 494E545F 		.ascii	"INT_Set_ISR_Address\000"
 526      5365745F 
 526      4953525F 
 526      41646472 
 526      65737300 
 527              	.LASF5:
ARM GAS  C:\Users\mahe\AppData\Local\Temp\cc8eOIj4.s 			page 11


 528 0064 494E545F 		.ascii	"INT_Disable\000"
 528      44697361 
 528      626C6500 
 529              	.LASF6:
 530 0070 494E545F 		.ascii	"INT_Enable\000"
 530      456E6162 
 530      6C6500
 531              	.LASF10:
 532 007b 7072696F 		.ascii	"priorityOffset\000"
 532      72697479 
 532      4F666673 
 532      657400
 533              	.LASF8:
 534 008a 494E545F 		.ascii	"INT_Set_Priority\000"
 534      5365745F 
 534      5072696F 
 534      72697479 
 534      00
 535              	.LASF11:
 536 009b 5052494F 		.ascii	"PRIO_REG\000"
 536      5F524547 
 536      00
 537              	.LASF1:
 538 00a4 756E7369 		.ascii	"unsigned char\000"
 538      676E6564 
 538      20636861 
 538      7200
 539              	.LASF3:
 540 00b2 745F7569 		.ascii	"t_uint32\000"
 540      6E743332 
 540      00
 541              	.LASF7:
 542 00bb 4952515F 		.ascii	"IRQ_N\000"
 542      4E00
 543              	.LASF12:
 544 00c1 41646472 		.ascii	"Address\000"
 544      65737300 
 545              	.LASF13:
 546 00c9 474E5520 		.ascii	"GNU C11 5.4.1 20160609 (release) [ARM/embedded-5-br"
 546      43313120 
 546      352E342E 
 546      31203230 
 546      31363036 
 547 00fc 616E6368 		.ascii	"anch revision 237715] -mcpu=cortex-m0 -mthumb -g -O"
 547      20726576 
 547      6973696F 
 547      6E203233 
 547      37373135 
 548 012f 67202D66 		.ascii	"g -ffunction-sections -ffat-lto-objects\000"
 548      66756E63 
 548      74696F6E 
 548      2D736563 
 548      74696F6E 
 549              	.LASF4:
 550 0157 745F7569 		.ascii	"t_uint8\000"
 550      6E743800 
 551              	.LASF2:
ARM GAS  C:\Users\mahe\AppData\Local\Temp\cc8eOIj4.s 			page 12


 552 015f 745F7265 		.ascii	"t_reg32\000"
 552      67333200 
 553              		.ident	"GCC: (GNU Tools for ARM Embedded Processors) 5.4.1 20160609 (release) [ARM/embedded-5-bran
