ARM GAS  C:\Users\Mahe\AppData\Local\Temp\ccL7tHJz.s 			page 1


   1              		.syntax unified
   2              		.cpu cortex-m0
   3              		.fpu softvfp
   4              		.eabi_attribute 20, 1
   5              		.eabi_attribute 21, 1
   6              		.eabi_attribute 23, 3
   7              		.eabi_attribute 24, 1
   8              		.eabi_attribute 25, 1
   9              		.eabi_attribute 26, 1
  10              		.eabi_attribute 30, 1
  11              		.eabi_attribute 34, 0
  12              		.eabi_attribute 18, 4
  13              		.thumb
  14              		.syntax unified
  15              		.file	"main.c"
  16              		.text
  17              	.Ltext0:
  18              		.cfi_sections	.debug_frame
  19              		.section	.text.IND_ISR,"ax",%progbits
  20              		.align	2
  21              		.global	IND_ISR
  22              		.code	16
  23              		.thumb_func
  24              		.type	IND_ISR, %function
  25              	IND_ISR:
  26              	.LFB35:
  27              		.file 1 "main.c"
   1:main.c        **** /* ========================================
   2:main.c        ****  *
   3:main.c        ****  * Copyright YOUR COMPANY, THE YEAR
   4:main.c        ****  * All Rights Reserved
   5:main.c        ****  * UNPUBLISHED, LICENSED SOFTWARE.
   6:main.c        ****  *
   7:main.c        ****  * CONFIDENTIAL AND PROPRIETARY INFORMATION
   8:main.c        ****  * WHICH IS THE PROPERTY OF your company.
   9:main.c        ****  *
  10:main.c        ****  * ========================================
  11:main.c        **** */
  12:main.c        **** #include "project.h"
  13:main.c        **** 
  14:main.c        **** int main(void)
  15:main.c        **** {
  16:main.c        ****     CyGlobalIntEnable; /* Enable global interrupts. */
  17:main.c        ****     CY_ISR_PROTO(IND_ISR);
  18:main.c        ****     CY_ISR_PROTO(IND_1_ISR);
  19:main.c        **** 
  20:main.c        ****     Timer_1_Start();
  21:main.c        ****     isr_1_StartEx(IND_ISR);
  22:main.c        ****     isr_2_StartEx(IND_1_ISR);
  23:main.c        ****     /* Place your initialization/startup code here (e.g. MyInst_Start()) */
  24:main.c        **** 
  25:main.c        ****     for(;;)
  26:main.c        ****     {
  27:main.c        ****         /* Place your application code here. */
  28:main.c        ****     }
  29:main.c        **** }
  30:main.c        **** CY_ISR(IND_ISR)
ARM GAS  C:\Users\Mahe\AppData\Local\Temp\ccL7tHJz.s 			page 2


  31:main.c        **** 	{
  28              		.loc 1 31 0
  29              		.cfi_startproc
  30              		@ args = 0, pretend = 0, frame = 0
  31              		@ frame_needed = 0, uses_anonymous_args = 0
  32 0000 10B5     		push	{r4, lr}
  33              		.cfi_def_cfa_offset 8
  34              		.cfi_offset 4, -8
  35              		.cfi_offset 14, -4
  32:main.c        ****    	Timer_1_ClearInterrupt(Timer_1_INTR_MASK_TC);
  36              		.loc 1 32 0
  37 0002 0120     		movs	r0, #1
  38 0004 FFF7FEFF 		bl	Timer_1_ClearInterrupt
  39              	.LVL0:
  33:main.c        ****     RED_LED_Write(0);
  40              		.loc 1 33 0
  41 0008 0020     		movs	r0, #0
  42 000a FFF7FEFF 		bl	RED_LED_Write
  43              	.LVL1:
  34:main.c        ****    	CyDelay(5000);
  44              		.loc 1 34 0
  45 000e 054C     		ldr	r4, .L2
  46 0010 2000     		movs	r0, r4
  47 0012 FFF7FEFF 		bl	CyDelay
  48              	.LVL2:
  35:main.c        ****     RED_LED_Write(1);
  49              		.loc 1 35 0
  50 0016 0120     		movs	r0, #1
  51 0018 FFF7FEFF 		bl	RED_LED_Write
  52              	.LVL3:
  36:main.c        ****     CyDelay(5000);
  53              		.loc 1 36 0
  54 001c 2000     		movs	r0, r4
  55 001e FFF7FEFF 		bl	CyDelay
  56              	.LVL4:
  37:main.c        ****     }
  57              		.loc 1 37 0
  58              		@ sp needed
  59 0022 10BD     		pop	{r4, pc}
  60              	.L3:
  61              		.align	2
  62              	.L2:
  63 0024 88130000 		.word	5000
  64              		.cfi_endproc
  65              	.LFE35:
  66              		.size	IND_ISR, .-IND_ISR
  67              		.section	.text.IND_1_ISR,"ax",%progbits
  68              		.align	2
  69              		.global	IND_1_ISR
  70              		.code	16
  71              		.thumb_func
  72              		.type	IND_1_ISR, %function
  73              	IND_1_ISR:
  74              	.LFB36:
  38:main.c        **** 
  39:main.c        ****     CY_ISR(IND_1_ISR)
  40:main.c        **** 	{
ARM GAS  C:\Users\Mahe\AppData\Local\Temp\ccL7tHJz.s 			page 3


  75              		.loc 1 40 0
  76              		.cfi_startproc
  77              		@ args = 0, pretend = 0, frame = 0
  78              		@ frame_needed = 0, uses_anonymous_args = 0
  79 0000 10B5     		push	{r4, lr}
  80              		.cfi_def_cfa_offset 8
  81              		.cfi_offset 4, -8
  82              		.cfi_offset 14, -4
  41:main.c        ****     	GREEN_LED_Write(0);
  83              		.loc 1 41 0
  84 0002 0020     		movs	r0, #0
  85 0004 FFF7FEFF 		bl	GREEN_LED_Write
  86              	.LVL5:
  42:main.c        ****     	CyDelay(500);
  87              		.loc 1 42 0
  88 0008 FA20     		movs	r0, #250
  89 000a 4000     		lsls	r0, r0, #1
  90 000c FFF7FEFF 		bl	CyDelay
  91              	.LVL6:
  43:main.c        ****     	GREEN_LED_Write(1);
  92              		.loc 1 43 0
  93 0010 0120     		movs	r0, #1
  94 0012 FFF7FEFF 		bl	GREEN_LED_Write
  95              	.LVL7:
  44:main.c        **** 	}
  96              		.loc 1 44 0
  97              		@ sp needed
  98 0016 10BD     		pop	{r4, pc}
  99              		.cfi_endproc
 100              	.LFE36:
 101              		.size	IND_1_ISR, .-IND_1_ISR
 102              		.section	.text.main,"ax",%progbits
 103              		.align	2
 104              		.global	main
 105              		.code	16
 106              		.thumb_func
 107              		.type	main, %function
 108              	main:
 109              	.LFB34:
  15:main.c        ****     CyGlobalIntEnable; /* Enable global interrupts. */
 110              		.loc 1 15 0
 111              		.cfi_startproc
 112              		@ Volatile: function does not return.
 113              		@ args = 0, pretend = 0, frame = 0
 114              		@ frame_needed = 0, uses_anonymous_args = 0
 115 0000 10B5     		push	{r4, lr}
 116              		.cfi_def_cfa_offset 8
 117              		.cfi_offset 4, -8
 118              		.cfi_offset 14, -4
  16:main.c        ****     CY_ISR_PROTO(IND_ISR);
 119              		.loc 1 16 0
 120              		.syntax divided
 121              	@ 16 "main.c" 1
 122 0002 62B6     		CPSIE   i
 123              	@ 0 "" 2
  20:main.c        ****     isr_1_StartEx(IND_ISR);
 124              		.loc 1 20 0
ARM GAS  C:\Users\Mahe\AppData\Local\Temp\ccL7tHJz.s 			page 4


 125              		.thumb
 126              		.syntax unified
 127 0004 FFF7FEFF 		bl	Timer_1_Start
 128              	.LVL8:
  21:main.c        ****     isr_2_StartEx(IND_1_ISR);
 129              		.loc 1 21 0
 130 0008 0348     		ldr	r0, .L7
 131 000a FFF7FEFF 		bl	isr_1_StartEx
 132              	.LVL9:
  22:main.c        ****     /* Place your initialization/startup code here (e.g. MyInst_Start()) */
 133              		.loc 1 22 0
 134 000e 0348     		ldr	r0, .L7+4
 135 0010 FFF7FEFF 		bl	isr_2_StartEx
 136              	.LVL10:
 137              	.L6:
 138 0014 FEE7     		b	.L6
 139              	.L8:
 140 0016 C046     		.align	2
 141              	.L7:
 142 0018 00000000 		.word	IND_ISR
 143 001c 00000000 		.word	IND_1_ISR
 144              		.cfi_endproc
 145              	.LFE34:
 146              		.size	main, .-main
 147              		.text
 148              	.Letext0:
 149              		.file 2 "Generated_Source\\PSoC4/Timer_1.h"
 150              		.file 3 "Generated_Source\\PSoC4/RED_LED.h"
 151              		.file 4 "Generated_Source\\PSoC4/CyLib.h"
 152              		.file 5 "Generated_Source\\PSoC4/GREEN_LED.h"
 153              		.file 6 "Generated_Source\\PSoC4/isr_1.h"
 154              		.file 7 "Generated_Source\\PSoC4/isr_2.h"
 155              		.file 8 "Generated_Source\\PSoC4/cytypes.h"
 156              		.section	.debug_info,"",%progbits
 157              	.Ldebug_info0:
 158 0000 01020000 		.4byte	0x201
 159 0004 0400     		.2byte	0x4
 160 0006 00000000 		.4byte	.Ldebug_abbrev0
 161 000a 04       		.byte	0x4
 162 000b 01       		.uleb128 0x1
 163 000c 21010000 		.4byte	.LASF23
 164 0010 0C       		.byte	0xc
 165 0011 3E000000 		.4byte	.LASF24
 166 0015 64000000 		.4byte	.LASF25
 167 0019 00000000 		.4byte	.Ldebug_ranges0+0
 168 001d 00000000 		.4byte	0
 169 0021 00000000 		.4byte	.Ldebug_line0
 170 0025 02       		.uleb128 0x2
 171 0026 01       		.byte	0x1
 172 0027 06       		.byte	0x6
 173 0028 C2010000 		.4byte	.LASF0
 174 002c 02       		.uleb128 0x2
 175 002d 01       		.byte	0x1
 176 002e 08       		.byte	0x8
 177 002f E6000000 		.4byte	.LASF1
 178 0033 02       		.uleb128 0x2
 179 0034 02       		.byte	0x2
ARM GAS  C:\Users\Mahe\AppData\Local\Temp\ccL7tHJz.s 			page 5


 180 0035 05       		.byte	0x5
 181 0036 DA010000 		.4byte	.LASF2
 182 003a 02       		.uleb128 0x2
 183 003b 02       		.byte	0x2
 184 003c 07       		.byte	0x7
 185 003d AF010000 		.4byte	.LASF3
 186 0041 02       		.uleb128 0x2
 187 0042 04       		.byte	0x4
 188 0043 05       		.byte	0x5
 189 0044 01010000 		.4byte	.LASF4
 190 0048 02       		.uleb128 0x2
 191 0049 04       		.byte	0x4
 192 004a 07       		.byte	0x7
 193 004b 52000000 		.4byte	.LASF5
 194 004f 02       		.uleb128 0x2
 195 0050 08       		.byte	0x8
 196 0051 05       		.byte	0x5
 197 0052 00000000 		.4byte	.LASF6
 198 0056 02       		.uleb128 0x2
 199 0057 08       		.byte	0x8
 200 0058 07       		.byte	0x7
 201 0059 BB000000 		.4byte	.LASF7
 202 005d 03       		.uleb128 0x3
 203 005e 04       		.byte	0x4
 204 005f 05       		.byte	0x5
 205 0060 696E7400 		.ascii	"int\000"
 206 0064 02       		.uleb128 0x2
 207 0065 04       		.byte	0x4
 208 0066 07       		.byte	0x7
 209 0067 15000000 		.4byte	.LASF8
 210 006b 04       		.uleb128 0x4
 211 006c 0E000000 		.4byte	.LASF26
 212 0070 08       		.byte	0x8
 213 0071 D401     		.2byte	0x1d4
 214 0073 48000000 		.4byte	0x48
 215 0077 02       		.uleb128 0x2
 216 0078 04       		.byte	0x4
 217 0079 04       		.byte	0x4
 218 007a D2000000 		.4byte	.LASF9
 219 007e 02       		.uleb128 0x2
 220 007f 08       		.byte	0x8
 221 0080 04       		.byte	0x4
 222 0081 1A010000 		.4byte	.LASF10
 223 0085 02       		.uleb128 0x2
 224 0086 01       		.byte	0x1
 225 0087 08       		.byte	0x8
 226 0088 F4000000 		.4byte	.LASF11
 227 008c 02       		.uleb128 0x2
 228 008d 08       		.byte	0x8
 229 008e 04       		.byte	0x4
 230 008f CE010000 		.4byte	.LASF12
 231 0093 02       		.uleb128 0x2
 232 0094 04       		.byte	0x4
 233 0095 07       		.byte	0x7
 234 0096 13020000 		.4byte	.LASF13
 235 009a 05       		.uleb128 0x5
 236 009b F9000000 		.4byte	.LASF14
ARM GAS  C:\Users\Mahe\AppData\Local\Temp\ccL7tHJz.s 			page 6


 237 009f 01       		.byte	0x1
 238 00a0 1E       		.byte	0x1e
 239 00a1 00000000 		.4byte	.LFB35
 240 00a5 28000000 		.4byte	.LFE35-.LFB35
 241 00a9 01       		.uleb128 0x1
 242 00aa 9C       		.byte	0x9c
 243 00ab 0D010000 		.4byte	0x10d
 244 00af 06       		.uleb128 0x6
 245 00b0 08000000 		.4byte	.LVL0
 246 00b4 B5010000 		.4byte	0x1b5
 247 00b8 C2000000 		.4byte	0xc2
 248 00bc 07       		.uleb128 0x7
 249 00bd 01       		.uleb128 0x1
 250 00be 50       		.byte	0x50
 251 00bf 01       		.uleb128 0x1
 252 00c0 31       		.byte	0x31
 253 00c1 00       		.byte	0
 254 00c2 06       		.uleb128 0x6
 255 00c3 0E000000 		.4byte	.LVL1
 256 00c7 C1010000 		.4byte	0x1c1
 257 00cb D5000000 		.4byte	0xd5
 258 00cf 07       		.uleb128 0x7
 259 00d0 01       		.uleb128 0x1
 260 00d1 50       		.byte	0x50
 261 00d2 01       		.uleb128 0x1
 262 00d3 30       		.byte	0x30
 263 00d4 00       		.byte	0
 264 00d5 06       		.uleb128 0x6
 265 00d6 16000000 		.4byte	.LVL2
 266 00da CC010000 		.4byte	0x1cc
 267 00de E9000000 		.4byte	0xe9
 268 00e2 07       		.uleb128 0x7
 269 00e3 01       		.uleb128 0x1
 270 00e4 50       		.byte	0x50
 271 00e5 02       		.uleb128 0x2
 272 00e6 74       		.byte	0x74
 273 00e7 00       		.sleb128 0
 274 00e8 00       		.byte	0
 275 00e9 06       		.uleb128 0x6
 276 00ea 1C000000 		.4byte	.LVL3
 277 00ee C1010000 		.4byte	0x1c1
 278 00f2 FC000000 		.4byte	0xfc
 279 00f6 07       		.uleb128 0x7
 280 00f7 01       		.uleb128 0x1
 281 00f8 50       		.byte	0x50
 282 00f9 01       		.uleb128 0x1
 283 00fa 31       		.byte	0x31
 284 00fb 00       		.byte	0
 285 00fc 08       		.uleb128 0x8
 286 00fd 22000000 		.4byte	.LVL4
 287 0101 CC010000 		.4byte	0x1cc
 288 0105 07       		.uleb128 0x7
 289 0106 01       		.uleb128 0x1
 290 0107 50       		.byte	0x50
 291 0108 02       		.uleb128 0x2
 292 0109 74       		.byte	0x74
 293 010a 00       		.sleb128 0
ARM GAS  C:\Users\Mahe\AppData\Local\Temp\ccL7tHJz.s 			page 7


 294 010b 00       		.byte	0
 295 010c 00       		.byte	0
 296 010d 05       		.uleb128 0x5
 297 010e 09020000 		.4byte	.LASF15
 298 0112 01       		.byte	0x1
 299 0113 27       		.byte	0x27
 300 0114 00000000 		.4byte	.LFB36
 301 0118 18000000 		.4byte	.LFE36-.LFB36
 302 011c 01       		.uleb128 0x1
 303 011d 9C       		.byte	0x9c
 304 011e 5A010000 		.4byte	0x15a
 305 0122 06       		.uleb128 0x6
 306 0123 08000000 		.4byte	.LVL5
 307 0127 D7010000 		.4byte	0x1d7
 308 012b 35010000 		.4byte	0x135
 309 012f 07       		.uleb128 0x7
 310 0130 01       		.uleb128 0x1
 311 0131 50       		.byte	0x50
 312 0132 01       		.uleb128 0x1
 313 0133 30       		.byte	0x30
 314 0134 00       		.byte	0
 315 0135 06       		.uleb128 0x6
 316 0136 10000000 		.4byte	.LVL6
 317 013a CC010000 		.4byte	0x1cc
 318 013e 4A010000 		.4byte	0x14a
 319 0142 07       		.uleb128 0x7
 320 0143 01       		.uleb128 0x1
 321 0144 50       		.byte	0x50
 322 0145 03       		.uleb128 0x3
 323 0146 0A       		.byte	0xa
 324 0147 F401     		.2byte	0x1f4
 325 0149 00       		.byte	0
 326 014a 08       		.uleb128 0x8
 327 014b 16000000 		.4byte	.LVL7
 328 014f D7010000 		.4byte	0x1d7
 329 0153 07       		.uleb128 0x7
 330 0154 01       		.uleb128 0x1
 331 0155 50       		.byte	0x50
 332 0156 01       		.uleb128 0x1
 333 0157 31       		.byte	0x31
 334 0158 00       		.byte	0
 335 0159 00       		.byte	0
 336 015a 09       		.uleb128 0x9
 337 015b 45000000 		.4byte	.LASF27
 338 015f 01       		.byte	0x1
 339 0160 0E       		.byte	0xe
 340 0161 5D000000 		.4byte	0x5d
 341 0165 00000000 		.4byte	.LFB34
 342 0169 20000000 		.4byte	.LFE34-.LFB34
 343 016d 01       		.uleb128 0x1
 344 016e 9C       		.byte	0x9c
 345 016f B5010000 		.4byte	0x1b5
 346 0173 0A       		.uleb128 0xa
 347 0174 F9000000 		.4byte	.LASF14
 348 0178 01       		.byte	0x1
 349 0179 11       		.byte	0x11
 350 017a 0A       		.uleb128 0xa
ARM GAS  C:\Users\Mahe\AppData\Local\Temp\ccL7tHJz.s 			page 8


 351 017b 09020000 		.4byte	.LASF15
 352 017f 01       		.byte	0x1
 353 0180 12       		.byte	0x12
 354 0181 0B       		.uleb128 0xb
 355 0182 08000000 		.4byte	.LVL8
 356 0186 E2010000 		.4byte	0x1e2
 357 018a 06       		.uleb128 0x6
 358 018b 0E000000 		.4byte	.LVL9
 359 018f EE010000 		.4byte	0x1ee
 360 0193 A1010000 		.4byte	0x1a1
 361 0197 07       		.uleb128 0x7
 362 0198 01       		.uleb128 0x1
 363 0199 50       		.byte	0x50
 364 019a 05       		.uleb128 0x5
 365 019b 03       		.byte	0x3
 366 019c 00000000 		.4byte	IND_ISR
 367 01a0 00       		.byte	0
 368 01a1 08       		.uleb128 0x8
 369 01a2 14000000 		.4byte	.LVL10
 370 01a6 F9010000 		.4byte	0x1f9
 371 01aa 07       		.uleb128 0x7
 372 01ab 01       		.uleb128 0x1
 373 01ac 50       		.byte	0x50
 374 01ad 05       		.uleb128 0x5
 375 01ae 03       		.byte	0x3
 376 01af 00000000 		.4byte	IND_1_ISR
 377 01b3 00       		.byte	0
 378 01b4 00       		.byte	0
 379 01b5 0C       		.uleb128 0xc
 380 01b6 E4010000 		.4byte	.LASF16
 381 01ba E4010000 		.4byte	.LASF16
 382 01be 02       		.byte	0x2
 383 01bf 4701     		.2byte	0x147
 384 01c1 0D       		.uleb128 0xd
 385 01c2 22000000 		.4byte	.LASF17
 386 01c6 22000000 		.4byte	.LASF17
 387 01ca 03       		.byte	0x3
 388 01cb 33       		.byte	0x33
 389 01cc 0D       		.uleb128 0xd
 390 01cd 4A000000 		.4byte	.LASF18
 391 01d1 4A000000 		.4byte	.LASF18
 392 01d5 04       		.byte	0x4
 393 01d6 D9       		.byte	0xd9
 394 01d7 0D       		.uleb128 0xd
 395 01d8 0A010000 		.4byte	.LASF19
 396 01dc 0A010000 		.4byte	.LASF19
 397 01e0 05       		.byte	0x5
 398 01e1 33       		.byte	0x33
 399 01e2 0C       		.uleb128 0xc
 400 01e3 D8000000 		.4byte	.LASF20
 401 01e7 D8000000 		.4byte	.LASF20
 402 01eb 02       		.byte	0x2
 403 01ec 3201     		.2byte	0x132
 404 01ee 0D       		.uleb128 0xd
 405 01ef 30000000 		.4byte	.LASF21
 406 01f3 30000000 		.4byte	.LASF21
 407 01f7 06       		.byte	0x6
ARM GAS  C:\Users\Mahe\AppData\Local\Temp\ccL7tHJz.s 			page 9


 408 01f8 18       		.byte	0x18
 409 01f9 0D       		.uleb128 0xd
 410 01fa FB010000 		.4byte	.LASF22
 411 01fe FB010000 		.4byte	.LASF22
 412 0202 07       		.byte	0x7
 413 0203 18       		.byte	0x18
 414 0204 00       		.byte	0
 415              		.section	.debug_abbrev,"",%progbits
 416              	.Ldebug_abbrev0:
 417 0000 01       		.uleb128 0x1
 418 0001 11       		.uleb128 0x11
 419 0002 01       		.byte	0x1
 420 0003 25       		.uleb128 0x25
 421 0004 0E       		.uleb128 0xe
 422 0005 13       		.uleb128 0x13
 423 0006 0B       		.uleb128 0xb
 424 0007 03       		.uleb128 0x3
 425 0008 0E       		.uleb128 0xe
 426 0009 1B       		.uleb128 0x1b
 427 000a 0E       		.uleb128 0xe
 428 000b 55       		.uleb128 0x55
 429 000c 17       		.uleb128 0x17
 430 000d 11       		.uleb128 0x11
 431 000e 01       		.uleb128 0x1
 432 000f 10       		.uleb128 0x10
 433 0010 17       		.uleb128 0x17
 434 0011 00       		.byte	0
 435 0012 00       		.byte	0
 436 0013 02       		.uleb128 0x2
 437 0014 24       		.uleb128 0x24
 438 0015 00       		.byte	0
 439 0016 0B       		.uleb128 0xb
 440 0017 0B       		.uleb128 0xb
 441 0018 3E       		.uleb128 0x3e
 442 0019 0B       		.uleb128 0xb
 443 001a 03       		.uleb128 0x3
 444 001b 0E       		.uleb128 0xe
 445 001c 00       		.byte	0
 446 001d 00       		.byte	0
 447 001e 03       		.uleb128 0x3
 448 001f 24       		.uleb128 0x24
 449 0020 00       		.byte	0
 450 0021 0B       		.uleb128 0xb
 451 0022 0B       		.uleb128 0xb
 452 0023 3E       		.uleb128 0x3e
 453 0024 0B       		.uleb128 0xb
 454 0025 03       		.uleb128 0x3
 455 0026 08       		.uleb128 0x8
 456 0027 00       		.byte	0
 457 0028 00       		.byte	0
 458 0029 04       		.uleb128 0x4
 459 002a 16       		.uleb128 0x16
 460 002b 00       		.byte	0
 461 002c 03       		.uleb128 0x3
 462 002d 0E       		.uleb128 0xe
 463 002e 3A       		.uleb128 0x3a
 464 002f 0B       		.uleb128 0xb
ARM GAS  C:\Users\Mahe\AppData\Local\Temp\ccL7tHJz.s 			page 10


 465 0030 3B       		.uleb128 0x3b
 466 0031 05       		.uleb128 0x5
 467 0032 49       		.uleb128 0x49
 468 0033 13       		.uleb128 0x13
 469 0034 00       		.byte	0
 470 0035 00       		.byte	0
 471 0036 05       		.uleb128 0x5
 472 0037 2E       		.uleb128 0x2e
 473 0038 01       		.byte	0x1
 474 0039 3F       		.uleb128 0x3f
 475 003a 19       		.uleb128 0x19
 476 003b 03       		.uleb128 0x3
 477 003c 0E       		.uleb128 0xe
 478 003d 3A       		.uleb128 0x3a
 479 003e 0B       		.uleb128 0xb
 480 003f 3B       		.uleb128 0x3b
 481 0040 0B       		.uleb128 0xb
 482 0041 27       		.uleb128 0x27
 483 0042 19       		.uleb128 0x19
 484 0043 11       		.uleb128 0x11
 485 0044 01       		.uleb128 0x1
 486 0045 12       		.uleb128 0x12
 487 0046 06       		.uleb128 0x6
 488 0047 40       		.uleb128 0x40
 489 0048 18       		.uleb128 0x18
 490 0049 9742     		.uleb128 0x2117
 491 004b 19       		.uleb128 0x19
 492 004c 01       		.uleb128 0x1
 493 004d 13       		.uleb128 0x13
 494 004e 00       		.byte	0
 495 004f 00       		.byte	0
 496 0050 06       		.uleb128 0x6
 497 0051 898201   		.uleb128 0x4109
 498 0054 01       		.byte	0x1
 499 0055 11       		.uleb128 0x11
 500 0056 01       		.uleb128 0x1
 501 0057 31       		.uleb128 0x31
 502 0058 13       		.uleb128 0x13
 503 0059 01       		.uleb128 0x1
 504 005a 13       		.uleb128 0x13
 505 005b 00       		.byte	0
 506 005c 00       		.byte	0
 507 005d 07       		.uleb128 0x7
 508 005e 8A8201   		.uleb128 0x410a
 509 0061 00       		.byte	0
 510 0062 02       		.uleb128 0x2
 511 0063 18       		.uleb128 0x18
 512 0064 9142     		.uleb128 0x2111
 513 0066 18       		.uleb128 0x18
 514 0067 00       		.byte	0
 515 0068 00       		.byte	0
 516 0069 08       		.uleb128 0x8
 517 006a 898201   		.uleb128 0x4109
 518 006d 01       		.byte	0x1
 519 006e 11       		.uleb128 0x11
 520 006f 01       		.uleb128 0x1
 521 0070 31       		.uleb128 0x31
ARM GAS  C:\Users\Mahe\AppData\Local\Temp\ccL7tHJz.s 			page 11


 522 0071 13       		.uleb128 0x13
 523 0072 00       		.byte	0
 524 0073 00       		.byte	0
 525 0074 09       		.uleb128 0x9
 526 0075 2E       		.uleb128 0x2e
 527 0076 01       		.byte	0x1
 528 0077 3F       		.uleb128 0x3f
 529 0078 19       		.uleb128 0x19
 530 0079 03       		.uleb128 0x3
 531 007a 0E       		.uleb128 0xe
 532 007b 3A       		.uleb128 0x3a
 533 007c 0B       		.uleb128 0xb
 534 007d 3B       		.uleb128 0x3b
 535 007e 0B       		.uleb128 0xb
 536 007f 27       		.uleb128 0x27
 537 0080 19       		.uleb128 0x19
 538 0081 49       		.uleb128 0x49
 539 0082 13       		.uleb128 0x13
 540 0083 8701     		.uleb128 0x87
 541 0085 19       		.uleb128 0x19
 542 0086 11       		.uleb128 0x11
 543 0087 01       		.uleb128 0x1
 544 0088 12       		.uleb128 0x12
 545 0089 06       		.uleb128 0x6
 546 008a 40       		.uleb128 0x40
 547 008b 18       		.uleb128 0x18
 548 008c 9742     		.uleb128 0x2117
 549 008e 19       		.uleb128 0x19
 550 008f 01       		.uleb128 0x1
 551 0090 13       		.uleb128 0x13
 552 0091 00       		.byte	0
 553 0092 00       		.byte	0
 554 0093 0A       		.uleb128 0xa
 555 0094 2E       		.uleb128 0x2e
 556 0095 00       		.byte	0
 557 0096 3F       		.uleb128 0x3f
 558 0097 19       		.uleb128 0x19
 559 0098 03       		.uleb128 0x3
 560 0099 0E       		.uleb128 0xe
 561 009a 3A       		.uleb128 0x3a
 562 009b 0B       		.uleb128 0xb
 563 009c 3B       		.uleb128 0x3b
 564 009d 0B       		.uleb128 0xb
 565 009e 27       		.uleb128 0x27
 566 009f 19       		.uleb128 0x19
 567 00a0 3C       		.uleb128 0x3c
 568 00a1 19       		.uleb128 0x19
 569 00a2 00       		.byte	0
 570 00a3 00       		.byte	0
 571 00a4 0B       		.uleb128 0xb
 572 00a5 898201   		.uleb128 0x4109
 573 00a8 00       		.byte	0
 574 00a9 11       		.uleb128 0x11
 575 00aa 01       		.uleb128 0x1
 576 00ab 31       		.uleb128 0x31
 577 00ac 13       		.uleb128 0x13
 578 00ad 00       		.byte	0
ARM GAS  C:\Users\Mahe\AppData\Local\Temp\ccL7tHJz.s 			page 12


 579 00ae 00       		.byte	0
 580 00af 0C       		.uleb128 0xc
 581 00b0 2E       		.uleb128 0x2e
 582 00b1 00       		.byte	0
 583 00b2 3F       		.uleb128 0x3f
 584 00b3 19       		.uleb128 0x19
 585 00b4 3C       		.uleb128 0x3c
 586 00b5 19       		.uleb128 0x19
 587 00b6 6E       		.uleb128 0x6e
 588 00b7 0E       		.uleb128 0xe
 589 00b8 03       		.uleb128 0x3
 590 00b9 0E       		.uleb128 0xe
 591 00ba 3A       		.uleb128 0x3a
 592 00bb 0B       		.uleb128 0xb
 593 00bc 3B       		.uleb128 0x3b
 594 00bd 05       		.uleb128 0x5
 595 00be 00       		.byte	0
 596 00bf 00       		.byte	0
 597 00c0 0D       		.uleb128 0xd
 598 00c1 2E       		.uleb128 0x2e
 599 00c2 00       		.byte	0
 600 00c3 3F       		.uleb128 0x3f
 601 00c4 19       		.uleb128 0x19
 602 00c5 3C       		.uleb128 0x3c
 603 00c6 19       		.uleb128 0x19
 604 00c7 6E       		.uleb128 0x6e
 605 00c8 0E       		.uleb128 0xe
 606 00c9 03       		.uleb128 0x3
 607 00ca 0E       		.uleb128 0xe
 608 00cb 3A       		.uleb128 0x3a
 609 00cc 0B       		.uleb128 0xb
 610 00cd 3B       		.uleb128 0x3b
 611 00ce 0B       		.uleb128 0xb
 612 00cf 00       		.byte	0
 613 00d0 00       		.byte	0
 614 00d1 00       		.byte	0
 615              		.section	.debug_aranges,"",%progbits
 616 0000 2C000000 		.4byte	0x2c
 617 0004 0200     		.2byte	0x2
 618 0006 00000000 		.4byte	.Ldebug_info0
 619 000a 04       		.byte	0x4
 620 000b 00       		.byte	0
 621 000c 0000     		.2byte	0
 622 000e 0000     		.2byte	0
 623 0010 00000000 		.4byte	.LFB35
 624 0014 28000000 		.4byte	.LFE35-.LFB35
 625 0018 00000000 		.4byte	.LFB36
 626 001c 18000000 		.4byte	.LFE36-.LFB36
 627 0020 00000000 		.4byte	.LFB34
 628 0024 20000000 		.4byte	.LFE34-.LFB34
 629 0028 00000000 		.4byte	0
 630 002c 00000000 		.4byte	0
 631              		.section	.debug_ranges,"",%progbits
 632              	.Ldebug_ranges0:
 633 0000 00000000 		.4byte	.LFB35
 634 0004 28000000 		.4byte	.LFE35
 635 0008 00000000 		.4byte	.LFB36
ARM GAS  C:\Users\Mahe\AppData\Local\Temp\ccL7tHJz.s 			page 13


 636 000c 18000000 		.4byte	.LFE36
 637 0010 00000000 		.4byte	.LFB34
 638 0014 20000000 		.4byte	.LFE34
 639 0018 00000000 		.4byte	0
 640 001c 00000000 		.4byte	0
 641              		.section	.debug_line,"",%progbits
 642              	.Ldebug_line0:
 643 0000 CC000000 		.section	.debug_str,"MS",%progbits,1
 643      02008B00 
 643      00000201 
 643      FB0E0D00 
 643      01010101 
 644              	.LASF6:
 645 0000 6C6F6E67 		.ascii	"long long int\000"
 645      206C6F6E 
 645      6720696E 
 645      7400
 646              	.LASF26:
 647 000e 75696E74 		.ascii	"uint32\000"
 647      333200
 648              	.LASF8:
 649 0015 756E7369 		.ascii	"unsigned int\000"
 649      676E6564 
 649      20696E74 
 649      00
 650              	.LASF17:
 651 0022 5245445F 		.ascii	"RED_LED_Write\000"
 651      4C45445F 
 651      57726974 
 651      6500
 652              	.LASF21:
 653 0030 6973725F 		.ascii	"isr_1_StartEx\000"
 653      315F5374 
 653      61727445 
 653      7800
 654              	.LASF24:
 655 003e 6D61696E 		.ascii	"main.c\000"
 655      2E6300
 656              	.LASF27:
 657 0045 6D61696E 		.ascii	"main\000"
 657      00
 658              	.LASF18:
 659 004a 43794465 		.ascii	"CyDelay\000"
 659      6C617900 
 660              	.LASF5:
 661 0052 6C6F6E67 		.ascii	"long unsigned int\000"
 661      20756E73 
 661      69676E65 
 661      6420696E 
 661      7400
 662              	.LASF25:
 663 0064 433A5C55 		.ascii	"C:\\Users\\Mahe\\Documents\\PSoC Creator\\Workspace"
 663      73657273 
 663      5C4D6168 
 663      655C446F 
 663      63756D65 
 664 0092 30315C41 		.ascii	"01\\Aug_16th_AESD\\Nested_Interrupts.cydsn\000"
ARM GAS  C:\Users\Mahe\AppData\Local\Temp\ccL7tHJz.s 			page 14


 664      75675F31 
 664      3674685F 
 664      41455344 
 664      5C4E6573 
 665              	.LASF7:
 666 00bb 6C6F6E67 		.ascii	"long long unsigned int\000"
 666      206C6F6E 
 666      6720756E 
 666      7369676E 
 666      65642069 
 667              	.LASF9:
 668 00d2 666C6F61 		.ascii	"float\000"
 668      7400
 669              	.LASF20:
 670 00d8 54696D65 		.ascii	"Timer_1_Start\000"
 670      725F315F 
 670      53746172 
 670      7400
 671              	.LASF1:
 672 00e6 756E7369 		.ascii	"unsigned char\000"
 672      676E6564 
 672      20636861 
 672      7200
 673              	.LASF11:
 674 00f4 63686172 		.ascii	"char\000"
 674      00
 675              	.LASF14:
 676 00f9 494E445F 		.ascii	"IND_ISR\000"
 676      49535200 
 677              	.LASF4:
 678 0101 6C6F6E67 		.ascii	"long int\000"
 678      20696E74 
 678      00
 679              	.LASF19:
 680 010a 47524545 		.ascii	"GREEN_LED_Write\000"
 680      4E5F4C45 
 680      445F5772 
 680      69746500 
 681              	.LASF10:
 682 011a 646F7562 		.ascii	"double\000"
 682      6C6500
 683              	.LASF23:
 684 0121 474E5520 		.ascii	"GNU C11 5.4.1 20160609 (release) [ARM/embedded-5-br"
 684      43313120 
 684      352E342E 
 684      31203230 
 684      31363036 
 685 0154 616E6368 		.ascii	"anch revision 237715] -mcpu=cortex-m0 -mthumb -g -O"
 685      20726576 
 685      6973696F 
 685      6E203233 
 685      37373135 
 686 0187 67202D66 		.ascii	"g -ffunction-sections -ffat-lto-objects\000"
 686      66756E63 
 686      74696F6E 
 686      2D736563 
 686      74696F6E 
ARM GAS  C:\Users\Mahe\AppData\Local\Temp\ccL7tHJz.s 			page 15


 687              	.LASF3:
 688 01af 73686F72 		.ascii	"short unsigned int\000"
 688      7420756E 
 688      7369676E 
 688      65642069 
 688      6E7400
 689              	.LASF0:
 690 01c2 7369676E 		.ascii	"signed char\000"
 690      65642063 
 690      68617200 
 691              	.LASF12:
 692 01ce 6C6F6E67 		.ascii	"long double\000"
 692      20646F75 
 692      626C6500 
 693              	.LASF2:
 694 01da 73686F72 		.ascii	"short int\000"
 694      7420696E 
 694      7400
 695              	.LASF16:
 696 01e4 54696D65 		.ascii	"Timer_1_ClearInterrupt\000"
 696      725F315F 
 696      436C6561 
 696      72496E74 
 696      65727275 
 697              	.LASF22:
 698 01fb 6973725F 		.ascii	"isr_2_StartEx\000"
 698      325F5374 
 698      61727445 
 698      7800
 699              	.LASF15:
 700 0209 494E445F 		.ascii	"IND_1_ISR\000"
 700      315F4953 
 700      5200
 701              	.LASF13:
 702 0213 73697A65 		.ascii	"sizetype\000"
 702      74797065 
 702      00
 703              		.ident	"GCC: (GNU Tools for ARM Embedded Processors) 5.4.1 20160609 (release) [ARM/embedded-5-bran
